[0.015s] Invoking command in '/home/v120506/rmitbot_v4/lesson8_ws/build/rmitbot_controller': CMAKE_PREFIX_PATH=${CMAKE_PREFIX_PATH}:/opt/ros/jazzy DEBUGINFOD_URLS=https://debuginfod.ubuntu.com /usr/bin/cmake /home/v120506/rmitbot_v4/lesson8_ws/src/rmitbot_controller -DCMAKE_INSTALL_PREFIX=/home/v120506/rmitbot_v4/lesson8_ws/install/rmitbot_controller
[0.139s] -- The C compiler identification is GNU 13.3.0
[0.239s] -- The CXX compiler identification is GNU 13.3.0
[0.264s] -- Detecting C compiler ABI info
[0.384s] -- Detecting C compiler ABI info - done
[0.398s] -- Check for working C compiler: /usr/bin/cc - skipped
[0.398s] -- Detecting C compile features
[0.399s] -- Detecting C compile features - done
[0.411s] -- Detecting CXX compiler ABI info
[0.576s] -- Detecting CXX compiler ABI info - done
[0.597s] -- Check for working CXX compiler: /usr/bin/c++ - skipped
[0.597s] -- Detecting CXX compile features
[0.598s] -- Detecting CXX compile features - done
[0.607s] -- Found ament_cmake: 2.5.4 (/opt/ros/jazzy/share/ament_cmake/cmake)
[0.812s] -- Found Python3: /usr/bin/python3 (found version "3.12.3") found components: Interpreter 
[1.084s] -- Configuring done (1.1s)
[1.088s] -- Generating done (0.0s)
[1.091s] -- Build files have been written to: /home/v120506/rmitbot_v4/lesson8_ws/build/rmitbot_controller
[1.098s] Invoked command in '/home/v120506/rmitbot_v4/lesson8_ws/build/rmitbot_controller' returned '0': CMAKE_PREFIX_PATH=${CMAKE_PREFIX_PATH}:/opt/ros/jazzy DEBUGINFOD_URLS=https://debuginfod.ubuntu.com /usr/bin/cmake /home/v120506/rmitbot_v4/lesson8_ws/src/rmitbot_controller -DCMAKE_INSTALL_PREFIX=/home/v120506/rmitbot_v4/lesson8_ws/install/rmitbot_controller
[1.099s] Invoking command in '/home/v120506/rmitbot_v4/lesson8_ws/build/rmitbot_controller': CMAKE_PREFIX_PATH=${CMAKE_PREFIX_PATH}:/opt/ros/jazzy DEBUGINFOD_URLS=https://debuginfod.ubuntu.com /usr/bin/cmake --build /home/v120506/rmitbot_v4/lesson8_ws/build/rmitbot_controller -- -j8 -l8
[1.150s] Invoked command in '/home/v120506/rmitbot_v4/lesson8_ws/build/rmitbot_controller' returned '0': CMAKE_PREFIX_PATH=${CMAKE_PREFIX_PATH}:/opt/ros/jazzy DEBUGINFOD_URLS=https://debuginfod.ubuntu.com /usr/bin/cmake --build /home/v120506/rmitbot_v4/lesson8_ws/build/rmitbot_controller -- -j8 -l8
[1.161s] Invoking command in '/home/v120506/rmitbot_v4/lesson8_ws/build/rmitbot_controller': CMAKE_PREFIX_PATH=${CMAKE_PREFIX_PATH}:/opt/ros/jazzy DEBUGINFOD_URLS=https://debuginfod.ubuntu.com /usr/bin/cmake --install /home/v120506/rmitbot_v4/lesson8_ws/build/rmitbot_controller
[1.170s] -- Install configuration: ""
[1.170s] -- Installing: /home/v120506/rmitbot_v4/lesson8_ws/install/rmitbot_controller/share/rmitbot_controller/launch
[1.170s] -- Installing: /home/v120506/rmitbot_v4/lesson8_ws/install/rmitbot_controller/share/rmitbot_controller/launch/controller.launch.py
[1.171s] -- Installing: /home/v120506/rmitbot_v4/lesson8_ws/install/rmitbot_controller/share/rmitbot_controller/launch/teleopkeyboard.launch.py
[1.171s] -- Installing: /home/v120506/rmitbot_v4/lesson8_ws/install/rmitbot_controller/share/rmitbot_controller/config
[1.171s] -- Installing: /home/v120506/rmitbot_v4/lesson8_ws/install/rmitbot_controller/share/rmitbot_controller/config/rmitbot_controller.yaml
[1.171s] -- Installing: /home/v120506/rmitbot_v4/lesson8_ws/install/rmitbot_controller/share/ament_index/resource_index/package_run_dependencies/rmitbot_controller
[1.171s] -- Installing: /home/v120506/rmitbot_v4/lesson8_ws/install/rmitbot_controller/share/ament_index/resource_index/parent_prefix_path/rmitbot_controller
[1.172s] -- Installing: /home/v120506/rmitbot_v4/lesson8_ws/install/rmitbot_controller/share/rmitbot_controller/environment/ament_prefix_path.sh
[1.172s] -- Installing: /home/v120506/rmitbot_v4/lesson8_ws/install/rmitbot_controller/share/rmitbot_controller/environment/ament_prefix_path.dsv
[1.172s] -- Installing: /home/v120506/rmitbot_v4/lesson8_ws/install/rmitbot_controller/share/rmitbot_controller/environment/path.sh
[1.172s] -- Installing: /home/v120506/rmitbot_v4/lesson8_ws/install/rmitbot_controller/share/rmitbot_controller/environment/path.dsv
[1.172s] -- Installing: /home/v120506/rmitbot_v4/lesson8_ws/install/rmitbot_controller/share/rmitbot_controller/local_setup.bash
[1.173s] -- Installing: /home/v120506/rmitbot_v4/lesson8_ws/install/rmitbot_controller/share/rmitbot_controller/local_setup.sh
[1.173s] -- Installing: /home/v120506/rmitbot_v4/lesson8_ws/install/rmitbot_controller/share/rmitbot_controller/local_setup.zsh
[1.173s] -- Installing: /home/v120506/rmitbot_v4/lesson8_ws/install/rmitbot_controller/share/rmitbot_controller/local_setup.dsv
[1.174s] -- Installing: /home/v120506/rmitbot_v4/lesson8_ws/install/rmitbot_controller/share/rmitbot_controller/package.dsv
[1.174s] -- Installing: /home/v120506/rmitbot_v4/lesson8_ws/install/rmitbot_controller/share/ament_index/resource_index/packages/rmitbot_controller
[1.174s] -- Installing: /home/v120506/rmitbot_v4/lesson8_ws/install/rmitbot_controller/share/rmitbot_controller/cmake/rmitbot_controllerConfig.cmake
[1.174s] -- Installing: /home/v120506/rmitbot_v4/lesson8_ws/install/rmitbot_controller/share/rmitbot_controller/cmake/rmitbot_controllerConfig-version.cmake
[1.174s] -- Installing: /home/v120506/rmitbot_v4/lesson8_ws/install/rmitbot_controller/share/rmitbot_controller/package.xml
[1.176s] Invoked command in '/home/v120506/rmitbot_v4/lesson8_ws/build/rmitbot_controller' returned '0': CMAKE_PREFIX_PATH=${CMAKE_PREFIX_PATH}:/opt/ros/jazzy DEBUGINFOD_URLS=https://debuginfod.ubuntu.com /usr/bin/cmake --install /home/v120506/rmitbot_v4/lesson8_ws/build/rmitbot_controller
