-- Install configuration: ""
-- Up-to-date: /home/vudinhso/RMIT_Bot/lesson2_ws/install/my_first_urdf/share/my_first_urdf/meshes
-- Up-to-date: /home/vudinhso/RMIT_Bot/lesson2_ws/install/my_first_urdf/share/my_first_urdf/meshes/wheel_left_link.STL
-- Up-to-date: /home/vudinhso/RMIT_Bot/lesson2_ws/install/my_first_urdf/share/my_first_urdf/meshes/base_link.STL
-- Up-to-date: /home/vudinhso/RMIT_Bot/lesson2_ws/install/my_first_urdf/share/my_first_urdf/meshes/caster_front_link.STL
-- Up-to-date: /home/vudinhso/RMIT_Bot/lesson2_ws/install/my_first_urdf/share/my_first_urdf/meshes/caster_rear_link.STL
-- Up-to-date: /home/vudinhso/RMIT_Bot/lesson2_ws/install/my_first_urdf/share/my_first_urdf/meshes/imu_link.STL
-- Up-to-date: /home/vudinhso/RMIT_Bot/lesson2_ws/install/my_first_urdf/share/my_first_urdf/meshes/wheel_right_link.STL
-- Up-to-date: /home/vudinhso/RMIT_Bot/lesson2_ws/install/my_first_urdf/share/my_first_urdf/urdf
-- Up-to-date: /home/vudinhso/RMIT_Bot/lesson2_ws/install/my_first_urdf/share/my_first_urdf/urdf/my_robot.urdf.xacro
-- Up-to-date: /home/vudinhso/RMIT_Bot/lesson2_ws/install/my_first_urdf/share/my_first_urdf/urdf/my_robot_gazebo.xacro
-- Up-to-date: /home/vudinhso/RMIT_Bot/lesson2_ws/install/my_first_urdf/share/my_first_urdf/launch
-- Installing: /home/vudinhso/RMIT_Bot/lesson2_ws/install/my_first_urdf/share/my_first_urdf/launch/gazebo.launch.py
-- Up-to-date: /home/vudinhso/RMIT_Bot/lesson2_ws/install/my_first_urdf/share/my_first_urdf/launch/display.launch.py
-- Up-to-date: /home/vudinhso/RMIT_Bot/lesson2_ws/install/my_first_urdf/share/my_first_urdf/rviz
-- Up-to-date: /home/vudinhso/RMIT_Bot/lesson2_ws/install/my_first_urdf/share/my_first_urdf/rviz/display.rviz
-- Up-to-date: /home/vudinhso/RMIT_Bot/lesson2_ws/install/my_first_urdf/share/ament_index/resource_index/package_run_dependencies/my_first_urdf
-- Up-to-date: /home/vudinhso/RMIT_Bot/lesson2_ws/install/my_first_urdf/share/ament_index/resource_index/parent_prefix_path/my_first_urdf
-- Up-to-date: /home/vudinhso/RMIT_Bot/lesson2_ws/install/my_first_urdf/share/my_first_urdf/environment/ament_prefix_path.sh
-- Up-to-date: /home/vudinhso/RMIT_Bot/lesson2_ws/install/my_first_urdf/share/my_first_urdf/environment/ament_prefix_path.dsv
-- Up-to-date: /home/vudinhso/RMIT_Bot/lesson2_ws/install/my_first_urdf/share/my_first_urdf/environment/path.sh
-- Up-to-date: /home/vudinhso/RMIT_Bot/lesson2_ws/install/my_first_urdf/share/my_first_urdf/environment/path.dsv
-- Up-to-date: /home/vudinhso/RMIT_Bot/lesson2_ws/install/my_first_urdf/share/my_first_urdf/local_setup.bash
-- Up-to-date: /home/vudinhso/RMIT_Bot/lesson2_ws/install/my_first_urdf/share/my_first_urdf/local_setup.sh
-- Up-to-date: /home/vudinhso/RMIT_Bot/lesson2_ws/install/my_first_urdf/share/my_first_urdf/local_setup.zsh
-- Up-to-date: /home/vudinhso/RMIT_Bot/lesson2_ws/install/my_first_urdf/share/my_first_urdf/local_setup.dsv
-- Installing: /home/vudinhso/RMIT_Bot/lesson2_ws/install/my_first_urdf/share/my_first_urdf/package.dsv
-- Up-to-date: /home/vudinhso/RMIT_Bot/lesson2_ws/install/my_first_urdf/share/ament_index/resource_index/packages/my_first_urdf
-- Up-to-date: /home/vudinhso/RMIT_Bot/lesson2_ws/install/my_first_urdf/share/my_first_urdf/cmake/my_first_urdfConfig.cmake
-- Up-to-date: /home/vudinhso/RMIT_Bot/lesson2_ws/install/my_first_urdf/share/my_first_urdf/cmake/my_first_urdfConfig-version.cmake
-- Up-to-date: /home/vudinhso/RMIT_Bot/lesson2_ws/install/my_first_urdf/share/my_first_urdf/package.xml
