[0.019s] Invoking command in '/home/vudinhso/RMIT_Bot/lesson2_ws/build/my_first_urdf': CMAKE_PREFIX_PATH=${CMAKE_PREFIX_PATH}:/opt/ros/jazzy DEBUGINFOD_URLS=https://debuginfod.ubuntu.com /usr/bin/cmake --build /home/vudinhso/RMIT_Bot/lesson2_ws/build/my_first_urdf -- -j4 -l4
[0.087s] Invoked command in '/home/vudinhso/RMIT_Bot/lesson2_ws/build/my_first_urdf' returned '0': CMAKE_PREFIX_PATH=${CMAKE_PREFIX_PATH}:/opt/ros/jazzy DEBUGINFOD_URLS=https://debuginfod.ubuntu.com /usr/bin/cmake --build /home/vudinhso/RMIT_Bot/lesson2_ws/build/my_first_urdf -- -j4 -l4
[0.100s] Invoking command in '/home/vudinhso/RMIT_Bot/lesson2_ws/build/my_first_urdf': CMAKE_PREFIX_PATH=${CMAKE_PREFIX_PATH}:/opt/ros/jazzy DEBUGINFOD_URLS=https://debuginfod.ubuntu.com /usr/bin/cmake --install /home/vudinhso/RMIT_Bot/lesson2_ws/build/my_first_urdf
[0.111s] -- Install configuration: ""
[0.112s] -- Up-to-date: /home/vudinhso/RMIT_Bot/lesson2_ws/install/my_first_urdf/share/my_first_urdf/meshes
[0.112s] -- Up-to-date: /home/vudinhso/RMIT_Bot/lesson2_ws/install/my_first_urdf/share/my_first_urdf/meshes/wheel_left_link.STL
[0.112s] -- Up-to-date: /home/vudinhso/RMIT_Bot/lesson2_ws/install/my_first_urdf/share/my_first_urdf/meshes/base_link.STL
[0.113s] -- Up-to-date: /home/vudinhso/RMIT_Bot/lesson2_ws/install/my_first_urdf/share/my_first_urdf/meshes/caster_front_link.STL
[0.113s] -- Up-to-date: /home/vudinhso/RMIT_Bot/lesson2_ws/install/my_first_urdf/share/my_first_urdf/meshes/caster_rear_link.STL
[0.113s] -- Up-to-date: /home/vudinhso/RMIT_Bot/lesson2_ws/install/my_first_urdf/share/my_first_urdf/meshes/imu_link.STL
[0.113s] -- Up-to-date: /home/vudinhso/RMIT_Bot/lesson2_ws/install/my_first_urdf/share/my_first_urdf/meshes/wheel_right_link.STL
[0.113s] -- Up-to-date: /home/vudinhso/RMIT_Bot/lesson2_ws/install/my_first_urdf/share/my_first_urdf/urdf
[0.113s] -- Up-to-date: /home/vudinhso/RMIT_Bot/lesson2_ws/install/my_first_urdf/share/my_first_urdf/urdf/my_robot.urdf.xacro
[0.113s] -- Up-to-date: /home/vudinhso/RMIT_Bot/lesson2_ws/install/my_first_urdf/share/my_first_urdf/urdf/my_robot_gazebo.xacro
[0.113s] -- Up-to-date: /home/vudinhso/RMIT_Bot/lesson2_ws/install/my_first_urdf/share/my_first_urdf/launch
[0.114s] -- Installing: /home/vudinhso/RMIT_Bot/lesson2_ws/install/my_first_urdf/share/my_first_urdf/launch/gazebo.launch.py
[0.114s] -- Up-to-date: /home/vudinhso/RMIT_Bot/lesson2_ws/install/my_first_urdf/share/my_first_urdf/launch/display.launch.py
[0.114s] -- Up-to-date: /home/vudinhso/RMIT_Bot/lesson2_ws/install/my_first_urdf/share/my_first_urdf/rviz
[0.114s] -- Up-to-date: /home/vudinhso/RMIT_Bot/lesson2_ws/install/my_first_urdf/share/my_first_urdf/rviz/display.rviz
[0.114s] -- Up-to-date: /home/vudinhso/RMIT_Bot/lesson2_ws/install/my_first_urdf/share/ament_index/resource_index/package_run_dependencies/my_first_urdf
[0.115s] -- Up-to-date: /home/vudinhso/RMIT_Bot/lesson2_ws/install/my_first_urdf/share/ament_index/resource_index/parent_prefix_path/my_first_urdf
[0.115s] -- Up-to-date: /home/vudinhso/RMIT_Bot/lesson2_ws/install/my_first_urdf/share/my_first_urdf/environment/ament_prefix_path.sh
[0.115s] -- Up-to-date: /home/vudinhso/RMIT_Bot/lesson2_ws/install/my_first_urdf/share/my_first_urdf/environment/ament_prefix_path.dsv
[0.115s] -- Up-to-date: /home/vudinhso/RMIT_Bot/lesson2_ws/install/my_first_urdf/share/my_first_urdf/environment/path.sh
[0.116s] -- Up-to-date: /home/vudinhso/RMIT_Bot/lesson2_ws/install/my_first_urdf/share/my_first_urdf/environment/path.dsv
[0.116s] -- Up-to-date: /home/vudinhso/RMIT_Bot/lesson2_ws/install/my_first_urdf/share/my_first_urdf/local_setup.bash
[0.116s] -- Up-to-date: /home/vudinhso/RMIT_Bot/lesson2_ws/install/my_first_urdf/share/my_first_urdf/local_setup.sh
[0.116s] -- Up-to-date: /home/vudinhso/RMIT_Bot/lesson2_ws/install/my_first_urdf/share/my_first_urdf/local_setup.zsh
[0.116s] -- Up-to-date: /home/vudinhso/RMIT_Bot/lesson2_ws/install/my_first_urdf/share/my_first_urdf/local_setup.dsv
[0.117s] -- Installing: /home/vudinhso/RMIT_Bot/lesson2_ws/install/my_first_urdf/share/my_first_urdf/package.dsv
[0.120s] -- Up-to-date: /home/vudinhso/RMIT_Bot/lesson2_ws/install/my_first_urdf/share/ament_index/resource_index/packages/my_first_urdf
[0.120s] -- Up-to-date: /home/vudinhso/RMIT_Bot/lesson2_ws/install/my_first_urdf/share/my_first_urdf/cmake/my_first_urdfConfig.cmake
[0.121s] -- Up-to-date: /home/vudinhso/RMIT_Bot/lesson2_ws/install/my_first_urdf/share/my_first_urdf/cmake/my_first_urdfConfig-version.cmake
[0.121s] -- Up-to-date: /home/vudinhso/RMIT_Bot/lesson2_ws/install/my_first_urdf/share/my_first_urdf/package.xml
[0.122s] Invoked command in '/home/vudinhso/RMIT_Bot/lesson2_ws/build/my_first_urdf' returned '0': CMAKE_PREFIX_PATH=${CMAKE_PREFIX_PATH}:/opt/ros/jazzy DEBUGINFOD_URLS=https://debuginfod.ubuntu.com /usr/bin/cmake --install /home/vudinhso/RMIT_Bot/lesson2_ws/build/my_first_urdf
