[0.021s] Invoking command in '/home/v120506/rmitbot_v4/lesson9_ws/build/rmitbot_localization': CMAKE_PREFIX_PATH=${CMAKE_PREFIX_PATH}:/opt/ros/jazzy DEBUGINFOD_URLS=https://debuginfod.ubuntu.com /usr/bin/cmake /home/v120506/rmitbot_v4/lesson9_ws/src/rmitbot_localization -DCMAKE_INSTALL_PREFIX=/home/v120506/rmitbot_v4/lesson9_ws/install/rmitbot_localization
[0.129s] -- The C compiler identification is GNU 13.3.0
[0.203s] -- The CXX compiler identification is GNU 13.3.0
[0.226s] -- Detecting C compiler ABI info
[0.356s] -- Detecting C compiler ABI info - done
[0.376s] -- Check for working C compiler: /usr/bin/cc - skipped
[0.376s] -- Detecting C compile features
[0.377s] -- Detecting C compile features - done
[0.404s] -- Detecting CXX compiler ABI info
[0.642s] -- Detecting CXX compiler ABI info - done
[0.669s] -- Check for working CXX compiler: /usr/bin/c++ - skipped
[0.670s] -- Detecting CXX compile features
[0.672s] -- Detecting CXX compile features - done
[0.682s] -- Found ament_cmake: 2.5.4 (/opt/ros/jazzy/share/ament_cmake/cmake)
[1.046s] -- Found Python3: /usr/bin/python3 (found version "3.12.3") found components: Interpreter 
[1.266s] -- Found nav_msgs: 5.3.6 (/opt/ros/jazzy/share/nav_msgs/cmake)
[1.385s] -- Found rosidl_generator_c: 4.6.6 (/opt/ros/jazzy/share/rosidl_generator_c/cmake)
[1.423s] -- Found rosidl_generator_cpp: 4.6.6 (/opt/ros/jazzy/share/rosidl_generator_cpp/cmake)
[1.470s] -- Using all available rosidl_typesupport_c: rosidl_typesupport_fastrtps_c;rosidl_typesupport_introspection_c
[1.515s] -- Using all available rosidl_typesupport_cpp: rosidl_typesupport_fastrtps_cpp;rosidl_typesupport_introspection_cpp
[1.668s] -- Found sensor_msgs: 5.3.6 (/opt/ros/jazzy/share/sensor_msgs/cmake)
[1.810s] -- Configuring done (1.8s)
[1.816s] -- Generating done (0.0s)
[1.819s] -- Build files have been written to: /home/v120506/rmitbot_v4/lesson9_ws/build/rmitbot_localization
[1.828s] Invoked command in '/home/v120506/rmitbot_v4/lesson9_ws/build/rmitbot_localization' returned '0': CMAKE_PREFIX_PATH=${CMAKE_PREFIX_PATH}:/opt/ros/jazzy DEBUGINFOD_URLS=https://debuginfod.ubuntu.com /usr/bin/cmake /home/v120506/rmitbot_v4/lesson9_ws/src/rmitbot_localization -DCMAKE_INSTALL_PREFIX=/home/v120506/rmitbot_v4/lesson9_ws/install/rmitbot_localization
[1.829s] Invoking command in '/home/v120506/rmitbot_v4/lesson9_ws/build/rmitbot_localization': CMAKE_PREFIX_PATH=${CMAKE_PREFIX_PATH}:/opt/ros/jazzy DEBUGINFOD_URLS=https://debuginfod.ubuntu.com /usr/bin/cmake --build /home/v120506/rmitbot_v4/lesson9_ws/build/rmitbot_localization -- -j8 -l8
[1.872s] Invoked command in '/home/v120506/rmitbot_v4/lesson9_ws/build/rmitbot_localization' returned '0': CMAKE_PREFIX_PATH=${CMAKE_PREFIX_PATH}:/opt/ros/jazzy DEBUGINFOD_URLS=https://debuginfod.ubuntu.com /usr/bin/cmake --build /home/v120506/rmitbot_v4/lesson9_ws/build/rmitbot_localization -- -j8 -l8
[1.874s] Invoking command in '/home/v120506/rmitbot_v4/lesson9_ws/build/rmitbot_localization': CMAKE_PREFIX_PATH=${CMAKE_PREFIX_PATH}:/opt/ros/jazzy DEBUGINFOD_URLS=https://debuginfod.ubuntu.com /usr/bin/cmake --install /home/v120506/rmitbot_v4/lesson9_ws/build/rmitbot_localization
[1.883s] -- Install configuration: ""
[1.883s] -- Installing: /home/v120506/rmitbot_v4/lesson9_ws/install/rmitbot_localization/share/rmitbot_localization/launch
[1.883s] -- Installing: /home/v120506/rmitbot_v4/lesson9_ws/install/rmitbot_localization/share/rmitbot_localization/launch/localization.launch.py
[1.883s] -- Installing: /home/v120506/rmitbot_v4/lesson9_ws/install/rmitbot_localization/share/rmitbot_localization/config
[1.883s] -- Installing: /home/v120506/rmitbot_v4/lesson9_ws/install/rmitbot_localization/share/rmitbot_localization/config/ekf.yaml
[1.883s] -- Installing: /home/v120506/rmitbot_v4/lesson9_ws/install/rmitbot_localization/share/ament_index/resource_index/package_run_dependencies/rmitbot_localization
[1.883s] -- Installing: /home/v120506/rmitbot_v4/lesson9_ws/install/rmitbot_localization/share/ament_index/resource_index/parent_prefix_path/rmitbot_localization
[1.883s] -- Installing: /home/v120506/rmitbot_v4/lesson9_ws/install/rmitbot_localization/share/rmitbot_localization/environment/ament_prefix_path.sh
[1.884s] -- Installing: /home/v120506/rmitbot_v4/lesson9_ws/install/rmitbot_localization/share/rmitbot_localization/environment/ament_prefix_path.dsv
[1.884s] -- Installing: /home/v120506/rmitbot_v4/lesson9_ws/install/rmitbot_localization/share/rmitbot_localization/environment/path.sh
[1.884s] -- Installing: /home/v120506/rmitbot_v4/lesson9_ws/install/rmitbot_localization/share/rmitbot_localization/environment/path.dsv
[1.884s] -- Installing: /home/v120506/rmitbot_v4/lesson9_ws/install/rmitbot_localization/share/rmitbot_localization/local_setup.bash
[1.884s] -- Installing: /home/v120506/rmitbot_v4/lesson9_ws/install/rmitbot_localization/share/rmitbot_localization/local_setup.sh
[1.884s] -- Installing: /home/v120506/rmitbot_v4/lesson9_ws/install/rmitbot_localization/share/rmitbot_localization/local_setup.zsh
[1.884s] -- Installing: /home/v120506/rmitbot_v4/lesson9_ws/install/rmitbot_localization/share/rmitbot_localization/local_setup.dsv
[1.884s] -- Installing: /home/v120506/rmitbot_v4/lesson9_ws/install/rmitbot_localization/share/rmitbot_localization/package.dsv
[1.884s] -- Installing: /home/v120506/rmitbot_v4/lesson9_ws/install/rmitbot_localization/share/ament_index/resource_index/packages/rmitbot_localization
[1.885s] -- Installing: /home/v120506/rmitbot_v4/lesson9_ws/install/rmitbot_localization/share/rmitbot_localization/cmake/rmitbot_localizationConfig.cmake
[1.885s] -- Installing: /home/v120506/rmitbot_v4/lesson9_ws/install/rmitbot_localization/share/rmitbot_localization/cmake/rmitbot_localizationConfig-version.cmake
[1.885s] -- Installing: /home/v120506/rmitbot_v4/lesson9_ws/install/rmitbot_localization/share/rmitbot_localization/package.xml
[1.888s] Invoked command in '/home/v120506/rmitbot_v4/lesson9_ws/build/rmitbot_localization' returned '0': CMAKE_PREFIX_PATH=${CMAKE_PREFIX_PATH}:/opt/ros/jazzy DEBUGINFOD_URLS=https://debuginfod.ubuntu.com /usr/bin/cmake --install /home/v120506/rmitbot_v4/lesson9_ws/build/rmitbot_localization
