[0.033s] Invoking command in '/home/v120506/rmitbot_v3/lesson7_ws/build/rmitbot_firmware': CMAKE_PREFIX_PATH=${CMAKE_PREFIX_PATH}:/opt/ros/jazzy DEBUGINFOD_URLS=https://debuginfod.ubuntu.com /usr/bin/cmake /home/v120506/rmitbot_v3/lesson7_ws/src/rmitbot_firmware -DCMAKE_INSTALL_PREFIX=/home/v120506/rmitbot_v3/lesson7_ws/install/rmitbot_firmware
[0.169s] -- The C compiler identification is GNU 13.3.0
[0.302s] -- The CXX compiler identification is GNU 13.3.0
[0.331s] -- Detecting C compiler ABI info
[0.476s] -- Detecting C compiler ABI info - done
[0.491s] -- Check for working C compiler: /usr/bin/cc - skipped
[0.491s] -- Detecting C compile features
[0.492s] -- Detecting C compile features - done
[0.501s] -- Detecting CXX compiler ABI info
[0.705s] -- Detecting CXX compiler ABI info - done
[0.725s] -- Check for working CXX compiler: /usr/bin/c++ - skipped
[0.727s] -- Detecting CXX compile features
[0.727s] -- Detecting CXX compile features - done
[0.736s] -- Found ament_cmake: 2.5.4 (/opt/ros/jazzy/share/ament_cmake/cmake)
[0.996s] -- Found Python3: /usr/bin/python3 (found version "3.12.3") found components: Interpreter 
[1.217s] -- Found rclcpp: 28.1.11 (/opt/ros/jazzy/share/rclcpp/cmake)
[1.388s] -- Found rosidl_generator_c: 4.6.6 (/opt/ros/jazzy/share/rosidl_generator_c/cmake)
[1.432s] -- Found rosidl_generator_cpp: 4.6.6 (/opt/ros/jazzy/share/rosidl_generator_cpp/cmake)
[1.491s] -- Using all available rosidl_typesupport_c: rosidl_typesupport_fastrtps_c;rosidl_typesupport_introspection_c
[1.537s] -- Using all available rosidl_typesupport_cpp: rosidl_typesupport_fastrtps_cpp;rosidl_typesupport_introspection_cpp
[1.756s] -- Found rmw_implementation_cmake: 7.3.2 (/opt/ros/jazzy/share/rmw_implementation_cmake/cmake)
[1.765s] -- Found rmw_fastrtps_cpp: 8.4.3 (/opt/ros/jazzy/share/rmw_fastrtps_cpp/cmake)
[1.878s] -- Found OpenSSL: /usr/lib/x86_64-linux-gnu/libcrypto.so (found version "3.0.13")  
[1.914s] -- Found FastRTPS: /opt/ros/jazzy/include (Required is at least version "2.13") 
[1.947s] -- Using RMW implementation 'rmw_fastrtps_cpp' as default
[2.062s] -- Found std_msgs: 5.3.6 (/opt/ros/jazzy/share/std_msgs/cmake)
[2.081s] -- Found hardware_interface: 4.35.0 (/opt/ros/jazzy/share/hardware_interface/cmake)
[2.579s] -- Found PkgConfig: /usr/bin/pkg-config (found version "1.8.1") 
[2.580s] -- Checking for module 'libserial'
[2.592s] --   Found libserial, version 1.0.0
[2.727s] -- Configuring done (2.7s)
[2.752s] -- Generating done (0.0s)
[2.755s] -- Build files have been written to: /home/v120506/rmitbot_v3/lesson7_ws/build/rmitbot_firmware
[2.764s] Invoked command in '/home/v120506/rmitbot_v3/lesson7_ws/build/rmitbot_firmware' returned '0': CMAKE_PREFIX_PATH=${CMAKE_PREFIX_PATH}:/opt/ros/jazzy DEBUGINFOD_URLS=https://debuginfod.ubuntu.com /usr/bin/cmake /home/v120506/rmitbot_v3/lesson7_ws/src/rmitbot_firmware -DCMAKE_INSTALL_PREFIX=/home/v120506/rmitbot_v3/lesson7_ws/install/rmitbot_firmware
[2.765s] Invoking command in '/home/v120506/rmitbot_v3/lesson7_ws/build/rmitbot_firmware': CMAKE_PREFIX_PATH=${CMAKE_PREFIX_PATH}:/opt/ros/jazzy DEBUGINFOD_URLS=https://debuginfod.ubuntu.com /usr/bin/cmake --build /home/v120506/rmitbot_v3/lesson7_ws/build/rmitbot_firmware -- -j8 -l8
[2.819s] [ 50%] [32mBuilding CXX object CMakeFiles/rmitbot_firmware.dir/src/rmitbot_interface.cpp.o[0m
[5.465s] [01m[K/home/v120506/rmitbot_v3/lesson7_ws/src/rmitbot_firmware/src/rmitbot_interface.cpp:[m[K In member function ‘[01m[Kvirtual rmitbot_firmware::CallbackReturn rmitbot_firmware::RmitbotInterface::[01;32m[Kon_init[m[K(const hardware_interface::HardwareInfo&)[m[K’:
[5.465s] [01m[K/home/v120506/rmitbot_v3/lesson7_ws/src/rmitbot_firmware/src/rmitbot_interface.cpp:29:73:[m[K [01;35m[Kwarning: [m[K‘[01m[Kvirtual rclcpp_lifecycle::node_interfaces::LifecycleNodeInterface::CallbackReturn hardware_interface::SystemInterface::[01;32m[Kon_init[m[K(const hardware_interface::HardwareInfo&)[m[K’ is deprecated: Use on_init(const HardwareComponentInterfaceParams & params) instead. [[01;35m[K]8;;https://gcc.gnu.org/onlinedocs/gcc/Warning-Options.html#index-Wdeprecated-declarations-Wdeprecated-declarations]8;;[m[K]
[5.465s]    29 |     CallbackReturn result = [01;35m[Khardware_interface::SystemInterface::on_init(hardware_info)[m[K;
[5.465s]       |                             [01;35m[K~~~~~~~~~~~~~~~~~~~~~~~~~~~~~~~~~~~~~~~~~~~~^~~~~~~~~~~~~~~[m[K
[5.465s] In file included from [01m[K/home/v120506/rmitbot_v3/lesson7_ws/src/rmitbot_firmware/include/rmitbot_firmware/rmitbot_interface.hpp:7[m[K,
[5.466s]                  from [01m[K/home/v120506/rmitbot_v3/lesson7_ws/src/rmitbot_firmware/src/rmitbot_interface.cpp:1[m[K:
[5.466s] [01m[K/opt/ros/jazzy/include/hardware_interface/hardware_interface/system_interface.hpp:243:26:[m[K [01;36m[Knote: [m[Kdeclared here
[5.466s]   243 |   virtual CallbackReturn [01;36m[Kon_init[m[K(const HardwareInfo & hardware_info)
[5.466s]       |                          [01;36m[K^~~~~~~[m[K
[7.795s] [100%] [32m[1mLinking CXX shared library librmitbot_firmware.so[0m
[8.049s] [100%] Built target rmitbot_firmware
[8.059s] Invoked command in '/home/v120506/rmitbot_v3/lesson7_ws/build/rmitbot_firmware' returned '0': CMAKE_PREFIX_PATH=${CMAKE_PREFIX_PATH}:/opt/ros/jazzy DEBUGINFOD_URLS=https://debuginfod.ubuntu.com /usr/bin/cmake --build /home/v120506/rmitbot_v3/lesson7_ws/build/rmitbot_firmware -- -j8 -l8
[8.060s] Invoking command in '/home/v120506/rmitbot_v3/lesson7_ws/build/rmitbot_firmware': CMAKE_PREFIX_PATH=${CMAKE_PREFIX_PATH}:/opt/ros/jazzy DEBUGINFOD_URLS=https://debuginfod.ubuntu.com /usr/bin/cmake --install /home/v120506/rmitbot_v3/lesson7_ws/build/rmitbot_firmware
[8.066s] -- Install configuration: ""
[8.066s] -- Installing: /home/v120506/rmitbot_v3/lesson7_ws/install/rmitbot_firmware/share/rmitbot_firmware/rmitbot_interface.xml
[8.066s] -- Installing: /home/v120506/rmitbot_v3/lesson7_ws/install/rmitbot_firmware/lib/librmitbot_firmware.so
[8.067s] -- Set non-toolchain portion of runtime path of "/home/v120506/rmitbot_v3/lesson7_ws/install/rmitbot_firmware/lib/librmitbot_firmware.so" to ""
[8.068s] -- Installing: /home/v120506/rmitbot_v3/lesson7_ws/install/rmitbot_firmware/include
[8.068s] -- Installing: /home/v120506/rmitbot_v3/lesson7_ws/install/rmitbot_firmware/include/rmitbot_firmware
[8.068s] -- Installing: /home/v120506/rmitbot_v3/lesson7_ws/install/rmitbot_firmware/include/rmitbot_firmware/rmitbot_interface.hpp
[8.068s] -- Installing: /home/v120506/rmitbot_v3/lesson7_ws/install/rmitbot_firmware/share/rmitbot_firmware/launch
[8.068s] -- Installing: /home/v120506/rmitbot_v3/lesson7_ws/install/rmitbot_firmware/share/rmitbot_firmware/launch/hardware.launch.py
[8.068s] -- Installing: /home/v120506/rmitbot_v3/lesson7_ws/install/rmitbot_firmware/share/rmitbot_firmware/environment/library_path.sh
[8.068s] -- Installing: /home/v120506/rmitbot_v3/lesson7_ws/install/rmitbot_firmware/share/rmitbot_firmware/environment/library_path.dsv
[8.068s] -- Installing: /home/v120506/rmitbot_v3/lesson7_ws/install/rmitbot_firmware/share/ament_index/resource_index/package_run_dependencies/rmitbot_firmware
[8.068s] -- Installing: /home/v120506/rmitbot_v3/lesson7_ws/install/rmitbot_firmware/share/ament_index/resource_index/parent_prefix_path/rmitbot_firmware
[8.068s] -- Installing: /home/v120506/rmitbot_v3/lesson7_ws/install/rmitbot_firmware/share/rmitbot_firmware/environment/ament_prefix_path.sh
[8.068s] -- Installing: /home/v120506/rmitbot_v3/lesson7_ws/install/rmitbot_firmware/share/rmitbot_firmware/environment/ament_prefix_path.dsv
[8.068s] -- Installing: /home/v120506/rmitbot_v3/lesson7_ws/install/rmitbot_firmware/share/rmitbot_firmware/environment/path.sh
[8.068s] -- Installing: /home/v120506/rmitbot_v3/lesson7_ws/install/rmitbot_firmware/share/rmitbot_firmware/environment/path.dsv
[8.069s] -- Installing: /home/v120506/rmitbot_v3/lesson7_ws/install/rmitbot_firmware/share/rmitbot_firmware/local_setup.bash
[8.069s] -- Installing: /home/v120506/rmitbot_v3/lesson7_ws/install/rmitbot_firmware/share/rmitbot_firmware/local_setup.sh
[8.069s] -- Installing: /home/v120506/rmitbot_v3/lesson7_ws/install/rmitbot_firmware/share/rmitbot_firmware/local_setup.zsh
[8.069s] -- Installing: /home/v120506/rmitbot_v3/lesson7_ws/install/rmitbot_firmware/share/rmitbot_firmware/local_setup.dsv
[8.069s] -- Installing: /home/v120506/rmitbot_v3/lesson7_ws/install/rmitbot_firmware/share/rmitbot_firmware/package.dsv
[8.069s] -- Installing: /home/v120506/rmitbot_v3/lesson7_ws/install/rmitbot_firmware/share/ament_index/resource_index/packages/rmitbot_firmware
[8.069s] -- Installing: /home/v120506/rmitbot_v3/lesson7_ws/install/rmitbot_firmware/share/ament_index/resource_index/hardware_interface__pluginlib__plugin/rmitbot_firmware
[8.069s] -- Installing: /home/v120506/rmitbot_v3/lesson7_ws/install/rmitbot_firmware/share/rmitbot_firmware/cmake/ament_cmake_export_include_directories-extras.cmake
[8.069s] -- Installing: /home/v120506/rmitbot_v3/lesson7_ws/install/rmitbot_firmware/share/rmitbot_firmware/cmake/ament_cmake_export_libraries-extras.cmake
[8.069s] -- Installing: /home/v120506/rmitbot_v3/lesson7_ws/install/rmitbot_firmware/share/rmitbot_firmware/cmake/ament_cmake_export_dependencies-extras.cmake
[8.070s] -- Installing: /home/v120506/rmitbot_v3/lesson7_ws/install/rmitbot_firmware/share/rmitbot_firmware/cmake/rmitbot_firmwareConfig.cmake
[8.070s] -- Installing: /home/v120506/rmitbot_v3/lesson7_ws/install/rmitbot_firmware/share/rmitbot_firmware/cmake/rmitbot_firmwareConfig-version.cmake
[8.070s] -- Installing: /home/v120506/rmitbot_v3/lesson7_ws/install/rmitbot_firmware/share/rmitbot_firmware/package.xml
[8.071s] Invoked command in '/home/v120506/rmitbot_v3/lesson7_ws/build/rmitbot_firmware' returned '0': CMAKE_PREFIX_PATH=${CMAKE_PREFIX_PATH}:/opt/ros/jazzy DEBUGINFOD_URLS=https://debuginfod.ubuntu.com /usr/bin/cmake --install /home/v120506/rmitbot_v3/lesson7_ws/build/rmitbot_firmware
