-- Found ament_cmake: 2.5.4 (/opt/ros/jazzy/share/ament_cmake/cmake)
-- Override CMake install command with custom implementation using symlinks instead of copying resources
-- Configuring done (0.3s)
-- Generating done (0.0s)
-- Build files have been written to: /home/v120506/rmitbot_v3/lesson7_ws/build/rmitbot_bringup
-- Install configuration: ""
-- Execute custom install script
-- Up-to-date symlink: /home/v120506/rmitbot_v3/lesson7_ws/install/rmitbot_bringup/share/rmitbot_bringup/launch/rmitbot.launch.py
-- Up-to-date symlink: /home/v120506/rmitbot_v3/lesson7_ws/install/rmitbot_bringup/share/ament_index/resource_index/package_run_dependencies/rmitbot_bringup
-- Up-to-date symlink: /home/v120506/rmitbot_v3/lesson7_ws/install/rmitbot_bringup/share/ament_index/resource_index/parent_prefix_path/rmitbot_bringup
-- Up-to-date symlink: /home/v120506/rmitbot_v3/lesson7_ws/install/rmitbot_bringup/share/rmitbot_bringup/environment/ament_prefix_path.sh
-- Up-to-date symlink: /home/v120506/rmitbot_v3/lesson7_ws/install/rmitbot_bringup/share/rmitbot_bringup/environment/ament_prefix_path.dsv
-- Up-to-date symlink: /home/v120506/rmitbot_v3/lesson7_ws/install/rmitbot_bringup/share/rmitbot_bringup/environment/path.sh
-- Up-to-date symlink: /home/v120506/rmitbot_v3/lesson7_ws/install/rmitbot_bringup/share/rmitbot_bringup/environment/path.dsv
-- Up-to-date symlink: /home/v120506/rmitbot_v3/lesson7_ws/install/rmitbot_bringup/share/rmitbot_bringup/local_setup.bash
-- Up-to-date symlink: /home/v120506/rmitbot_v3/lesson7_ws/install/rmitbot_bringup/share/rmitbot_bringup/local_setup.sh
-- Up-to-date symlink: /home/v120506/rmitbot_v3/lesson7_ws/install/rmitbot_bringup/share/rmitbot_bringup/local_setup.zsh
-- Up-to-date symlink: /home/v120506/rmitbot_v3/lesson7_ws/install/rmitbot_bringup/share/rmitbot_bringup/local_setup.dsv
-- Symlinking: /home/v120506/rmitbot_v3/lesson7_ws/install/rmitbot_bringup/share/rmitbot_bringup/package.dsv
-- Up-to-date symlink: /home/v120506/rmitbot_v3/lesson7_ws/install/rmitbot_bringup/share/ament_index/resource_index/packages/rmitbot_bringup
-- Up-to-date symlink: /home/v120506/rmitbot_v3/lesson7_ws/install/rmitbot_bringup/share/rmitbot_bringup/cmake/rmitbot_bringupConfig.cmake
-- Up-to-date symlink: /home/v120506/rmitbot_v3/lesson7_ws/install/rmitbot_bringup/share/rmitbot_bringup/cmake/rmitbot_bringupConfig-version.cmake
-- Up-to-date symlink: /home/v120506/rmitbot_v3/lesson7_ws/install/rmitbot_bringup/share/rmitbot_bringup/package.xml
