[0.028s] Invoking command in '/home/v120506/rmitbot_v3/lesson7_ws/build/rmitbot_description': CMAKE_PREFIX_PATH=${CMAKE_PREFIX_PATH}:/opt/ros/jazzy DEBUGINFOD_URLS=https://debuginfod.ubuntu.com /usr/bin/cmake /home/v120506/rmitbot_v3/lesson7_ws/src/rmitbot_description -DCMAKE_INSTALL_PREFIX=/home/v120506/rmitbot_v3/lesson7_ws/install/rmitbot_description
[0.180s] -- The C compiler identification is GNU 13.3.0
[0.307s] -- The CXX compiler identification is GNU 13.3.0
[0.334s] -- Detecting C compiler ABI info
[0.481s] -- Detecting C compiler ABI info - done
[0.496s] -- Check for working C compiler: /usr/bin/cc - skipped
[0.496s] -- Detecting C compile features
[0.497s] -- Detecting C compile features - done
[0.508s] -- Detecting CXX compiler ABI info
[0.691s] -- Detecting CXX compiler ABI info - done
[0.704s] -- Check for working CXX compiler: /usr/bin/c++ - skipped
[0.704s] -- Detecting CXX compile features
[0.705s] -- Detecting CXX compile features - done
[0.710s] -- Found ament_cmake: 2.5.4 (/opt/ros/jazzy/share/ament_cmake/cmake)
[1.005s] -- Found Python3: /usr/bin/python3 (found version "3.12.3") found components: Interpreter 
[1.382s] -- Configuring done (1.3s)
[1.390s] -- Generating done (0.0s)
[1.393s] -- Build files have been written to: /home/v120506/rmitbot_v3/lesson7_ws/build/rmitbot_description
[1.403s] Invoked command in '/home/v120506/rmitbot_v3/lesson7_ws/build/rmitbot_description' returned '0': CMAKE_PREFIX_PATH=${CMAKE_PREFIX_PATH}:/opt/ros/jazzy DEBUGINFOD_URLS=https://debuginfod.ubuntu.com /usr/bin/cmake /home/v120506/rmitbot_v3/lesson7_ws/src/rmitbot_description -DCMAKE_INSTALL_PREFIX=/home/v120506/rmitbot_v3/lesson7_ws/install/rmitbot_description
[1.408s] Invoking command in '/home/v120506/rmitbot_v3/lesson7_ws/build/rmitbot_description': CMAKE_PREFIX_PATH=${CMAKE_PREFIX_PATH}:/opt/ros/jazzy DEBUGINFOD_URLS=https://debuginfod.ubuntu.com /usr/bin/cmake --build /home/v120506/rmitbot_v3/lesson7_ws/build/rmitbot_description -- -j8 -l8
[1.504s] Invoked command in '/home/v120506/rmitbot_v3/lesson7_ws/build/rmitbot_description' returned '0': CMAKE_PREFIX_PATH=${CMAKE_PREFIX_PATH}:/opt/ros/jazzy DEBUGINFOD_URLS=https://debuginfod.ubuntu.com /usr/bin/cmake --build /home/v120506/rmitbot_v3/lesson7_ws/build/rmitbot_description -- -j8 -l8
[1.505s] Invoking command in '/home/v120506/rmitbot_v3/lesson7_ws/build/rmitbot_description': CMAKE_PREFIX_PATH=${CMAKE_PREFIX_PATH}:/opt/ros/jazzy DEBUGINFOD_URLS=https://debuginfod.ubuntu.com /usr/bin/cmake --install /home/v120506/rmitbot_v3/lesson7_ws/build/rmitbot_description
[1.512s] -- Install configuration: ""
[1.512s] -- Installing: /home/v120506/rmitbot_v3/lesson7_ws/install/rmitbot_description/share/rmitbot_description/meshes
[1.512s] -- Installing: /home/v120506/rmitbot_v3/lesson7_ws/install/rmitbot_description/share/rmitbot_description/meshes/base_link.STL
[1.522s] -- Installing: /home/v120506/rmitbot_v3/lesson7_ws/install/rmitbot_description/share/rmitbot_description/meshes/caster_front_link.STL
[1.522s] -- Installing: /home/v120506/rmitbot_v3/lesson7_ws/install/rmitbot_description/share/rmitbot_description/meshes/wheel_left_link.STL
[1.523s] -- Installing: /home/v120506/rmitbot_v3/lesson7_ws/install/rmitbot_description/share/rmitbot_description/meshes/wheel_right_link.STL
[1.524s] -- Installing: /home/v120506/rmitbot_v3/lesson7_ws/install/rmitbot_description/share/rmitbot_description/meshes/caster_rear_link.STL
[1.525s] -- Installing: /home/v120506/rmitbot_v3/lesson7_ws/install/rmitbot_description/share/rmitbot_description/meshes/imu_link.STL
[1.525s] -- Installing: /home/v120506/rmitbot_v3/lesson7_ws/install/rmitbot_description/share/rmitbot_description/urdf
[1.525s] -- Installing: /home/v120506/rmitbot_v3/lesson7_ws/install/rmitbot_description/share/rmitbot_description/urdf/rmitbot.urdf.xacro
[1.526s] -- Installing: /home/v120506/rmitbot_v3/lesson7_ws/install/rmitbot_description/share/rmitbot_description/urdf/rmitbot_gazebo.xacro
[1.526s] -- Installing: /home/v120506/rmitbot_v3/lesson7_ws/install/rmitbot_description/share/rmitbot_description/urdf/rmitbot_platform.xacro
[1.526s] -- Installing: /home/v120506/rmitbot_v3/lesson7_ws/install/rmitbot_description/share/rmitbot_description/urdf/rmitbot_ros2_control.xacro
[1.526s] -- Installing: /home/v120506/rmitbot_v3/lesson7_ws/install/rmitbot_description/share/rmitbot_description/launch
[1.527s] -- Installing: /home/v120506/rmitbot_v3/lesson7_ws/install/rmitbot_description/share/rmitbot_description/launch/gazebo.launch.py
[1.527s] -- Installing: /home/v120506/rmitbot_v3/lesson7_ws/install/rmitbot_description/share/rmitbot_description/launch/display.launch.py
[1.528s] -- Installing: /home/v120506/rmitbot_v3/lesson7_ws/install/rmitbot_description/share/rmitbot_description/rviz
[1.528s] -- Installing: /home/v120506/rmitbot_v3/lesson7_ws/install/rmitbot_description/share/rmitbot_description/rviz/display.rviz
[1.528s] -- Installing: /home/v120506/rmitbot_v3/lesson7_ws/install/rmitbot_description/share/ament_index/resource_index/package_run_dependencies/rmitbot_description
[1.528s] -- Installing: /home/v120506/rmitbot_v3/lesson7_ws/install/rmitbot_description/share/ament_index/resource_index/parent_prefix_path/rmitbot_description
[1.528s] -- Installing: /home/v120506/rmitbot_v3/lesson7_ws/install/rmitbot_description/share/rmitbot_description/environment/ament_prefix_path.sh
[1.528s] -- Installing: /home/v120506/rmitbot_v3/lesson7_ws/install/rmitbot_description/share/rmitbot_description/environment/ament_prefix_path.dsv
[1.529s] -- Installing: /home/v120506/rmitbot_v3/lesson7_ws/install/rmitbot_description/share/rmitbot_description/environment/path.sh
[1.529s] -- Installing: /home/v120506/rmitbot_v3/lesson7_ws/install/rmitbot_description/share/rmitbot_description/environment/path.dsv
[1.529s] -- Installing: /home/v120506/rmitbot_v3/lesson7_ws/install/rmitbot_description/share/rmitbot_description/local_setup.bash
[1.530s] -- Installing: /home/v120506/rmitbot_v3/lesson7_ws/install/rmitbot_description/share/rmitbot_description/local_setup.sh
[1.530s] -- Installing: /home/v120506/rmitbot_v3/lesson7_ws/install/rmitbot_description/share/rmitbot_description/local_setup.zsh
[1.530s] -- Installing: /home/v120506/rmitbot_v3/lesson7_ws/install/rmitbot_description/share/rmitbot_description/local_setup.dsv
[1.530s] -- Installing: /home/v120506/rmitbot_v3/lesson7_ws/install/rmitbot_description/share/rmitbot_description/package.dsv
[1.530s] -- Installing: /home/v120506/rmitbot_v3/lesson7_ws/install/rmitbot_description/share/ament_index/resource_index/packages/rmitbot_description
[1.531s] -- Installing: /home/v120506/rmitbot_v3/lesson7_ws/install/rmitbot_description/share/rmitbot_description/cmake/rmitbot_descriptionConfig.cmake
[1.531s] -- Installing: /home/v120506/rmitbot_v3/lesson7_ws/install/rmitbot_description/share/rmitbot_description/cmake/rmitbot_descriptionConfig-version.cmake
[1.531s] -- Installing: /home/v120506/rmitbot_v3/lesson7_ws/install/rmitbot_description/share/rmitbot_description/package.xml
[1.533s] Invoked command in '/home/v120506/rmitbot_v3/lesson7_ws/build/rmitbot_description' returned '0': CMAKE_PREFIX_PATH=${CMAKE_PREFIX_PATH}:/opt/ros/jazzy DEBUGINFOD_URLS=https://debuginfod.ubuntu.com /usr/bin/cmake --install /home/v120506/rmitbot_v3/lesson7_ws/build/rmitbot_description
