[0.077s] DEBUG:colcon:Command line arguments: ['/usr/bin/colcon', 'build']
[0.077s] DEBUG:colcon:Parsed command line arguments: Namespace(log_base=None, log_level=None, verb_name='build', build_base='build', install_base='install', merge_install=False, symlink_install=False, test_result_base=None, continue_on_error=False, executor='parallel', parallel_workers=8, event_handlers=None, ignore_user_meta=False, metas=['./colcon.meta'], base_paths=['.'], packages_ignore=None, packages_ignore_regex=None, paths=None, packages_up_to=None, packages_up_to_regex=None, packages_above=None, packages_above_and_dependencies=None, packages_above_depth=None, packages_select_by_dep=None, packages_skip_by_dep=None, packages_skip_up_to=None, packages_select_build_failed=False, packages_skip_build_finished=False, packages_select_test_failures=False, packages_skip_test_passed=False, packages_select=None, packages_skip=None, packages_select_regex=None, packages_skip_regex=None, packages_start=None, packages_end=None, allow_overriding=[], cmake_args=None, cmake_target=None, cmake_target_skip_unavailable=False, cmake_clean_cache=False, cmake_clean_first=False, cmake_force_configure=False, ament_cmake_args=None, catkin_cmake_args=None, catkin_skip_building_tests=False, mixin_files=None, mixin=None, verb_parser=<colcon_mixin.mixin.mixin_argument.MixinArgumentDecorator object at 0x7127214a17f0>, verb_extension=<colcon_core.verb.build.BuildVerb object at 0x7127214a13a0>, main=<bound method BuildVerb.main of <colcon_core.verb.build.BuildVerb object at 0x7127214a13a0>>, mixin_verb=('build',))
[0.104s] Level 1:colcon.colcon_core.package_discovery:discover_packages(colcon_meta) check parameters
[0.104s] Level 1:colcon.colcon_core.package_discovery:discover_packages(recursive) check parameters
[0.104s] Level 1:colcon.colcon_core.package_discovery:discover_packages(ignore) check parameters
[0.104s] Level 1:colcon.colcon_core.package_discovery:discover_packages(path) check parameters
[0.104s] Level 1:colcon.colcon_core.package_discovery:discover_packages(colcon_meta) discover
[0.104s] Level 1:colcon.colcon_core.package_discovery:discover_packages(recursive) discover
[0.104s] INFO:colcon.colcon_core.package_discovery:Crawling recursively for packages in '/home/v120506/rmitbot_v3/lesson7_ws'
[0.104s] Level 1:colcon.colcon_core.package_identification:_identify(.) by extensions ['ignore', 'ignore_ament_install']
[0.104s] Level 1:colcon.colcon_core.package_identification:_identify(.) by extension 'ignore'
[0.104s] Level 1:colcon.colcon_core.package_identification:_identify(.) by extension 'ignore_ament_install'
[0.104s] Level 1:colcon.colcon_core.package_identification:_identify(.) by extensions ['colcon_pkg']
[0.104s] Level 1:colcon.colcon_core.package_identification:_identify(.) by extension 'colcon_pkg'
[0.104s] Level 1:colcon.colcon_core.package_identification:_identify(.) by extensions ['colcon_meta']
[0.104s] Level 1:colcon.colcon_core.package_identification:_identify(.) by extension 'colcon_meta'
[0.104s] Level 1:colcon.colcon_core.package_identification:_identify(.) by extensions ['ros']
[0.105s] Level 1:colcon.colcon_core.package_identification:_identify(.) by extension 'ros'
[0.123s] Level 1:colcon.colcon_core.package_identification:_identify(.) by extensions ['cmake', 'python']
[0.123s] Level 1:colcon.colcon_core.package_identification:_identify(.) by extension 'cmake'
[0.123s] Level 1:colcon.colcon_core.package_identification:_identify(.) by extension 'python'
[0.123s] Level 1:colcon.colcon_core.package_identification:_identify(.) by extensions ['python_setup_py']
[0.123s] Level 1:colcon.colcon_core.package_identification:_identify(.) by extension 'python_setup_py'
[0.123s] Level 1:colcon.colcon_core.package_identification:_identify(build) by extensions ['ignore', 'ignore_ament_install']
[0.123s] Level 1:colcon.colcon_core.package_identification:_identify(build) by extension 'ignore'
[0.123s] Level 1:colcon.colcon_core.package_identification:_identify(build) ignored
[0.123s] Level 1:colcon.colcon_core.package_identification:_identify(install) by extensions ['ignore', 'ignore_ament_install']
[0.124s] Level 1:colcon.colcon_core.package_identification:_identify(install) by extension 'ignore'
[0.124s] Level 1:colcon.colcon_core.package_identification:_identify(install) ignored
[0.124s] Level 1:colcon.colcon_core.package_identification:_identify(log) by extensions ['ignore', 'ignore_ament_install']
[0.124s] Level 1:colcon.colcon_core.package_identification:_identify(log) by extension 'ignore'
[0.124s] Level 1:colcon.colcon_core.package_identification:_identify(log) ignored
[0.124s] Level 1:colcon.colcon_core.package_identification:_identify(src) by extensions ['ignore', 'ignore_ament_install']
[0.124s] Level 1:colcon.colcon_core.package_identification:_identify(src) by extension 'ignore'
[0.124s] Level 1:colcon.colcon_core.package_identification:_identify(src) by extension 'ignore_ament_install'
[0.124s] Level 1:colcon.colcon_core.package_identification:_identify(src) by extensions ['colcon_pkg']
[0.124s] Level 1:colcon.colcon_core.package_identification:_identify(src) by extension 'colcon_pkg'
[0.124s] Level 1:colcon.colcon_core.package_identification:_identify(src) by extensions ['colcon_meta']
[0.124s] Level 1:colcon.colcon_core.package_identification:_identify(src) by extension 'colcon_meta'
[0.124s] Level 1:colcon.colcon_core.package_identification:_identify(src) by extensions ['ros']
[0.124s] Level 1:colcon.colcon_core.package_identification:_identify(src) by extension 'ros'
[0.124s] Level 1:colcon.colcon_core.package_identification:_identify(src) by extensions ['cmake', 'python']
[0.124s] Level 1:colcon.colcon_core.package_identification:_identify(src) by extension 'cmake'
[0.124s] Level 1:colcon.colcon_core.package_identification:_identify(src) by extension 'python'
[0.124s] Level 1:colcon.colcon_core.package_identification:_identify(src) by extensions ['python_setup_py']
[0.124s] Level 1:colcon.colcon_core.package_identification:_identify(src) by extension 'python_setup_py'
[0.124s] Level 1:colcon.colcon_core.package_identification:_identify(src/rmitbot_bringup) by extensions ['ignore', 'ignore_ament_install']
[0.124s] Level 1:colcon.colcon_core.package_identification:_identify(src/rmitbot_bringup) by extension 'ignore'
[0.124s] Level 1:colcon.colcon_core.package_identification:_identify(src/rmitbot_bringup) by extension 'ignore_ament_install'
[0.124s] Level 1:colcon.colcon_core.package_identification:_identify(src/rmitbot_bringup) by extensions ['colcon_pkg']
[0.124s] Level 1:colcon.colcon_core.package_identification:_identify(src/rmitbot_bringup) by extension 'colcon_pkg'
[0.124s] Level 1:colcon.colcon_core.package_identification:_identify(src/rmitbot_bringup) by extensions ['colcon_meta']
[0.124s] Level 1:colcon.colcon_core.package_identification:_identify(src/rmitbot_bringup) by extension 'colcon_meta'
[0.124s] Level 1:colcon.colcon_core.package_identification:_identify(src/rmitbot_bringup) by extensions ['ros']
[0.124s] Level 1:colcon.colcon_core.package_identification:_identify(src/rmitbot_bringup) by extension 'ros'
[0.126s] DEBUG:colcon.colcon_core.package_identification:Package 'src/rmitbot_bringup' with type 'ros.ament_cmake' and name 'rmitbot_bringup'
[0.126s] Level 1:colcon.colcon_core.package_identification:_identify(src/rmitbot_controller) by extensions ['ignore', 'ignore_ament_install']
[0.126s] Level 1:colcon.colcon_core.package_identification:_identify(src/rmitbot_controller) by extension 'ignore'
[0.126s] Level 1:colcon.colcon_core.package_identification:_identify(src/rmitbot_controller) by extension 'ignore_ament_install'
[0.126s] Level 1:colcon.colcon_core.package_identification:_identify(src/rmitbot_controller) by extensions ['colcon_pkg']
[0.126s] Level 1:colcon.colcon_core.package_identification:_identify(src/rmitbot_controller) by extension 'colcon_pkg'
[0.126s] Level 1:colcon.colcon_core.package_identification:_identify(src/rmitbot_controller) by extensions ['colcon_meta']
[0.126s] Level 1:colcon.colcon_core.package_identification:_identify(src/rmitbot_controller) by extension 'colcon_meta'
[0.127s] Level 1:colcon.colcon_core.package_identification:_identify(src/rmitbot_controller) by extensions ['ros']
[0.127s] Level 1:colcon.colcon_core.package_identification:_identify(src/rmitbot_controller) by extension 'ros'
[0.127s] DEBUG:colcon.colcon_core.package_identification:Package 'src/rmitbot_controller' with type 'ros.ament_cmake' and name 'rmitbot_controller'
[0.127s] Level 1:colcon.colcon_core.package_identification:_identify(src/rmitbot_description) by extensions ['ignore', 'ignore_ament_install']
[0.127s] Level 1:colcon.colcon_core.package_identification:_identify(src/rmitbot_description) by extension 'ignore'
[0.127s] Level 1:colcon.colcon_core.package_identification:_identify(src/rmitbot_description) by extension 'ignore_ament_install'
[0.127s] Level 1:colcon.colcon_core.package_identification:_identify(src/rmitbot_description) by extensions ['colcon_pkg']
[0.127s] Level 1:colcon.colcon_core.package_identification:_identify(src/rmitbot_description) by extension 'colcon_pkg'
[0.127s] Level 1:colcon.colcon_core.package_identification:_identify(src/rmitbot_description) by extensions ['colcon_meta']
[0.127s] Level 1:colcon.colcon_core.package_identification:_identify(src/rmitbot_description) by extension 'colcon_meta'
[0.127s] Level 1:colcon.colcon_core.package_identification:_identify(src/rmitbot_description) by extensions ['ros']
[0.127s] Level 1:colcon.colcon_core.package_identification:_identify(src/rmitbot_description) by extension 'ros'
[0.128s] DEBUG:colcon.colcon_core.package_identification:Package 'src/rmitbot_description' with type 'ros.ament_cmake' and name 'rmitbot_description'
[0.128s] Level 1:colcon.colcon_core.package_identification:_identify(src/rmitbot_firmware) by extensions ['ignore', 'ignore_ament_install']
[0.128s] Level 1:colcon.colcon_core.package_identification:_identify(src/rmitbot_firmware) by extension 'ignore'
[0.128s] Level 1:colcon.colcon_core.package_identification:_identify(src/rmitbot_firmware) by extension 'ignore_ament_install'
[0.128s] Level 1:colcon.colcon_core.package_identification:_identify(src/rmitbot_firmware) by extensions ['colcon_pkg']
[0.128s] Level 1:colcon.colcon_core.package_identification:_identify(src/rmitbot_firmware) by extension 'colcon_pkg'
[0.128s] Level 1:colcon.colcon_core.package_identification:_identify(src/rmitbot_firmware) by extensions ['colcon_meta']
[0.128s] Level 1:colcon.colcon_core.package_identification:_identify(src/rmitbot_firmware) by extension 'colcon_meta'
[0.128s] Level 1:colcon.colcon_core.package_identification:_identify(src/rmitbot_firmware) by extensions ['ros']
[0.128s] Level 1:colcon.colcon_core.package_identification:_identify(src/rmitbot_firmware) by extension 'ros'
[0.129s] DEBUG:colcon.colcon_core.package_identification:Package 'src/rmitbot_firmware' with type 'ros.ament_cmake' and name 'rmitbot_firmware'
[0.129s] Level 1:colcon.colcon_core.package_discovery:discover_packages(recursive) using defaults
[0.129s] Level 1:colcon.colcon_core.package_discovery:discover_packages(ignore) discover
[0.129s] Level 1:colcon.colcon_core.package_discovery:discover_packages(ignore) using defaults
[0.129s] Level 1:colcon.colcon_core.package_discovery:discover_packages(path) discover
[0.129s] Level 1:colcon.colcon_core.package_discovery:discover_packages(path) using defaults
[0.142s] Level 1:colcon.colcon_core.package_discovery:discover_packages(prefix_path) check parameters
[0.142s] Level 1:colcon.colcon_core.package_discovery:discover_packages(prefix_path) discover
[0.144s] DEBUG:colcon.colcon_installed_package_information.package_discovery:Found 437 installed packages in /opt/ros/jazzy
[0.145s] Level 1:colcon.colcon_core.package_discovery:discover_packages(prefix_path) using defaults
[0.185s] Level 5:colcon.colcon_core.verb:set package 'rmitbot_bringup' build argument 'cmake_args' from command line to 'None'
[0.185s] Level 5:colcon.colcon_core.verb:set package 'rmitbot_bringup' build argument 'cmake_target' from command line to 'None'
[0.186s] Level 5:colcon.colcon_core.verb:set package 'rmitbot_bringup' build argument 'cmake_target_skip_unavailable' from command line to 'False'
[0.186s] Level 5:colcon.colcon_core.verb:set package 'rmitbot_bringup' build argument 'cmake_clean_cache' from command line to 'False'
[0.186s] Level 5:colcon.colcon_core.verb:set package 'rmitbot_bringup' build argument 'cmake_clean_first' from command line to 'False'
[0.186s] Level 5:colcon.colcon_core.verb:set package 'rmitbot_bringup' build argument 'cmake_force_configure' from command line to 'False'
[0.186s] Level 5:colcon.colcon_core.verb:set package 'rmitbot_bringup' build argument 'ament_cmake_args' from command line to 'None'
[0.186s] Level 5:colcon.colcon_core.verb:set package 'rmitbot_bringup' build argument 'catkin_cmake_args' from command line to 'None'
[0.186s] Level 5:colcon.colcon_core.verb:set package 'rmitbot_bringup' build argument 'catkin_skip_building_tests' from command line to 'False'
[0.186s] DEBUG:colcon.colcon_core.verb:Building package 'rmitbot_bringup' with the following arguments: {'ament_cmake_args': None, 'build_base': '/home/v120506/rmitbot_v3/lesson7_ws/build/rmitbot_bringup', 'catkin_cmake_args': None, 'catkin_skip_building_tests': False, 'cmake_args': None, 'cmake_clean_cache': False, 'cmake_clean_first': False, 'cmake_force_configure': False, 'cmake_target': None, 'cmake_target_skip_unavailable': False, 'install_base': '/home/v120506/rmitbot_v3/lesson7_ws/install/rmitbot_bringup', 'merge_install': False, 'path': '/home/v120506/rmitbot_v3/lesson7_ws/src/rmitbot_bringup', 'symlink_install': False, 'test_result_base': None}
[0.186s] Level 5:colcon.colcon_core.verb:set package 'rmitbot_controller' build argument 'cmake_args' from command line to 'None'
[0.186s] Level 5:colcon.colcon_core.verb:set package 'rmitbot_controller' build argument 'cmake_target' from command line to 'None'
[0.186s] Level 5:colcon.colcon_core.verb:set package 'rmitbot_controller' build argument 'cmake_target_skip_unavailable' from command line to 'False'
[0.186s] Level 5:colcon.colcon_core.verb:set package 'rmitbot_controller' build argument 'cmake_clean_cache' from command line to 'False'
[0.186s] Level 5:colcon.colcon_core.verb:set package 'rmitbot_controller' build argument 'cmake_clean_first' from command line to 'False'
[0.186s] Level 5:colcon.colcon_core.verb:set package 'rmitbot_controller' build argument 'cmake_force_configure' from command line to 'False'
[0.186s] Level 5:colcon.colcon_core.verb:set package 'rmitbot_controller' build argument 'ament_cmake_args' from command line to 'None'
[0.186s] Level 5:colcon.colcon_core.verb:set package 'rmitbot_controller' build argument 'catkin_cmake_args' from command line to 'None'
[0.186s] Level 5:colcon.colcon_core.verb:set package 'rmitbot_controller' build argument 'catkin_skip_building_tests' from command line to 'False'
[0.186s] DEBUG:colcon.colcon_core.verb:Building package 'rmitbot_controller' with the following arguments: {'ament_cmake_args': None, 'build_base': '/home/v120506/rmitbot_v3/lesson7_ws/build/rmitbot_controller', 'catkin_cmake_args': None, 'catkin_skip_building_tests': False, 'cmake_args': None, 'cmake_clean_cache': False, 'cmake_clean_first': False, 'cmake_force_configure': False, 'cmake_target': None, 'cmake_target_skip_unavailable': False, 'install_base': '/home/v120506/rmitbot_v3/lesson7_ws/install/rmitbot_controller', 'merge_install': False, 'path': '/home/v120506/rmitbot_v3/lesson7_ws/src/rmitbot_controller', 'symlink_install': False, 'test_result_base': None}
[0.186s] Level 5:colcon.colcon_core.verb:set package 'rmitbot_description' build argument 'cmake_args' from command line to 'None'
[0.186s] Level 5:colcon.colcon_core.verb:set package 'rmitbot_description' build argument 'cmake_target' from command line to 'None'
[0.186s] Level 5:colcon.colcon_core.verb:set package 'rmitbot_description' build argument 'cmake_target_skip_unavailable' from command line to 'False'
[0.186s] Level 5:colcon.colcon_core.verb:set package 'rmitbot_description' build argument 'cmake_clean_cache' from command line to 'False'
[0.186s] Level 5:colcon.colcon_core.verb:set package 'rmitbot_description' build argument 'cmake_clean_first' from command line to 'False'
[0.186s] Level 5:colcon.colcon_core.verb:set package 'rmitbot_description' build argument 'cmake_force_configure' from command line to 'False'
[0.186s] Level 5:colcon.colcon_core.verb:set package 'rmitbot_description' build argument 'ament_cmake_args' from command line to 'None'
[0.186s] Level 5:colcon.colcon_core.verb:set package 'rmitbot_description' build argument 'catkin_cmake_args' from command line to 'None'
[0.186s] Level 5:colcon.colcon_core.verb:set package 'rmitbot_description' build argument 'catkin_skip_building_tests' from command line to 'False'
[0.186s] DEBUG:colcon.colcon_core.verb:Building package 'rmitbot_description' with the following arguments: {'ament_cmake_args': None, 'build_base': '/home/v120506/rmitbot_v3/lesson7_ws/build/rmitbot_description', 'catkin_cmake_args': None, 'catkin_skip_building_tests': False, 'cmake_args': None, 'cmake_clean_cache': False, 'cmake_clean_first': False, 'cmake_force_configure': False, 'cmake_target': None, 'cmake_target_skip_unavailable': False, 'install_base': '/home/v120506/rmitbot_v3/lesson7_ws/install/rmitbot_description', 'merge_install': False, 'path': '/home/v120506/rmitbot_v3/lesson7_ws/src/rmitbot_description', 'symlink_install': False, 'test_result_base': None}
[0.186s] Level 5:colcon.colcon_core.verb:set package 'rmitbot_firmware' build argument 'cmake_args' from command line to 'None'
[0.187s] Level 5:colcon.colcon_core.verb:set package 'rmitbot_firmware' build argument 'cmake_target' from command line to 'None'
[0.187s] Level 5:colcon.colcon_core.verb:set package 'rmitbot_firmware' build argument 'cmake_target_skip_unavailable' from command line to 'False'
[0.187s] Level 5:colcon.colcon_core.verb:set package 'rmitbot_firmware' build argument 'cmake_clean_cache' from command line to 'False'
[0.187s] Level 5:colcon.colcon_core.verb:set package 'rmitbot_firmware' build argument 'cmake_clean_first' from command line to 'False'
[0.187s] Level 5:colcon.colcon_core.verb:set package 'rmitbot_firmware' build argument 'cmake_force_configure' from command line to 'False'
[0.187s] Level 5:colcon.colcon_core.verb:set package 'rmitbot_firmware' build argument 'ament_cmake_args' from command line to 'None'
[0.187s] Level 5:colcon.colcon_core.verb:set package 'rmitbot_firmware' build argument 'catkin_cmake_args' from command line to 'None'
[0.187s] Level 5:colcon.colcon_core.verb:set package 'rmitbot_firmware' build argument 'catkin_skip_building_tests' from command line to 'False'
[0.187s] DEBUG:colcon.colcon_core.verb:Building package 'rmitbot_firmware' with the following arguments: {'ament_cmake_args': None, 'build_base': '/home/v120506/rmitbot_v3/lesson7_ws/build/rmitbot_firmware', 'catkin_cmake_args': None, 'catkin_skip_building_tests': False, 'cmake_args': None, 'cmake_clean_cache': False, 'cmake_clean_first': False, 'cmake_force_configure': False, 'cmake_target': None, 'cmake_target_skip_unavailable': False, 'install_base': '/home/v120506/rmitbot_v3/lesson7_ws/install/rmitbot_firmware', 'merge_install': False, 'path': '/home/v120506/rmitbot_v3/lesson7_ws/src/rmitbot_firmware', 'symlink_install': False, 'test_result_base': None}
[0.187s] INFO:colcon.colcon_core.executor:Executing jobs using 'parallel' executor
[0.188s] DEBUG:colcon.colcon_parallel_executor.executor.parallel:run_until_complete
[0.188s] INFO:colcon.colcon_ros.task.ament_cmake.build:Building ROS package in '/home/v120506/rmitbot_v3/lesson7_ws/src/rmitbot_bringup' with build type 'ament_cmake'
[0.188s] INFO:colcon.colcon_cmake.task.cmake.build:Building CMake package in '/home/v120506/rmitbot_v3/lesson7_ws/src/rmitbot_bringup'
[0.189s] INFO:colcon.colcon_core.plugin_system:Skipping extension 'colcon_core.shell.bat': Not used on non-Windows systems
[0.189s] INFO:colcon.colcon_core.shell:Skip shell extension 'powershell' for command environment: Not usable outside of PowerShell
[0.189s] DEBUG:colcon.colcon_core.shell:Skip shell extension 'dsv' for command environment
[0.192s] INFO:colcon.colcon_ros.task.ament_cmake.build:Building ROS package in '/home/v120506/rmitbot_v3/lesson7_ws/src/rmitbot_controller' with build type 'ament_cmake'
[0.193s] INFO:colcon.colcon_cmake.task.cmake.build:Building CMake package in '/home/v120506/rmitbot_v3/lesson7_ws/src/rmitbot_controller'
[0.193s] INFO:colcon.colcon_core.shell:Skip shell extension 'powershell' for command environment: Not usable outside of PowerShell
[0.193s] DEBUG:colcon.colcon_core.shell:Skip shell extension 'dsv' for command environment
[0.195s] INFO:colcon.colcon_ros.task.ament_cmake.build:Building ROS package in '/home/v120506/rmitbot_v3/lesson7_ws/src/rmitbot_description' with build type 'ament_cmake'
[0.195s] INFO:colcon.colcon_cmake.task.cmake.build:Building CMake package in '/home/v120506/rmitbot_v3/lesson7_ws/src/rmitbot_description'
[0.195s] INFO:colcon.colcon_core.shell:Skip shell extension 'powershell' for command environment: Not usable outside of PowerShell
[0.195s] DEBUG:colcon.colcon_core.shell:Skip shell extension 'dsv' for command environment
[0.198s] INFO:colcon.colcon_ros.task.ament_cmake.build:Building ROS package in '/home/v120506/rmitbot_v3/lesson7_ws/src/rmitbot_firmware' with build type 'ament_cmake'
[0.198s] INFO:colcon.colcon_cmake.task.cmake.build:Building CMake package in '/home/v120506/rmitbot_v3/lesson7_ws/src/rmitbot_firmware'
[0.198s] INFO:colcon.colcon_core.shell:Skip shell extension 'powershell' for command environment: Not usable outside of PowerShell
[0.198s] DEBUG:colcon.colcon_core.shell:Skip shell extension 'dsv' for command environment
[0.204s] DEBUG:colcon.colcon_core.event_handler.log_command:Invoking command in '/home/v120506/rmitbot_v3/lesson7_ws/build/rmitbot_bringup': CMAKE_PREFIX_PATH=${CMAKE_PREFIX_PATH}:/opt/ros/jazzy DEBUGINFOD_URLS=https://debuginfod.ubuntu.com /usr/bin/cmake --build /home/v120506/rmitbot_v3/lesson7_ws/build/rmitbot_bringup -- -j8 -l8
[0.205s] DEBUG:colcon.colcon_core.event_handler.log_command:Invoking command in '/home/v120506/rmitbot_v3/lesson7_ws/build/rmitbot_controller': CMAKE_PREFIX_PATH=${CMAKE_PREFIX_PATH}:/opt/ros/jazzy DEBUGINFOD_URLS=https://debuginfod.ubuntu.com /usr/bin/cmake --build /home/v120506/rmitbot_v3/lesson7_ws/build/rmitbot_controller -- -j8 -l8
[0.206s] DEBUG:colcon.colcon_core.event_handler.log_command:Invoking command in '/home/v120506/rmitbot_v3/lesson7_ws/build/rmitbot_description': CMAKE_PREFIX_PATH=${CMAKE_PREFIX_PATH}:/opt/ros/jazzy DEBUGINFOD_URLS=https://debuginfod.ubuntu.com /usr/bin/cmake --build /home/v120506/rmitbot_v3/lesson7_ws/build/rmitbot_description -- -j8 -l8
[0.212s] DEBUG:colcon.colcon_core.event_handler.log_command:Invoking command in '/home/v120506/rmitbot_v3/lesson7_ws/build/rmitbot_firmware': CMAKE_PREFIX_PATH=${CMAKE_PREFIX_PATH}:/opt/ros/jazzy DEBUGINFOD_URLS=https://debuginfod.ubuntu.com /usr/bin/cmake --build /home/v120506/rmitbot_v3/lesson7_ws/build/rmitbot_firmware -- -j8 -l8
[0.283s] DEBUG:colcon.colcon_core.event_handler.log_command:Invoked command in '/home/v120506/rmitbot_v3/lesson7_ws/build/rmitbot_firmware' returned '0': CMAKE_PREFIX_PATH=${CMAKE_PREFIX_PATH}:/opt/ros/jazzy DEBUGINFOD_URLS=https://debuginfod.ubuntu.com /usr/bin/cmake --build /home/v120506/rmitbot_v3/lesson7_ws/build/rmitbot_firmware -- -j8 -l8
[0.296s] DEBUG:colcon.colcon_core.event_handler.log_command:Invoking command in '/home/v120506/rmitbot_v3/lesson7_ws/build/rmitbot_firmware': CMAKE_PREFIX_PATH=${CMAKE_PREFIX_PATH}:/opt/ros/jazzy DEBUGINFOD_URLS=https://debuginfod.ubuntu.com /usr/bin/cmake --install /home/v120506/rmitbot_v3/lesson7_ws/build/rmitbot_firmware
[0.326s] Level 1:colcon.colcon_core.environment:create_environment_scripts_only(rmitbot_firmware)
[0.326s] DEBUG:colcon.colcon_core.event_handler.log_command:Invoked command in '/home/v120506/rmitbot_v3/lesson7_ws/build/rmitbot_firmware' returned '0': CMAKE_PREFIX_PATH=${CMAKE_PREFIX_PATH}:/opt/ros/jazzy DEBUGINFOD_URLS=https://debuginfod.ubuntu.com /usr/bin/cmake --install /home/v120506/rmitbot_v3/lesson7_ws/build/rmitbot_firmware
[0.329s] Level 1:colcon.colcon_core.environment:checking '/home/v120506/rmitbot_v3/lesson7_ws/install/rmitbot_firmware' for CMake module files
[0.330s] Level 1:colcon.colcon_core.environment:checking '/home/v120506/rmitbot_v3/lesson7_ws/install/rmitbot_firmware' for CMake config files
[0.330s] Level 1:colcon.colcon_core.shell:create_environment_hook('rmitbot_firmware', 'cmake_prefix_path')
[0.331s] INFO:colcon.colcon_core.shell:Creating environment hook '/home/v120506/rmitbot_v3/lesson7_ws/install/rmitbot_firmware/share/rmitbot_firmware/hook/cmake_prefix_path.ps1'
[0.331s] INFO:colcon.colcon_core.shell:Creating environment descriptor '/home/v120506/rmitbot_v3/lesson7_ws/install/rmitbot_firmware/share/rmitbot_firmware/hook/cmake_prefix_path.dsv'
[0.332s] INFO:colcon.colcon_core.shell:Creating environment hook '/home/v120506/rmitbot_v3/lesson7_ws/install/rmitbot_firmware/share/rmitbot_firmware/hook/cmake_prefix_path.sh'
[0.333s] Level 1:colcon.colcon_core.environment:checking '/home/v120506/rmitbot_v3/lesson7_ws/install/rmitbot_firmware/lib'
[0.333s] Level 1:colcon.colcon_core.shell:create_environment_hook('rmitbot_firmware', 'ld_library_path_lib')
[0.334s] INFO:colcon.colcon_core.shell:Creating environment hook '/home/v120506/rmitbot_v3/lesson7_ws/install/rmitbot_firmware/share/rmitbot_firmware/hook/ld_library_path_lib.ps1'
[0.334s] INFO:colcon.colcon_core.shell:Creating environment descriptor '/home/v120506/rmitbot_v3/lesson7_ws/install/rmitbot_firmware/share/rmitbot_firmware/hook/ld_library_path_lib.dsv'
[0.335s] INFO:colcon.colcon_core.shell:Creating environment hook '/home/v120506/rmitbot_v3/lesson7_ws/install/rmitbot_firmware/share/rmitbot_firmware/hook/ld_library_path_lib.sh'
[0.335s] Level 1:colcon.colcon_core.environment:checking '/home/v120506/rmitbot_v3/lesson7_ws/install/rmitbot_firmware/bin'
[0.335s] Level 1:colcon.colcon_core.environment:checking '/home/v120506/rmitbot_v3/lesson7_ws/install/rmitbot_firmware/lib/pkgconfig/rmitbot_firmware.pc'
[0.335s] Level 1:colcon.colcon_core.environment:checking '/home/v120506/rmitbot_v3/lesson7_ws/install/rmitbot_firmware/lib/python3.12/site-packages'
[0.336s] Level 1:colcon.colcon_core.environment:checking '/home/v120506/rmitbot_v3/lesson7_ws/install/rmitbot_firmware/bin'
[0.336s] INFO:colcon.colcon_core.shell:Creating package script '/home/v120506/rmitbot_v3/lesson7_ws/install/rmitbot_firmware/share/rmitbot_firmware/package.ps1'
[0.337s] INFO:colcon.colcon_core.shell:Creating package descriptor '/home/v120506/rmitbot_v3/lesson7_ws/install/rmitbot_firmware/share/rmitbot_firmware/package.dsv'
[0.338s] INFO:colcon.colcon_core.shell:Creating package script '/home/v120506/rmitbot_v3/lesson7_ws/install/rmitbot_firmware/share/rmitbot_firmware/package.sh'
[0.339s] INFO:colcon.colcon_core.shell:Creating package script '/home/v120506/rmitbot_v3/lesson7_ws/install/rmitbot_firmware/share/rmitbot_firmware/package.bash'
[0.340s] INFO:colcon.colcon_core.shell:Creating package script '/home/v120506/rmitbot_v3/lesson7_ws/install/rmitbot_firmware/share/rmitbot_firmware/package.zsh'
[0.341s] Level 1:colcon.colcon_core.environment:create_file_with_runtime_dependencies(/home/v120506/rmitbot_v3/lesson7_ws/install/rmitbot_firmware/share/colcon-core/packages/rmitbot_firmware)
[0.341s] Level 1:colcon.colcon_core.environment:create_environment_scripts_only(rmitbot_firmware)
[0.342s] Level 1:colcon.colcon_core.environment:checking '/home/v120506/rmitbot_v3/lesson7_ws/install/rmitbot_firmware' for CMake module files
[0.343s] Level 1:colcon.colcon_core.environment:checking '/home/v120506/rmitbot_v3/lesson7_ws/install/rmitbot_firmware' for CMake config files
[0.343s] Level 1:colcon.colcon_core.shell:create_environment_hook('rmitbot_firmware', 'cmake_prefix_path')
[0.344s] INFO:colcon.colcon_core.shell:Creating environment hook '/home/v120506/rmitbot_v3/lesson7_ws/install/rmitbot_firmware/share/rmitbot_firmware/hook/cmake_prefix_path.ps1'
[0.344s] INFO:colcon.colcon_core.shell:Creating environment descriptor '/home/v120506/rmitbot_v3/lesson7_ws/install/rmitbot_firmware/share/rmitbot_firmware/hook/cmake_prefix_path.dsv'
[0.345s] INFO:colcon.colcon_core.shell:Creating environment hook '/home/v120506/rmitbot_v3/lesson7_ws/install/rmitbot_firmware/share/rmitbot_firmware/hook/cmake_prefix_path.sh'
[0.345s] Level 1:colcon.colcon_core.environment:checking '/home/v120506/rmitbot_v3/lesson7_ws/install/rmitbot_firmware/lib'
[0.345s] Level 1:colcon.colcon_core.shell:create_environment_hook('rmitbot_firmware', 'ld_library_path_lib')
[0.346s] INFO:colcon.colcon_core.shell:Creating environment hook '/home/v120506/rmitbot_v3/lesson7_ws/install/rmitbot_firmware/share/rmitbot_firmware/hook/ld_library_path_lib.ps1'
[0.346s] INFO:colcon.colcon_core.shell:Creating environment descriptor '/home/v120506/rmitbot_v3/lesson7_ws/install/rmitbot_firmware/share/rmitbot_firmware/hook/ld_library_path_lib.dsv'
[0.347s] INFO:colcon.colcon_core.shell:Creating environment hook '/home/v120506/rmitbot_v3/lesson7_ws/install/rmitbot_firmware/share/rmitbot_firmware/hook/ld_library_path_lib.sh'
[0.347s] Level 1:colcon.colcon_core.environment:checking '/home/v120506/rmitbot_v3/lesson7_ws/install/rmitbot_firmware/bin'
[0.347s] Level 1:colcon.colcon_core.environment:checking '/home/v120506/rmitbot_v3/lesson7_ws/install/rmitbot_firmware/lib/pkgconfig/rmitbot_firmware.pc'
[0.348s] Level 1:colcon.colcon_core.environment:checking '/home/v120506/rmitbot_v3/lesson7_ws/install/rmitbot_firmware/lib/python3.12/site-packages'
[0.348s] Level 1:colcon.colcon_core.environment:checking '/home/v120506/rmitbot_v3/lesson7_ws/install/rmitbot_firmware/bin'
[0.348s] INFO:colcon.colcon_core.shell:Creating package script '/home/v120506/rmitbot_v3/lesson7_ws/install/rmitbot_firmware/share/rmitbot_firmware/package.ps1'
[0.349s] INFO:colcon.colcon_core.shell:Creating package descriptor '/home/v120506/rmitbot_v3/lesson7_ws/install/rmitbot_firmware/share/rmitbot_firmware/package.dsv'
[0.350s] INFO:colcon.colcon_core.shell:Creating package script '/home/v120506/rmitbot_v3/lesson7_ws/install/rmitbot_firmware/share/rmitbot_firmware/package.sh'
[0.350s] INFO:colcon.colcon_core.shell:Creating package script '/home/v120506/rmitbot_v3/lesson7_ws/install/rmitbot_firmware/share/rmitbot_firmware/package.bash'
[0.350s] INFO:colcon.colcon_core.shell:Creating package script '/home/v120506/rmitbot_v3/lesson7_ws/install/rmitbot_firmware/share/rmitbot_firmware/package.zsh'
[0.351s] Level 1:colcon.colcon_core.environment:create_file_with_runtime_dependencies(/home/v120506/rmitbot_v3/lesson7_ws/install/rmitbot_firmware/share/colcon-core/packages/rmitbot_firmware)
[0.565s] DEBUG:colcon.colcon_core.event_handler.log_command:Invoked command in '/home/v120506/rmitbot_v3/lesson7_ws/build/rmitbot_controller' returned '0': CMAKE_PREFIX_PATH=${CMAKE_PREFIX_PATH}:/opt/ros/jazzy DEBUGINFOD_URLS=https://debuginfod.ubuntu.com /usr/bin/cmake --build /home/v120506/rmitbot_v3/lesson7_ws/build/rmitbot_controller -- -j8 -l8
[0.566s] DEBUG:colcon.colcon_core.event_handler.log_command:Invoking command in '/home/v120506/rmitbot_v3/lesson7_ws/build/rmitbot_controller': CMAKE_PREFIX_PATH=${CMAKE_PREFIX_PATH}:/opt/ros/jazzy DEBUGINFOD_URLS=https://debuginfod.ubuntu.com /usr/bin/cmake --install /home/v120506/rmitbot_v3/lesson7_ws/build/rmitbot_controller
[0.567s] DEBUG:colcon.colcon_core.event_handler.log_command:Invoked command in '/home/v120506/rmitbot_v3/lesson7_ws/build/rmitbot_description' returned '0': CMAKE_PREFIX_PATH=${CMAKE_PREFIX_PATH}:/opt/ros/jazzy DEBUGINFOD_URLS=https://debuginfod.ubuntu.com /usr/bin/cmake --build /home/v120506/rmitbot_v3/lesson7_ws/build/rmitbot_description -- -j8 -l8
[0.568s] DEBUG:colcon.colcon_core.event_handler.log_command:Invoking command in '/home/v120506/rmitbot_v3/lesson7_ws/build/rmitbot_description': CMAKE_PREFIX_PATH=${CMAKE_PREFIX_PATH}:/opt/ros/jazzy DEBUGINFOD_URLS=https://debuginfod.ubuntu.com /usr/bin/cmake --install /home/v120506/rmitbot_v3/lesson7_ws/build/rmitbot_description
[0.576s] DEBUG:colcon.colcon_core.event_handler.log_command:Invoked command in '/home/v120506/rmitbot_v3/lesson7_ws/build/rmitbot_bringup' returned '0': CMAKE_PREFIX_PATH=${CMAKE_PREFIX_PATH}:/opt/ros/jazzy DEBUGINFOD_URLS=https://debuginfod.ubuntu.com /usr/bin/cmake --build /home/v120506/rmitbot_v3/lesson7_ws/build/rmitbot_bringup -- -j8 -l8
[0.579s] DEBUG:colcon.colcon_core.event_handler.log_command:Invoking command in '/home/v120506/rmitbot_v3/lesson7_ws/build/rmitbot_bringup': CMAKE_PREFIX_PATH=${CMAKE_PREFIX_PATH}:/opt/ros/jazzy DEBUGINFOD_URLS=https://debuginfod.ubuntu.com /usr/bin/cmake --install /home/v120506/rmitbot_v3/lesson7_ws/build/rmitbot_bringup
[0.590s] Level 1:colcon.colcon_core.environment:create_environment_scripts_only(rmitbot_description)
[0.591s] Level 1:colcon.colcon_core.environment:checking '/home/v120506/rmitbot_v3/lesson7_ws/install/rmitbot_description' for CMake module files
[0.591s] DEBUG:colcon.colcon_core.event_handler.log_command:Invoked command in '/home/v120506/rmitbot_v3/lesson7_ws/build/rmitbot_description' returned '0': CMAKE_PREFIX_PATH=${CMAKE_PREFIX_PATH}:/opt/ros/jazzy DEBUGINFOD_URLS=https://debuginfod.ubuntu.com /usr/bin/cmake --install /home/v120506/rmitbot_v3/lesson7_ws/build/rmitbot_description
[0.592s] Level 1:colcon.colcon_core.environment:checking '/home/v120506/rmitbot_v3/lesson7_ws/install/rmitbot_description' for CMake config files
[0.592s] Level 1:colcon.colcon_core.shell:create_environment_hook('rmitbot_description', 'cmake_prefix_path')
[0.592s] INFO:colcon.colcon_core.shell:Creating environment hook '/home/v120506/rmitbot_v3/lesson7_ws/install/rmitbot_description/share/rmitbot_description/hook/cmake_prefix_path.ps1'
[0.592s] INFO:colcon.colcon_core.shell:Creating environment descriptor '/home/v120506/rmitbot_v3/lesson7_ws/install/rmitbot_description/share/rmitbot_description/hook/cmake_prefix_path.dsv'
[0.593s] INFO:colcon.colcon_core.shell:Creating environment hook '/home/v120506/rmitbot_v3/lesson7_ws/install/rmitbot_description/share/rmitbot_description/hook/cmake_prefix_path.sh'
[0.593s] Level 1:colcon.colcon_core.environment:checking '/home/v120506/rmitbot_v3/lesson7_ws/install/rmitbot_description/bin'
[0.594s] Level 1:colcon.colcon_core.environment:checking '/home/v120506/rmitbot_v3/lesson7_ws/install/rmitbot_description/lib/pkgconfig/rmitbot_description.pc'
[0.594s] Level 1:colcon.colcon_core.environment:checking '/home/v120506/rmitbot_v3/lesson7_ws/install/rmitbot_description/lib/python3.12/site-packages'
[0.594s] Level 1:colcon.colcon_core.environment:checking '/home/v120506/rmitbot_v3/lesson7_ws/install/rmitbot_description/bin'
[0.594s] INFO:colcon.colcon_core.shell:Creating package script '/home/v120506/rmitbot_v3/lesson7_ws/install/rmitbot_description/share/rmitbot_description/package.ps1'
[0.594s] INFO:colcon.colcon_core.shell:Creating package descriptor '/home/v120506/rmitbot_v3/lesson7_ws/install/rmitbot_description/share/rmitbot_description/package.dsv'
[0.595s] INFO:colcon.colcon_core.shell:Creating package script '/home/v120506/rmitbot_v3/lesson7_ws/install/rmitbot_description/share/rmitbot_description/package.sh'
[0.595s] INFO:colcon.colcon_core.shell:Creating package script '/home/v120506/rmitbot_v3/lesson7_ws/install/rmitbot_description/share/rmitbot_description/package.bash'
[0.595s] INFO:colcon.colcon_core.shell:Creating package script '/home/v120506/rmitbot_v3/lesson7_ws/install/rmitbot_description/share/rmitbot_description/package.zsh'
[0.596s] Level 1:colcon.colcon_core.environment:create_file_with_runtime_dependencies(/home/v120506/rmitbot_v3/lesson7_ws/install/rmitbot_description/share/colcon-core/packages/rmitbot_description)
[0.596s] Level 1:colcon.colcon_core.environment:create_environment_scripts_only(rmitbot_description)
[0.596s] Level 1:colcon.colcon_core.environment:checking '/home/v120506/rmitbot_v3/lesson7_ws/install/rmitbot_description' for CMake module files
[0.597s] Level 1:colcon.colcon_core.environment:checking '/home/v120506/rmitbot_v3/lesson7_ws/install/rmitbot_description' for CMake config files
[0.597s] Level 1:colcon.colcon_core.shell:create_environment_hook('rmitbot_description', 'cmake_prefix_path')
[0.597s] INFO:colcon.colcon_core.shell:Creating environment hook '/home/v120506/rmitbot_v3/lesson7_ws/install/rmitbot_description/share/rmitbot_description/hook/cmake_prefix_path.ps1'
[0.598s] INFO:colcon.colcon_core.shell:Creating environment descriptor '/home/v120506/rmitbot_v3/lesson7_ws/install/rmitbot_description/share/rmitbot_description/hook/cmake_prefix_path.dsv'
[0.598s] INFO:colcon.colcon_core.shell:Creating environment hook '/home/v120506/rmitbot_v3/lesson7_ws/install/rmitbot_description/share/rmitbot_description/hook/cmake_prefix_path.sh'
[0.598s] Level 1:colcon.colcon_core.environment:checking '/home/v120506/rmitbot_v3/lesson7_ws/install/rmitbot_description/bin'
[0.598s] Level 1:colcon.colcon_core.environment:checking '/home/v120506/rmitbot_v3/lesson7_ws/install/rmitbot_description/lib/pkgconfig/rmitbot_description.pc'
[0.599s] Level 1:colcon.colcon_core.environment:checking '/home/v120506/rmitbot_v3/lesson7_ws/install/rmitbot_description/lib/python3.12/site-packages'
[0.599s] Level 1:colcon.colcon_core.environment:checking '/home/v120506/rmitbot_v3/lesson7_ws/install/rmitbot_description/bin'
[0.599s] INFO:colcon.colcon_core.shell:Creating package script '/home/v120506/rmitbot_v3/lesson7_ws/install/rmitbot_description/share/rmitbot_description/package.ps1'
[0.600s] INFO:colcon.colcon_core.shell:Creating package descriptor '/home/v120506/rmitbot_v3/lesson7_ws/install/rmitbot_description/share/rmitbot_description/package.dsv'
[0.600s] INFO:colcon.colcon_core.shell:Creating package script '/home/v120506/rmitbot_v3/lesson7_ws/install/rmitbot_description/share/rmitbot_description/package.sh'
[0.601s] INFO:colcon.colcon_core.shell:Creating package script '/home/v120506/rmitbot_v3/lesson7_ws/install/rmitbot_description/share/rmitbot_description/package.bash'
[0.601s] INFO:colcon.colcon_core.shell:Creating package script '/home/v120506/rmitbot_v3/lesson7_ws/install/rmitbot_description/share/rmitbot_description/package.zsh'
[0.601s] Level 1:colcon.colcon_core.environment:create_file_with_runtime_dependencies(/home/v120506/rmitbot_v3/lesson7_ws/install/rmitbot_description/share/colcon-core/packages/rmitbot_description)
[0.602s] Level 1:colcon.colcon_core.environment:create_environment_scripts_only(rmitbot_controller)
[0.602s] Level 1:colcon.colcon_core.environment:checking '/home/v120506/rmitbot_v3/lesson7_ws/install/rmitbot_controller' for CMake module files
[0.602s] DEBUG:colcon.colcon_core.event_handler.log_command:Invoked command in '/home/v120506/rmitbot_v3/lesson7_ws/build/rmitbot_controller' returned '0': CMAKE_PREFIX_PATH=${CMAKE_PREFIX_PATH}:/opt/ros/jazzy DEBUGINFOD_URLS=https://debuginfod.ubuntu.com /usr/bin/cmake --install /home/v120506/rmitbot_v3/lesson7_ws/build/rmitbot_controller
[0.602s] Level 1:colcon.colcon_core.environment:checking '/home/v120506/rmitbot_v3/lesson7_ws/install/rmitbot_controller' for CMake config files
[0.603s] Level 1:colcon.colcon_core.shell:create_environment_hook('rmitbot_controller', 'cmake_prefix_path')
[0.603s] INFO:colcon.colcon_core.shell:Creating environment hook '/home/v120506/rmitbot_v3/lesson7_ws/install/rmitbot_controller/share/rmitbot_controller/hook/cmake_prefix_path.ps1'
[0.603s] INFO:colcon.colcon_core.shell:Creating environment descriptor '/home/v120506/rmitbot_v3/lesson7_ws/install/rmitbot_controller/share/rmitbot_controller/hook/cmake_prefix_path.dsv'
[0.603s] INFO:colcon.colcon_core.shell:Creating environment hook '/home/v120506/rmitbot_v3/lesson7_ws/install/rmitbot_controller/share/rmitbot_controller/hook/cmake_prefix_path.sh'
[0.604s] Level 1:colcon.colcon_core.environment:checking '/home/v120506/rmitbot_v3/lesson7_ws/install/rmitbot_controller/bin'
[0.604s] Level 1:colcon.colcon_core.environment:checking '/home/v120506/rmitbot_v3/lesson7_ws/install/rmitbot_controller/lib/pkgconfig/rmitbot_controller.pc'
[0.604s] Level 1:colcon.colcon_core.environment:checking '/home/v120506/rmitbot_v3/lesson7_ws/install/rmitbot_controller/lib/python3.12/site-packages'
[0.604s] Level 1:colcon.colcon_core.environment:checking '/home/v120506/rmitbot_v3/lesson7_ws/install/rmitbot_controller/bin'
[0.604s] INFO:colcon.colcon_core.shell:Creating package script '/home/v120506/rmitbot_v3/lesson7_ws/install/rmitbot_controller/share/rmitbot_controller/package.ps1'
[0.605s] INFO:colcon.colcon_core.shell:Creating package descriptor '/home/v120506/rmitbot_v3/lesson7_ws/install/rmitbot_controller/share/rmitbot_controller/package.dsv'
[0.605s] INFO:colcon.colcon_core.shell:Creating package script '/home/v120506/rmitbot_v3/lesson7_ws/install/rmitbot_controller/share/rmitbot_controller/package.sh'
[0.605s] INFO:colcon.colcon_core.shell:Creating package script '/home/v120506/rmitbot_v3/lesson7_ws/install/rmitbot_controller/share/rmitbot_controller/package.bash'
[0.605s] INFO:colcon.colcon_core.shell:Creating package script '/home/v120506/rmitbot_v3/lesson7_ws/install/rmitbot_controller/share/rmitbot_controller/package.zsh'
[0.605s] Level 1:colcon.colcon_core.environment:create_file_with_runtime_dependencies(/home/v120506/rmitbot_v3/lesson7_ws/install/rmitbot_controller/share/colcon-core/packages/rmitbot_controller)
[0.606s] Level 1:colcon.colcon_core.environment:create_environment_scripts_only(rmitbot_controller)
[0.606s] Level 1:colcon.colcon_core.environment:checking '/home/v120506/rmitbot_v3/lesson7_ws/install/rmitbot_controller' for CMake module files
[0.606s] Level 1:colcon.colcon_core.environment:checking '/home/v120506/rmitbot_v3/lesson7_ws/install/rmitbot_controller' for CMake config files
[0.607s] Level 1:colcon.colcon_core.shell:create_environment_hook('rmitbot_controller', 'cmake_prefix_path')
[0.607s] INFO:colcon.colcon_core.shell:Creating environment hook '/home/v120506/rmitbot_v3/lesson7_ws/install/rmitbot_controller/share/rmitbot_controller/hook/cmake_prefix_path.ps1'
[0.607s] INFO:colcon.colcon_core.shell:Creating environment descriptor '/home/v120506/rmitbot_v3/lesson7_ws/install/rmitbot_controller/share/rmitbot_controller/hook/cmake_prefix_path.dsv'
[0.608s] INFO:colcon.colcon_core.shell:Creating environment hook '/home/v120506/rmitbot_v3/lesson7_ws/install/rmitbot_controller/share/rmitbot_controller/hook/cmake_prefix_path.sh'
[0.608s] Level 1:colcon.colcon_core.environment:checking '/home/v120506/rmitbot_v3/lesson7_ws/install/rmitbot_controller/bin'
[0.608s] Level 1:colcon.colcon_core.environment:checking '/home/v120506/rmitbot_v3/lesson7_ws/install/rmitbot_controller/lib/pkgconfig/rmitbot_controller.pc'
[0.608s] Level 1:colcon.colcon_core.environment:checking '/home/v120506/rmitbot_v3/lesson7_ws/install/rmitbot_controller/lib/python3.12/site-packages'
[0.608s] Level 1:colcon.colcon_core.environment:checking '/home/v120506/rmitbot_v3/lesson7_ws/install/rmitbot_controller/bin'
[0.609s] INFO:colcon.colcon_core.shell:Creating package script '/home/v120506/rmitbot_v3/lesson7_ws/install/rmitbot_controller/share/rmitbot_controller/package.ps1'
[0.609s] INFO:colcon.colcon_core.shell:Creating package descriptor '/home/v120506/rmitbot_v3/lesson7_ws/install/rmitbot_controller/share/rmitbot_controller/package.dsv'
[0.609s] INFO:colcon.colcon_core.shell:Creating package script '/home/v120506/rmitbot_v3/lesson7_ws/install/rmitbot_controller/share/rmitbot_controller/package.sh'
[0.609s] INFO:colcon.colcon_core.shell:Creating package script '/home/v120506/rmitbot_v3/lesson7_ws/install/rmitbot_controller/share/rmitbot_controller/package.bash'
[0.610s] INFO:colcon.colcon_core.shell:Creating package script '/home/v120506/rmitbot_v3/lesson7_ws/install/rmitbot_controller/share/rmitbot_controller/package.zsh'
[0.610s] Level 1:colcon.colcon_core.environment:create_file_with_runtime_dependencies(/home/v120506/rmitbot_v3/lesson7_ws/install/rmitbot_controller/share/colcon-core/packages/rmitbot_controller)
[0.611s] Level 1:colcon.colcon_core.environment:create_environment_scripts_only(rmitbot_bringup)
[0.611s] Level 1:colcon.colcon_core.environment:checking '/home/v120506/rmitbot_v3/lesson7_ws/install/rmitbot_bringup' for CMake module files
[0.611s] DEBUG:colcon.colcon_core.event_handler.log_command:Invoked command in '/home/v120506/rmitbot_v3/lesson7_ws/build/rmitbot_bringup' returned '0': CMAKE_PREFIX_PATH=${CMAKE_PREFIX_PATH}:/opt/ros/jazzy DEBUGINFOD_URLS=https://debuginfod.ubuntu.com /usr/bin/cmake --install /home/v120506/rmitbot_v3/lesson7_ws/build/rmitbot_bringup
[0.611s] Level 1:colcon.colcon_core.environment:checking '/home/v120506/rmitbot_v3/lesson7_ws/install/rmitbot_bringup' for CMake config files
[0.611s] Level 1:colcon.colcon_core.shell:create_environment_hook('rmitbot_bringup', 'cmake_prefix_path')
[0.612s] INFO:colcon.colcon_core.shell:Creating environment hook '/home/v120506/rmitbot_v3/lesson7_ws/install/rmitbot_bringup/share/rmitbot_bringup/hook/cmake_prefix_path.ps1'
[0.612s] INFO:colcon.colcon_core.shell:Creating environment descriptor '/home/v120506/rmitbot_v3/lesson7_ws/install/rmitbot_bringup/share/rmitbot_bringup/hook/cmake_prefix_path.dsv'
[0.612s] INFO:colcon.colcon_core.shell:Creating environment hook '/home/v120506/rmitbot_v3/lesson7_ws/install/rmitbot_bringup/share/rmitbot_bringup/hook/cmake_prefix_path.sh'
[0.612s] Level 1:colcon.colcon_core.environment:checking '/home/v120506/rmitbot_v3/lesson7_ws/install/rmitbot_bringup/bin'
[0.612s] Level 1:colcon.colcon_core.environment:checking '/home/v120506/rmitbot_v3/lesson7_ws/install/rmitbot_bringup/lib/pkgconfig/rmitbot_bringup.pc'
[0.613s] Level 1:colcon.colcon_core.environment:checking '/home/v120506/rmitbot_v3/lesson7_ws/install/rmitbot_bringup/lib/python3.12/site-packages'
[0.613s] Level 1:colcon.colcon_core.environment:checking '/home/v120506/rmitbot_v3/lesson7_ws/install/rmitbot_bringup/bin'
[0.613s] INFO:colcon.colcon_core.shell:Creating package script '/home/v120506/rmitbot_v3/lesson7_ws/install/rmitbot_bringup/share/rmitbot_bringup/package.ps1'
[0.613s] INFO:colcon.colcon_core.shell:Creating package descriptor '/home/v120506/rmitbot_v3/lesson7_ws/install/rmitbot_bringup/share/rmitbot_bringup/package.dsv'
[0.613s] INFO:colcon.colcon_core.shell:Creating package script '/home/v120506/rmitbot_v3/lesson7_ws/install/rmitbot_bringup/share/rmitbot_bringup/package.sh'
[0.614s] INFO:colcon.colcon_core.shell:Creating package script '/home/v120506/rmitbot_v3/lesson7_ws/install/rmitbot_bringup/share/rmitbot_bringup/package.bash'
[0.614s] INFO:colcon.colcon_core.shell:Creating package script '/home/v120506/rmitbot_v3/lesson7_ws/install/rmitbot_bringup/share/rmitbot_bringup/package.zsh'
[0.614s] Level 1:colcon.colcon_core.environment:create_file_with_runtime_dependencies(/home/v120506/rmitbot_v3/lesson7_ws/install/rmitbot_bringup/share/colcon-core/packages/rmitbot_bringup)
[0.614s] Level 1:colcon.colcon_core.environment:create_environment_scripts_only(rmitbot_bringup)
[0.615s] Level 1:colcon.colcon_core.environment:checking '/home/v120506/rmitbot_v3/lesson7_ws/install/rmitbot_bringup' for CMake module files
[0.615s] Level 1:colcon.colcon_core.environment:checking '/home/v120506/rmitbot_v3/lesson7_ws/install/rmitbot_bringup' for CMake config files
[0.615s] Level 1:colcon.colcon_core.shell:create_environment_hook('rmitbot_bringup', 'cmake_prefix_path')
[0.615s] INFO:colcon.colcon_core.shell:Creating environment hook '/home/v120506/rmitbot_v3/lesson7_ws/install/rmitbot_bringup/share/rmitbot_bringup/hook/cmake_prefix_path.ps1'
[0.615s] INFO:colcon.colcon_core.shell:Creating environment descriptor '/home/v120506/rmitbot_v3/lesson7_ws/install/rmitbot_bringup/share/rmitbot_bringup/hook/cmake_prefix_path.dsv'
[0.616s] INFO:colcon.colcon_core.shell:Creating environment hook '/home/v120506/rmitbot_v3/lesson7_ws/install/rmitbot_bringup/share/rmitbot_bringup/hook/cmake_prefix_path.sh'
[0.616s] Level 1:colcon.colcon_core.environment:checking '/home/v120506/rmitbot_v3/lesson7_ws/install/rmitbot_bringup/bin'
[0.616s] Level 1:colcon.colcon_core.environment:checking '/home/v120506/rmitbot_v3/lesson7_ws/install/rmitbot_bringup/lib/pkgconfig/rmitbot_bringup.pc'
[0.616s] Level 1:colcon.colcon_core.environment:checking '/home/v120506/rmitbot_v3/lesson7_ws/install/rmitbot_bringup/lib/python3.12/site-packages'
[0.616s] Level 1:colcon.colcon_core.environment:checking '/home/v120506/rmitbot_v3/lesson7_ws/install/rmitbot_bringup/bin'
[0.616s] INFO:colcon.colcon_core.shell:Creating package script '/home/v120506/rmitbot_v3/lesson7_ws/install/rmitbot_bringup/share/rmitbot_bringup/package.ps1'
[0.617s] INFO:colcon.colcon_core.shell:Creating package descriptor '/home/v120506/rmitbot_v3/lesson7_ws/install/rmitbot_bringup/share/rmitbot_bringup/package.dsv'
[0.617s] INFO:colcon.colcon_core.shell:Creating package script '/home/v120506/rmitbot_v3/lesson7_ws/install/rmitbot_bringup/share/rmitbot_bringup/package.sh'
[0.617s] INFO:colcon.colcon_core.shell:Creating package script '/home/v120506/rmitbot_v3/lesson7_ws/install/rmitbot_bringup/share/rmitbot_bringup/package.bash'
[0.618s] INFO:colcon.colcon_core.shell:Creating package script '/home/v120506/rmitbot_v3/lesson7_ws/install/rmitbot_bringup/share/rmitbot_bringup/package.zsh'
[0.618s] Level 1:colcon.colcon_core.environment:create_file_with_runtime_dependencies(/home/v120506/rmitbot_v3/lesson7_ws/install/rmitbot_bringup/share/colcon-core/packages/rmitbot_bringup)
[0.618s] DEBUG:colcon.colcon_parallel_executor.executor.parallel:closing loop
[0.618s] DEBUG:colcon.colcon_parallel_executor.executor.parallel:loop closed
[0.618s] DEBUG:colcon.colcon_parallel_executor.executor.parallel:run_until_complete finished with '0'
[0.618s] DEBUG:colcon.colcon_core.event_reactor:joining thread
[0.633s] INFO:colcon.colcon_core.plugin_system:Skipping extension 'colcon_notification.desktop_notification.terminal_notifier': Not used on non-Darwin systems
[0.633s] INFO:colcon.colcon_core.plugin_system:Skipping extension 'colcon_notification.desktop_notification.win32': Not used on non-Windows systems
[0.633s] INFO:colcon.colcon_notification.desktop_notification:Sending desktop notification using 'notify2'
[0.643s] DEBUG:colcon.colcon_core.event_reactor:joined thread
[0.643s] INFO:colcon.colcon_core.shell:Creating prefix script '/home/v120506/rmitbot_v3/lesson7_ws/install/local_setup.ps1'
[0.644s] INFO:colcon.colcon_core.shell:Creating prefix util module '/home/v120506/rmitbot_v3/lesson7_ws/install/_local_setup_util_ps1.py'
[0.646s] INFO:colcon.colcon_core.shell:Creating prefix chain script '/home/v120506/rmitbot_v3/lesson7_ws/install/setup.ps1'
[0.648s] INFO:colcon.colcon_core.shell:Creating prefix script '/home/v120506/rmitbot_v3/lesson7_ws/install/local_setup.sh'
[0.648s] INFO:colcon.colcon_core.shell:Creating prefix util module '/home/v120506/rmitbot_v3/lesson7_ws/install/_local_setup_util_sh.py'
[0.649s] INFO:colcon.colcon_core.shell:Creating prefix chain script '/home/v120506/rmitbot_v3/lesson7_ws/install/setup.sh'
[0.650s] INFO:colcon.colcon_core.shell:Creating prefix script '/home/v120506/rmitbot_v3/lesson7_ws/install/local_setup.bash'
[0.651s] INFO:colcon.colcon_core.shell:Creating prefix chain script '/home/v120506/rmitbot_v3/lesson7_ws/install/setup.bash'
[0.652s] INFO:colcon.colcon_core.shell:Creating prefix script '/home/v120506/rmitbot_v3/lesson7_ws/install/local_setup.zsh'
[0.652s] INFO:colcon.colcon_core.shell:Creating prefix chain script '/home/v120506/rmitbot_v3/lesson7_ws/install/setup.zsh'
