[0.079s] DEBUG:colcon:Command line arguments: ['/usr/bin/colcon', 'build']
[0.079s] DEBUG:colcon:Parsed command line arguments: Namespace(log_base=None, log_level=None, verb_name='build', build_base='build', install_base='install', merge_install=False, symlink_install=False, test_result_base=None, continue_on_error=False, executor='parallel', parallel_workers=8, event_handlers=None, ignore_user_meta=False, metas=['./colcon.meta'], base_paths=['.'], packages_ignore=None, packages_ignore_regex=None, paths=None, packages_up_to=None, packages_up_to_regex=None, packages_above=None, packages_above_and_dependencies=None, packages_above_depth=None, packages_select_by_dep=None, packages_skip_by_dep=None, packages_skip_up_to=None, packages_select_build_failed=False, packages_skip_build_finished=False, packages_select_test_failures=False, packages_skip_test_passed=False, packages_select=None, packages_skip=None, packages_select_regex=None, packages_skip_regex=None, packages_start=None, packages_end=None, allow_overriding=[], cmake_args=None, cmake_target=None, cmake_target_skip_unavailable=False, cmake_clean_cache=False, cmake_clean_first=False, cmake_force_configure=False, ament_cmake_args=None, catkin_cmake_args=None, catkin_skip_building_tests=False, mixin_files=None, mixin=None, verb_parser=<colcon_mixin.mixin.mixin_argument.MixinArgumentDecorator object at 0x734977da57f0>, verb_extension=<colcon_core.verb.build.BuildVerb object at 0x734977da55b0>, main=<bound method BuildVerb.main of <colcon_core.verb.build.BuildVerb object at 0x734977da55b0>>, mixin_verb=('build',))
[0.107s] Level 1:colcon.colcon_core.package_discovery:discover_packages(colcon_meta) check parameters
[0.107s] Level 1:colcon.colcon_core.package_discovery:discover_packages(recursive) check parameters
[0.107s] Level 1:colcon.colcon_core.package_discovery:discover_packages(ignore) check parameters
[0.107s] Level 1:colcon.colcon_core.package_discovery:discover_packages(path) check parameters
[0.107s] Level 1:colcon.colcon_core.package_discovery:discover_packages(colcon_meta) discover
[0.107s] Level 1:colcon.colcon_core.package_discovery:discover_packages(recursive) discover
[0.108s] INFO:colcon.colcon_core.package_discovery:Crawling recursively for packages in '/home/v120506/rmitbot_v3/lesson7_ws'
[0.108s] Level 1:colcon.colcon_core.package_identification:_identify(.) by extensions ['ignore', 'ignore_ament_install']
[0.108s] Level 1:colcon.colcon_core.package_identification:_identify(.) by extension 'ignore'
[0.108s] Level 1:colcon.colcon_core.package_identification:_identify(.) by extension 'ignore_ament_install'
[0.108s] Level 1:colcon.colcon_core.package_identification:_identify(.) by extensions ['colcon_pkg']
[0.108s] Level 1:colcon.colcon_core.package_identification:_identify(.) by extension 'colcon_pkg'
[0.108s] Level 1:colcon.colcon_core.package_identification:_identify(.) by extensions ['colcon_meta']
[0.108s] Level 1:colcon.colcon_core.package_identification:_identify(.) by extension 'colcon_meta'
[0.108s] Level 1:colcon.colcon_core.package_identification:_identify(.) by extensions ['ros']
[0.108s] Level 1:colcon.colcon_core.package_identification:_identify(.) by extension 'ros'
[0.126s] Level 1:colcon.colcon_core.package_identification:_identify(.) by extensions ['cmake', 'python']
[0.126s] Level 1:colcon.colcon_core.package_identification:_identify(.) by extension 'cmake'
[0.126s] Level 1:colcon.colcon_core.package_identification:_identify(.) by extension 'python'
[0.126s] Level 1:colcon.colcon_core.package_identification:_identify(.) by extensions ['python_setup_py']
[0.126s] Level 1:colcon.colcon_core.package_identification:_identify(.) by extension 'python_setup_py'
[0.127s] Level 1:colcon.colcon_core.package_identification:_identify(build) by extensions ['ignore', 'ignore_ament_install']
[0.127s] Level 1:colcon.colcon_core.package_identification:_identify(build) by extension 'ignore'
[0.127s] Level 1:colcon.colcon_core.package_identification:_identify(build) ignored
[0.127s] Level 1:colcon.colcon_core.package_identification:_identify(install) by extensions ['ignore', 'ignore_ament_install']
[0.127s] Level 1:colcon.colcon_core.package_identification:_identify(install) by extension 'ignore'
[0.127s] Level 1:colcon.colcon_core.package_identification:_identify(install) ignored
[0.127s] Level 1:colcon.colcon_core.package_identification:_identify(log) by extensions ['ignore', 'ignore_ament_install']
[0.127s] Level 1:colcon.colcon_core.package_identification:_identify(log) by extension 'ignore'
[0.127s] Level 1:colcon.colcon_core.package_identification:_identify(log) ignored
[0.127s] Level 1:colcon.colcon_core.package_identification:_identify(src) by extensions ['ignore', 'ignore_ament_install']
[0.127s] Level 1:colcon.colcon_core.package_identification:_identify(src) by extension 'ignore'
[0.127s] Level 1:colcon.colcon_core.package_identification:_identify(src) by extension 'ignore_ament_install'
[0.127s] Level 1:colcon.colcon_core.package_identification:_identify(src) by extensions ['colcon_pkg']
[0.127s] Level 1:colcon.colcon_core.package_identification:_identify(src) by extension 'colcon_pkg'
[0.127s] Level 1:colcon.colcon_core.package_identification:_identify(src) by extensions ['colcon_meta']
[0.127s] Level 1:colcon.colcon_core.package_identification:_identify(src) by extension 'colcon_meta'
[0.127s] Level 1:colcon.colcon_core.package_identification:_identify(src) by extensions ['ros']
[0.127s] Level 1:colcon.colcon_core.package_identification:_identify(src) by extension 'ros'
[0.127s] Level 1:colcon.colcon_core.package_identification:_identify(src) by extensions ['cmake', 'python']
[0.127s] Level 1:colcon.colcon_core.package_identification:_identify(src) by extension 'cmake'
[0.127s] Level 1:colcon.colcon_core.package_identification:_identify(src) by extension 'python'
[0.127s] Level 1:colcon.colcon_core.package_identification:_identify(src) by extensions ['python_setup_py']
[0.127s] Level 1:colcon.colcon_core.package_identification:_identify(src) by extension 'python_setup_py'
[0.127s] Level 1:colcon.colcon_core.package_identification:_identify(src/rmitbot_bringup) by extensions ['ignore', 'ignore_ament_install']
[0.127s] Level 1:colcon.colcon_core.package_identification:_identify(src/rmitbot_bringup) by extension 'ignore'
[0.127s] Level 1:colcon.colcon_core.package_identification:_identify(src/rmitbot_bringup) by extension 'ignore_ament_install'
[0.128s] Level 1:colcon.colcon_core.package_identification:_identify(src/rmitbot_bringup) by extensions ['colcon_pkg']
[0.128s] Level 1:colcon.colcon_core.package_identification:_identify(src/rmitbot_bringup) by extension 'colcon_pkg'
[0.128s] Level 1:colcon.colcon_core.package_identification:_identify(src/rmitbot_bringup) by extensions ['colcon_meta']
[0.128s] Level 1:colcon.colcon_core.package_identification:_identify(src/rmitbot_bringup) by extension 'colcon_meta'
[0.128s] Level 1:colcon.colcon_core.package_identification:_identify(src/rmitbot_bringup) by extensions ['ros']
[0.128s] Level 1:colcon.colcon_core.package_identification:_identify(src/rmitbot_bringup) by extension 'ros'
[0.129s] DEBUG:colcon.colcon_core.package_identification:Package 'src/rmitbot_bringup' with type 'ros.ament_cmake' and name 'rmitbot_bringup'
[0.129s] Level 1:colcon.colcon_core.package_identification:_identify(src/rmitbot_controller) by extensions ['ignore', 'ignore_ament_install']
[0.129s] Level 1:colcon.colcon_core.package_identification:_identify(src/rmitbot_controller) by extension 'ignore'
[0.129s] Level 1:colcon.colcon_core.package_identification:_identify(src/rmitbot_controller) by extension 'ignore_ament_install'
[0.130s] Level 1:colcon.colcon_core.package_identification:_identify(src/rmitbot_controller) by extensions ['colcon_pkg']
[0.130s] Level 1:colcon.colcon_core.package_identification:_identify(src/rmitbot_controller) by extension 'colcon_pkg'
[0.130s] Level 1:colcon.colcon_core.package_identification:_identify(src/rmitbot_controller) by extensions ['colcon_meta']
[0.130s] Level 1:colcon.colcon_core.package_identification:_identify(src/rmitbot_controller) by extension 'colcon_meta'
[0.130s] Level 1:colcon.colcon_core.package_identification:_identify(src/rmitbot_controller) by extensions ['ros']
[0.130s] Level 1:colcon.colcon_core.package_identification:_identify(src/rmitbot_controller) by extension 'ros'
[0.130s] DEBUG:colcon.colcon_core.package_identification:Package 'src/rmitbot_controller' with type 'ros.ament_cmake' and name 'rmitbot_controller'
[0.130s] Level 1:colcon.colcon_core.package_identification:_identify(src/rmitbot_description) by extensions ['ignore', 'ignore_ament_install']
[0.130s] Level 1:colcon.colcon_core.package_identification:_identify(src/rmitbot_description) by extension 'ignore'
[0.130s] Level 1:colcon.colcon_core.package_identification:_identify(src/rmitbot_description) by extension 'ignore_ament_install'
[0.130s] Level 1:colcon.colcon_core.package_identification:_identify(src/rmitbot_description) by extensions ['colcon_pkg']
[0.130s] Level 1:colcon.colcon_core.package_identification:_identify(src/rmitbot_description) by extension 'colcon_pkg'
[0.130s] Level 1:colcon.colcon_core.package_identification:_identify(src/rmitbot_description) by extensions ['colcon_meta']
[0.130s] Level 1:colcon.colcon_core.package_identification:_identify(src/rmitbot_description) by extension 'colcon_meta'
[0.130s] Level 1:colcon.colcon_core.package_identification:_identify(src/rmitbot_description) by extensions ['ros']
[0.130s] Level 1:colcon.colcon_core.package_identification:_identify(src/rmitbot_description) by extension 'ros'
[0.131s] DEBUG:colcon.colcon_core.package_identification:Package 'src/rmitbot_description' with type 'ros.ament_cmake' and name 'rmitbot_description'
[0.131s] Level 1:colcon.colcon_core.package_identification:_identify(src/rmitbot_firmware) by extensions ['ignore', 'ignore_ament_install']
[0.131s] Level 1:colcon.colcon_core.package_identification:_identify(src/rmitbot_firmware) by extension 'ignore'
[0.131s] Level 1:colcon.colcon_core.package_identification:_identify(src/rmitbot_firmware) by extension 'ignore_ament_install'
[0.131s] Level 1:colcon.colcon_core.package_identification:_identify(src/rmitbot_firmware) by extensions ['colcon_pkg']
[0.131s] Level 1:colcon.colcon_core.package_identification:_identify(src/rmitbot_firmware) by extension 'colcon_pkg'
[0.131s] Level 1:colcon.colcon_core.package_identification:_identify(src/rmitbot_firmware) by extensions ['colcon_meta']
[0.131s] Level 1:colcon.colcon_core.package_identification:_identify(src/rmitbot_firmware) by extension 'colcon_meta'
[0.131s] Level 1:colcon.colcon_core.package_identification:_identify(src/rmitbot_firmware) by extensions ['ros']
[0.131s] Level 1:colcon.colcon_core.package_identification:_identify(src/rmitbot_firmware) by extension 'ros'
[0.132s] DEBUG:colcon.colcon_core.package_identification:Package 'src/rmitbot_firmware' with type 'ros.ament_cmake' and name 'rmitbot_firmware'
[0.132s] Level 1:colcon.colcon_core.package_discovery:discover_packages(recursive) using defaults
[0.132s] Level 1:colcon.colcon_core.package_discovery:discover_packages(ignore) discover
[0.132s] Level 1:colcon.colcon_core.package_discovery:discover_packages(ignore) using defaults
[0.132s] Level 1:colcon.colcon_core.package_discovery:discover_packages(path) discover
[0.132s] Level 1:colcon.colcon_core.package_discovery:discover_packages(path) using defaults
[0.145s] Level 1:colcon.colcon_core.package_discovery:discover_packages(prefix_path) check parameters
[0.145s] Level 1:colcon.colcon_core.package_discovery:discover_packages(prefix_path) discover
[0.145s] WARNING:colcon.colcon_ros.prefix_path.ament:The path '/home/v120506/rmitbot_v3/lesson7_ws/install/rmitbot_firmware' in the environment variable AMENT_PREFIX_PATH doesn't exist
[0.145s] WARNING:colcon.colcon_ros.prefix_path.ament:The path '/home/v120506/rmitbot_v3/lesson7_ws/install/rmitbot_description' in the environment variable AMENT_PREFIX_PATH doesn't exist
[0.145s] WARNING:colcon.colcon_ros.prefix_path.ament:The path '/home/v120506/rmitbot_v3/lesson7_ws/install/rmitbot_controller' in the environment variable AMENT_PREFIX_PATH doesn't exist
[0.145s] WARNING:colcon.colcon_ros.prefix_path.ament:The path '/home/v120506/rmitbot_v3/lesson7_ws/install/rmitbot_bringup' in the environment variable AMENT_PREFIX_PATH doesn't exist
[0.146s] WARNING:colcon.colcon_ros.prefix_path.catkin:The path '/home/v120506/rmitbot_v3/lesson7_ws/install/rmitbot_firmware' in the environment variable CMAKE_PREFIX_PATH doesn't exist
[0.146s] WARNING:colcon.colcon_ros.prefix_path.catkin:The path '/home/v120506/rmitbot_v3/lesson7_ws/install/rmitbot_description' in the environment variable CMAKE_PREFIX_PATH doesn't exist
[0.146s] WARNING:colcon.colcon_ros.prefix_path.catkin:The path '/home/v120506/rmitbot_v3/lesson7_ws/install/rmitbot_controller' in the environment variable CMAKE_PREFIX_PATH doesn't exist
[0.146s] WARNING:colcon.colcon_ros.prefix_path.catkin:The path '/home/v120506/rmitbot_v3/lesson7_ws/install/rmitbot_bringup' in the environment variable CMAKE_PREFIX_PATH doesn't exist
[0.146s] DEBUG:colcon.colcon_installed_package_information.package_discovery:Found 0 installed packages in /home/v120506/rmitbot_v3/lesson7_ws/install
[0.148s] DEBUG:colcon.colcon_installed_package_information.package_discovery:Found 438 installed packages in /opt/ros/jazzy
[0.149s] Level 1:colcon.colcon_core.package_discovery:discover_packages(prefix_path) using defaults
[0.217s] Level 5:colcon.colcon_core.verb:set package 'rmitbot_bringup' build argument 'cmake_args' from command line to 'None'
[0.217s] Level 5:colcon.colcon_core.verb:set package 'rmitbot_bringup' build argument 'cmake_target' from command line to 'None'
[0.217s] Level 5:colcon.colcon_core.verb:set package 'rmitbot_bringup' build argument 'cmake_target_skip_unavailable' from command line to 'False'
[0.217s] Level 5:colcon.colcon_core.verb:set package 'rmitbot_bringup' build argument 'cmake_clean_cache' from command line to 'False'
[0.217s] Level 5:colcon.colcon_core.verb:set package 'rmitbot_bringup' build argument 'cmake_clean_first' from command line to 'False'
[0.217s] Level 5:colcon.colcon_core.verb:set package 'rmitbot_bringup' build argument 'cmake_force_configure' from command line to 'False'
[0.217s] Level 5:colcon.colcon_core.verb:set package 'rmitbot_bringup' build argument 'ament_cmake_args' from command line to 'None'
[0.217s] Level 5:colcon.colcon_core.verb:set package 'rmitbot_bringup' build argument 'catkin_cmake_args' from command line to 'None'
[0.217s] Level 5:colcon.colcon_core.verb:set package 'rmitbot_bringup' build argument 'catkin_skip_building_tests' from command line to 'False'
[0.217s] DEBUG:colcon.colcon_core.verb:Building package 'rmitbot_bringup' with the following arguments: {'ament_cmake_args': None, 'build_base': '/home/v120506/rmitbot_v3/lesson7_ws/build/rmitbot_bringup', 'catkin_cmake_args': None, 'catkin_skip_building_tests': False, 'cmake_args': None, 'cmake_clean_cache': False, 'cmake_clean_first': False, 'cmake_force_configure': False, 'cmake_target': None, 'cmake_target_skip_unavailable': False, 'install_base': '/home/v120506/rmitbot_v3/lesson7_ws/install/rmitbot_bringup', 'merge_install': False, 'path': '/home/v120506/rmitbot_v3/lesson7_ws/src/rmitbot_bringup', 'symlink_install': False, 'test_result_base': None}
[0.218s] Level 5:colcon.colcon_core.verb:set package 'rmitbot_controller' build argument 'cmake_args' from command line to 'None'
[0.218s] Level 5:colcon.colcon_core.verb:set package 'rmitbot_controller' build argument 'cmake_target' from command line to 'None'
[0.218s] Level 5:colcon.colcon_core.verb:set package 'rmitbot_controller' build argument 'cmake_target_skip_unavailable' from command line to 'False'
[0.218s] Level 5:colcon.colcon_core.verb:set package 'rmitbot_controller' build argument 'cmake_clean_cache' from command line to 'False'
[0.218s] Level 5:colcon.colcon_core.verb:set package 'rmitbot_controller' build argument 'cmake_clean_first' from command line to 'False'
[0.218s] Level 5:colcon.colcon_core.verb:set package 'rmitbot_controller' build argument 'cmake_force_configure' from command line to 'False'
[0.218s] Level 5:colcon.colcon_core.verb:set package 'rmitbot_controller' build argument 'ament_cmake_args' from command line to 'None'
[0.218s] Level 5:colcon.colcon_core.verb:set package 'rmitbot_controller' build argument 'catkin_cmake_args' from command line to 'None'
[0.218s] Level 5:colcon.colcon_core.verb:set package 'rmitbot_controller' build argument 'catkin_skip_building_tests' from command line to 'False'
[0.218s] DEBUG:colcon.colcon_core.verb:Building package 'rmitbot_controller' with the following arguments: {'ament_cmake_args': None, 'build_base': '/home/v120506/rmitbot_v3/lesson7_ws/build/rmitbot_controller', 'catkin_cmake_args': None, 'catkin_skip_building_tests': False, 'cmake_args': None, 'cmake_clean_cache': False, 'cmake_clean_first': False, 'cmake_force_configure': False, 'cmake_target': None, 'cmake_target_skip_unavailable': False, 'install_base': '/home/v120506/rmitbot_v3/lesson7_ws/install/rmitbot_controller', 'merge_install': False, 'path': '/home/v120506/rmitbot_v3/lesson7_ws/src/rmitbot_controller', 'symlink_install': False, 'test_result_base': None}
[0.218s] Level 5:colcon.colcon_core.verb:set package 'rmitbot_description' build argument 'cmake_args' from command line to 'None'
[0.218s] Level 5:colcon.colcon_core.verb:set package 'rmitbot_description' build argument 'cmake_target' from command line to 'None'
[0.218s] Level 5:colcon.colcon_core.verb:set package 'rmitbot_description' build argument 'cmake_target_skip_unavailable' from command line to 'False'
[0.218s] Level 5:colcon.colcon_core.verb:set package 'rmitbot_description' build argument 'cmake_clean_cache' from command line to 'False'
[0.218s] Level 5:colcon.colcon_core.verb:set package 'rmitbot_description' build argument 'cmake_clean_first' from command line to 'False'
[0.218s] Level 5:colcon.colcon_core.verb:set package 'rmitbot_description' build argument 'cmake_force_configure' from command line to 'False'
[0.218s] Level 5:colcon.colcon_core.verb:set package 'rmitbot_description' build argument 'ament_cmake_args' from command line to 'None'
[0.218s] Level 5:colcon.colcon_core.verb:set package 'rmitbot_description' build argument 'catkin_cmake_args' from command line to 'None'
[0.218s] Level 5:colcon.colcon_core.verb:set package 'rmitbot_description' build argument 'catkin_skip_building_tests' from command line to 'False'
[0.218s] DEBUG:colcon.colcon_core.verb:Building package 'rmitbot_description' with the following arguments: {'ament_cmake_args': None, 'build_base': '/home/v120506/rmitbot_v3/lesson7_ws/build/rmitbot_description', 'catkin_cmake_args': None, 'catkin_skip_building_tests': False, 'cmake_args': None, 'cmake_clean_cache': False, 'cmake_clean_first': False, 'cmake_force_configure': False, 'cmake_target': None, 'cmake_target_skip_unavailable': False, 'install_base': '/home/v120506/rmitbot_v3/lesson7_ws/install/rmitbot_description', 'merge_install': False, 'path': '/home/v120506/rmitbot_v3/lesson7_ws/src/rmitbot_description', 'symlink_install': False, 'test_result_base': None}
[0.218s] Level 5:colcon.colcon_core.verb:set package 'rmitbot_firmware' build argument 'cmake_args' from command line to 'None'
[0.218s] Level 5:colcon.colcon_core.verb:set package 'rmitbot_firmware' build argument 'cmake_target' from command line to 'None'
[0.218s] Level 5:colcon.colcon_core.verb:set package 'rmitbot_firmware' build argument 'cmake_target_skip_unavailable' from command line to 'False'
[0.218s] Level 5:colcon.colcon_core.verb:set package 'rmitbot_firmware' build argument 'cmake_clean_cache' from command line to 'False'
[0.218s] Level 5:colcon.colcon_core.verb:set package 'rmitbot_firmware' build argument 'cmake_clean_first' from command line to 'False'
[0.218s] Level 5:colcon.colcon_core.verb:set package 'rmitbot_firmware' build argument 'cmake_force_configure' from command line to 'False'
[0.218s] Level 5:colcon.colcon_core.verb:set package 'rmitbot_firmware' build argument 'ament_cmake_args' from command line to 'None'
[0.218s] Level 5:colcon.colcon_core.verb:set package 'rmitbot_firmware' build argument 'catkin_cmake_args' from command line to 'None'
[0.218s] Level 5:colcon.colcon_core.verb:set package 'rmitbot_firmware' build argument 'catkin_skip_building_tests' from command line to 'False'
[0.218s] DEBUG:colcon.colcon_core.verb:Building package 'rmitbot_firmware' with the following arguments: {'ament_cmake_args': None, 'build_base': '/home/v120506/rmitbot_v3/lesson7_ws/build/rmitbot_firmware', 'catkin_cmake_args': None, 'catkin_skip_building_tests': False, 'cmake_args': None, 'cmake_clean_cache': False, 'cmake_clean_first': False, 'cmake_force_configure': False, 'cmake_target': None, 'cmake_target_skip_unavailable': False, 'install_base': '/home/v120506/rmitbot_v3/lesson7_ws/install/rmitbot_firmware', 'merge_install': False, 'path': '/home/v120506/rmitbot_v3/lesson7_ws/src/rmitbot_firmware', 'symlink_install': False, 'test_result_base': None}
[0.218s] INFO:colcon.colcon_core.executor:Executing jobs using 'parallel' executor
[0.219s] DEBUG:colcon.colcon_parallel_executor.executor.parallel:run_until_complete
[0.219s] INFO:colcon.colcon_ros.task.ament_cmake.build:Building ROS package in '/home/v120506/rmitbot_v3/lesson7_ws/src/rmitbot_bringup' with build type 'ament_cmake'
[0.220s] INFO:colcon.colcon_cmake.task.cmake.build:Building CMake package in '/home/v120506/rmitbot_v3/lesson7_ws/src/rmitbot_bringup'
[0.221s] INFO:colcon.colcon_core.plugin_system:Skipping extension 'colcon_core.shell.bat': Not used on non-Windows systems
[0.221s] INFO:colcon.colcon_core.shell:Skip shell extension 'powershell' for command environment: Not usable outside of PowerShell
[0.221s] DEBUG:colcon.colcon_core.shell:Skip shell extension 'dsv' for command environment
[0.224s] INFO:colcon.colcon_ros.task.ament_cmake.build:Building ROS package in '/home/v120506/rmitbot_v3/lesson7_ws/src/rmitbot_controller' with build type 'ament_cmake'
[0.224s] INFO:colcon.colcon_cmake.task.cmake.build:Building CMake package in '/home/v120506/rmitbot_v3/lesson7_ws/src/rmitbot_controller'
[0.224s] INFO:colcon.colcon_core.shell:Skip shell extension 'powershell' for command environment: Not usable outside of PowerShell
[0.224s] DEBUG:colcon.colcon_core.shell:Skip shell extension 'dsv' for command environment
[0.227s] INFO:colcon.colcon_ros.task.ament_cmake.build:Building ROS package in '/home/v120506/rmitbot_v3/lesson7_ws/src/rmitbot_description' with build type 'ament_cmake'
[0.228s] INFO:colcon.colcon_cmake.task.cmake.build:Building CMake package in '/home/v120506/rmitbot_v3/lesson7_ws/src/rmitbot_description'
[0.228s] INFO:colcon.colcon_core.shell:Skip shell extension 'powershell' for command environment: Not usable outside of PowerShell
[0.228s] DEBUG:colcon.colcon_core.shell:Skip shell extension 'dsv' for command environment
[0.234s] INFO:colcon.colcon_ros.task.ament_cmake.build:Building ROS package in '/home/v120506/rmitbot_v3/lesson7_ws/src/rmitbot_firmware' with build type 'ament_cmake'
[0.234s] INFO:colcon.colcon_cmake.task.cmake.build:Building CMake package in '/home/v120506/rmitbot_v3/lesson7_ws/src/rmitbot_firmware'
[0.234s] INFO:colcon.colcon_core.shell:Skip shell extension 'powershell' for command environment: Not usable outside of PowerShell
[0.234s] DEBUG:colcon.colcon_core.shell:Skip shell extension 'dsv' for command environment
[0.247s] DEBUG:colcon.colcon_core.event_handler.log_command:Invoking command in '/home/v120506/rmitbot_v3/lesson7_ws/build/rmitbot_bringup': CMAKE_PREFIX_PATH=${CMAKE_PREFIX_PATH}:/opt/ros/jazzy DEBUGINFOD_URLS=https://debuginfod.ubuntu.com /usr/bin/cmake /home/v120506/rmitbot_v3/lesson7_ws/src/rmitbot_bringup -DCMAKE_INSTALL_PREFIX=/home/v120506/rmitbot_v3/lesson7_ws/install/rmitbot_bringup
[0.250s] DEBUG:colcon.colcon_core.event_handler.log_command:Invoking command in '/home/v120506/rmitbot_v3/lesson7_ws/build/rmitbot_controller': CMAKE_PREFIX_PATH=${CMAKE_PREFIX_PATH}:/opt/ros/jazzy DEBUGINFOD_URLS=https://debuginfod.ubuntu.com /usr/bin/cmake /home/v120506/rmitbot_v3/lesson7_ws/src/rmitbot_controller -DCMAKE_INSTALL_PREFIX=/home/v120506/rmitbot_v3/lesson7_ws/install/rmitbot_controller
[0.256s] DEBUG:colcon.colcon_core.event_handler.log_command:Invoking command in '/home/v120506/rmitbot_v3/lesson7_ws/build/rmitbot_description': CMAKE_PREFIX_PATH=${CMAKE_PREFIX_PATH}:/opt/ros/jazzy DEBUGINFOD_URLS=https://debuginfod.ubuntu.com /usr/bin/cmake /home/v120506/rmitbot_v3/lesson7_ws/src/rmitbot_description -DCMAKE_INSTALL_PREFIX=/home/v120506/rmitbot_v3/lesson7_ws/install/rmitbot_description
[0.267s] DEBUG:colcon.colcon_core.event_handler.log_command:Invoking command in '/home/v120506/rmitbot_v3/lesson7_ws/build/rmitbot_firmware': CMAKE_PREFIX_PATH=${CMAKE_PREFIX_PATH}:/opt/ros/jazzy DEBUGINFOD_URLS=https://debuginfod.ubuntu.com /usr/bin/cmake /home/v120506/rmitbot_v3/lesson7_ws/src/rmitbot_firmware -DCMAKE_INSTALL_PREFIX=/home/v120506/rmitbot_v3/lesson7_ws/install/rmitbot_firmware
[1.567s] DEBUG:colcon.colcon_core.event_handler.log_command:Invoked command in '/home/v120506/rmitbot_v3/lesson7_ws/build/rmitbot_controller' returned '0': CMAKE_PREFIX_PATH=${CMAKE_PREFIX_PATH}:/opt/ros/jazzy DEBUGINFOD_URLS=https://debuginfod.ubuntu.com /usr/bin/cmake /home/v120506/rmitbot_v3/lesson7_ws/src/rmitbot_controller -DCMAKE_INSTALL_PREFIX=/home/v120506/rmitbot_v3/lesson7_ws/install/rmitbot_controller
[1.569s] DEBUG:colcon.colcon_core.event_handler.log_command:Invoking command in '/home/v120506/rmitbot_v3/lesson7_ws/build/rmitbot_controller': CMAKE_PREFIX_PATH=${CMAKE_PREFIX_PATH}:/opt/ros/jazzy DEBUGINFOD_URLS=https://debuginfod.ubuntu.com /usr/bin/cmake --build /home/v120506/rmitbot_v3/lesson7_ws/build/rmitbot_controller -- -j8 -l8
[1.607s] DEBUG:colcon.colcon_core.event_handler.log_command:Invoked command in '/home/v120506/rmitbot_v3/lesson7_ws/build/rmitbot_bringup' returned '0': CMAKE_PREFIX_PATH=${CMAKE_PREFIX_PATH}:/opt/ros/jazzy DEBUGINFOD_URLS=https://debuginfod.ubuntu.com /usr/bin/cmake /home/v120506/rmitbot_v3/lesson7_ws/src/rmitbot_bringup -DCMAKE_INSTALL_PREFIX=/home/v120506/rmitbot_v3/lesson7_ws/install/rmitbot_bringup
[1.610s] DEBUG:colcon.colcon_core.event_handler.log_command:Invoking command in '/home/v120506/rmitbot_v3/lesson7_ws/build/rmitbot_bringup': CMAKE_PREFIX_PATH=${CMAKE_PREFIX_PATH}:/opt/ros/jazzy DEBUGINFOD_URLS=https://debuginfod.ubuntu.com /usr/bin/cmake --build /home/v120506/rmitbot_v3/lesson7_ws/build/rmitbot_bringup -- -j8 -l8
[1.631s] DEBUG:colcon.colcon_core.event_handler.log_command:Invoked command in '/home/v120506/rmitbot_v3/lesson7_ws/build/rmitbot_description' returned '0': CMAKE_PREFIX_PATH=${CMAKE_PREFIX_PATH}:/opt/ros/jazzy DEBUGINFOD_URLS=https://debuginfod.ubuntu.com /usr/bin/cmake /home/v120506/rmitbot_v3/lesson7_ws/src/rmitbot_description -DCMAKE_INSTALL_PREFIX=/home/v120506/rmitbot_v3/lesson7_ws/install/rmitbot_description
[1.636s] DEBUG:colcon.colcon_core.event_handler.log_command:Invoking command in '/home/v120506/rmitbot_v3/lesson7_ws/build/rmitbot_description': CMAKE_PREFIX_PATH=${CMAKE_PREFIX_PATH}:/opt/ros/jazzy DEBUGINFOD_URLS=https://debuginfod.ubuntu.com /usr/bin/cmake --build /home/v120506/rmitbot_v3/lesson7_ws/build/rmitbot_description -- -j8 -l8
[1.646s] DEBUG:colcon.colcon_core.event_handler.log_command:Invoked command in '/home/v120506/rmitbot_v3/lesson7_ws/build/rmitbot_controller' returned '0': CMAKE_PREFIX_PATH=${CMAKE_PREFIX_PATH}:/opt/ros/jazzy DEBUGINFOD_URLS=https://debuginfod.ubuntu.com /usr/bin/cmake --build /home/v120506/rmitbot_v3/lesson7_ws/build/rmitbot_controller -- -j8 -l8
[1.665s] DEBUG:colcon.colcon_core.event_handler.log_command:Invoking command in '/home/v120506/rmitbot_v3/lesson7_ws/build/rmitbot_controller': CMAKE_PREFIX_PATH=${CMAKE_PREFIX_PATH}:/opt/ros/jazzy DEBUGINFOD_URLS=https://debuginfod.ubuntu.com /usr/bin/cmake --install /home/v120506/rmitbot_v3/lesson7_ws/build/rmitbot_controller
[1.682s] DEBUG:colcon.colcon_core.event_handler.log_command:Invoked command in '/home/v120506/rmitbot_v3/lesson7_ws/build/rmitbot_bringup' returned '0': CMAKE_PREFIX_PATH=${CMAKE_PREFIX_PATH}:/opt/ros/jazzy DEBUGINFOD_URLS=https://debuginfod.ubuntu.com /usr/bin/cmake --build /home/v120506/rmitbot_v3/lesson7_ws/build/rmitbot_bringup -- -j8 -l8
[1.685s] DEBUG:colcon.colcon_core.event_handler.log_command:Invoking command in '/home/v120506/rmitbot_v3/lesson7_ws/build/rmitbot_bringup': CMAKE_PREFIX_PATH=${CMAKE_PREFIX_PATH}:/opt/ros/jazzy DEBUGINFOD_URLS=https://debuginfod.ubuntu.com /usr/bin/cmake --install /home/v120506/rmitbot_v3/lesson7_ws/build/rmitbot_bringup
[1.695s] Level 1:colcon.colcon_core.environment:create_environment_scripts_only(rmitbot_controller)
[1.698s] Level 1:colcon.colcon_core.environment:checking '/home/v120506/rmitbot_v3/lesson7_ws/install/rmitbot_controller' for CMake module files
[1.700s] DEBUG:colcon.colcon_core.event_handler.log_command:Invoked command in '/home/v120506/rmitbot_v3/lesson7_ws/build/rmitbot_controller' returned '0': CMAKE_PREFIX_PATH=${CMAKE_PREFIX_PATH}:/opt/ros/jazzy DEBUGINFOD_URLS=https://debuginfod.ubuntu.com /usr/bin/cmake --install /home/v120506/rmitbot_v3/lesson7_ws/build/rmitbot_controller
[1.700s] Level 1:colcon.colcon_core.environment:checking '/home/v120506/rmitbot_v3/lesson7_ws/install/rmitbot_controller' for CMake config files
[1.701s] Level 1:colcon.colcon_core.shell:create_environment_hook('rmitbot_controller', 'cmake_prefix_path')
[1.701s] INFO:colcon.colcon_core.shell:Creating environment hook '/home/v120506/rmitbot_v3/lesson7_ws/install/rmitbot_controller/share/rmitbot_controller/hook/cmake_prefix_path.ps1'
[1.702s] INFO:colcon.colcon_core.shell:Creating environment descriptor '/home/v120506/rmitbot_v3/lesson7_ws/install/rmitbot_controller/share/rmitbot_controller/hook/cmake_prefix_path.dsv'
[1.703s] INFO:colcon.colcon_core.shell:Creating environment hook '/home/v120506/rmitbot_v3/lesson7_ws/install/rmitbot_controller/share/rmitbot_controller/hook/cmake_prefix_path.sh'
[1.704s] Level 1:colcon.colcon_core.environment:checking '/home/v120506/rmitbot_v3/lesson7_ws/install/rmitbot_controller/bin'
[1.704s] Level 1:colcon.colcon_core.environment:checking '/home/v120506/rmitbot_v3/lesson7_ws/install/rmitbot_controller/lib/pkgconfig/rmitbot_controller.pc'
[1.704s] Level 1:colcon.colcon_core.environment:checking '/home/v120506/rmitbot_v3/lesson7_ws/install/rmitbot_controller/lib/python3.12/site-packages'
[1.706s] Level 1:colcon.colcon_core.environment:checking '/home/v120506/rmitbot_v3/lesson7_ws/install/rmitbot_controller/bin'
[1.706s] INFO:colcon.colcon_core.shell:Creating package script '/home/v120506/rmitbot_v3/lesson7_ws/install/rmitbot_controller/share/rmitbot_controller/package.ps1'
[1.707s] INFO:colcon.colcon_core.shell:Creating package descriptor '/home/v120506/rmitbot_v3/lesson7_ws/install/rmitbot_controller/share/rmitbot_controller/package.dsv'
[1.708s] INFO:colcon.colcon_core.shell:Creating package script '/home/v120506/rmitbot_v3/lesson7_ws/install/rmitbot_controller/share/rmitbot_controller/package.sh'
[1.709s] INFO:colcon.colcon_core.shell:Creating package script '/home/v120506/rmitbot_v3/lesson7_ws/install/rmitbot_controller/share/rmitbot_controller/package.bash'
[1.710s] INFO:colcon.colcon_core.shell:Creating package script '/home/v120506/rmitbot_v3/lesson7_ws/install/rmitbot_controller/share/rmitbot_controller/package.zsh'
[1.712s] Level 1:colcon.colcon_core.environment:create_file_with_runtime_dependencies(/home/v120506/rmitbot_v3/lesson7_ws/install/rmitbot_controller/share/colcon-core/packages/rmitbot_controller)
[1.713s] Level 1:colcon.colcon_core.environment:create_environment_scripts_only(rmitbot_controller)
[1.713s] Level 1:colcon.colcon_core.environment:checking '/home/v120506/rmitbot_v3/lesson7_ws/install/rmitbot_controller' for CMake module files
[1.714s] Level 1:colcon.colcon_core.environment:checking '/home/v120506/rmitbot_v3/lesson7_ws/install/rmitbot_controller' for CMake config files
[1.714s] Level 1:colcon.colcon_core.shell:create_environment_hook('rmitbot_controller', 'cmake_prefix_path')
[1.714s] INFO:colcon.colcon_core.shell:Creating environment hook '/home/v120506/rmitbot_v3/lesson7_ws/install/rmitbot_controller/share/rmitbot_controller/hook/cmake_prefix_path.ps1'
[1.715s] INFO:colcon.colcon_core.shell:Creating environment descriptor '/home/v120506/rmitbot_v3/lesson7_ws/install/rmitbot_controller/share/rmitbot_controller/hook/cmake_prefix_path.dsv'
[1.715s] INFO:colcon.colcon_core.shell:Creating environment hook '/home/v120506/rmitbot_v3/lesson7_ws/install/rmitbot_controller/share/rmitbot_controller/hook/cmake_prefix_path.sh'
[1.716s] Level 1:colcon.colcon_core.environment:checking '/home/v120506/rmitbot_v3/lesson7_ws/install/rmitbot_controller/bin'
[1.716s] Level 1:colcon.colcon_core.environment:checking '/home/v120506/rmitbot_v3/lesson7_ws/install/rmitbot_controller/lib/pkgconfig/rmitbot_controller.pc'
[1.716s] Level 1:colcon.colcon_core.environment:checking '/home/v120506/rmitbot_v3/lesson7_ws/install/rmitbot_controller/lib/python3.12/site-packages'
[1.717s] Level 1:colcon.colcon_core.environment:checking '/home/v120506/rmitbot_v3/lesson7_ws/install/rmitbot_controller/bin'
[1.717s] INFO:colcon.colcon_core.shell:Creating package script '/home/v120506/rmitbot_v3/lesson7_ws/install/rmitbot_controller/share/rmitbot_controller/package.ps1'
[1.718s] INFO:colcon.colcon_core.shell:Creating package descriptor '/home/v120506/rmitbot_v3/lesson7_ws/install/rmitbot_controller/share/rmitbot_controller/package.dsv'
[1.719s] INFO:colcon.colcon_core.shell:Creating package script '/home/v120506/rmitbot_v3/lesson7_ws/install/rmitbot_controller/share/rmitbot_controller/package.sh'
[1.720s] INFO:colcon.colcon_core.shell:Creating package script '/home/v120506/rmitbot_v3/lesson7_ws/install/rmitbot_controller/share/rmitbot_controller/package.bash'
[1.720s] INFO:colcon.colcon_core.shell:Creating package script '/home/v120506/rmitbot_v3/lesson7_ws/install/rmitbot_controller/share/rmitbot_controller/package.zsh'
[1.720s] Level 1:colcon.colcon_core.environment:create_file_with_runtime_dependencies(/home/v120506/rmitbot_v3/lesson7_ws/install/rmitbot_controller/share/colcon-core/packages/rmitbot_controller)
[1.721s] Level 1:colcon.colcon_core.environment:create_environment_scripts_only(rmitbot_bringup)
[1.722s] Level 1:colcon.colcon_core.environment:checking '/home/v120506/rmitbot_v3/lesson7_ws/install/rmitbot_bringup' for CMake module files
[1.722s] DEBUG:colcon.colcon_core.event_handler.log_command:Invoked command in '/home/v120506/rmitbot_v3/lesson7_ws/build/rmitbot_bringup' returned '0': CMAKE_PREFIX_PATH=${CMAKE_PREFIX_PATH}:/opt/ros/jazzy DEBUGINFOD_URLS=https://debuginfod.ubuntu.com /usr/bin/cmake --install /home/v120506/rmitbot_v3/lesson7_ws/build/rmitbot_bringup
[1.722s] Level 1:colcon.colcon_core.environment:checking '/home/v120506/rmitbot_v3/lesson7_ws/install/rmitbot_bringup' for CMake config files
[1.722s] Level 1:colcon.colcon_core.shell:create_environment_hook('rmitbot_bringup', 'cmake_prefix_path')
[1.723s] INFO:colcon.colcon_core.shell:Creating environment hook '/home/v120506/rmitbot_v3/lesson7_ws/install/rmitbot_bringup/share/rmitbot_bringup/hook/cmake_prefix_path.ps1'
[1.723s] INFO:colcon.colcon_core.shell:Creating environment descriptor '/home/v120506/rmitbot_v3/lesson7_ws/install/rmitbot_bringup/share/rmitbot_bringup/hook/cmake_prefix_path.dsv'
[1.723s] INFO:colcon.colcon_core.shell:Creating environment hook '/home/v120506/rmitbot_v3/lesson7_ws/install/rmitbot_bringup/share/rmitbot_bringup/hook/cmake_prefix_path.sh'
[1.724s] Level 1:colcon.colcon_core.environment:checking '/home/v120506/rmitbot_v3/lesson7_ws/install/rmitbot_bringup/bin'
[1.724s] Level 1:colcon.colcon_core.environment:checking '/home/v120506/rmitbot_v3/lesson7_ws/install/rmitbot_bringup/lib/pkgconfig/rmitbot_bringup.pc'
[1.724s] Level 1:colcon.colcon_core.environment:checking '/home/v120506/rmitbot_v3/lesson7_ws/install/rmitbot_bringup/lib/python3.12/site-packages'
[1.724s] Level 1:colcon.colcon_core.environment:checking '/home/v120506/rmitbot_v3/lesson7_ws/install/rmitbot_bringup/bin'
[1.724s] INFO:colcon.colcon_core.shell:Creating package script '/home/v120506/rmitbot_v3/lesson7_ws/install/rmitbot_bringup/share/rmitbot_bringup/package.ps1'
[1.725s] INFO:colcon.colcon_core.shell:Creating package descriptor '/home/v120506/rmitbot_v3/lesson7_ws/install/rmitbot_bringup/share/rmitbot_bringup/package.dsv'
[1.726s] INFO:colcon.colcon_core.shell:Creating package script '/home/v120506/rmitbot_v3/lesson7_ws/install/rmitbot_bringup/share/rmitbot_bringup/package.sh'
[1.726s] INFO:colcon.colcon_core.shell:Creating package script '/home/v120506/rmitbot_v3/lesson7_ws/install/rmitbot_bringup/share/rmitbot_bringup/package.bash'
[1.726s] INFO:colcon.colcon_core.shell:Creating package script '/home/v120506/rmitbot_v3/lesson7_ws/install/rmitbot_bringup/share/rmitbot_bringup/package.zsh'
[1.726s] Level 1:colcon.colcon_core.environment:create_file_with_runtime_dependencies(/home/v120506/rmitbot_v3/lesson7_ws/install/rmitbot_bringup/share/colcon-core/packages/rmitbot_bringup)
[1.727s] Level 1:colcon.colcon_core.environment:create_environment_scripts_only(rmitbot_bringup)
[1.727s] Level 1:colcon.colcon_core.environment:checking '/home/v120506/rmitbot_v3/lesson7_ws/install/rmitbot_bringup' for CMake module files
[1.728s] Level 1:colcon.colcon_core.environment:checking '/home/v120506/rmitbot_v3/lesson7_ws/install/rmitbot_bringup' for CMake config files
[1.728s] Level 1:colcon.colcon_core.shell:create_environment_hook('rmitbot_bringup', 'cmake_prefix_path')
[1.728s] INFO:colcon.colcon_core.shell:Creating environment hook '/home/v120506/rmitbot_v3/lesson7_ws/install/rmitbot_bringup/share/rmitbot_bringup/hook/cmake_prefix_path.ps1'
[1.728s] INFO:colcon.colcon_core.shell:Creating environment descriptor '/home/v120506/rmitbot_v3/lesson7_ws/install/rmitbot_bringup/share/rmitbot_bringup/hook/cmake_prefix_path.dsv'
[1.728s] INFO:colcon.colcon_core.shell:Creating environment hook '/home/v120506/rmitbot_v3/lesson7_ws/install/rmitbot_bringup/share/rmitbot_bringup/hook/cmake_prefix_path.sh'
[1.729s] Level 1:colcon.colcon_core.environment:checking '/home/v120506/rmitbot_v3/lesson7_ws/install/rmitbot_bringup/bin'
[1.729s] Level 1:colcon.colcon_core.environment:checking '/home/v120506/rmitbot_v3/lesson7_ws/install/rmitbot_bringup/lib/pkgconfig/rmitbot_bringup.pc'
[1.729s] Level 1:colcon.colcon_core.environment:checking '/home/v120506/rmitbot_v3/lesson7_ws/install/rmitbot_bringup/lib/python3.12/site-packages'
[1.729s] Level 1:colcon.colcon_core.environment:checking '/home/v120506/rmitbot_v3/lesson7_ws/install/rmitbot_bringup/bin'
[1.730s] INFO:colcon.colcon_core.shell:Creating package script '/home/v120506/rmitbot_v3/lesson7_ws/install/rmitbot_bringup/share/rmitbot_bringup/package.ps1'
[1.730s] INFO:colcon.colcon_core.shell:Creating package descriptor '/home/v120506/rmitbot_v3/lesson7_ws/install/rmitbot_bringup/share/rmitbot_bringup/package.dsv'
[1.730s] INFO:colcon.colcon_core.shell:Creating package script '/home/v120506/rmitbot_v3/lesson7_ws/install/rmitbot_bringup/share/rmitbot_bringup/package.sh'
[1.730s] INFO:colcon.colcon_core.shell:Creating package script '/home/v120506/rmitbot_v3/lesson7_ws/install/rmitbot_bringup/share/rmitbot_bringup/package.bash'
[1.731s] INFO:colcon.colcon_core.shell:Creating package script '/home/v120506/rmitbot_v3/lesson7_ws/install/rmitbot_bringup/share/rmitbot_bringup/package.zsh'
[1.731s] Level 1:colcon.colcon_core.environment:create_file_with_runtime_dependencies(/home/v120506/rmitbot_v3/lesson7_ws/install/rmitbot_bringup/share/colcon-core/packages/rmitbot_bringup)
[1.732s] DEBUG:colcon.colcon_core.event_handler.log_command:Invoked command in '/home/v120506/rmitbot_v3/lesson7_ws/build/rmitbot_description' returned '0': CMAKE_PREFIX_PATH=${CMAKE_PREFIX_PATH}:/opt/ros/jazzy DEBUGINFOD_URLS=https://debuginfod.ubuntu.com /usr/bin/cmake --build /home/v120506/rmitbot_v3/lesson7_ws/build/rmitbot_description -- -j8 -l8
[1.733s] DEBUG:colcon.colcon_core.event_handler.log_command:Invoking command in '/home/v120506/rmitbot_v3/lesson7_ws/build/rmitbot_description': CMAKE_PREFIX_PATH=${CMAKE_PREFIX_PATH}:/opt/ros/jazzy DEBUGINFOD_URLS=https://debuginfod.ubuntu.com /usr/bin/cmake --install /home/v120506/rmitbot_v3/lesson7_ws/build/rmitbot_description
[1.761s] Level 1:colcon.colcon_core.environment:create_environment_scripts_only(rmitbot_description)
[1.761s] DEBUG:colcon.colcon_core.event_handler.log_command:Invoked command in '/home/v120506/rmitbot_v3/lesson7_ws/build/rmitbot_description' returned '0': CMAKE_PREFIX_PATH=${CMAKE_PREFIX_PATH}:/opt/ros/jazzy DEBUGINFOD_URLS=https://debuginfod.ubuntu.com /usr/bin/cmake --install /home/v120506/rmitbot_v3/lesson7_ws/build/rmitbot_description
[1.762s] Level 1:colcon.colcon_core.environment:checking '/home/v120506/rmitbot_v3/lesson7_ws/install/rmitbot_description' for CMake module files
[1.763s] Level 1:colcon.colcon_core.environment:checking '/home/v120506/rmitbot_v3/lesson7_ws/install/rmitbot_description' for CMake config files
[1.763s] Level 1:colcon.colcon_core.shell:create_environment_hook('rmitbot_description', 'cmake_prefix_path')
[1.764s] INFO:colcon.colcon_core.shell:Creating environment hook '/home/v120506/rmitbot_v3/lesson7_ws/install/rmitbot_description/share/rmitbot_description/hook/cmake_prefix_path.ps1'
[1.764s] INFO:colcon.colcon_core.shell:Creating environment descriptor '/home/v120506/rmitbot_v3/lesson7_ws/install/rmitbot_description/share/rmitbot_description/hook/cmake_prefix_path.dsv'
[1.765s] INFO:colcon.colcon_core.shell:Creating environment hook '/home/v120506/rmitbot_v3/lesson7_ws/install/rmitbot_description/share/rmitbot_description/hook/cmake_prefix_path.sh'
[1.772s] Level 1:colcon.colcon_core.environment:checking '/home/v120506/rmitbot_v3/lesson7_ws/install/rmitbot_description/bin'
[1.772s] Level 1:colcon.colcon_core.environment:checking '/home/v120506/rmitbot_v3/lesson7_ws/install/rmitbot_description/lib/pkgconfig/rmitbot_description.pc'
[1.772s] Level 1:colcon.colcon_core.environment:checking '/home/v120506/rmitbot_v3/lesson7_ws/install/rmitbot_description/lib/python3.12/site-packages'
[1.773s] Level 1:colcon.colcon_core.environment:checking '/home/v120506/rmitbot_v3/lesson7_ws/install/rmitbot_description/bin'
[1.773s] INFO:colcon.colcon_core.shell:Creating package script '/home/v120506/rmitbot_v3/lesson7_ws/install/rmitbot_description/share/rmitbot_description/package.ps1'
[1.774s] INFO:colcon.colcon_core.shell:Creating package descriptor '/home/v120506/rmitbot_v3/lesson7_ws/install/rmitbot_description/share/rmitbot_description/package.dsv'
[1.774s] INFO:colcon.colcon_core.shell:Creating package script '/home/v120506/rmitbot_v3/lesson7_ws/install/rmitbot_description/share/rmitbot_description/package.sh'
[1.775s] INFO:colcon.colcon_core.shell:Creating package script '/home/v120506/rmitbot_v3/lesson7_ws/install/rmitbot_description/share/rmitbot_description/package.bash'
[1.775s] INFO:colcon.colcon_core.shell:Creating package script '/home/v120506/rmitbot_v3/lesson7_ws/install/rmitbot_description/share/rmitbot_description/package.zsh'
[1.775s] Level 1:colcon.colcon_core.environment:create_file_with_runtime_dependencies(/home/v120506/rmitbot_v3/lesson7_ws/install/rmitbot_description/share/colcon-core/packages/rmitbot_description)
[1.779s] Level 1:colcon.colcon_core.environment:create_environment_scripts_only(rmitbot_description)
[1.779s] Level 1:colcon.colcon_core.environment:checking '/home/v120506/rmitbot_v3/lesson7_ws/install/rmitbot_description' for CMake module files
[1.780s] Level 1:colcon.colcon_core.environment:checking '/home/v120506/rmitbot_v3/lesson7_ws/install/rmitbot_description' for CMake config files
[1.780s] Level 1:colcon.colcon_core.shell:create_environment_hook('rmitbot_description', 'cmake_prefix_path')
[1.781s] INFO:colcon.colcon_core.shell:Creating environment hook '/home/v120506/rmitbot_v3/lesson7_ws/install/rmitbot_description/share/rmitbot_description/hook/cmake_prefix_path.ps1'
[1.783s] INFO:colcon.colcon_core.shell:Creating environment descriptor '/home/v120506/rmitbot_v3/lesson7_ws/install/rmitbot_description/share/rmitbot_description/hook/cmake_prefix_path.dsv'
[1.784s] INFO:colcon.colcon_core.shell:Creating environment hook '/home/v120506/rmitbot_v3/lesson7_ws/install/rmitbot_description/share/rmitbot_description/hook/cmake_prefix_path.sh'
[1.784s] Level 1:colcon.colcon_core.environment:checking '/home/v120506/rmitbot_v3/lesson7_ws/install/rmitbot_description/bin'
[1.784s] Level 1:colcon.colcon_core.environment:checking '/home/v120506/rmitbot_v3/lesson7_ws/install/rmitbot_description/lib/pkgconfig/rmitbot_description.pc'
[1.785s] Level 1:colcon.colcon_core.environment:checking '/home/v120506/rmitbot_v3/lesson7_ws/install/rmitbot_description/lib/python3.12/site-packages'
[1.785s] Level 1:colcon.colcon_core.environment:checking '/home/v120506/rmitbot_v3/lesson7_ws/install/rmitbot_description/bin'
[1.785s] INFO:colcon.colcon_core.shell:Creating package script '/home/v120506/rmitbot_v3/lesson7_ws/install/rmitbot_description/share/rmitbot_description/package.ps1'
[1.786s] INFO:colcon.colcon_core.shell:Creating package descriptor '/home/v120506/rmitbot_v3/lesson7_ws/install/rmitbot_description/share/rmitbot_description/package.dsv'
[1.786s] INFO:colcon.colcon_core.shell:Creating package script '/home/v120506/rmitbot_v3/lesson7_ws/install/rmitbot_description/share/rmitbot_description/package.sh'
[1.787s] INFO:colcon.colcon_core.shell:Creating package script '/home/v120506/rmitbot_v3/lesson7_ws/install/rmitbot_description/share/rmitbot_description/package.bash'
[1.787s] INFO:colcon.colcon_core.shell:Creating package script '/home/v120506/rmitbot_v3/lesson7_ws/install/rmitbot_description/share/rmitbot_description/package.zsh'
[1.788s] Level 1:colcon.colcon_core.environment:create_file_with_runtime_dependencies(/home/v120506/rmitbot_v3/lesson7_ws/install/rmitbot_description/share/colcon-core/packages/rmitbot_description)
[2.999s] DEBUG:colcon.colcon_core.event_handler.log_command:Invoked command in '/home/v120506/rmitbot_v3/lesson7_ws/build/rmitbot_firmware' returned '0': CMAKE_PREFIX_PATH=${CMAKE_PREFIX_PATH}:/opt/ros/jazzy DEBUGINFOD_URLS=https://debuginfod.ubuntu.com /usr/bin/cmake /home/v120506/rmitbot_v3/lesson7_ws/src/rmitbot_firmware -DCMAKE_INSTALL_PREFIX=/home/v120506/rmitbot_v3/lesson7_ws/install/rmitbot_firmware
[2.999s] DEBUG:colcon.colcon_core.event_handler.log_command:Invoking command in '/home/v120506/rmitbot_v3/lesson7_ws/build/rmitbot_firmware': CMAKE_PREFIX_PATH=${CMAKE_PREFIX_PATH}:/opt/ros/jazzy DEBUGINFOD_URLS=https://debuginfod.ubuntu.com /usr/bin/cmake --build /home/v120506/rmitbot_v3/lesson7_ws/build/rmitbot_firmware -- -j8 -l8
[8.293s] DEBUG:colcon.colcon_core.event_handler.log_command:Invoked command in '/home/v120506/rmitbot_v3/lesson7_ws/build/rmitbot_firmware' returned '0': CMAKE_PREFIX_PATH=${CMAKE_PREFIX_PATH}:/opt/ros/jazzy DEBUGINFOD_URLS=https://debuginfod.ubuntu.com /usr/bin/cmake --build /home/v120506/rmitbot_v3/lesson7_ws/build/rmitbot_firmware -- -j8 -l8
[8.294s] DEBUG:colcon.colcon_core.event_handler.log_command:Invoking command in '/home/v120506/rmitbot_v3/lesson7_ws/build/rmitbot_firmware': CMAKE_PREFIX_PATH=${CMAKE_PREFIX_PATH}:/opt/ros/jazzy DEBUGINFOD_URLS=https://debuginfod.ubuntu.com /usr/bin/cmake --install /home/v120506/rmitbot_v3/lesson7_ws/build/rmitbot_firmware
[8.305s] Level 1:colcon.colcon_core.environment:create_environment_scripts_only(rmitbot_firmware)
[8.305s] Level 1:colcon.colcon_core.environment:checking '/home/v120506/rmitbot_v3/lesson7_ws/install/rmitbot_firmware' for CMake module files
[8.305s] DEBUG:colcon.colcon_core.event_handler.log_command:Invoked command in '/home/v120506/rmitbot_v3/lesson7_ws/build/rmitbot_firmware' returned '0': CMAKE_PREFIX_PATH=${CMAKE_PREFIX_PATH}:/opt/ros/jazzy DEBUGINFOD_URLS=https://debuginfod.ubuntu.com /usr/bin/cmake --install /home/v120506/rmitbot_v3/lesson7_ws/build/rmitbot_firmware
[8.306s] Level 1:colcon.colcon_core.environment:checking '/home/v120506/rmitbot_v3/lesson7_ws/install/rmitbot_firmware' for CMake config files
[8.306s] Level 1:colcon.colcon_core.shell:create_environment_hook('rmitbot_firmware', 'cmake_prefix_path')
[8.306s] INFO:colcon.colcon_core.shell:Creating environment hook '/home/v120506/rmitbot_v3/lesson7_ws/install/rmitbot_firmware/share/rmitbot_firmware/hook/cmake_prefix_path.ps1'
[8.306s] INFO:colcon.colcon_core.shell:Creating environment descriptor '/home/v120506/rmitbot_v3/lesson7_ws/install/rmitbot_firmware/share/rmitbot_firmware/hook/cmake_prefix_path.dsv'
[8.307s] INFO:colcon.colcon_core.shell:Creating environment hook '/home/v120506/rmitbot_v3/lesson7_ws/install/rmitbot_firmware/share/rmitbot_firmware/hook/cmake_prefix_path.sh'
[8.307s] Level 1:colcon.colcon_core.environment:checking '/home/v120506/rmitbot_v3/lesson7_ws/install/rmitbot_firmware/lib'
[8.307s] Level 1:colcon.colcon_core.shell:create_environment_hook('rmitbot_firmware', 'ld_library_path_lib')
[8.307s] INFO:colcon.colcon_core.shell:Creating environment hook '/home/v120506/rmitbot_v3/lesson7_ws/install/rmitbot_firmware/share/rmitbot_firmware/hook/ld_library_path_lib.ps1'
[8.308s] INFO:colcon.colcon_core.shell:Creating environment descriptor '/home/v120506/rmitbot_v3/lesson7_ws/install/rmitbot_firmware/share/rmitbot_firmware/hook/ld_library_path_lib.dsv'
[8.308s] INFO:colcon.colcon_core.shell:Creating environment hook '/home/v120506/rmitbot_v3/lesson7_ws/install/rmitbot_firmware/share/rmitbot_firmware/hook/ld_library_path_lib.sh'
[8.308s] Level 1:colcon.colcon_core.environment:checking '/home/v120506/rmitbot_v3/lesson7_ws/install/rmitbot_firmware/bin'
[8.308s] Level 1:colcon.colcon_core.environment:checking '/home/v120506/rmitbot_v3/lesson7_ws/install/rmitbot_firmware/lib/pkgconfig/rmitbot_firmware.pc'
[8.308s] Level 1:colcon.colcon_core.environment:checking '/home/v120506/rmitbot_v3/lesson7_ws/install/rmitbot_firmware/lib/python3.12/site-packages'
[8.308s] Level 1:colcon.colcon_core.environment:checking '/home/v120506/rmitbot_v3/lesson7_ws/install/rmitbot_firmware/bin'
[8.308s] INFO:colcon.colcon_core.shell:Creating package script '/home/v120506/rmitbot_v3/lesson7_ws/install/rmitbot_firmware/share/rmitbot_firmware/package.ps1'
[8.309s] INFO:colcon.colcon_core.shell:Creating package descriptor '/home/v120506/rmitbot_v3/lesson7_ws/install/rmitbot_firmware/share/rmitbot_firmware/package.dsv'
[8.309s] INFO:colcon.colcon_core.shell:Creating package script '/home/v120506/rmitbot_v3/lesson7_ws/install/rmitbot_firmware/share/rmitbot_firmware/package.sh'
[8.309s] INFO:colcon.colcon_core.shell:Creating package script '/home/v120506/rmitbot_v3/lesson7_ws/install/rmitbot_firmware/share/rmitbot_firmware/package.bash'
[8.310s] INFO:colcon.colcon_core.shell:Creating package script '/home/v120506/rmitbot_v3/lesson7_ws/install/rmitbot_firmware/share/rmitbot_firmware/package.zsh'
[8.310s] Level 1:colcon.colcon_core.environment:create_file_with_runtime_dependencies(/home/v120506/rmitbot_v3/lesson7_ws/install/rmitbot_firmware/share/colcon-core/packages/rmitbot_firmware)
[8.310s] Level 1:colcon.colcon_core.environment:create_environment_scripts_only(rmitbot_firmware)
[8.310s] Level 1:colcon.colcon_core.environment:checking '/home/v120506/rmitbot_v3/lesson7_ws/install/rmitbot_firmware' for CMake module files
[8.311s] Level 1:colcon.colcon_core.environment:checking '/home/v120506/rmitbot_v3/lesson7_ws/install/rmitbot_firmware' for CMake config files
[8.311s] Level 1:colcon.colcon_core.shell:create_environment_hook('rmitbot_firmware', 'cmake_prefix_path')
[8.311s] INFO:colcon.colcon_core.shell:Creating environment hook '/home/v120506/rmitbot_v3/lesson7_ws/install/rmitbot_firmware/share/rmitbot_firmware/hook/cmake_prefix_path.ps1'
[8.311s] INFO:colcon.colcon_core.shell:Creating environment descriptor '/home/v120506/rmitbot_v3/lesson7_ws/install/rmitbot_firmware/share/rmitbot_firmware/hook/cmake_prefix_path.dsv'
[8.311s] INFO:colcon.colcon_core.shell:Creating environment hook '/home/v120506/rmitbot_v3/lesson7_ws/install/rmitbot_firmware/share/rmitbot_firmware/hook/cmake_prefix_path.sh'
[8.312s] Level 1:colcon.colcon_core.environment:checking '/home/v120506/rmitbot_v3/lesson7_ws/install/rmitbot_firmware/lib'
[8.312s] Level 1:colcon.colcon_core.shell:create_environment_hook('rmitbot_firmware', 'ld_library_path_lib')
[8.312s] INFO:colcon.colcon_core.shell:Creating environment hook '/home/v120506/rmitbot_v3/lesson7_ws/install/rmitbot_firmware/share/rmitbot_firmware/hook/ld_library_path_lib.ps1'
[8.312s] INFO:colcon.colcon_core.shell:Creating environment descriptor '/home/v120506/rmitbot_v3/lesson7_ws/install/rmitbot_firmware/share/rmitbot_firmware/hook/ld_library_path_lib.dsv'
[8.312s] INFO:colcon.colcon_core.shell:Creating environment hook '/home/v120506/rmitbot_v3/lesson7_ws/install/rmitbot_firmware/share/rmitbot_firmware/hook/ld_library_path_lib.sh'
[8.312s] Level 1:colcon.colcon_core.environment:checking '/home/v120506/rmitbot_v3/lesson7_ws/install/rmitbot_firmware/bin'
[8.313s] Level 1:colcon.colcon_core.environment:checking '/home/v120506/rmitbot_v3/lesson7_ws/install/rmitbot_firmware/lib/pkgconfig/rmitbot_firmware.pc'
[8.313s] Level 1:colcon.colcon_core.environment:checking '/home/v120506/rmitbot_v3/lesson7_ws/install/rmitbot_firmware/lib/python3.12/site-packages'
[8.313s] Level 1:colcon.colcon_core.environment:checking '/home/v120506/rmitbot_v3/lesson7_ws/install/rmitbot_firmware/bin'
[8.313s] INFO:colcon.colcon_core.shell:Creating package script '/home/v120506/rmitbot_v3/lesson7_ws/install/rmitbot_firmware/share/rmitbot_firmware/package.ps1'
[8.313s] INFO:colcon.colcon_core.shell:Creating package descriptor '/home/v120506/rmitbot_v3/lesson7_ws/install/rmitbot_firmware/share/rmitbot_firmware/package.dsv'
[8.314s] INFO:colcon.colcon_core.shell:Creating package script '/home/v120506/rmitbot_v3/lesson7_ws/install/rmitbot_firmware/share/rmitbot_firmware/package.sh'
[8.314s] INFO:colcon.colcon_core.shell:Creating package script '/home/v120506/rmitbot_v3/lesson7_ws/install/rmitbot_firmware/share/rmitbot_firmware/package.bash'
[8.314s] INFO:colcon.colcon_core.shell:Creating package script '/home/v120506/rmitbot_v3/lesson7_ws/install/rmitbot_firmware/share/rmitbot_firmware/package.zsh'
[8.314s] Level 1:colcon.colcon_core.environment:create_file_with_runtime_dependencies(/home/v120506/rmitbot_v3/lesson7_ws/install/rmitbot_firmware/share/colcon-core/packages/rmitbot_firmware)
[8.315s] DEBUG:colcon.colcon_parallel_executor.executor.parallel:closing loop
[8.315s] DEBUG:colcon.colcon_parallel_executor.executor.parallel:loop closed
[8.315s] DEBUG:colcon.colcon_parallel_executor.executor.parallel:run_until_complete finished with '0'
[8.315s] DEBUG:colcon.colcon_core.event_reactor:joining thread
[8.334s] INFO:colcon.colcon_core.plugin_system:Skipping extension 'colcon_notification.desktop_notification.terminal_notifier': Not used on non-Darwin systems
[8.334s] INFO:colcon.colcon_core.plugin_system:Skipping extension 'colcon_notification.desktop_notification.win32': Not used on non-Windows systems
[8.334s] INFO:colcon.colcon_notification.desktop_notification:Sending desktop notification using 'notify2'
[8.346s] DEBUG:colcon.colcon_core.event_reactor:joined thread
[8.346s] INFO:colcon.colcon_core.shell:Creating prefix script '/home/v120506/rmitbot_v3/lesson7_ws/install/local_setup.ps1'
[8.348s] INFO:colcon.colcon_core.shell:Creating prefix util module '/home/v120506/rmitbot_v3/lesson7_ws/install/_local_setup_util_ps1.py'
[8.350s] INFO:colcon.colcon_core.shell:Creating prefix chain script '/home/v120506/rmitbot_v3/lesson7_ws/install/setup.ps1'
[8.352s] INFO:colcon.colcon_core.shell:Creating prefix script '/home/v120506/rmitbot_v3/lesson7_ws/install/local_setup.sh'
[8.352s] INFO:colcon.colcon_core.shell:Creating prefix util module '/home/v120506/rmitbot_v3/lesson7_ws/install/_local_setup_util_sh.py'
[8.353s] INFO:colcon.colcon_core.shell:Creating prefix chain script '/home/v120506/rmitbot_v3/lesson7_ws/install/setup.sh'
[8.355s] INFO:colcon.colcon_core.shell:Creating prefix script '/home/v120506/rmitbot_v3/lesson7_ws/install/local_setup.bash'
[8.355s] INFO:colcon.colcon_core.shell:Creating prefix chain script '/home/v120506/rmitbot_v3/lesson7_ws/install/setup.bash'
[8.357s] INFO:colcon.colcon_core.shell:Creating prefix script '/home/v120506/rmitbot_v3/lesson7_ws/install/local_setup.zsh'
[8.357s] INFO:colcon.colcon_core.shell:Creating prefix chain script '/home/v120506/rmitbot_v3/lesson7_ws/install/setup.zsh'
