[0.013s] Invoking command in '/home/v120506/rmitbot_v3/lesson2_ws/build/rmitbot_controller': CMAKE_PREFIX_PATH=${CMAKE_PREFIX_PATH}:/opt/ros/jazzy DEBUGINFOD_URLS=https://debuginfod.ubuntu.com /usr/bin/cmake /home/v120506/rmitbot_v3/lesson2_ws/src/rmitbot_controller -DCMAKE_INSTALL_PREFIX=/home/v120506/rmitbot_v3/lesson2_ws/install/rmitbot_controller
[0.063s] -- The C compiler identification is GNU 13.3.0
[0.115s] -- The CXX compiler identification is GNU 13.3.0
[0.129s] -- Detecting C compiler ABI info
[0.209s] -- Detecting C compiler ABI info - done
[0.222s] -- Check for working C compiler: /usr/bin/cc - skipped
[0.223s] -- Detecting C compile features
[0.223s] -- Detecting C compile features - done
[0.231s] -- Detecting CXX compiler ABI info
[0.321s] -- Detecting CXX compiler ABI info - done
[0.331s] -- Check for working CXX compiler: /usr/bin/c++ - skipped
[0.331s] -- Detecting CXX compile features
[0.332s] -- Detecting CXX compile features - done
[0.336s] -- Found ament_cmake: 2.5.4 (/opt/ros/jazzy/share/ament_cmake/cmake)
[0.505s] -- Found Python3: /usr/bin/python3 (found version "3.12.3") found components: Interpreter 
[0.737s] -- Configuring done (0.7s)
[0.741s] -- Generating done (0.0s)
[0.742s] -- Build files have been written to: /home/v120506/rmitbot_v3/lesson2_ws/build/rmitbot_controller
[0.747s] Invoked command in '/home/v120506/rmitbot_v3/lesson2_ws/build/rmitbot_controller' returned '0': CMAKE_PREFIX_PATH=${CMAKE_PREFIX_PATH}:/opt/ros/jazzy DEBUGINFOD_URLS=https://debuginfod.ubuntu.com /usr/bin/cmake /home/v120506/rmitbot_v3/lesson2_ws/src/rmitbot_controller -DCMAKE_INSTALL_PREFIX=/home/v120506/rmitbot_v3/lesson2_ws/install/rmitbot_controller
[0.749s] Invoking command in '/home/v120506/rmitbot_v3/lesson2_ws/build/rmitbot_controller': CMAKE_PREFIX_PATH=${CMAKE_PREFIX_PATH}:/opt/ros/jazzy DEBUGINFOD_URLS=https://debuginfod.ubuntu.com /usr/bin/cmake --build /home/v120506/rmitbot_v3/lesson2_ws/build/rmitbot_controller -- -j8 -l8
[0.787s] Invoked command in '/home/v120506/rmitbot_v3/lesson2_ws/build/rmitbot_controller' returned '0': CMAKE_PREFIX_PATH=${CMAKE_PREFIX_PATH}:/opt/ros/jazzy DEBUGINFOD_URLS=https://debuginfod.ubuntu.com /usr/bin/cmake --build /home/v120506/rmitbot_v3/lesson2_ws/build/rmitbot_controller -- -j8 -l8
[0.795s] Invoking command in '/home/v120506/rmitbot_v3/lesson2_ws/build/rmitbot_controller': CMAKE_PREFIX_PATH=${CMAKE_PREFIX_PATH}:/opt/ros/jazzy DEBUGINFOD_URLS=https://debuginfod.ubuntu.com /usr/bin/cmake --install /home/v120506/rmitbot_v3/lesson2_ws/build/rmitbot_controller
[0.803s] -- Install configuration: ""
[0.803s] -- Installing: /home/v120506/rmitbot_v3/lesson2_ws/install/rmitbot_controller/share/rmitbot_controller/launch
[0.803s] -- Installing: /home/v120506/rmitbot_v3/lesson2_ws/install/rmitbot_controller/share/rmitbot_controller/launch/controller.launch.py
[0.803s] -- Installing: /home/v120506/rmitbot_v3/lesson2_ws/install/rmitbot_controller/share/rmitbot_controller/launch/teleopkeyboard.launch.py
[0.804s] -- Installing: /home/v120506/rmitbot_v3/lesson2_ws/install/rmitbot_controller/share/rmitbot_controller/config
[0.804s] -- Installing: /home/v120506/rmitbot_v3/lesson2_ws/install/rmitbot_controller/share/rmitbot_controller/config/rmitbot_controller.yaml
[0.804s] -- Installing: /home/v120506/rmitbot_v3/lesson2_ws/install/rmitbot_controller/share/ament_index/resource_index/package_run_dependencies/rmitbot_controller
[0.804s] -- Installing: /home/v120506/rmitbot_v3/lesson2_ws/install/rmitbot_controller/share/ament_index/resource_index/parent_prefix_path/rmitbot_controller
[0.804s] -- Installing: /home/v120506/rmitbot_v3/lesson2_ws/install/rmitbot_controller/share/rmitbot_controller/environment/ament_prefix_path.sh
[0.804s] -- Installing: /home/v120506/rmitbot_v3/lesson2_ws/install/rmitbot_controller/share/rmitbot_controller/environment/ament_prefix_path.dsv
[0.805s] -- Installing: /home/v120506/rmitbot_v3/lesson2_ws/install/rmitbot_controller/share/rmitbot_controller/environment/path.sh
[0.805s] -- Installing: /home/v120506/rmitbot_v3/lesson2_ws/install/rmitbot_controller/share/rmitbot_controller/environment/path.dsv
[0.805s] -- Installing: /home/v120506/rmitbot_v3/lesson2_ws/install/rmitbot_controller/share/rmitbot_controller/local_setup.bash
[0.805s] -- Installing: /home/v120506/rmitbot_v3/lesson2_ws/install/rmitbot_controller/share/rmitbot_controller/local_setup.sh
[0.805s] -- Installing: /home/v120506/rmitbot_v3/lesson2_ws/install/rmitbot_controller/share/rmitbot_controller/local_setup.zsh
[0.805s] -- Installing: /home/v120506/rmitbot_v3/lesson2_ws/install/rmitbot_controller/share/rmitbot_controller/local_setup.dsv
[0.805s] -- Installing: /home/v120506/rmitbot_v3/lesson2_ws/install/rmitbot_controller/share/rmitbot_controller/package.dsv
[0.805s] -- Installing: /home/v120506/rmitbot_v3/lesson2_ws/install/rmitbot_controller/share/ament_index/resource_index/packages/rmitbot_controller
[0.806s] -- Installing: /home/v120506/rmitbot_v3/lesson2_ws/install/rmitbot_controller/share/rmitbot_controller/cmake/rmitbot_controllerConfig.cmake
[0.806s] -- Installing: /home/v120506/rmitbot_v3/lesson2_ws/install/rmitbot_controller/share/rmitbot_controller/cmake/rmitbot_controllerConfig-version.cmake
[0.806s] -- Installing: /home/v120506/rmitbot_v3/lesson2_ws/install/rmitbot_controller/share/rmitbot_controller/package.xml
[0.809s] Invoked command in '/home/v120506/rmitbot_v3/lesson2_ws/build/rmitbot_controller' returned '0': CMAKE_PREFIX_PATH=${CMAKE_PREFIX_PATH}:/opt/ros/jazzy DEBUGINFOD_URLS=https://debuginfod.ubuntu.com /usr/bin/cmake --install /home/v120506/rmitbot_v3/lesson2_ws/build/rmitbot_controller
