[0.075s] Invoking command in '/home/vudinhso/rmitbot_eeet2610_ws/lesson7_ws/build/rmitbot_controller': CMAKE_PREFIX_PATH=${CMAKE_PREFIX_PATH}:/opt/ros/jazzy DEBUGINFOD_URLS=https://debuginfod.ubuntu.com /usr/bin/cmake /home/vudinhso/rmitbot_eeet2610_ws/lesson7_ws/src/rmitbot_controller -DCMAKE_INSTALL_PREFIX=/home/vudinhso/rmitbot_eeet2610_ws/lesson7_ws/install/rmitbot_controller
[0.816s] -- The C compiler identification is GNU 13.3.0
[1.192s] -- The CXX compiler identification is GNU 13.3.0
[1.370s] -- Detecting C compiler ABI info
[2.034s] -- Detecting C compiler ABI info - done
[2.114s] -- Check for working C compiler: /usr/bin/cc - skipped
[2.116s] -- Detecting C compile features
[2.119s] -- Detecting C compile features - done
[2.186s] -- Detecting CXX compiler ABI info
[2.898s] -- Detecting CXX compiler ABI info - done
[3.006s] -- Check for working CXX compiler: /usr/bin/c++ - skipped
[3.006s] -- Detecting CXX compile features
[3.006s] -- Detecting CXX compile features - done
[3.067s] -- Found ament_cmake: 2.5.4 (/opt/ros/jazzy/share/ament_cmake/cmake)
[3.878s] -- Found Python3: /usr/bin/python3 (found version "3.12.3") found components: Interpreter 
[5.753s] -- Configuring done (5.6s)
[5.757s] -- Generating done (0.0s)
[5.760s] -- Build files have been written to: /home/vudinhso/rmitbot_eeet2610_ws/lesson7_ws/build/rmitbot_controller
[5.787s] Invoked command in '/home/vudinhso/rmitbot_eeet2610_ws/lesson7_ws/build/rmitbot_controller' returned '0': CMAKE_PREFIX_PATH=${CMAKE_PREFIX_PATH}:/opt/ros/jazzy DEBUGINFOD_URLS=https://debuginfod.ubuntu.com /usr/bin/cmake /home/vudinhso/rmitbot_eeet2610_ws/lesson7_ws/src/rmitbot_controller -DCMAKE_INSTALL_PREFIX=/home/vudinhso/rmitbot_eeet2610_ws/lesson7_ws/install/rmitbot_controller
[5.787s] Invoking command in '/home/vudinhso/rmitbot_eeet2610_ws/lesson7_ws/build/rmitbot_controller': CMAKE_PREFIX_PATH=${CMAKE_PREFIX_PATH}:/opt/ros/jazzy DEBUGINFOD_URLS=https://debuginfod.ubuntu.com /usr/bin/cmake --build /home/vudinhso/rmitbot_eeet2610_ws/lesson7_ws/build/rmitbot_controller -- -j4 -l4
[6.306s] Invoked command in '/home/vudinhso/rmitbot_eeet2610_ws/lesson7_ws/build/rmitbot_controller' returned '0': CMAKE_PREFIX_PATH=${CMAKE_PREFIX_PATH}:/opt/ros/jazzy DEBUGINFOD_URLS=https://debuginfod.ubuntu.com /usr/bin/cmake --build /home/vudinhso/rmitbot_eeet2610_ws/lesson7_ws/build/rmitbot_controller -- -j4 -l4
[6.306s] Invoking command in '/home/vudinhso/rmitbot_eeet2610_ws/lesson7_ws/build/rmitbot_controller': CMAKE_PREFIX_PATH=${CMAKE_PREFIX_PATH}:/opt/ros/jazzy DEBUGINFOD_URLS=https://debuginfod.ubuntu.com /usr/bin/cmake --install /home/vudinhso/rmitbot_eeet2610_ws/lesson7_ws/build/rmitbot_controller
[6.339s] -- Install configuration: ""
[6.341s] -- Installing: /home/vudinhso/rmitbot_eeet2610_ws/lesson7_ws/install/rmitbot_controller/share/rmitbot_controller/launch
[6.341s] -- Installing: /home/vudinhso/rmitbot_eeet2610_ws/lesson7_ws/install/rmitbot_controller/share/rmitbot_controller/launch/controller.launch.py
[6.343s] -- Installing: /home/vudinhso/rmitbot_eeet2610_ws/lesson7_ws/install/rmitbot_controller/share/rmitbot_controller/launch/teleopkeyboard.launch.py
[6.343s] -- Installing: /home/vudinhso/rmitbot_eeet2610_ws/lesson7_ws/install/rmitbot_controller/share/rmitbot_controller/config
[6.344s] -- Installing: /home/vudinhso/rmitbot_eeet2610_ws/lesson7_ws/install/rmitbot_controller/share/rmitbot_controller/config/rmitbot_controller.yaml
[6.344s] -- Installing: /home/vudinhso/rmitbot_eeet2610_ws/lesson7_ws/install/rmitbot_controller/share/ament_index/resource_index/package_run_dependencies/rmitbot_controller
[6.344s] -- Installing: /home/vudinhso/rmitbot_eeet2610_ws/lesson7_ws/install/rmitbot_controller/share/ament_index/resource_index/parent_prefix_path/rmitbot_controller
[6.344s] -- Installing: /home/vudinhso/rmitbot_eeet2610_ws/lesson7_ws/install/rmitbot_controller/share/rmitbot_controller/environment/ament_prefix_path.sh
[6.350s] -- Installing: /home/vudinhso/rmitbot_eeet2610_ws/lesson7_ws/install/rmitbot_controller/share/rmitbot_controller/environment/ament_prefix_path.dsv
[6.350s] -- Installing: /home/vudinhso/rmitbot_eeet2610_ws/lesson7_ws/install/rmitbot_controller/share/rmitbot_controller/environment/path.sh
[6.352s] -- Installing: /home/vudinhso/rmitbot_eeet2610_ws/lesson7_ws/install/rmitbot_controller/share/rmitbot_controller/environment/path.dsv
[6.355s] -- Installing: /home/vudinhso/rmitbot_eeet2610_ws/lesson7_ws/install/rmitbot_controller/share/rmitbot_controller/local_setup.bash
[6.355s] -- Installing: /home/vudinhso/rmitbot_eeet2610_ws/lesson7_ws/install/rmitbot_controller/share/rmitbot_controller/local_setup.sh
[6.355s] -- Installing: /home/vudinhso/rmitbot_eeet2610_ws/lesson7_ws/install/rmitbot_controller/share/rmitbot_controller/local_setup.zsh
[6.356s] -- Installing: /home/vudinhso/rmitbot_eeet2610_ws/lesson7_ws/install/rmitbot_controller/share/rmitbot_controller/local_setup.dsv
[6.356s] -- Installing: /home/vudinhso/rmitbot_eeet2610_ws/lesson7_ws/install/rmitbot_controller/share/rmitbot_controller/package.dsv
[6.356s] -- Installing: /home/vudinhso/rmitbot_eeet2610_ws/lesson7_ws/install/rmitbot_controller/share/ament_index/resource_index/packages/rmitbot_controller
[6.370s] -- Installing: /home/vudinhso/rmitbot_eeet2610_ws/lesson7_ws/install/rmitbot_controller/share/rmitbot_controller/cmake/rmitbot_controllerConfig.cmake
[6.371s] -- Installing: /home/vudinhso/rmitbot_eeet2610_ws/lesson7_ws/install/rmitbot_controller/share/rmitbot_controller/cmake/rmitbot_controllerConfig-version.cmake
[6.372s] -- Installing: /home/vudinhso/rmitbot_eeet2610_ws/lesson7_ws/install/rmitbot_controller/share/rmitbot_controller/package.xml
[6.372s] Invoked command in '/home/vudinhso/rmitbot_eeet2610_ws/lesson7_ws/build/rmitbot_controller' returned '0': CMAKE_PREFIX_PATH=${CMAKE_PREFIX_PATH}:/opt/ros/jazzy DEBUGINFOD_URLS=https://debuginfod.ubuntu.com /usr/bin/cmake --install /home/vudinhso/rmitbot_eeet2610_ws/lesson7_ws/build/rmitbot_controller
