[0.301s] DEBUG:colcon:Command line arguments: ['/usr/bin/colcon', 'build']
[0.301s] DEBUG:colcon:Parsed command line arguments: Namespace(log_base=None, log_level=None, verb_name='build', build_base='build', install_base='install', merge_install=False, symlink_install=False, test_result_base=None, continue_on_error=False, executor='parallel', parallel_workers=4, event_handlers=None, ignore_user_meta=False, metas=['./colcon.meta'], base_paths=['.'], packages_ignore=None, packages_ignore_regex=None, paths=None, packages_up_to=None, packages_up_to_regex=None, packages_above=None, packages_above_and_dependencies=None, packages_above_depth=None, packages_select_by_dep=None, packages_skip_by_dep=None, packages_skip_up_to=None, packages_select_build_failed=False, packages_skip_build_finished=False, packages_select_test_failures=False, packages_skip_test_passed=False, packages_select=None, packages_skip=None, packages_select_regex=None, packages_skip_regex=None, packages_start=None, packages_end=None, allow_overriding=[], cmake_args=None, cmake_target=None, cmake_target_skip_unavailable=False, cmake_clean_cache=False, cmake_clean_first=False, cmake_force_configure=False, ament_cmake_args=None, catkin_cmake_args=None, catkin_skip_building_tests=False, mixin_files=None, mixin=None, verb_parser=<colcon_mixin.mixin.mixin_argument.MixinArgumentDecorator object at 0x719cc66b1280>, verb_extension=<colcon_core.verb.build.BuildVerb object at 0x719cc66b0f50>, main=<bound method BuildVerb.main of <colcon_core.verb.build.BuildVerb object at 0x719cc66b0f50>>, mixin_verb=('build',))
[0.388s] Level 1:colcon.colcon_core.package_discovery:discover_packages(colcon_meta) check parameters
[0.389s] Level 1:colcon.colcon_core.package_discovery:discover_packages(recursive) check parameters
[0.389s] Level 1:colcon.colcon_core.package_discovery:discover_packages(ignore) check parameters
[0.389s] Level 1:colcon.colcon_core.package_discovery:discover_packages(path) check parameters
[0.389s] Level 1:colcon.colcon_core.package_discovery:discover_packages(colcon_meta) discover
[0.389s] Level 1:colcon.colcon_core.package_discovery:discover_packages(recursive) discover
[0.389s] INFO:colcon.colcon_core.package_discovery:Crawling recursively for packages in '/home/vudinhso/rmitbot_eeet2610_ws/lesson7_ws'
[0.389s] Level 1:colcon.colcon_core.package_identification:_identify(.) by extensions ['ignore', 'ignore_ament_install']
[0.389s] Level 1:colcon.colcon_core.package_identification:_identify(.) by extension 'ignore'
[0.389s] Level 1:colcon.colcon_core.package_identification:_identify(.) by extension 'ignore_ament_install'
[0.389s] Level 1:colcon.colcon_core.package_identification:_identify(.) by extensions ['colcon_pkg']
[0.390s] Level 1:colcon.colcon_core.package_identification:_identify(.) by extension 'colcon_pkg'
[0.390s] Level 1:colcon.colcon_core.package_identification:_identify(.) by extensions ['colcon_meta']
[0.390s] Level 1:colcon.colcon_core.package_identification:_identify(.) by extension 'colcon_meta'
[0.390s] Level 1:colcon.colcon_core.package_identification:_identify(.) by extensions ['ros']
[0.390s] Level 1:colcon.colcon_core.package_identification:_identify(.) by extension 'ros'
[0.460s] Level 1:colcon.colcon_core.package_identification:_identify(.) by extensions ['cmake', 'python']
[0.460s] Level 1:colcon.colcon_core.package_identification:_identify(.) by extension 'cmake'
[0.460s] Level 1:colcon.colcon_core.package_identification:_identify(.) by extension 'python'
[0.460s] Level 1:colcon.colcon_core.package_identification:_identify(.) by extensions ['python_setup_py']
[0.460s] Level 1:colcon.colcon_core.package_identification:_identify(.) by extension 'python_setup_py'
[0.460s] Level 1:colcon.colcon_core.package_identification:_identify(build) by extensions ['ignore', 'ignore_ament_install']
[0.460s] Level 1:colcon.colcon_core.package_identification:_identify(build) by extension 'ignore'
[0.460s] Level 1:colcon.colcon_core.package_identification:_identify(build) ignored
[0.461s] Level 1:colcon.colcon_core.package_identification:_identify(install) by extensions ['ignore', 'ignore_ament_install']
[0.461s] Level 1:colcon.colcon_core.package_identification:_identify(install) by extension 'ignore'
[0.461s] Level 1:colcon.colcon_core.package_identification:_identify(install) ignored
[0.461s] Level 1:colcon.colcon_core.package_identification:_identify(log) by extensions ['ignore', 'ignore_ament_install']
[0.461s] Level 1:colcon.colcon_core.package_identification:_identify(log) by extension 'ignore'
[0.461s] Level 1:colcon.colcon_core.package_identification:_identify(log) ignored
[0.461s] Level 1:colcon.colcon_core.package_identification:_identify(src) by extensions ['ignore', 'ignore_ament_install']
[0.461s] Level 1:colcon.colcon_core.package_identification:_identify(src) by extension 'ignore'
[0.461s] Level 1:colcon.colcon_core.package_identification:_identify(src) by extension 'ignore_ament_install'
[0.461s] Level 1:colcon.colcon_core.package_identification:_identify(src) by extensions ['colcon_pkg']
[0.461s] Level 1:colcon.colcon_core.package_identification:_identify(src) by extension 'colcon_pkg'
[0.461s] Level 1:colcon.colcon_core.package_identification:_identify(src) by extensions ['colcon_meta']
[0.461s] Level 1:colcon.colcon_core.package_identification:_identify(src) by extension 'colcon_meta'
[0.461s] Level 1:colcon.colcon_core.package_identification:_identify(src) by extensions ['ros']
[0.461s] Level 1:colcon.colcon_core.package_identification:_identify(src) by extension 'ros'
[0.461s] Level 1:colcon.colcon_core.package_identification:_identify(src) by extensions ['cmake', 'python']
[0.461s] Level 1:colcon.colcon_core.package_identification:_identify(src) by extension 'cmake'
[0.461s] Level 1:colcon.colcon_core.package_identification:_identify(src) by extension 'python'
[0.461s] Level 1:colcon.colcon_core.package_identification:_identify(src) by extensions ['python_setup_py']
[0.461s] Level 1:colcon.colcon_core.package_identification:_identify(src) by extension 'python_setup_py'
[0.462s] Level 1:colcon.colcon_core.package_identification:_identify(src/rmitbot_bringup) by extensions ['ignore', 'ignore_ament_install']
[0.462s] Level 1:colcon.colcon_core.package_identification:_identify(src/rmitbot_bringup) by extension 'ignore'
[0.462s] Level 1:colcon.colcon_core.package_identification:_identify(src/rmitbot_bringup) by extension 'ignore_ament_install'
[0.462s] Level 1:colcon.colcon_core.package_identification:_identify(src/rmitbot_bringup) by extensions ['colcon_pkg']
[0.462s] Level 1:colcon.colcon_core.package_identification:_identify(src/rmitbot_bringup) by extension 'colcon_pkg'
[0.462s] Level 1:colcon.colcon_core.package_identification:_identify(src/rmitbot_bringup) by extensions ['colcon_meta']
[0.462s] Level 1:colcon.colcon_core.package_identification:_identify(src/rmitbot_bringup) by extension 'colcon_meta'
[0.462s] Level 1:colcon.colcon_core.package_identification:_identify(src/rmitbot_bringup) by extensions ['ros']
[0.462s] Level 1:colcon.colcon_core.package_identification:_identify(src/rmitbot_bringup) by extension 'ros'
[0.467s] DEBUG:colcon.colcon_core.package_identification:Package 'src/rmitbot_bringup' with type 'ros.ament_cmake' and name 'rmitbot_bringup'
[0.468s] Level 1:colcon.colcon_core.package_identification:_identify(src/rmitbot_controller) by extensions ['ignore', 'ignore_ament_install']
[0.468s] Level 1:colcon.colcon_core.package_identification:_identify(src/rmitbot_controller) by extension 'ignore'
[0.468s] Level 1:colcon.colcon_core.package_identification:_identify(src/rmitbot_controller) by extension 'ignore_ament_install'
[0.468s] Level 1:colcon.colcon_core.package_identification:_identify(src/rmitbot_controller) by extensions ['colcon_pkg']
[0.468s] Level 1:colcon.colcon_core.package_identification:_identify(src/rmitbot_controller) by extension 'colcon_pkg'
[0.468s] Level 1:colcon.colcon_core.package_identification:_identify(src/rmitbot_controller) by extensions ['colcon_meta']
[0.468s] Level 1:colcon.colcon_core.package_identification:_identify(src/rmitbot_controller) by extension 'colcon_meta'
[0.468s] Level 1:colcon.colcon_core.package_identification:_identify(src/rmitbot_controller) by extensions ['ros']
[0.468s] Level 1:colcon.colcon_core.package_identification:_identify(src/rmitbot_controller) by extension 'ros'
[0.469s] DEBUG:colcon.colcon_core.package_identification:Package 'src/rmitbot_controller' with type 'ros.ament_cmake' and name 'rmitbot_controller'
[0.469s] Level 1:colcon.colcon_core.package_identification:_identify(src/rmitbot_description) by extensions ['ignore', 'ignore_ament_install']
[0.469s] Level 1:colcon.colcon_core.package_identification:_identify(src/rmitbot_description) by extension 'ignore'
[0.469s] Level 1:colcon.colcon_core.package_identification:_identify(src/rmitbot_description) by extension 'ignore_ament_install'
[0.469s] Level 1:colcon.colcon_core.package_identification:_identify(src/rmitbot_description) by extensions ['colcon_pkg']
[0.469s] Level 1:colcon.colcon_core.package_identification:_identify(src/rmitbot_description) by extension 'colcon_pkg'
[0.469s] Level 1:colcon.colcon_core.package_identification:_identify(src/rmitbot_description) by extensions ['colcon_meta']
[0.469s] Level 1:colcon.colcon_core.package_identification:_identify(src/rmitbot_description) by extension 'colcon_meta'
[0.469s] Level 1:colcon.colcon_core.package_identification:_identify(src/rmitbot_description) by extensions ['ros']
[0.469s] Level 1:colcon.colcon_core.package_identification:_identify(src/rmitbot_description) by extension 'ros'
[0.470s] DEBUG:colcon.colcon_core.package_identification:Package 'src/rmitbot_description' with type 'ros.ament_cmake' and name 'rmitbot_description'
[0.470s] Level 1:colcon.colcon_core.package_identification:_identify(src/rmitbot_firmware) by extensions ['ignore', 'ignore_ament_install']
[0.470s] Level 1:colcon.colcon_core.package_identification:_identify(src/rmitbot_firmware) by extension 'ignore'
[0.470s] Level 1:colcon.colcon_core.package_identification:_identify(src/rmitbot_firmware) by extension 'ignore_ament_install'
[0.470s] Level 1:colcon.colcon_core.package_identification:_identify(src/rmitbot_firmware) by extensions ['colcon_pkg']
[0.470s] Level 1:colcon.colcon_core.package_identification:_identify(src/rmitbot_firmware) by extension 'colcon_pkg'
[0.470s] Level 1:colcon.colcon_core.package_identification:_identify(src/rmitbot_firmware) by extensions ['colcon_meta']
[0.470s] Level 1:colcon.colcon_core.package_identification:_identify(src/rmitbot_firmware) by extension 'colcon_meta'
[0.470s] Level 1:colcon.colcon_core.package_identification:_identify(src/rmitbot_firmware) by extensions ['ros']
[0.470s] Level 1:colcon.colcon_core.package_identification:_identify(src/rmitbot_firmware) by extension 'ros'
[0.471s] DEBUG:colcon.colcon_core.package_identification:Package 'src/rmitbot_firmware' with type 'ros.ament_cmake' and name 'rmitbot_firmware'
[0.471s] Level 1:colcon.colcon_core.package_discovery:discover_packages(recursive) using defaults
[0.472s] Level 1:colcon.colcon_core.package_discovery:discover_packages(ignore) discover
[0.472s] Level 1:colcon.colcon_core.package_discovery:discover_packages(ignore) using defaults
[0.472s] Level 1:colcon.colcon_core.package_discovery:discover_packages(path) discover
[0.472s] Level 1:colcon.colcon_core.package_discovery:discover_packages(path) using defaults
[0.503s] Level 1:colcon.colcon_core.package_discovery:discover_packages(prefix_path) check parameters
[0.503s] Level 1:colcon.colcon_core.package_discovery:discover_packages(prefix_path) discover
[0.512s] DEBUG:colcon.colcon_installed_package_information.package_discovery:Found 3 installed packages in /home/vudinhso/rmitbot_eeet2610_ws/lesson7_ws/install
[0.516s] DEBUG:colcon.colcon_installed_package_information.package_discovery:Found 445 installed packages in /opt/ros/jazzy
[0.518s] Level 1:colcon.colcon_core.package_discovery:discover_packages(prefix_path) using defaults
[0.697s] Level 5:colcon.colcon_core.verb:set package 'rmitbot_bringup' build argument 'cmake_args' from command line to 'None'
[0.697s] Level 5:colcon.colcon_core.verb:set package 'rmitbot_bringup' build argument 'cmake_target' from command line to 'None'
[0.697s] Level 5:colcon.colcon_core.verb:set package 'rmitbot_bringup' build argument 'cmake_target_skip_unavailable' from command line to 'False'
[0.697s] Level 5:colcon.colcon_core.verb:set package 'rmitbot_bringup' build argument 'cmake_clean_cache' from command line to 'False'
[0.697s] Level 5:colcon.colcon_core.verb:set package 'rmitbot_bringup' build argument 'cmake_clean_first' from command line to 'False'
[0.697s] Level 5:colcon.colcon_core.verb:set package 'rmitbot_bringup' build argument 'cmake_force_configure' from command line to 'False'
[0.697s] Level 5:colcon.colcon_core.verb:set package 'rmitbot_bringup' build argument 'ament_cmake_args' from command line to 'None'
[0.697s] Level 5:colcon.colcon_core.verb:set package 'rmitbot_bringup' build argument 'catkin_cmake_args' from command line to 'None'
[0.697s] Level 5:colcon.colcon_core.verb:set package 'rmitbot_bringup' build argument 'catkin_skip_building_tests' from command line to 'False'
[0.697s] DEBUG:colcon.colcon_core.verb:Building package 'rmitbot_bringup' with the following arguments: {'ament_cmake_args': None, 'build_base': '/home/vudinhso/rmitbot_eeet2610_ws/lesson7_ws/build/rmitbot_bringup', 'catkin_cmake_args': None, 'catkin_skip_building_tests': False, 'cmake_args': None, 'cmake_clean_cache': False, 'cmake_clean_first': False, 'cmake_force_configure': False, 'cmake_target': None, 'cmake_target_skip_unavailable': False, 'install_base': '/home/vudinhso/rmitbot_eeet2610_ws/lesson7_ws/install/rmitbot_bringup', 'merge_install': False, 'path': '/home/vudinhso/rmitbot_eeet2610_ws/lesson7_ws/src/rmitbot_bringup', 'symlink_install': False, 'test_result_base': None}
[0.698s] Level 5:colcon.colcon_core.verb:set package 'rmitbot_controller' build argument 'cmake_args' from command line to 'None'
[0.698s] Level 5:colcon.colcon_core.verb:set package 'rmitbot_controller' build argument 'cmake_target' from command line to 'None'
[0.698s] Level 5:colcon.colcon_core.verb:set package 'rmitbot_controller' build argument 'cmake_target_skip_unavailable' from command line to 'False'
[0.698s] Level 5:colcon.colcon_core.verb:set package 'rmitbot_controller' build argument 'cmake_clean_cache' from command line to 'False'
[0.698s] Level 5:colcon.colcon_core.verb:set package 'rmitbot_controller' build argument 'cmake_clean_first' from command line to 'False'
[0.699s] Level 5:colcon.colcon_core.verb:set package 'rmitbot_controller' build argument 'cmake_force_configure' from command line to 'False'
[0.699s] Level 5:colcon.colcon_core.verb:set package 'rmitbot_controller' build argument 'ament_cmake_args' from command line to 'None'
[0.699s] Level 5:colcon.colcon_core.verb:set package 'rmitbot_controller' build argument 'catkin_cmake_args' from command line to 'None'
[0.699s] Level 5:colcon.colcon_core.verb:set package 'rmitbot_controller' build argument 'catkin_skip_building_tests' from command line to 'False'
[0.699s] DEBUG:colcon.colcon_core.verb:Building package 'rmitbot_controller' with the following arguments: {'ament_cmake_args': None, 'build_base': '/home/vudinhso/rmitbot_eeet2610_ws/lesson7_ws/build/rmitbot_controller', 'catkin_cmake_args': None, 'catkin_skip_building_tests': False, 'cmake_args': None, 'cmake_clean_cache': False, 'cmake_clean_first': False, 'cmake_force_configure': False, 'cmake_target': None, 'cmake_target_skip_unavailable': False, 'install_base': '/home/vudinhso/rmitbot_eeet2610_ws/lesson7_ws/install/rmitbot_controller', 'merge_install': False, 'path': '/home/vudinhso/rmitbot_eeet2610_ws/lesson7_ws/src/rmitbot_controller', 'symlink_install': False, 'test_result_base': None}
[0.699s] Level 5:colcon.colcon_core.verb:set package 'rmitbot_description' build argument 'cmake_args' from command line to 'None'
[0.699s] Level 5:colcon.colcon_core.verb:set package 'rmitbot_description' build argument 'cmake_target' from command line to 'None'
[0.699s] Level 5:colcon.colcon_core.verb:set package 'rmitbot_description' build argument 'cmake_target_skip_unavailable' from command line to 'False'
[0.699s] Level 5:colcon.colcon_core.verb:set package 'rmitbot_description' build argument 'cmake_clean_cache' from command line to 'False'
[0.699s] Level 5:colcon.colcon_core.verb:set package 'rmitbot_description' build argument 'cmake_clean_first' from command line to 'False'
[0.700s] Level 5:colcon.colcon_core.verb:set package 'rmitbot_description' build argument 'cmake_force_configure' from command line to 'False'
[0.700s] Level 5:colcon.colcon_core.verb:set package 'rmitbot_description' build argument 'ament_cmake_args' from command line to 'None'
[0.700s] Level 5:colcon.colcon_core.verb:set package 'rmitbot_description' build argument 'catkin_cmake_args' from command line to 'None'
[0.700s] Level 5:colcon.colcon_core.verb:set package 'rmitbot_description' build argument 'catkin_skip_building_tests' from command line to 'False'
[0.700s] DEBUG:colcon.colcon_core.verb:Building package 'rmitbot_description' with the following arguments: {'ament_cmake_args': None, 'build_base': '/home/vudinhso/rmitbot_eeet2610_ws/lesson7_ws/build/rmitbot_description', 'catkin_cmake_args': None, 'catkin_skip_building_tests': False, 'cmake_args': None, 'cmake_clean_cache': False, 'cmake_clean_first': False, 'cmake_force_configure': False, 'cmake_target': None, 'cmake_target_skip_unavailable': False, 'install_base': '/home/vudinhso/rmitbot_eeet2610_ws/lesson7_ws/install/rmitbot_description', 'merge_install': False, 'path': '/home/vudinhso/rmitbot_eeet2610_ws/lesson7_ws/src/rmitbot_description', 'symlink_install': False, 'test_result_base': None}
[0.701s] Level 5:colcon.colcon_core.verb:set package 'rmitbot_firmware' build argument 'cmake_args' from command line to 'None'
[0.701s] Level 5:colcon.colcon_core.verb:set package 'rmitbot_firmware' build argument 'cmake_target' from command line to 'None'
[0.701s] Level 5:colcon.colcon_core.verb:set package 'rmitbot_firmware' build argument 'cmake_target_skip_unavailable' from command line to 'False'
[0.701s] Level 5:colcon.colcon_core.verb:set package 'rmitbot_firmware' build argument 'cmake_clean_cache' from command line to 'False'
[0.701s] Level 5:colcon.colcon_core.verb:set package 'rmitbot_firmware' build argument 'cmake_clean_first' from command line to 'False'
[0.701s] Level 5:colcon.colcon_core.verb:set package 'rmitbot_firmware' build argument 'cmake_force_configure' from command line to 'False'
[0.701s] Level 5:colcon.colcon_core.verb:set package 'rmitbot_firmware' build argument 'ament_cmake_args' from command line to 'None'
[0.701s] Level 5:colcon.colcon_core.verb:set package 'rmitbot_firmware' build argument 'catkin_cmake_args' from command line to 'None'
[0.701s] Level 5:colcon.colcon_core.verb:set package 'rmitbot_firmware' build argument 'catkin_skip_building_tests' from command line to 'False'
[0.701s] DEBUG:colcon.colcon_core.verb:Building package 'rmitbot_firmware' with the following arguments: {'ament_cmake_args': None, 'build_base': '/home/vudinhso/rmitbot_eeet2610_ws/lesson7_ws/build/rmitbot_firmware', 'catkin_cmake_args': None, 'catkin_skip_building_tests': False, 'cmake_args': None, 'cmake_clean_cache': False, 'cmake_clean_first': False, 'cmake_force_configure': False, 'cmake_target': None, 'cmake_target_skip_unavailable': False, 'install_base': '/home/vudinhso/rmitbot_eeet2610_ws/lesson7_ws/install/rmitbot_firmware', 'merge_install': False, 'path': '/home/vudinhso/rmitbot_eeet2610_ws/lesson7_ws/src/rmitbot_firmware', 'symlink_install': False, 'test_result_base': None}
[0.701s] INFO:colcon.colcon_core.executor:Executing jobs using 'parallel' executor
[0.702s] DEBUG:colcon.colcon_parallel_executor.executor.parallel:run_until_complete
[0.703s] INFO:colcon.colcon_ros.task.ament_cmake.build:Building ROS package in '/home/vudinhso/rmitbot_eeet2610_ws/lesson7_ws/src/rmitbot_bringup' with build type 'ament_cmake'
[0.703s] INFO:colcon.colcon_cmake.task.cmake.build:Building CMake package in '/home/vudinhso/rmitbot_eeet2610_ws/lesson7_ws/src/rmitbot_bringup'
[0.714s] INFO:colcon.colcon_core.plugin_system:Skipping extension 'colcon_core.shell.bat': Not used on non-Windows systems
[0.714s] INFO:colcon.colcon_core.shell:Skip shell extension 'powershell' for command environment: Not usable outside of PowerShell
[0.714s] DEBUG:colcon.colcon_core.shell:Skip shell extension 'dsv' for command environment
[0.721s] INFO:colcon.colcon_ros.task.ament_cmake.build:Building ROS package in '/home/vudinhso/rmitbot_eeet2610_ws/lesson7_ws/src/rmitbot_controller' with build type 'ament_cmake'
[0.722s] INFO:colcon.colcon_cmake.task.cmake.build:Building CMake package in '/home/vudinhso/rmitbot_eeet2610_ws/lesson7_ws/src/rmitbot_controller'
[0.722s] INFO:colcon.colcon_core.shell:Skip shell extension 'powershell' for command environment: Not usable outside of PowerShell
[0.722s] DEBUG:colcon.colcon_core.shell:Skip shell extension 'dsv' for command environment
[0.726s] INFO:colcon.colcon_ros.task.ament_cmake.build:Building ROS package in '/home/vudinhso/rmitbot_eeet2610_ws/lesson7_ws/src/rmitbot_description' with build type 'ament_cmake'
[0.726s] INFO:colcon.colcon_cmake.task.cmake.build:Building CMake package in '/home/vudinhso/rmitbot_eeet2610_ws/lesson7_ws/src/rmitbot_description'
[0.727s] INFO:colcon.colcon_core.shell:Skip shell extension 'powershell' for command environment: Not usable outside of PowerShell
[0.727s] DEBUG:colcon.colcon_core.shell:Skip shell extension 'dsv' for command environment
[0.733s] INFO:colcon.colcon_ros.task.ament_cmake.build:Building ROS package in '/home/vudinhso/rmitbot_eeet2610_ws/lesson7_ws/src/rmitbot_firmware' with build type 'ament_cmake'
[0.734s] INFO:colcon.colcon_cmake.task.cmake.build:Building CMake package in '/home/vudinhso/rmitbot_eeet2610_ws/lesson7_ws/src/rmitbot_firmware'
[0.734s] INFO:colcon.colcon_core.shell:Skip shell extension 'powershell' for command environment: Not usable outside of PowerShell
[0.735s] DEBUG:colcon.colcon_core.shell:Skip shell extension 'dsv' for command environment
[0.746s] DEBUG:colcon.colcon_core.event_handler.log_command:Invoking command in '/home/vudinhso/rmitbot_eeet2610_ws/lesson7_ws/build/rmitbot_bringup': CMAKE_PREFIX_PATH=${CMAKE_PREFIX_PATH}:/opt/ros/jazzy DEBUGINFOD_URLS=https://debuginfod.ubuntu.com /usr/bin/cmake --build /home/vudinhso/rmitbot_eeet2610_ws/lesson7_ws/build/rmitbot_bringup -- -j4 -l4
[0.759s] DEBUG:colcon.colcon_core.event_handler.log_command:Invoking command in '/home/vudinhso/rmitbot_eeet2610_ws/lesson7_ws/build/rmitbot_controller': CMAKE_PREFIX_PATH=${CMAKE_PREFIX_PATH}:/opt/ros/jazzy DEBUGINFOD_URLS=https://debuginfod.ubuntu.com /usr/bin/cmake --build /home/vudinhso/rmitbot_eeet2610_ws/lesson7_ws/build/rmitbot_controller -- -j4 -l4
[0.763s] DEBUG:colcon.colcon_core.event_handler.log_command:Invoking command in '/home/vudinhso/rmitbot_eeet2610_ws/lesson7_ws/build/rmitbot_description': CMAKE_PREFIX_PATH=${CMAKE_PREFIX_PATH}:/opt/ros/jazzy DEBUGINFOD_URLS=https://debuginfod.ubuntu.com /usr/bin/cmake --build /home/vudinhso/rmitbot_eeet2610_ws/lesson7_ws/build/rmitbot_description -- -j4 -l4
[0.777s] DEBUG:colcon.colcon_core.event_handler.log_command:Invoking command in '/home/vudinhso/rmitbot_eeet2610_ws/lesson7_ws/build/rmitbot_firmware': CMAKE_PREFIX_PATH=${CMAKE_PREFIX_PATH}:/opt/ros/jazzy DEBUGINFOD_URLS=https://debuginfod.ubuntu.com /usr/bin/cmake /home/vudinhso/rmitbot_eeet2610_ws/lesson7_ws/src/rmitbot_firmware -DCMAKE_INSTALL_PREFIX=/home/vudinhso/rmitbot_eeet2610_ws/lesson7_ws/install/rmitbot_firmware
[0.878s] DEBUG:colcon.colcon_core.event_handler.log_command:Invoked command in '/home/vudinhso/rmitbot_eeet2610_ws/lesson7_ws/build/rmitbot_controller' returned '0': CMAKE_PREFIX_PATH=${CMAKE_PREFIX_PATH}:/opt/ros/jazzy DEBUGINFOD_URLS=https://debuginfod.ubuntu.com /usr/bin/cmake --build /home/vudinhso/rmitbot_eeet2610_ws/lesson7_ws/build/rmitbot_controller -- -j4 -l4
[0.892s] DEBUG:colcon.colcon_core.event_handler.log_command:Invoking command in '/home/vudinhso/rmitbot_eeet2610_ws/lesson7_ws/build/rmitbot_controller': CMAKE_PREFIX_PATH=${CMAKE_PREFIX_PATH}:/opt/ros/jazzy DEBUGINFOD_URLS=https://debuginfod.ubuntu.com /usr/bin/cmake --install /home/vudinhso/rmitbot_eeet2610_ws/lesson7_ws/build/rmitbot_controller
[0.896s] DEBUG:colcon.colcon_core.event_handler.log_command:Invoked command in '/home/vudinhso/rmitbot_eeet2610_ws/lesson7_ws/build/rmitbot_bringup' returned '0': CMAKE_PREFIX_PATH=${CMAKE_PREFIX_PATH}:/opt/ros/jazzy DEBUGINFOD_URLS=https://debuginfod.ubuntu.com /usr/bin/cmake --build /home/vudinhso/rmitbot_eeet2610_ws/lesson7_ws/build/rmitbot_bringup -- -j4 -l4
[0.898s] DEBUG:colcon.colcon_core.event_handler.log_command:Invoking command in '/home/vudinhso/rmitbot_eeet2610_ws/lesson7_ws/build/rmitbot_bringup': CMAKE_PREFIX_PATH=${CMAKE_PREFIX_PATH}:/opt/ros/jazzy DEBUGINFOD_URLS=https://debuginfod.ubuntu.com /usr/bin/cmake --install /home/vudinhso/rmitbot_eeet2610_ws/lesson7_ws/build/rmitbot_bringup
[0.901s] DEBUG:colcon.colcon_core.event_handler.log_command:Invoked command in '/home/vudinhso/rmitbot_eeet2610_ws/lesson7_ws/build/rmitbot_description' returned '0': CMAKE_PREFIX_PATH=${CMAKE_PREFIX_PATH}:/opt/ros/jazzy DEBUGINFOD_URLS=https://debuginfod.ubuntu.com /usr/bin/cmake --build /home/vudinhso/rmitbot_eeet2610_ws/lesson7_ws/build/rmitbot_description -- -j4 -l4
[0.903s] DEBUG:colcon.colcon_core.event_handler.log_command:Invoking command in '/home/vudinhso/rmitbot_eeet2610_ws/lesson7_ws/build/rmitbot_description': CMAKE_PREFIX_PATH=${CMAKE_PREFIX_PATH}:/opt/ros/jazzy DEBUGINFOD_URLS=https://debuginfod.ubuntu.com /usr/bin/cmake --install /home/vudinhso/rmitbot_eeet2610_ws/lesson7_ws/build/rmitbot_description
[0.916s] Level 1:colcon.colcon_core.environment:create_environment_scripts_only(rmitbot_controller)
[0.930s] DEBUG:colcon.colcon_core.event_handler.log_command:Invoked command in '/home/vudinhso/rmitbot_eeet2610_ws/lesson7_ws/build/rmitbot_controller' returned '0': CMAKE_PREFIX_PATH=${CMAKE_PREFIX_PATH}:/opt/ros/jazzy DEBUGINFOD_URLS=https://debuginfod.ubuntu.com /usr/bin/cmake --install /home/vudinhso/rmitbot_eeet2610_ws/lesson7_ws/build/rmitbot_controller
[0.961s] Level 1:colcon.colcon_core.environment:checking '/home/vudinhso/rmitbot_eeet2610_ws/lesson7_ws/install/rmitbot_controller' for CMake module files
[0.962s] Level 1:colcon.colcon_core.environment:checking '/home/vudinhso/rmitbot_eeet2610_ws/lesson7_ws/install/rmitbot_controller' for CMake config files
[0.963s] Level 1:colcon.colcon_core.shell:create_environment_hook('rmitbot_controller', 'cmake_prefix_path')
[0.963s] INFO:colcon.colcon_core.shell:Creating environment hook '/home/vudinhso/rmitbot_eeet2610_ws/lesson7_ws/install/rmitbot_controller/share/rmitbot_controller/hook/cmake_prefix_path.ps1'
[0.964s] INFO:colcon.colcon_core.shell:Creating environment descriptor '/home/vudinhso/rmitbot_eeet2610_ws/lesson7_ws/install/rmitbot_controller/share/rmitbot_controller/hook/cmake_prefix_path.dsv'
[0.965s] INFO:colcon.colcon_core.shell:Creating environment hook '/home/vudinhso/rmitbot_eeet2610_ws/lesson7_ws/install/rmitbot_controller/share/rmitbot_controller/hook/cmake_prefix_path.sh'
[0.966s] Level 1:colcon.colcon_core.environment:checking '/home/vudinhso/rmitbot_eeet2610_ws/lesson7_ws/install/rmitbot_controller/bin'
[0.966s] Level 1:colcon.colcon_core.environment:checking '/home/vudinhso/rmitbot_eeet2610_ws/lesson7_ws/install/rmitbot_controller/lib/pkgconfig/rmitbot_controller.pc'
[0.967s] Level 1:colcon.colcon_core.environment:checking '/home/vudinhso/rmitbot_eeet2610_ws/lesson7_ws/install/rmitbot_controller/lib/python3.12/site-packages'
[0.967s] Level 1:colcon.colcon_core.environment:checking '/home/vudinhso/rmitbot_eeet2610_ws/lesson7_ws/install/rmitbot_controller/bin'
[0.967s] INFO:colcon.colcon_core.shell:Creating package script '/home/vudinhso/rmitbot_eeet2610_ws/lesson7_ws/install/rmitbot_controller/share/rmitbot_controller/package.ps1'
[0.968s] INFO:colcon.colcon_core.shell:Creating package descriptor '/home/vudinhso/rmitbot_eeet2610_ws/lesson7_ws/install/rmitbot_controller/share/rmitbot_controller/package.dsv'
[0.969s] INFO:colcon.colcon_core.shell:Creating package script '/home/vudinhso/rmitbot_eeet2610_ws/lesson7_ws/install/rmitbot_controller/share/rmitbot_controller/package.sh'
[0.971s] INFO:colcon.colcon_core.shell:Creating package script '/home/vudinhso/rmitbot_eeet2610_ws/lesson7_ws/install/rmitbot_controller/share/rmitbot_controller/package.bash'
[0.972s] INFO:colcon.colcon_core.shell:Creating package script '/home/vudinhso/rmitbot_eeet2610_ws/lesson7_ws/install/rmitbot_controller/share/rmitbot_controller/package.zsh'
[0.973s] Level 1:colcon.colcon_core.environment:create_file_with_runtime_dependencies(/home/vudinhso/rmitbot_eeet2610_ws/lesson7_ws/install/rmitbot_controller/share/colcon-core/packages/rmitbot_controller)
[0.973s] Level 1:colcon.colcon_core.environment:create_environment_scripts_only(rmitbot_controller)
[0.973s] Level 1:colcon.colcon_core.environment:checking '/home/vudinhso/rmitbot_eeet2610_ws/lesson7_ws/install/rmitbot_controller' for CMake module files
[0.974s] Level 1:colcon.colcon_core.environment:checking '/home/vudinhso/rmitbot_eeet2610_ws/lesson7_ws/install/rmitbot_controller' for CMake config files
[0.974s] Level 1:colcon.colcon_core.shell:create_environment_hook('rmitbot_controller', 'cmake_prefix_path')
[0.974s] INFO:colcon.colcon_core.shell:Creating environment hook '/home/vudinhso/rmitbot_eeet2610_ws/lesson7_ws/install/rmitbot_controller/share/rmitbot_controller/hook/cmake_prefix_path.ps1'
[0.975s] INFO:colcon.colcon_core.shell:Creating environment descriptor '/home/vudinhso/rmitbot_eeet2610_ws/lesson7_ws/install/rmitbot_controller/share/rmitbot_controller/hook/cmake_prefix_path.dsv'
[0.975s] INFO:colcon.colcon_core.shell:Creating environment hook '/home/vudinhso/rmitbot_eeet2610_ws/lesson7_ws/install/rmitbot_controller/share/rmitbot_controller/hook/cmake_prefix_path.sh'
[0.975s] Level 1:colcon.colcon_core.environment:checking '/home/vudinhso/rmitbot_eeet2610_ws/lesson7_ws/install/rmitbot_controller/bin'
[0.976s] Level 1:colcon.colcon_core.environment:checking '/home/vudinhso/rmitbot_eeet2610_ws/lesson7_ws/install/rmitbot_controller/lib/pkgconfig/rmitbot_controller.pc'
[0.976s] Level 1:colcon.colcon_core.environment:checking '/home/vudinhso/rmitbot_eeet2610_ws/lesson7_ws/install/rmitbot_controller/lib/python3.12/site-packages'
[0.976s] Level 1:colcon.colcon_core.environment:checking '/home/vudinhso/rmitbot_eeet2610_ws/lesson7_ws/install/rmitbot_controller/bin'
[0.976s] INFO:colcon.colcon_core.shell:Creating package script '/home/vudinhso/rmitbot_eeet2610_ws/lesson7_ws/install/rmitbot_controller/share/rmitbot_controller/package.ps1'
[0.977s] INFO:colcon.colcon_core.shell:Creating package descriptor '/home/vudinhso/rmitbot_eeet2610_ws/lesson7_ws/install/rmitbot_controller/share/rmitbot_controller/package.dsv'
[0.977s] INFO:colcon.colcon_core.shell:Creating package script '/home/vudinhso/rmitbot_eeet2610_ws/lesson7_ws/install/rmitbot_controller/share/rmitbot_controller/package.sh'
[0.978s] INFO:colcon.colcon_core.shell:Creating package script '/home/vudinhso/rmitbot_eeet2610_ws/lesson7_ws/install/rmitbot_controller/share/rmitbot_controller/package.bash'
[0.978s] INFO:colcon.colcon_core.shell:Creating package script '/home/vudinhso/rmitbot_eeet2610_ws/lesson7_ws/install/rmitbot_controller/share/rmitbot_controller/package.zsh'
[0.979s] Level 1:colcon.colcon_core.environment:create_file_with_runtime_dependencies(/home/vudinhso/rmitbot_eeet2610_ws/lesson7_ws/install/rmitbot_controller/share/colcon-core/packages/rmitbot_controller)
[0.981s] Level 1:colcon.colcon_core.environment:create_environment_scripts_only(rmitbot_bringup)
[0.981s] Level 1:colcon.colcon_core.environment:checking '/home/vudinhso/rmitbot_eeet2610_ws/lesson7_ws/install/rmitbot_bringup' for CMake module files
[0.984s] Level 1:colcon.colcon_core.environment:checking '/home/vudinhso/rmitbot_eeet2610_ws/lesson7_ws/install/rmitbot_bringup' for CMake config files
[0.984s] Level 1:colcon.colcon_core.shell:create_environment_hook('rmitbot_bringup', 'cmake_prefix_path')
[0.986s] INFO:colcon.colcon_core.shell:Creating environment hook '/home/vudinhso/rmitbot_eeet2610_ws/lesson7_ws/install/rmitbot_bringup/share/rmitbot_bringup/hook/cmake_prefix_path.ps1'
[0.987s] DEBUG:colcon.colcon_core.event_handler.log_command:Invoked command in '/home/vudinhso/rmitbot_eeet2610_ws/lesson7_ws/build/rmitbot_bringup' returned '0': CMAKE_PREFIX_PATH=${CMAKE_PREFIX_PATH}:/opt/ros/jazzy DEBUGINFOD_URLS=https://debuginfod.ubuntu.com /usr/bin/cmake --install /home/vudinhso/rmitbot_eeet2610_ws/lesson7_ws/build/rmitbot_bringup
[0.988s] INFO:colcon.colcon_core.shell:Creating environment descriptor '/home/vudinhso/rmitbot_eeet2610_ws/lesson7_ws/install/rmitbot_bringup/share/rmitbot_bringup/hook/cmake_prefix_path.dsv'
[0.990s] INFO:colcon.colcon_core.shell:Creating environment hook '/home/vudinhso/rmitbot_eeet2610_ws/lesson7_ws/install/rmitbot_bringup/share/rmitbot_bringup/hook/cmake_prefix_path.sh'
[0.991s] Level 1:colcon.colcon_core.environment:checking '/home/vudinhso/rmitbot_eeet2610_ws/lesson7_ws/install/rmitbot_bringup/bin'
[0.991s] Level 1:colcon.colcon_core.environment:checking '/home/vudinhso/rmitbot_eeet2610_ws/lesson7_ws/install/rmitbot_bringup/lib/pkgconfig/rmitbot_bringup.pc'
[0.991s] Level 1:colcon.colcon_core.environment:checking '/home/vudinhso/rmitbot_eeet2610_ws/lesson7_ws/install/rmitbot_bringup/lib/python3.12/site-packages'
[0.991s] Level 1:colcon.colcon_core.environment:checking '/home/vudinhso/rmitbot_eeet2610_ws/lesson7_ws/install/rmitbot_bringup/bin'
[0.991s] INFO:colcon.colcon_core.shell:Creating package script '/home/vudinhso/rmitbot_eeet2610_ws/lesson7_ws/install/rmitbot_bringup/share/rmitbot_bringup/package.ps1'
[0.992s] INFO:colcon.colcon_core.shell:Creating package descriptor '/home/vudinhso/rmitbot_eeet2610_ws/lesson7_ws/install/rmitbot_bringup/share/rmitbot_bringup/package.dsv'
[0.992s] INFO:colcon.colcon_core.shell:Creating package script '/home/vudinhso/rmitbot_eeet2610_ws/lesson7_ws/install/rmitbot_bringup/share/rmitbot_bringup/package.sh'
[0.993s] INFO:colcon.colcon_core.shell:Creating package script '/home/vudinhso/rmitbot_eeet2610_ws/lesson7_ws/install/rmitbot_bringup/share/rmitbot_bringup/package.bash'
[0.993s] INFO:colcon.colcon_core.shell:Creating package script '/home/vudinhso/rmitbot_eeet2610_ws/lesson7_ws/install/rmitbot_bringup/share/rmitbot_bringup/package.zsh'
[0.993s] Level 1:colcon.colcon_core.environment:create_file_with_runtime_dependencies(/home/vudinhso/rmitbot_eeet2610_ws/lesson7_ws/install/rmitbot_bringup/share/colcon-core/packages/rmitbot_bringup)
[0.994s] Level 1:colcon.colcon_core.environment:create_environment_scripts_only(rmitbot_bringup)
[0.994s] Level 1:colcon.colcon_core.environment:checking '/home/vudinhso/rmitbot_eeet2610_ws/lesson7_ws/install/rmitbot_bringup' for CMake module files
[0.994s] Level 1:colcon.colcon_core.environment:checking '/home/vudinhso/rmitbot_eeet2610_ws/lesson7_ws/install/rmitbot_bringup' for CMake config files
[0.995s] Level 1:colcon.colcon_core.shell:create_environment_hook('rmitbot_bringup', 'cmake_prefix_path')
[0.995s] INFO:colcon.colcon_core.shell:Creating environment hook '/home/vudinhso/rmitbot_eeet2610_ws/lesson7_ws/install/rmitbot_bringup/share/rmitbot_bringup/hook/cmake_prefix_path.ps1'
[0.995s] INFO:colcon.colcon_core.shell:Creating environment descriptor '/home/vudinhso/rmitbot_eeet2610_ws/lesson7_ws/install/rmitbot_bringup/share/rmitbot_bringup/hook/cmake_prefix_path.dsv'
[0.995s] INFO:colcon.colcon_core.shell:Creating environment hook '/home/vudinhso/rmitbot_eeet2610_ws/lesson7_ws/install/rmitbot_bringup/share/rmitbot_bringup/hook/cmake_prefix_path.sh'
[0.996s] Level 1:colcon.colcon_core.environment:checking '/home/vudinhso/rmitbot_eeet2610_ws/lesson7_ws/install/rmitbot_bringup/bin'
[0.996s] Level 1:colcon.colcon_core.environment:checking '/home/vudinhso/rmitbot_eeet2610_ws/lesson7_ws/install/rmitbot_bringup/lib/pkgconfig/rmitbot_bringup.pc'
[0.996s] Level 1:colcon.colcon_core.environment:checking '/home/vudinhso/rmitbot_eeet2610_ws/lesson7_ws/install/rmitbot_bringup/lib/python3.12/site-packages'
[0.997s] Level 1:colcon.colcon_core.environment:checking '/home/vudinhso/rmitbot_eeet2610_ws/lesson7_ws/install/rmitbot_bringup/bin'
[0.997s] INFO:colcon.colcon_core.shell:Creating package script '/home/vudinhso/rmitbot_eeet2610_ws/lesson7_ws/install/rmitbot_bringup/share/rmitbot_bringup/package.ps1'
[0.997s] INFO:colcon.colcon_core.shell:Creating package descriptor '/home/vudinhso/rmitbot_eeet2610_ws/lesson7_ws/install/rmitbot_bringup/share/rmitbot_bringup/package.dsv'
[0.998s] INFO:colcon.colcon_core.shell:Creating package script '/home/vudinhso/rmitbot_eeet2610_ws/lesson7_ws/install/rmitbot_bringup/share/rmitbot_bringup/package.sh'
[0.998s] INFO:colcon.colcon_core.shell:Creating package script '/home/vudinhso/rmitbot_eeet2610_ws/lesson7_ws/install/rmitbot_bringup/share/rmitbot_bringup/package.bash'
[0.999s] INFO:colcon.colcon_core.shell:Creating package script '/home/vudinhso/rmitbot_eeet2610_ws/lesson7_ws/install/rmitbot_bringup/share/rmitbot_bringup/package.zsh'
[0.999s] Level 1:colcon.colcon_core.environment:create_file_with_runtime_dependencies(/home/vudinhso/rmitbot_eeet2610_ws/lesson7_ws/install/rmitbot_bringup/share/colcon-core/packages/rmitbot_bringup)
[1.000s] Level 1:colcon.colcon_core.environment:create_environment_scripts_only(rmitbot_description)
[1.000s] Level 1:colcon.colcon_core.environment:checking '/home/vudinhso/rmitbot_eeet2610_ws/lesson7_ws/install/rmitbot_description' for CMake module files
[1.001s] DEBUG:colcon.colcon_core.event_handler.log_command:Invoked command in '/home/vudinhso/rmitbot_eeet2610_ws/lesson7_ws/build/rmitbot_description' returned '0': CMAKE_PREFIX_PATH=${CMAKE_PREFIX_PATH}:/opt/ros/jazzy DEBUGINFOD_URLS=https://debuginfod.ubuntu.com /usr/bin/cmake --install /home/vudinhso/rmitbot_eeet2610_ws/lesson7_ws/build/rmitbot_description
[1.002s] Level 1:colcon.colcon_core.environment:checking '/home/vudinhso/rmitbot_eeet2610_ws/lesson7_ws/install/rmitbot_description' for CMake config files
[1.002s] Level 1:colcon.colcon_core.shell:create_environment_hook('rmitbot_description', 'cmake_prefix_path')
[1.002s] INFO:colcon.colcon_core.shell:Creating environment hook '/home/vudinhso/rmitbot_eeet2610_ws/lesson7_ws/install/rmitbot_description/share/rmitbot_description/hook/cmake_prefix_path.ps1'
[1.004s] INFO:colcon.colcon_core.shell:Creating environment descriptor '/home/vudinhso/rmitbot_eeet2610_ws/lesson7_ws/install/rmitbot_description/share/rmitbot_description/hook/cmake_prefix_path.dsv'
[1.004s] INFO:colcon.colcon_core.shell:Creating environment hook '/home/vudinhso/rmitbot_eeet2610_ws/lesson7_ws/install/rmitbot_description/share/rmitbot_description/hook/cmake_prefix_path.sh'
[1.005s] Level 1:colcon.colcon_core.environment:checking '/home/vudinhso/rmitbot_eeet2610_ws/lesson7_ws/install/rmitbot_description/bin'
[1.005s] Level 1:colcon.colcon_core.environment:checking '/home/vudinhso/rmitbot_eeet2610_ws/lesson7_ws/install/rmitbot_description/lib/pkgconfig/rmitbot_description.pc'
[1.006s] Level 1:colcon.colcon_core.environment:checking '/home/vudinhso/rmitbot_eeet2610_ws/lesson7_ws/install/rmitbot_description/lib/python3.12/site-packages'
[1.006s] Level 1:colcon.colcon_core.environment:checking '/home/vudinhso/rmitbot_eeet2610_ws/lesson7_ws/install/rmitbot_description/bin'
[1.006s] INFO:colcon.colcon_core.shell:Creating package script '/home/vudinhso/rmitbot_eeet2610_ws/lesson7_ws/install/rmitbot_description/share/rmitbot_description/package.ps1'
[1.007s] INFO:colcon.colcon_core.shell:Creating package descriptor '/home/vudinhso/rmitbot_eeet2610_ws/lesson7_ws/install/rmitbot_description/share/rmitbot_description/package.dsv'
[1.008s] INFO:colcon.colcon_core.shell:Creating package script '/home/vudinhso/rmitbot_eeet2610_ws/lesson7_ws/install/rmitbot_description/share/rmitbot_description/package.sh'
[1.008s] INFO:colcon.colcon_core.shell:Creating package script '/home/vudinhso/rmitbot_eeet2610_ws/lesson7_ws/install/rmitbot_description/share/rmitbot_description/package.bash'
[1.009s] INFO:colcon.colcon_core.shell:Creating package script '/home/vudinhso/rmitbot_eeet2610_ws/lesson7_ws/install/rmitbot_description/share/rmitbot_description/package.zsh'
[1.009s] Level 1:colcon.colcon_core.environment:create_file_with_runtime_dependencies(/home/vudinhso/rmitbot_eeet2610_ws/lesson7_ws/install/rmitbot_description/share/colcon-core/packages/rmitbot_description)
[1.010s] Level 1:colcon.colcon_core.environment:create_environment_scripts_only(rmitbot_description)
[1.010s] Level 1:colcon.colcon_core.environment:checking '/home/vudinhso/rmitbot_eeet2610_ws/lesson7_ws/install/rmitbot_description' for CMake module files
[1.011s] Level 1:colcon.colcon_core.environment:checking '/home/vudinhso/rmitbot_eeet2610_ws/lesson7_ws/install/rmitbot_description' for CMake config files
[1.011s] Level 1:colcon.colcon_core.shell:create_environment_hook('rmitbot_description', 'cmake_prefix_path')
[1.011s] INFO:colcon.colcon_core.shell:Creating environment hook '/home/vudinhso/rmitbot_eeet2610_ws/lesson7_ws/install/rmitbot_description/share/rmitbot_description/hook/cmake_prefix_path.ps1'
[1.012s] INFO:colcon.colcon_core.shell:Creating environment descriptor '/home/vudinhso/rmitbot_eeet2610_ws/lesson7_ws/install/rmitbot_description/share/rmitbot_description/hook/cmake_prefix_path.dsv'
[1.013s] INFO:colcon.colcon_core.shell:Creating environment hook '/home/vudinhso/rmitbot_eeet2610_ws/lesson7_ws/install/rmitbot_description/share/rmitbot_description/hook/cmake_prefix_path.sh'
[1.014s] Level 1:colcon.colcon_core.environment:checking '/home/vudinhso/rmitbot_eeet2610_ws/lesson7_ws/install/rmitbot_description/bin'
[1.014s] Level 1:colcon.colcon_core.environment:checking '/home/vudinhso/rmitbot_eeet2610_ws/lesson7_ws/install/rmitbot_description/lib/pkgconfig/rmitbot_description.pc'
[1.014s] Level 1:colcon.colcon_core.environment:checking '/home/vudinhso/rmitbot_eeet2610_ws/lesson7_ws/install/rmitbot_description/lib/python3.12/site-packages'
[1.015s] Level 1:colcon.colcon_core.environment:checking '/home/vudinhso/rmitbot_eeet2610_ws/lesson7_ws/install/rmitbot_description/bin'
[1.015s] INFO:colcon.colcon_core.shell:Creating package script '/home/vudinhso/rmitbot_eeet2610_ws/lesson7_ws/install/rmitbot_description/share/rmitbot_description/package.ps1'
[1.016s] INFO:colcon.colcon_core.shell:Creating package descriptor '/home/vudinhso/rmitbot_eeet2610_ws/lesson7_ws/install/rmitbot_description/share/rmitbot_description/package.dsv'
[1.018s] INFO:colcon.colcon_core.shell:Creating package script '/home/vudinhso/rmitbot_eeet2610_ws/lesson7_ws/install/rmitbot_description/share/rmitbot_description/package.sh'
[1.019s] INFO:colcon.colcon_core.shell:Creating package script '/home/vudinhso/rmitbot_eeet2610_ws/lesson7_ws/install/rmitbot_description/share/rmitbot_description/package.bash'
[1.020s] INFO:colcon.colcon_core.shell:Creating package script '/home/vudinhso/rmitbot_eeet2610_ws/lesson7_ws/install/rmitbot_description/share/rmitbot_description/package.zsh'
[1.021s] Level 1:colcon.colcon_core.environment:create_file_with_runtime_dependencies(/home/vudinhso/rmitbot_eeet2610_ws/lesson7_ws/install/rmitbot_description/share/colcon-core/packages/rmitbot_description)
[3.571s] DEBUG:colcon.colcon_core.event_handler.log_command:Invoked command in '/home/vudinhso/rmitbot_eeet2610_ws/lesson7_ws/build/rmitbot_firmware' returned '0': CMAKE_PREFIX_PATH=${CMAKE_PREFIX_PATH}:/opt/ros/jazzy DEBUGINFOD_URLS=https://debuginfod.ubuntu.com /usr/bin/cmake /home/vudinhso/rmitbot_eeet2610_ws/lesson7_ws/src/rmitbot_firmware -DCMAKE_INSTALL_PREFIX=/home/vudinhso/rmitbot_eeet2610_ws/lesson7_ws/install/rmitbot_firmware
[3.572s] DEBUG:colcon.colcon_core.event_handler.log_command:Invoking command in '/home/vudinhso/rmitbot_eeet2610_ws/lesson7_ws/build/rmitbot_firmware': CMAKE_PREFIX_PATH=${CMAKE_PREFIX_PATH}:/opt/ros/jazzy DEBUGINFOD_URLS=https://debuginfod.ubuntu.com /usr/bin/cmake --build /home/vudinhso/rmitbot_eeet2610_ws/lesson7_ws/build/rmitbot_firmware -- -j4 -l4
[11.254s] DEBUG:colcon.colcon_core.event_handler.log_command:Invoked command in '/home/vudinhso/rmitbot_eeet2610_ws/lesson7_ws/build/rmitbot_firmware' returned '0': CMAKE_PREFIX_PATH=${CMAKE_PREFIX_PATH}:/opt/ros/jazzy DEBUGINFOD_URLS=https://debuginfod.ubuntu.com /usr/bin/cmake --build /home/vudinhso/rmitbot_eeet2610_ws/lesson7_ws/build/rmitbot_firmware -- -j4 -l4
[11.256s] DEBUG:colcon.colcon_core.event_handler.log_command:Invoking command in '/home/vudinhso/rmitbot_eeet2610_ws/lesson7_ws/build/rmitbot_firmware': CMAKE_PREFIX_PATH=${CMAKE_PREFIX_PATH}:/opt/ros/jazzy DEBUGINFOD_URLS=https://debuginfod.ubuntu.com /usr/bin/cmake --install /home/vudinhso/rmitbot_eeet2610_ws/lesson7_ws/build/rmitbot_firmware
[11.285s] Level 1:colcon.colcon_core.environment:create_environment_scripts_only(rmitbot_firmware)
[11.288s] Level 1:colcon.colcon_core.environment:checking '/home/vudinhso/rmitbot_eeet2610_ws/lesson7_ws/install/rmitbot_firmware' for CMake module files
[11.289s] Level 1:colcon.colcon_core.environment:checking '/home/vudinhso/rmitbot_eeet2610_ws/lesson7_ws/install/rmitbot_firmware' for CMake config files
[11.289s] Level 1:colcon.colcon_core.shell:create_environment_hook('rmitbot_firmware', 'cmake_prefix_path')
[11.289s] INFO:colcon.colcon_core.shell:Creating environment hook '/home/vudinhso/rmitbot_eeet2610_ws/lesson7_ws/install/rmitbot_firmware/share/rmitbot_firmware/hook/cmake_prefix_path.ps1'
[11.290s] DEBUG:colcon.colcon_core.event_handler.log_command:Invoked command in '/home/vudinhso/rmitbot_eeet2610_ws/lesson7_ws/build/rmitbot_firmware' returned '0': CMAKE_PREFIX_PATH=${CMAKE_PREFIX_PATH}:/opt/ros/jazzy DEBUGINFOD_URLS=https://debuginfod.ubuntu.com /usr/bin/cmake --install /home/vudinhso/rmitbot_eeet2610_ws/lesson7_ws/build/rmitbot_firmware
[11.291s] INFO:colcon.colcon_core.shell:Creating environment descriptor '/home/vudinhso/rmitbot_eeet2610_ws/lesson7_ws/install/rmitbot_firmware/share/rmitbot_firmware/hook/cmake_prefix_path.dsv'
[11.291s] INFO:colcon.colcon_core.shell:Creating environment hook '/home/vudinhso/rmitbot_eeet2610_ws/lesson7_ws/install/rmitbot_firmware/share/rmitbot_firmware/hook/cmake_prefix_path.sh'
[11.292s] Level 1:colcon.colcon_core.environment:checking '/home/vudinhso/rmitbot_eeet2610_ws/lesson7_ws/install/rmitbot_firmware/lib'
[11.292s] Level 1:colcon.colcon_core.shell:create_environment_hook('rmitbot_firmware', 'ld_library_path_lib')
[11.293s] INFO:colcon.colcon_core.shell:Creating environment hook '/home/vudinhso/rmitbot_eeet2610_ws/lesson7_ws/install/rmitbot_firmware/share/rmitbot_firmware/hook/ld_library_path_lib.ps1'
[11.293s] INFO:colcon.colcon_core.shell:Creating environment descriptor '/home/vudinhso/rmitbot_eeet2610_ws/lesson7_ws/install/rmitbot_firmware/share/rmitbot_firmware/hook/ld_library_path_lib.dsv'
[11.293s] INFO:colcon.colcon_core.shell:Creating environment hook '/home/vudinhso/rmitbot_eeet2610_ws/lesson7_ws/install/rmitbot_firmware/share/rmitbot_firmware/hook/ld_library_path_lib.sh'
[11.294s] Level 1:colcon.colcon_core.environment:checking '/home/vudinhso/rmitbot_eeet2610_ws/lesson7_ws/install/rmitbot_firmware/bin'
[11.294s] Level 1:colcon.colcon_core.environment:checking '/home/vudinhso/rmitbot_eeet2610_ws/lesson7_ws/install/rmitbot_firmware/lib/pkgconfig/rmitbot_firmware.pc'
[11.294s] Level 1:colcon.colcon_core.environment:checking '/home/vudinhso/rmitbot_eeet2610_ws/lesson7_ws/install/rmitbot_firmware/lib/python3.12/site-packages'
[11.294s] Level 1:colcon.colcon_core.environment:checking '/home/vudinhso/rmitbot_eeet2610_ws/lesson7_ws/install/rmitbot_firmware/bin'
[11.295s] INFO:colcon.colcon_core.shell:Creating package script '/home/vudinhso/rmitbot_eeet2610_ws/lesson7_ws/install/rmitbot_firmware/share/rmitbot_firmware/package.ps1'
[11.295s] INFO:colcon.colcon_core.shell:Creating package descriptor '/home/vudinhso/rmitbot_eeet2610_ws/lesson7_ws/install/rmitbot_firmware/share/rmitbot_firmware/package.dsv'
[11.296s] INFO:colcon.colcon_core.shell:Creating package script '/home/vudinhso/rmitbot_eeet2610_ws/lesson7_ws/install/rmitbot_firmware/share/rmitbot_firmware/package.sh'
[11.296s] INFO:colcon.colcon_core.shell:Creating package script '/home/vudinhso/rmitbot_eeet2610_ws/lesson7_ws/install/rmitbot_firmware/share/rmitbot_firmware/package.bash'
[11.297s] INFO:colcon.colcon_core.shell:Creating package script '/home/vudinhso/rmitbot_eeet2610_ws/lesson7_ws/install/rmitbot_firmware/share/rmitbot_firmware/package.zsh'
[11.297s] Level 1:colcon.colcon_core.environment:create_file_with_runtime_dependencies(/home/vudinhso/rmitbot_eeet2610_ws/lesson7_ws/install/rmitbot_firmware/share/colcon-core/packages/rmitbot_firmware)
[11.298s] Level 1:colcon.colcon_core.environment:create_environment_scripts_only(rmitbot_firmware)
[11.298s] Level 1:colcon.colcon_core.environment:checking '/home/vudinhso/rmitbot_eeet2610_ws/lesson7_ws/install/rmitbot_firmware' for CMake module files
[11.298s] Level 1:colcon.colcon_core.environment:checking '/home/vudinhso/rmitbot_eeet2610_ws/lesson7_ws/install/rmitbot_firmware' for CMake config files
[11.299s] Level 1:colcon.colcon_core.shell:create_environment_hook('rmitbot_firmware', 'cmake_prefix_path')
[11.299s] INFO:colcon.colcon_core.shell:Creating environment hook '/home/vudinhso/rmitbot_eeet2610_ws/lesson7_ws/install/rmitbot_firmware/share/rmitbot_firmware/hook/cmake_prefix_path.ps1'
[11.300s] INFO:colcon.colcon_core.shell:Creating environment descriptor '/home/vudinhso/rmitbot_eeet2610_ws/lesson7_ws/install/rmitbot_firmware/share/rmitbot_firmware/hook/cmake_prefix_path.dsv'
[11.301s] INFO:colcon.colcon_core.shell:Creating environment hook '/home/vudinhso/rmitbot_eeet2610_ws/lesson7_ws/install/rmitbot_firmware/share/rmitbot_firmware/hook/cmake_prefix_path.sh'
[11.302s] Level 1:colcon.colcon_core.environment:checking '/home/vudinhso/rmitbot_eeet2610_ws/lesson7_ws/install/rmitbot_firmware/lib'
[11.302s] Level 1:colcon.colcon_core.shell:create_environment_hook('rmitbot_firmware', 'ld_library_path_lib')
[11.302s] INFO:colcon.colcon_core.shell:Creating environment hook '/home/vudinhso/rmitbot_eeet2610_ws/lesson7_ws/install/rmitbot_firmware/share/rmitbot_firmware/hook/ld_library_path_lib.ps1'
[11.303s] INFO:colcon.colcon_core.shell:Creating environment descriptor '/home/vudinhso/rmitbot_eeet2610_ws/lesson7_ws/install/rmitbot_firmware/share/rmitbot_firmware/hook/ld_library_path_lib.dsv'
[11.305s] INFO:colcon.colcon_core.shell:Creating environment hook '/home/vudinhso/rmitbot_eeet2610_ws/lesson7_ws/install/rmitbot_firmware/share/rmitbot_firmware/hook/ld_library_path_lib.sh'
[11.305s] Level 1:colcon.colcon_core.environment:checking '/home/vudinhso/rmitbot_eeet2610_ws/lesson7_ws/install/rmitbot_firmware/bin'
[11.306s] Level 1:colcon.colcon_core.environment:checking '/home/vudinhso/rmitbot_eeet2610_ws/lesson7_ws/install/rmitbot_firmware/lib/pkgconfig/rmitbot_firmware.pc'
[11.306s] Level 1:colcon.colcon_core.environment:checking '/home/vudinhso/rmitbot_eeet2610_ws/lesson7_ws/install/rmitbot_firmware/lib/python3.12/site-packages'
[11.307s] Level 1:colcon.colcon_core.environment:checking '/home/vudinhso/rmitbot_eeet2610_ws/lesson7_ws/install/rmitbot_firmware/bin'
[11.307s] INFO:colcon.colcon_core.shell:Creating package script '/home/vudinhso/rmitbot_eeet2610_ws/lesson7_ws/install/rmitbot_firmware/share/rmitbot_firmware/package.ps1'
[11.308s] INFO:colcon.colcon_core.shell:Creating package descriptor '/home/vudinhso/rmitbot_eeet2610_ws/lesson7_ws/install/rmitbot_firmware/share/rmitbot_firmware/package.dsv'
[11.310s] INFO:colcon.colcon_core.shell:Creating package script '/home/vudinhso/rmitbot_eeet2610_ws/lesson7_ws/install/rmitbot_firmware/share/rmitbot_firmware/package.sh'
[11.311s] INFO:colcon.colcon_core.shell:Creating package script '/home/vudinhso/rmitbot_eeet2610_ws/lesson7_ws/install/rmitbot_firmware/share/rmitbot_firmware/package.bash'
[11.311s] INFO:colcon.colcon_core.shell:Creating package script '/home/vudinhso/rmitbot_eeet2610_ws/lesson7_ws/install/rmitbot_firmware/share/rmitbot_firmware/package.zsh'
[11.312s] Level 1:colcon.colcon_core.environment:create_file_with_runtime_dependencies(/home/vudinhso/rmitbot_eeet2610_ws/lesson7_ws/install/rmitbot_firmware/share/colcon-core/packages/rmitbot_firmware)
[11.312s] DEBUG:colcon.colcon_parallel_executor.executor.parallel:closing loop
[11.312s] DEBUG:colcon.colcon_parallel_executor.executor.parallel:loop closed
[11.313s] DEBUG:colcon.colcon_parallel_executor.executor.parallel:run_until_complete finished with '0'
[11.313s] DEBUG:colcon.colcon_core.event_reactor:joining thread
[11.339s] INFO:colcon.colcon_core.plugin_system:Skipping extension 'colcon_notification.desktop_notification.terminal_notifier': Not used on non-Darwin systems
[11.340s] INFO:colcon.colcon_core.plugin_system:Skipping extension 'colcon_notification.desktop_notification.win32': Not used on non-Windows systems
[11.340s] INFO:colcon.colcon_notification.desktop_notification:Sending desktop notification using 'notify2'
[11.371s] DEBUG:colcon.colcon_core.event_reactor:joined thread
[11.372s] INFO:colcon.colcon_core.shell:Creating prefix script '/home/vudinhso/rmitbot_eeet2610_ws/lesson7_ws/install/local_setup.ps1'
[11.375s] INFO:colcon.colcon_core.shell:Creating prefix util module '/home/vudinhso/rmitbot_eeet2610_ws/lesson7_ws/install/_local_setup_util_ps1.py'
[11.378s] INFO:colcon.colcon_core.shell:Creating prefix chain script '/home/vudinhso/rmitbot_eeet2610_ws/lesson7_ws/install/setup.ps1'
[11.381s] INFO:colcon.colcon_core.shell:Creating prefix script '/home/vudinhso/rmitbot_eeet2610_ws/lesson7_ws/install/local_setup.sh'
[11.382s] INFO:colcon.colcon_core.shell:Creating prefix util module '/home/vudinhso/rmitbot_eeet2610_ws/lesson7_ws/install/_local_setup_util_sh.py'
[11.383s] INFO:colcon.colcon_core.shell:Creating prefix chain script '/home/vudinhso/rmitbot_eeet2610_ws/lesson7_ws/install/setup.sh'
[11.386s] INFO:colcon.colcon_core.shell:Creating prefix script '/home/vudinhso/rmitbot_eeet2610_ws/lesson7_ws/install/local_setup.bash'
[11.388s] INFO:colcon.colcon_core.shell:Creating prefix chain script '/home/vudinhso/rmitbot_eeet2610_ws/lesson7_ws/install/setup.bash'
[11.407s] INFO:colcon.colcon_core.shell:Creating prefix script '/home/vudinhso/rmitbot_eeet2610_ws/lesson7_ws/install/local_setup.zsh'
[11.409s] INFO:colcon.colcon_core.shell:Creating prefix chain script '/home/vudinhso/rmitbot_eeet2610_ws/lesson7_ws/install/setup.zsh'
