[0.013s] Invoking command in '/home/v120506/rmitbot_v3/lesson7_ws/build/rmitbot_description': CMAKE_PREFIX_PATH=${CMAKE_PREFIX_PATH}:/opt/ros/jazzy DEBUGINFOD_URLS=https://debuginfod.ubuntu.com /usr/bin/cmake --build /home/v120506/rmitbot_v3/lesson7_ws/build/rmitbot_description -- -j8 -l8
[0.037s] -- Found ament_cmake: 2.5.4 (/opt/ros/jazzy/share/ament_cmake/cmake)
[0.247s] -- Override CMake install command with custom implementation using symlinks instead of copying resources
[0.341s] -- Configuring done (0.3s)
[0.344s] -- Generating done (0.0s)
[0.345s] -- Build files have been written to: /home/v120506/rmitbot_v3/lesson7_ws/build/rmitbot_description
[0.367s] Invoked command in '/home/v120506/rmitbot_v3/lesson7_ws/build/rmitbot_description' returned '0': CMAKE_PREFIX_PATH=${CMAKE_PREFIX_PATH}:/opt/ros/jazzy DEBUGINFOD_URLS=https://debuginfod.ubuntu.com /usr/bin/cmake --build /home/v120506/rmitbot_v3/lesson7_ws/build/rmitbot_description -- -j8 -l8
[0.368s] Invoking command in '/home/v120506/rmitbot_v3/lesson7_ws/build/rmitbot_description': CMAKE_PREFIX_PATH=${CMAKE_PREFIX_PATH}:/opt/ros/jazzy DEBUGINFOD_URLS=https://debuginfod.ubuntu.com /usr/bin/cmake --install /home/v120506/rmitbot_v3/lesson7_ws/build/rmitbot_description
[0.376s] -- Install configuration: ""
[0.376s] -- Execute custom install script
[0.377s] -- Up-to-date symlink: /home/v120506/rmitbot_v3/lesson7_ws/install/rmitbot_description/share/rmitbot_description/meshes/base_link.STL
[0.377s] -- Up-to-date symlink: /home/v120506/rmitbot_v3/lesson7_ws/install/rmitbot_description/share/rmitbot_description/meshes/caster_front_link.STL
[0.377s] -- Up-to-date symlink: /home/v120506/rmitbot_v3/lesson7_ws/install/rmitbot_description/share/rmitbot_description/meshes/caster_rear_link.STL
[0.377s] -- Up-to-date symlink: /home/v120506/rmitbot_v3/lesson7_ws/install/rmitbot_description/share/rmitbot_description/meshes/imu_link.STL
[0.378s] -- Up-to-date symlink: /home/v120506/rmitbot_v3/lesson7_ws/install/rmitbot_description/share/rmitbot_description/meshes/wheel_left_link.STL
[0.378s] -- Up-to-date symlink: /home/v120506/rmitbot_v3/lesson7_ws/install/rmitbot_description/share/rmitbot_description/meshes/wheel_right_link.STL
[0.378s] -- Up-to-date symlink: /home/v120506/rmitbot_v3/lesson7_ws/install/rmitbot_description/share/rmitbot_description/urdf/rmitbot.urdf.xacro
[0.378s] -- Up-to-date symlink: /home/v120506/rmitbot_v3/lesson7_ws/install/rmitbot_description/share/rmitbot_description/urdf/rmitbot_gazebo.xacro
[0.378s] -- Up-to-date symlink: /home/v120506/rmitbot_v3/lesson7_ws/install/rmitbot_description/share/rmitbot_description/urdf/rmitbot_platform.xacro
[0.379s] -- Up-to-date symlink: /home/v120506/rmitbot_v3/lesson7_ws/install/rmitbot_description/share/rmitbot_description/urdf/rmitbot_ros2_control.xacro
[0.379s] -- Up-to-date symlink: /home/v120506/rmitbot_v3/lesson7_ws/install/rmitbot_description/share/rmitbot_description/launch/display.launch.py
[0.379s] -- Up-to-date symlink: /home/v120506/rmitbot_v3/lesson7_ws/install/rmitbot_description/share/rmitbot_description/launch/gazebo.launch.py
[0.379s] -- Up-to-date symlink: /home/v120506/rmitbot_v3/lesson7_ws/install/rmitbot_description/share/rmitbot_description/rviz/display.rviz
[0.379s] -- Up-to-date symlink: /home/v120506/rmitbot_v3/lesson7_ws/install/rmitbot_description/share/ament_index/resource_index/package_run_dependencies/rmitbot_description
[0.380s] -- Up-to-date symlink: /home/v120506/rmitbot_v3/lesson7_ws/install/rmitbot_description/share/ament_index/resource_index/parent_prefix_path/rmitbot_description
[0.380s] -- Up-to-date symlink: /home/v120506/rmitbot_v3/lesson7_ws/install/rmitbot_description/share/rmitbot_description/environment/ament_prefix_path.sh
[0.380s] -- Up-to-date symlink: /home/v120506/rmitbot_v3/lesson7_ws/install/rmitbot_description/share/rmitbot_description/environment/ament_prefix_path.dsv
[0.380s] -- Up-to-date symlink: /home/v120506/rmitbot_v3/lesson7_ws/install/rmitbot_description/share/rmitbot_description/environment/path.sh
[0.381s] -- Up-to-date symlink: /home/v120506/rmitbot_v3/lesson7_ws/install/rmitbot_description/share/rmitbot_description/environment/path.dsv
[0.381s] -- Up-to-date symlink: /home/v120506/rmitbot_v3/lesson7_ws/install/rmitbot_description/share/rmitbot_description/local_setup.bash
[0.381s] -- Up-to-date symlink: /home/v120506/rmitbot_v3/lesson7_ws/install/rmitbot_description/share/rmitbot_description/local_setup.sh
[0.381s] -- Up-to-date symlink: /home/v120506/rmitbot_v3/lesson7_ws/install/rmitbot_description/share/rmitbot_description/local_setup.zsh
[0.381s] -- Up-to-date symlink: /home/v120506/rmitbot_v3/lesson7_ws/install/rmitbot_description/share/rmitbot_description/local_setup.dsv
[0.382s] -- Symlinking: /home/v120506/rmitbot_v3/lesson7_ws/install/rmitbot_description/share/rmitbot_description/package.dsv
[0.391s] -- Up-to-date symlink: /home/v120506/rmitbot_v3/lesson7_ws/install/rmitbot_description/share/ament_index/resource_index/packages/rmitbot_description
[0.391s] -- Up-to-date symlink: /home/v120506/rmitbot_v3/lesson7_ws/install/rmitbot_description/share/rmitbot_description/cmake/rmitbot_descriptionConfig.cmake
[0.392s] -- Up-to-date symlink: /home/v120506/rmitbot_v3/lesson7_ws/install/rmitbot_description/share/rmitbot_description/cmake/rmitbot_descriptionConfig-version.cmake
[0.392s] -- Up-to-date symlink: /home/v120506/rmitbot_v3/lesson7_ws/install/rmitbot_description/share/rmitbot_description/package.xml
[0.396s] Invoked command in '/home/v120506/rmitbot_v3/lesson7_ws/build/rmitbot_description' returned '0': CMAKE_PREFIX_PATH=${CMAKE_PREFIX_PATH}:/opt/ros/jazzy DEBUGINFOD_URLS=https://debuginfod.ubuntu.com /usr/bin/cmake --install /home/v120506/rmitbot_v3/lesson7_ws/build/rmitbot_description
