-- The C compiler identification is GNU 13.3.0
-- The CXX compiler identification is GNU 13.3.0
-- Detecting C compiler ABI info
-- Detecting C compiler ABI info - done
-- Check for working C compiler: /usr/bin/cc - skipped
-- Detecting C compile features
-- Detecting C compile features - done
-- Detecting CXX compiler ABI info
-- Detecting CXX compiler ABI info - done
-- Check for working CXX compiler: /usr/bin/c++ - skipped
-- Detecting CXX compile features
-- Detecting CXX compile features - done
-- Found ament_cmake: 2.5.4 (/opt/ros/jazzy/share/ament_cmake/cmake)
-- Found Python3: /usr/bin/python3 (found version "3.12.3") found components: Interpreter 
-- Override CMake install command with custom implementation using symlinks instead of copying resources
-- Configuring done (0.8s)
-- Generating done (0.0s)
-- Build files have been written to: /home/v120506/rmitbot_v3/lesson7_ws/build/rmitbot_description
-- Found ament_cmake: 2.5.4 (/opt/ros/jazzy/share/ament_cmake/cmake)
-- Override CMake install command with custom implementation using symlinks instead of copying resources
-- Configuring done (0.4s)
-- Generating done (0.0s)
-- Build files have been written to: /home/v120506/rmitbot_v3/lesson7_ws/build/rmitbot_description
-- Install configuration: ""
-- Execute custom install script
-- Symlinking: /home/v120506/rmitbot_v3/lesson7_ws/install/rmitbot_description/share/rmitbot_description/meshes/base_link.STL
-- Symlinking: /home/v120506/rmitbot_v3/lesson7_ws/install/rmitbot_description/share/rmitbot_description/meshes/caster_front_link.STL
-- Symlinking: /home/v120506/rmitbot_v3/lesson7_ws/install/rmitbot_description/share/rmitbot_description/meshes/caster_rear_link.STL
-- Symlinking: /home/v120506/rmitbot_v3/lesson7_ws/install/rmitbot_description/share/rmitbot_description/meshes/imu_link.STL
-- Symlinking: /home/v120506/rmitbot_v3/lesson7_ws/install/rmitbot_description/share/rmitbot_description/meshes/wheel_left_link.STL
-- Symlinking: /home/v120506/rmitbot_v3/lesson7_ws/install/rmitbot_description/share/rmitbot_description/meshes/wheel_right_link.STL
-- Symlinking: /home/v120506/rmitbot_v3/lesson7_ws/install/rmitbot_description/share/rmitbot_description/urdf/rmitbot.urdf.xacro
-- Symlinking: /home/v120506/rmitbot_v3/lesson7_ws/install/rmitbot_description/share/rmitbot_description/urdf/rmitbot_gazebo.xacro
-- Symlinking: /home/v120506/rmitbot_v3/lesson7_ws/install/rmitbot_description/share/rmitbot_description/urdf/rmitbot_platform.xacro
-- Symlinking: /home/v120506/rmitbot_v3/lesson7_ws/install/rmitbot_description/share/rmitbot_description/urdf/rmitbot_ros2_control.xacro
-- Symlinking: /home/v120506/rmitbot_v3/lesson7_ws/install/rmitbot_description/share/rmitbot_description/launch/display.launch.py
-- Symlinking: /home/v120506/rmitbot_v3/lesson7_ws/install/rmitbot_description/share/rmitbot_description/launch/gazebo.launch.py
-- Symlinking: /home/v120506/rmitbot_v3/lesson7_ws/install/rmitbot_description/share/rmitbot_description/rviz/display.rviz
-- Symlinking: /home/v120506/rmitbot_v3/lesson7_ws/install/rmitbot_description/share/ament_index/resource_index/package_run_dependencies/rmitbot_description
-- Symlinking: /home/v120506/rmitbot_v3/lesson7_ws/install/rmitbot_description/share/ament_index/resource_index/parent_prefix_path/rmitbot_description
-- Symlinking: /home/v120506/rmitbot_v3/lesson7_ws/install/rmitbot_description/share/rmitbot_description/environment/ament_prefix_path.sh
-- Symlinking: /home/v120506/rmitbot_v3/lesson7_ws/install/rmitbot_description/share/rmitbot_description/environment/ament_prefix_path.dsv
-- Symlinking: /home/v120506/rmitbot_v3/lesson7_ws/install/rmitbot_description/share/rmitbot_description/environment/path.sh
-- Symlinking: /home/v120506/rmitbot_v3/lesson7_ws/install/rmitbot_description/share/rmitbot_description/environment/path.dsv
-- Symlinking: /home/v120506/rmitbot_v3/lesson7_ws/install/rmitbot_description/share/rmitbot_description/local_setup.bash
-- Symlinking: /home/v120506/rmitbot_v3/lesson7_ws/install/rmitbot_description/share/rmitbot_description/local_setup.sh
-- Symlinking: /home/v120506/rmitbot_v3/lesson7_ws/install/rmitbot_description/share/rmitbot_description/local_setup.zsh
-- Symlinking: /home/v120506/rmitbot_v3/lesson7_ws/install/rmitbot_description/share/rmitbot_description/local_setup.dsv
-- Symlinking: /home/v120506/rmitbot_v3/lesson7_ws/install/rmitbot_description/share/rmitbot_description/package.dsv
-- Symlinking: /home/v120506/rmitbot_v3/lesson7_ws/install/rmitbot_description/share/ament_index/resource_index/packages/rmitbot_description
-- Symlinking: /home/v120506/rmitbot_v3/lesson7_ws/install/rmitbot_description/share/rmitbot_description/cmake/rmitbot_descriptionConfig.cmake
-- Symlinking: /home/v120506/rmitbot_v3/lesson7_ws/install/rmitbot_description/share/rmitbot_description/cmake/rmitbot_descriptionConfig-version.cmake
-- Symlinking: /home/v120506/rmitbot_v3/lesson7_ws/install/rmitbot_description/share/rmitbot_description/package.xml
