[0.012s] Invoking command in '/home/v120506/rmitbot_v3/lesson7_ws/build/rmitbot_controller': CMAKE_PREFIX_PATH=${CMAKE_PREFIX_PATH}:/opt/ros/jazzy DEBUGINFOD_URLS=https://debuginfod.ubuntu.com /usr/bin/cmake /home/v120506/rmitbot_v3/lesson7_ws/src/rmitbot_controller -DAMENT_CMAKE_SYMLINK_INSTALL=1 -DCMAKE_INSTALL_PREFIX=/home/v120506/rmitbot_v3/lesson7_ws/install/rmitbot_controller
[0.070s] -- The C compiler identification is GNU 13.3.0
[0.135s] -- The CXX compiler identification is GNU 13.3.0
[0.152s] -- Detecting C compiler ABI info
[0.237s] -- Detecting C compiler ABI info - done
[0.252s] -- Check for working C compiler: /usr/bin/cc - skipped
[0.253s] -- Detecting C compile features
[0.253s] -- Detecting C compile features - done
[0.263s] -- Detecting CXX compiler ABI info
[0.380s] -- Detecting CXX compiler ABI info - done
[0.390s] -- Check for working CXX compiler: /usr/bin/c++ - skipped
[0.391s] -- Detecting CXX compile features
[0.391s] -- Detecting CXX compile features - done
[0.395s] -- Found ament_cmake: 2.5.4 (/opt/ros/jazzy/share/ament_cmake/cmake)
[0.574s] -- Found Python3: /usr/bin/python3 (found version "3.12.3") found components: Interpreter 
[0.666s] -- Override CMake install command with custom implementation using symlinks instead of copying resources
[0.852s] -- Configuring done (0.8s)
[0.856s] -- Generating done (0.0s)
[0.858s] -- Build files have been written to: /home/v120506/rmitbot_v3/lesson7_ws/build/rmitbot_controller
[0.866s] Invoked command in '/home/v120506/rmitbot_v3/lesson7_ws/build/rmitbot_controller' returned '0': CMAKE_PREFIX_PATH=${CMAKE_PREFIX_PATH}:/opt/ros/jazzy DEBUGINFOD_URLS=https://debuginfod.ubuntu.com /usr/bin/cmake /home/v120506/rmitbot_v3/lesson7_ws/src/rmitbot_controller -DAMENT_CMAKE_SYMLINK_INSTALL=1 -DCMAKE_INSTALL_PREFIX=/home/v120506/rmitbot_v3/lesson7_ws/install/rmitbot_controller
[0.867s] Invoking command in '/home/v120506/rmitbot_v3/lesson7_ws/build/rmitbot_controller': CMAKE_PREFIX_PATH=${CMAKE_PREFIX_PATH}:/opt/ros/jazzy DEBUGINFOD_URLS=https://debuginfod.ubuntu.com /usr/bin/cmake --build /home/v120506/rmitbot_v3/lesson7_ws/build/rmitbot_controller -- -j8 -l8
[0.896s] -- Found ament_cmake: 2.5.4 (/opt/ros/jazzy/share/ament_cmake/cmake)
[1.120s] -- Override CMake install command with custom implementation using symlinks instead of copying resources
[1.235s] -- Configuring done (0.3s)
[1.239s] -- Generating done (0.0s)
[1.241s] -- Build files have been written to: /home/v120506/rmitbot_v3/lesson7_ws/build/rmitbot_controller
[1.269s] Invoked command in '/home/v120506/rmitbot_v3/lesson7_ws/build/rmitbot_controller' returned '0': CMAKE_PREFIX_PATH=${CMAKE_PREFIX_PATH}:/opt/ros/jazzy DEBUGINFOD_URLS=https://debuginfod.ubuntu.com /usr/bin/cmake --build /home/v120506/rmitbot_v3/lesson7_ws/build/rmitbot_controller -- -j8 -l8
[1.270s] Invoking command in '/home/v120506/rmitbot_v3/lesson7_ws/build/rmitbot_controller': CMAKE_PREFIX_PATH=${CMAKE_PREFIX_PATH}:/opt/ros/jazzy DEBUGINFOD_URLS=https://debuginfod.ubuntu.com /usr/bin/cmake --install /home/v120506/rmitbot_v3/lesson7_ws/build/rmitbot_controller
[1.277s] -- Install configuration: ""
[1.277s] -- Execute custom install script
[1.278s] -- Symlinking: /home/v120506/rmitbot_v3/lesson7_ws/install/rmitbot_controller/share/rmitbot_controller/launch/controller.launch.py
[1.287s] -- Symlinking: /home/v120506/rmitbot_v3/lesson7_ws/install/rmitbot_controller/share/rmitbot_controller/launch/teleopkeyboard.launch.py
[1.296s] -- Symlinking: /home/v120506/rmitbot_v3/lesson7_ws/install/rmitbot_controller/share/rmitbot_controller/config/rmitbot_controller.yaml
[1.309s] -- Symlinking: /home/v120506/rmitbot_v3/lesson7_ws/install/rmitbot_controller/share/ament_index/resource_index/package_run_dependencies/rmitbot_controller
[1.321s] -- Symlinking: /home/v120506/rmitbot_v3/lesson7_ws/install/rmitbot_controller/share/ament_index/resource_index/parent_prefix_path/rmitbot_controller
[1.329s] -- Symlinking: /home/v120506/rmitbot_v3/lesson7_ws/install/rmitbot_controller/share/rmitbot_controller/environment/ament_prefix_path.sh
[1.339s] -- Symlinking: /home/v120506/rmitbot_v3/lesson7_ws/install/rmitbot_controller/share/rmitbot_controller/environment/ament_prefix_path.dsv
[1.348s] -- Symlinking: /home/v120506/rmitbot_v3/lesson7_ws/install/rmitbot_controller/share/rmitbot_controller/environment/path.sh
[1.356s] -- Symlinking: /home/v120506/rmitbot_v3/lesson7_ws/install/rmitbot_controller/share/rmitbot_controller/environment/path.dsv
[1.365s] -- Symlinking: /home/v120506/rmitbot_v3/lesson7_ws/install/rmitbot_controller/share/rmitbot_controller/local_setup.bash
[1.374s] -- Symlinking: /home/v120506/rmitbot_v3/lesson7_ws/install/rmitbot_controller/share/rmitbot_controller/local_setup.sh
[1.383s] -- Symlinking: /home/v120506/rmitbot_v3/lesson7_ws/install/rmitbot_controller/share/rmitbot_controller/local_setup.zsh
[1.392s] -- Symlinking: /home/v120506/rmitbot_v3/lesson7_ws/install/rmitbot_controller/share/rmitbot_controller/local_setup.dsv
[1.401s] -- Symlinking: /home/v120506/rmitbot_v3/lesson7_ws/install/rmitbot_controller/share/rmitbot_controller/package.dsv
[1.411s] -- Symlinking: /home/v120506/rmitbot_v3/lesson7_ws/install/rmitbot_controller/share/ament_index/resource_index/packages/rmitbot_controller
[1.420s] -- Symlinking: /home/v120506/rmitbot_v3/lesson7_ws/install/rmitbot_controller/share/rmitbot_controller/cmake/rmitbot_controllerConfig.cmake
[1.429s] -- Symlinking: /home/v120506/rmitbot_v3/lesson7_ws/install/rmitbot_controller/share/rmitbot_controller/cmake/rmitbot_controllerConfig-version.cmake
[1.441s] -- Symlinking: /home/v120506/rmitbot_v3/lesson7_ws/install/rmitbot_controller/share/rmitbot_controller/package.xml
[1.452s] Invoked command in '/home/v120506/rmitbot_v3/lesson7_ws/build/rmitbot_controller' returned '0': CMAKE_PREFIX_PATH=${CMAKE_PREFIX_PATH}:/opt/ros/jazzy DEBUGINFOD_URLS=https://debuginfod.ubuntu.com /usr/bin/cmake --install /home/v120506/rmitbot_v3/lesson7_ws/build/rmitbot_controller
