[0.256s] DEBUG:colcon:Command line arguments: ['/usr/bin/colcon', 'build']
[0.256s] DEBUG:colcon:Parsed command line arguments: Namespace(log_base=None, log_level=None, verb_name='build', build_base='build', install_base='install', merge_install=False, symlink_install=False, test_result_base=None, continue_on_error=False, executor='parallel', parallel_workers=4, event_handlers=None, ignore_user_meta=False, metas=['./colcon.meta'], base_paths=['.'], packages_ignore=None, packages_ignore_regex=None, paths=None, packages_up_to=None, packages_up_to_regex=None, packages_above=None, packages_above_and_dependencies=None, packages_above_depth=None, packages_select_by_dep=None, packages_skip_by_dep=None, packages_skip_up_to=None, packages_select_build_failed=False, packages_skip_build_finished=False, packages_select_test_failures=False, packages_skip_test_passed=False, packages_select=None, packages_skip=None, packages_select_regex=None, packages_skip_regex=None, packages_start=None, packages_end=None, allow_overriding=[], cmake_args=None, cmake_target=None, cmake_target_skip_unavailable=False, cmake_clean_cache=False, cmake_clean_first=False, cmake_force_configure=False, ament_cmake_args=None, catkin_cmake_args=None, catkin_skip_building_tests=False, mixin_files=None, mixin=None, verb_parser=<colcon_mixin.mixin.mixin_argument.MixinArgumentDecorator object at 0x7456dc4a12b0>, verb_extension=<colcon_core.verb.build.BuildVerb object at 0x7456dc4a0f20>, main=<bound method BuildVerb.main of <colcon_core.verb.build.BuildVerb object at 0x7456dc4a0f20>>, mixin_verb=('build',))
[0.325s] Level 1:colcon.colcon_core.package_discovery:discover_packages(colcon_meta) check parameters
[0.325s] Level 1:colcon.colcon_core.package_discovery:discover_packages(recursive) check parameters
[0.325s] Level 1:colcon.colcon_core.package_discovery:discover_packages(ignore) check parameters
[0.325s] Level 1:colcon.colcon_core.package_discovery:discover_packages(path) check parameters
[0.325s] Level 1:colcon.colcon_core.package_discovery:discover_packages(colcon_meta) discover
[0.326s] Level 1:colcon.colcon_core.package_discovery:discover_packages(recursive) discover
[0.326s] INFO:colcon.colcon_core.package_discovery:Crawling recursively for packages in '/home/vudinhso/rmitbot_eeet2610_ws/lesson7_ws'
[0.326s] Level 1:colcon.colcon_core.package_identification:_identify(.) by extensions ['ignore', 'ignore_ament_install']
[0.326s] Level 1:colcon.colcon_core.package_identification:_identify(.) by extension 'ignore'
[0.326s] Level 1:colcon.colcon_core.package_identification:_identify(.) by extension 'ignore_ament_install'
[0.326s] Level 1:colcon.colcon_core.package_identification:_identify(.) by extensions ['colcon_pkg']
[0.326s] Level 1:colcon.colcon_core.package_identification:_identify(.) by extension 'colcon_pkg'
[0.326s] Level 1:colcon.colcon_core.package_identification:_identify(.) by extensions ['colcon_meta']
[0.326s] Level 1:colcon.colcon_core.package_identification:_identify(.) by extension 'colcon_meta'
[0.326s] Level 1:colcon.colcon_core.package_identification:_identify(.) by extensions ['ros']
[0.326s] Level 1:colcon.colcon_core.package_identification:_identify(.) by extension 'ros'
[0.358s] Level 1:colcon.colcon_core.package_identification:_identify(.) by extensions ['cmake', 'python']
[0.358s] Level 1:colcon.colcon_core.package_identification:_identify(.) by extension 'cmake'
[0.358s] Level 1:colcon.colcon_core.package_identification:_identify(.) by extension 'python'
[0.358s] Level 1:colcon.colcon_core.package_identification:_identify(.) by extensions ['python_setup_py']
[0.358s] Level 1:colcon.colcon_core.package_identification:_identify(.) by extension 'python_setup_py'
[0.358s] Level 1:colcon.colcon_core.package_identification:_identify(build) by extensions ['ignore', 'ignore_ament_install']
[0.358s] Level 1:colcon.colcon_core.package_identification:_identify(build) by extension 'ignore'
[0.358s] Level 1:colcon.colcon_core.package_identification:_identify(build) ignored
[0.358s] Level 1:colcon.colcon_core.package_identification:_identify(install) by extensions ['ignore', 'ignore_ament_install']
[0.358s] Level 1:colcon.colcon_core.package_identification:_identify(install) by extension 'ignore'
[0.358s] Level 1:colcon.colcon_core.package_identification:_identify(install) ignored
[0.359s] Level 1:colcon.colcon_core.package_identification:_identify(log) by extensions ['ignore', 'ignore_ament_install']
[0.359s] Level 1:colcon.colcon_core.package_identification:_identify(log) by extension 'ignore'
[0.359s] Level 1:colcon.colcon_core.package_identification:_identify(log) ignored
[0.359s] Level 1:colcon.colcon_core.package_identification:_identify(src) by extensions ['ignore', 'ignore_ament_install']
[0.359s] Level 1:colcon.colcon_core.package_identification:_identify(src) by extension 'ignore'
[0.359s] Level 1:colcon.colcon_core.package_identification:_identify(src) by extension 'ignore_ament_install'
[0.359s] Level 1:colcon.colcon_core.package_identification:_identify(src) by extensions ['colcon_pkg']
[0.359s] Level 1:colcon.colcon_core.package_identification:_identify(src) by extension 'colcon_pkg'
[0.359s] Level 1:colcon.colcon_core.package_identification:_identify(src) by extensions ['colcon_meta']
[0.359s] Level 1:colcon.colcon_core.package_identification:_identify(src) by extension 'colcon_meta'
[0.359s] Level 1:colcon.colcon_core.package_identification:_identify(src) by extensions ['ros']
[0.359s] Level 1:colcon.colcon_core.package_identification:_identify(src) by extension 'ros'
[0.359s] Level 1:colcon.colcon_core.package_identification:_identify(src) by extensions ['cmake', 'python']
[0.359s] Level 1:colcon.colcon_core.package_identification:_identify(src) by extension 'cmake'
[0.359s] Level 1:colcon.colcon_core.package_identification:_identify(src) by extension 'python'
[0.359s] Level 1:colcon.colcon_core.package_identification:_identify(src) by extensions ['python_setup_py']
[0.359s] Level 1:colcon.colcon_core.package_identification:_identify(src) by extension 'python_setup_py'
[0.359s] Level 1:colcon.colcon_core.package_identification:_identify(src/rmitbot_bringup) by extensions ['ignore', 'ignore_ament_install']
[0.360s] Level 1:colcon.colcon_core.package_identification:_identify(src/rmitbot_bringup) by extension 'ignore'
[0.360s] Level 1:colcon.colcon_core.package_identification:_identify(src/rmitbot_bringup) by extension 'ignore_ament_install'
[0.360s] Level 1:colcon.colcon_core.package_identification:_identify(src/rmitbot_bringup) by extensions ['colcon_pkg']
[0.360s] Level 1:colcon.colcon_core.package_identification:_identify(src/rmitbot_bringup) by extension 'colcon_pkg'
[0.360s] Level 1:colcon.colcon_core.package_identification:_identify(src/rmitbot_bringup) by extensions ['colcon_meta']
[0.360s] Level 1:colcon.colcon_core.package_identification:_identify(src/rmitbot_bringup) by extension 'colcon_meta'
[0.360s] Level 1:colcon.colcon_core.package_identification:_identify(src/rmitbot_bringup) by extensions ['ros']
[0.360s] Level 1:colcon.colcon_core.package_identification:_identify(src/rmitbot_bringup) by extension 'ros'
[0.364s] DEBUG:colcon.colcon_core.package_identification:Package 'src/rmitbot_bringup' with type 'ros.ament_cmake' and name 'rmitbot_bringup'
[0.364s] Level 1:colcon.colcon_core.package_identification:_identify(src/rmitbot_controller) by extensions ['ignore', 'ignore_ament_install']
[0.365s] Level 1:colcon.colcon_core.package_identification:_identify(src/rmitbot_controller) by extension 'ignore'
[0.365s] Level 1:colcon.colcon_core.package_identification:_identify(src/rmitbot_controller) by extension 'ignore_ament_install'
[0.365s] Level 1:colcon.colcon_core.package_identification:_identify(src/rmitbot_controller) by extensions ['colcon_pkg']
[0.365s] Level 1:colcon.colcon_core.package_identification:_identify(src/rmitbot_controller) by extension 'colcon_pkg'
[0.365s] Level 1:colcon.colcon_core.package_identification:_identify(src/rmitbot_controller) by extensions ['colcon_meta']
[0.365s] Level 1:colcon.colcon_core.package_identification:_identify(src/rmitbot_controller) by extension 'colcon_meta'
[0.365s] Level 1:colcon.colcon_core.package_identification:_identify(src/rmitbot_controller) by extensions ['ros']
[0.365s] Level 1:colcon.colcon_core.package_identification:_identify(src/rmitbot_controller) by extension 'ros'
[0.365s] DEBUG:colcon.colcon_core.package_identification:Package 'src/rmitbot_controller' with type 'ros.ament_cmake' and name 'rmitbot_controller'
[0.365s] Level 1:colcon.colcon_core.package_identification:_identify(src/rmitbot_description) by extensions ['ignore', 'ignore_ament_install']
[0.366s] Level 1:colcon.colcon_core.package_identification:_identify(src/rmitbot_description) by extension 'ignore'
[0.366s] Level 1:colcon.colcon_core.package_identification:_identify(src/rmitbot_description) by extension 'ignore_ament_install'
[0.366s] Level 1:colcon.colcon_core.package_identification:_identify(src/rmitbot_description) by extensions ['colcon_pkg']
[0.366s] Level 1:colcon.colcon_core.package_identification:_identify(src/rmitbot_description) by extension 'colcon_pkg'
[0.366s] Level 1:colcon.colcon_core.package_identification:_identify(src/rmitbot_description) by extensions ['colcon_meta']
[0.366s] Level 1:colcon.colcon_core.package_identification:_identify(src/rmitbot_description) by extension 'colcon_meta'
[0.366s] Level 1:colcon.colcon_core.package_identification:_identify(src/rmitbot_description) by extensions ['ros']
[0.366s] Level 1:colcon.colcon_core.package_identification:_identify(src/rmitbot_description) by extension 'ros'
[0.366s] DEBUG:colcon.colcon_core.package_identification:Package 'src/rmitbot_description' with type 'ros.ament_cmake' and name 'rmitbot_description'
[0.366s] Level 1:colcon.colcon_core.package_identification:_identify(src/rmitbot_firmware) by extensions ['ignore', 'ignore_ament_install']
[0.366s] Level 1:colcon.colcon_core.package_identification:_identify(src/rmitbot_firmware) by extension 'ignore'
[0.366s] Level 1:colcon.colcon_core.package_identification:_identify(src/rmitbot_firmware) by extension 'ignore_ament_install'
[0.367s] Level 1:colcon.colcon_core.package_identification:_identify(src/rmitbot_firmware) by extensions ['colcon_pkg']
[0.367s] Level 1:colcon.colcon_core.package_identification:_identify(src/rmitbot_firmware) by extension 'colcon_pkg'
[0.367s] Level 1:colcon.colcon_core.package_identification:_identify(src/rmitbot_firmware) by extensions ['colcon_meta']
[0.367s] Level 1:colcon.colcon_core.package_identification:_identify(src/rmitbot_firmware) by extension 'colcon_meta'
[0.367s] Level 1:colcon.colcon_core.package_identification:_identify(src/rmitbot_firmware) by extensions ['ros']
[0.367s] Level 1:colcon.colcon_core.package_identification:_identify(src/rmitbot_firmware) by extension 'ros'
[0.368s] DEBUG:colcon.colcon_core.package_identification:Package 'src/rmitbot_firmware' with type 'ros.ament_cmake' and name 'rmitbot_firmware'
[0.368s] Level 1:colcon.colcon_core.package_discovery:discover_packages(recursive) using defaults
[0.368s] Level 1:colcon.colcon_core.package_discovery:discover_packages(ignore) discover
[0.368s] Level 1:colcon.colcon_core.package_discovery:discover_packages(ignore) using defaults
[0.368s] Level 1:colcon.colcon_core.package_discovery:discover_packages(path) discover
[0.368s] Level 1:colcon.colcon_core.package_discovery:discover_packages(path) using defaults
[0.395s] Level 1:colcon.colcon_core.package_discovery:discover_packages(prefix_path) check parameters
[0.396s] Level 1:colcon.colcon_core.package_discovery:discover_packages(prefix_path) discover
[0.400s] DEBUG:colcon.colcon_installed_package_information.package_discovery:Found 4 installed packages in /home/vudinhso/rmitbot_eeet2610_ws/lesson7_ws/install
[0.402s] DEBUG:colcon.colcon_installed_package_information.package_discovery:Found 445 installed packages in /opt/ros/jazzy
[0.403s] Level 1:colcon.colcon_core.package_discovery:discover_packages(prefix_path) using defaults
[0.547s] Level 5:colcon.colcon_core.verb:set package 'rmitbot_bringup' build argument 'cmake_args' from command line to 'None'
[0.547s] Level 5:colcon.colcon_core.verb:set package 'rmitbot_bringup' build argument 'cmake_target' from command line to 'None'
[0.547s] Level 5:colcon.colcon_core.verb:set package 'rmitbot_bringup' build argument 'cmake_target_skip_unavailable' from command line to 'False'
[0.547s] Level 5:colcon.colcon_core.verb:set package 'rmitbot_bringup' build argument 'cmake_clean_cache' from command line to 'False'
[0.547s] Level 5:colcon.colcon_core.verb:set package 'rmitbot_bringup' build argument 'cmake_clean_first' from command line to 'False'
[0.547s] Level 5:colcon.colcon_core.verb:set package 'rmitbot_bringup' build argument 'cmake_force_configure' from command line to 'False'
[0.547s] Level 5:colcon.colcon_core.verb:set package 'rmitbot_bringup' build argument 'ament_cmake_args' from command line to 'None'
[0.547s] Level 5:colcon.colcon_core.verb:set package 'rmitbot_bringup' build argument 'catkin_cmake_args' from command line to 'None'
[0.547s] Level 5:colcon.colcon_core.verb:set package 'rmitbot_bringup' build argument 'catkin_skip_building_tests' from command line to 'False'
[0.547s] DEBUG:colcon.colcon_core.verb:Building package 'rmitbot_bringup' with the following arguments: {'ament_cmake_args': None, 'build_base': '/home/vudinhso/rmitbot_eeet2610_ws/lesson7_ws/build/rmitbot_bringup', 'catkin_cmake_args': None, 'catkin_skip_building_tests': False, 'cmake_args': None, 'cmake_clean_cache': False, 'cmake_clean_first': False, 'cmake_force_configure': False, 'cmake_target': None, 'cmake_target_skip_unavailable': False, 'install_base': '/home/vudinhso/rmitbot_eeet2610_ws/lesson7_ws/install/rmitbot_bringup', 'merge_install': False, 'path': '/home/vudinhso/rmitbot_eeet2610_ws/lesson7_ws/src/rmitbot_bringup', 'symlink_install': False, 'test_result_base': None}
[0.548s] Level 5:colcon.colcon_core.verb:set package 'rmitbot_controller' build argument 'cmake_args' from command line to 'None'
[0.548s] Level 5:colcon.colcon_core.verb:set package 'rmitbot_controller' build argument 'cmake_target' from command line to 'None'
[0.548s] Level 5:colcon.colcon_core.verb:set package 'rmitbot_controller' build argument 'cmake_target_skip_unavailable' from command line to 'False'
[0.548s] Level 5:colcon.colcon_core.verb:set package 'rmitbot_controller' build argument 'cmake_clean_cache' from command line to 'False'
[0.548s] Level 5:colcon.colcon_core.verb:set package 'rmitbot_controller' build argument 'cmake_clean_first' from command line to 'False'
[0.548s] Level 5:colcon.colcon_core.verb:set package 'rmitbot_controller' build argument 'cmake_force_configure' from command line to 'False'
[0.548s] Level 5:colcon.colcon_core.verb:set package 'rmitbot_controller' build argument 'ament_cmake_args' from command line to 'None'
[0.548s] Level 5:colcon.colcon_core.verb:set package 'rmitbot_controller' build argument 'catkin_cmake_args' from command line to 'None'
[0.548s] Level 5:colcon.colcon_core.verb:set package 'rmitbot_controller' build argument 'catkin_skip_building_tests' from command line to 'False'
[0.548s] DEBUG:colcon.colcon_core.verb:Building package 'rmitbot_controller' with the following arguments: {'ament_cmake_args': None, 'build_base': '/home/vudinhso/rmitbot_eeet2610_ws/lesson7_ws/build/rmitbot_controller', 'catkin_cmake_args': None, 'catkin_skip_building_tests': False, 'cmake_args': None, 'cmake_clean_cache': False, 'cmake_clean_first': False, 'cmake_force_configure': False, 'cmake_target': None, 'cmake_target_skip_unavailable': False, 'install_base': '/home/vudinhso/rmitbot_eeet2610_ws/lesson7_ws/install/rmitbot_controller', 'merge_install': False, 'path': '/home/vudinhso/rmitbot_eeet2610_ws/lesson7_ws/src/rmitbot_controller', 'symlink_install': False, 'test_result_base': None}
[0.548s] Level 5:colcon.colcon_core.verb:set package 'rmitbot_description' build argument 'cmake_args' from command line to 'None'
[0.548s] Level 5:colcon.colcon_core.verb:set package 'rmitbot_description' build argument 'cmake_target' from command line to 'None'
[0.548s] Level 5:colcon.colcon_core.verb:set package 'rmitbot_description' build argument 'cmake_target_skip_unavailable' from command line to 'False'
[0.548s] Level 5:colcon.colcon_core.verb:set package 'rmitbot_description' build argument 'cmake_clean_cache' from command line to 'False'
[0.549s] Level 5:colcon.colcon_core.verb:set package 'rmitbot_description' build argument 'cmake_clean_first' from command line to 'False'
[0.549s] Level 5:colcon.colcon_core.verb:set package 'rmitbot_description' build argument 'cmake_force_configure' from command line to 'False'
[0.549s] Level 5:colcon.colcon_core.verb:set package 'rmitbot_description' build argument 'ament_cmake_args' from command line to 'None'
[0.549s] Level 5:colcon.colcon_core.verb:set package 'rmitbot_description' build argument 'catkin_cmake_args' from command line to 'None'
[0.549s] Level 5:colcon.colcon_core.verb:set package 'rmitbot_description' build argument 'catkin_skip_building_tests' from command line to 'False'
[0.549s] DEBUG:colcon.colcon_core.verb:Building package 'rmitbot_description' with the following arguments: {'ament_cmake_args': None, 'build_base': '/home/vudinhso/rmitbot_eeet2610_ws/lesson7_ws/build/rmitbot_description', 'catkin_cmake_args': None, 'catkin_skip_building_tests': False, 'cmake_args': None, 'cmake_clean_cache': False, 'cmake_clean_first': False, 'cmake_force_configure': False, 'cmake_target': None, 'cmake_target_skip_unavailable': False, 'install_base': '/home/vudinhso/rmitbot_eeet2610_ws/lesson7_ws/install/rmitbot_description', 'merge_install': False, 'path': '/home/vudinhso/rmitbot_eeet2610_ws/lesson7_ws/src/rmitbot_description', 'symlink_install': False, 'test_result_base': None}
[0.549s] Level 5:colcon.colcon_core.verb:set package 'rmitbot_firmware' build argument 'cmake_args' from command line to 'None'
[0.549s] Level 5:colcon.colcon_core.verb:set package 'rmitbot_firmware' build argument 'cmake_target' from command line to 'None'
[0.549s] Level 5:colcon.colcon_core.verb:set package 'rmitbot_firmware' build argument 'cmake_target_skip_unavailable' from command line to 'False'
[0.549s] Level 5:colcon.colcon_core.verb:set package 'rmitbot_firmware' build argument 'cmake_clean_cache' from command line to 'False'
[0.549s] Level 5:colcon.colcon_core.verb:set package 'rmitbot_firmware' build argument 'cmake_clean_first' from command line to 'False'
[0.549s] Level 5:colcon.colcon_core.verb:set package 'rmitbot_firmware' build argument 'cmake_force_configure' from command line to 'False'
[0.549s] Level 5:colcon.colcon_core.verb:set package 'rmitbot_firmware' build argument 'ament_cmake_args' from command line to 'None'
[0.549s] Level 5:colcon.colcon_core.verb:set package 'rmitbot_firmware' build argument 'catkin_cmake_args' from command line to 'None'
[0.549s] Level 5:colcon.colcon_core.verb:set package 'rmitbot_firmware' build argument 'catkin_skip_building_tests' from command line to 'False'
[0.549s] DEBUG:colcon.colcon_core.verb:Building package 'rmitbot_firmware' with the following arguments: {'ament_cmake_args': None, 'build_base': '/home/vudinhso/rmitbot_eeet2610_ws/lesson7_ws/build/rmitbot_firmware', 'catkin_cmake_args': None, 'catkin_skip_building_tests': False, 'cmake_args': None, 'cmake_clean_cache': False, 'cmake_clean_first': False, 'cmake_force_configure': False, 'cmake_target': None, 'cmake_target_skip_unavailable': False, 'install_base': '/home/vudinhso/rmitbot_eeet2610_ws/lesson7_ws/install/rmitbot_firmware', 'merge_install': False, 'path': '/home/vudinhso/rmitbot_eeet2610_ws/lesson7_ws/src/rmitbot_firmware', 'symlink_install': False, 'test_result_base': None}
[0.550s] INFO:colcon.colcon_core.executor:Executing jobs using 'parallel' executor
[0.550s] DEBUG:colcon.colcon_parallel_executor.executor.parallel:run_until_complete
[0.551s] INFO:colcon.colcon_ros.task.ament_cmake.build:Building ROS package in '/home/vudinhso/rmitbot_eeet2610_ws/lesson7_ws/src/rmitbot_bringup' with build type 'ament_cmake'
[0.552s] INFO:colcon.colcon_cmake.task.cmake.build:Building CMake package in '/home/vudinhso/rmitbot_eeet2610_ws/lesson7_ws/src/rmitbot_bringup'
[0.561s] INFO:colcon.colcon_core.plugin_system:Skipping extension 'colcon_core.shell.bat': Not used on non-Windows systems
[0.561s] INFO:colcon.colcon_core.shell:Skip shell extension 'powershell' for command environment: Not usable outside of PowerShell
[0.561s] DEBUG:colcon.colcon_core.shell:Skip shell extension 'dsv' for command environment
[0.568s] INFO:colcon.colcon_ros.task.ament_cmake.build:Building ROS package in '/home/vudinhso/rmitbot_eeet2610_ws/lesson7_ws/src/rmitbot_controller' with build type 'ament_cmake'
[0.568s] INFO:colcon.colcon_cmake.task.cmake.build:Building CMake package in '/home/vudinhso/rmitbot_eeet2610_ws/lesson7_ws/src/rmitbot_controller'
[0.569s] INFO:colcon.colcon_core.shell:Skip shell extension 'powershell' for command environment: Not usable outside of PowerShell
[0.569s] DEBUG:colcon.colcon_core.shell:Skip shell extension 'dsv' for command environment
[0.574s] INFO:colcon.colcon_ros.task.ament_cmake.build:Building ROS package in '/home/vudinhso/rmitbot_eeet2610_ws/lesson7_ws/src/rmitbot_description' with build type 'ament_cmake'
[0.574s] INFO:colcon.colcon_cmake.task.cmake.build:Building CMake package in '/home/vudinhso/rmitbot_eeet2610_ws/lesson7_ws/src/rmitbot_description'
[0.574s] INFO:colcon.colcon_core.shell:Skip shell extension 'powershell' for command environment: Not usable outside of PowerShell
[0.575s] DEBUG:colcon.colcon_core.shell:Skip shell extension 'dsv' for command environment
[0.583s] INFO:colcon.colcon_ros.task.ament_cmake.build:Building ROS package in '/home/vudinhso/rmitbot_eeet2610_ws/lesson7_ws/src/rmitbot_firmware' with build type 'ament_cmake'
[0.583s] INFO:colcon.colcon_cmake.task.cmake.build:Building CMake package in '/home/vudinhso/rmitbot_eeet2610_ws/lesson7_ws/src/rmitbot_firmware'
[0.583s] INFO:colcon.colcon_core.shell:Skip shell extension 'powershell' for command environment: Not usable outside of PowerShell
[0.584s] DEBUG:colcon.colcon_core.shell:Skip shell extension 'dsv' for command environment
[0.595s] DEBUG:colcon.colcon_core.event_handler.log_command:Invoking command in '/home/vudinhso/rmitbot_eeet2610_ws/lesson7_ws/build/rmitbot_bringup': CMAKE_PREFIX_PATH=${CMAKE_PREFIX_PATH}:/opt/ros/jazzy DEBUGINFOD_URLS=https://debuginfod.ubuntu.com /usr/bin/cmake --build /home/vudinhso/rmitbot_eeet2610_ws/lesson7_ws/build/rmitbot_bringup -- -j4 -l4
[0.600s] DEBUG:colcon.colcon_core.event_handler.log_command:Invoking command in '/home/vudinhso/rmitbot_eeet2610_ws/lesson7_ws/build/rmitbot_controller': CMAKE_PREFIX_PATH=${CMAKE_PREFIX_PATH}:/opt/ros/jazzy DEBUGINFOD_URLS=https://debuginfod.ubuntu.com /usr/bin/cmake --build /home/vudinhso/rmitbot_eeet2610_ws/lesson7_ws/build/rmitbot_controller -- -j4 -l4
[0.613s] DEBUG:colcon.colcon_core.event_handler.log_command:Invoking command in '/home/vudinhso/rmitbot_eeet2610_ws/lesson7_ws/build/rmitbot_firmware': CMAKE_PREFIX_PATH=${CMAKE_PREFIX_PATH}:/opt/ros/jazzy DEBUGINFOD_URLS=https://debuginfod.ubuntu.com /usr/bin/cmake --build /home/vudinhso/rmitbot_eeet2610_ws/lesson7_ws/build/rmitbot_firmware -- -j4 -l4
[0.616s] DEBUG:colcon.colcon_core.event_handler.log_command:Invoking command in '/home/vudinhso/rmitbot_eeet2610_ws/lesson7_ws/build/rmitbot_description': CMAKE_PREFIX_PATH=${CMAKE_PREFIX_PATH}:/opt/ros/jazzy DEBUGINFOD_URLS=https://debuginfod.ubuntu.com /usr/bin/cmake --build /home/vudinhso/rmitbot_eeet2610_ws/lesson7_ws/build/rmitbot_description -- -j4 -l4
[0.668s] DEBUG:colcon.colcon_core.event_handler.log_command:Invoked command in '/home/vudinhso/rmitbot_eeet2610_ws/lesson7_ws/build/rmitbot_bringup' returned '0': CMAKE_PREFIX_PATH=${CMAKE_PREFIX_PATH}:/opt/ros/jazzy DEBUGINFOD_URLS=https://debuginfod.ubuntu.com /usr/bin/cmake --build /home/vudinhso/rmitbot_eeet2610_ws/lesson7_ws/build/rmitbot_bringup -- -j4 -l4
[0.685s] DEBUG:colcon.colcon_core.event_handler.log_command:Invoking command in '/home/vudinhso/rmitbot_eeet2610_ws/lesson7_ws/build/rmitbot_bringup': CMAKE_PREFIX_PATH=${CMAKE_PREFIX_PATH}:/opt/ros/jazzy DEBUGINFOD_URLS=https://debuginfod.ubuntu.com /usr/bin/cmake --install /home/vudinhso/rmitbot_eeet2610_ws/lesson7_ws/build/rmitbot_bringup
[0.689s] DEBUG:colcon.colcon_core.event_handler.log_command:Invoked command in '/home/vudinhso/rmitbot_eeet2610_ws/lesson7_ws/build/rmitbot_controller' returned '0': CMAKE_PREFIX_PATH=${CMAKE_PREFIX_PATH}:/opt/ros/jazzy DEBUGINFOD_URLS=https://debuginfod.ubuntu.com /usr/bin/cmake --build /home/vudinhso/rmitbot_eeet2610_ws/lesson7_ws/build/rmitbot_controller -- -j4 -l4
[0.693s] DEBUG:colcon.colcon_core.event_handler.log_command:Invoking command in '/home/vudinhso/rmitbot_eeet2610_ws/lesson7_ws/build/rmitbot_controller': CMAKE_PREFIX_PATH=${CMAKE_PREFIX_PATH}:/opt/ros/jazzy DEBUGINFOD_URLS=https://debuginfod.ubuntu.com /usr/bin/cmake --install /home/vudinhso/rmitbot_eeet2610_ws/lesson7_ws/build/rmitbot_controller
[0.695s] DEBUG:colcon.colcon_core.event_handler.log_command:Invoked command in '/home/vudinhso/rmitbot_eeet2610_ws/lesson7_ws/build/rmitbot_description' returned '0': CMAKE_PREFIX_PATH=${CMAKE_PREFIX_PATH}:/opt/ros/jazzy DEBUGINFOD_URLS=https://debuginfod.ubuntu.com /usr/bin/cmake --build /home/vudinhso/rmitbot_eeet2610_ws/lesson7_ws/build/rmitbot_description -- -j4 -l4
[0.697s] DEBUG:colcon.colcon_core.event_handler.log_command:Invoking command in '/home/vudinhso/rmitbot_eeet2610_ws/lesson7_ws/build/rmitbot_description': CMAKE_PREFIX_PATH=${CMAKE_PREFIX_PATH}:/opt/ros/jazzy DEBUGINFOD_URLS=https://debuginfod.ubuntu.com /usr/bin/cmake --install /home/vudinhso/rmitbot_eeet2610_ws/lesson7_ws/build/rmitbot_description
[0.704s] Level 1:colcon.colcon_core.environment:create_environment_scripts_only(rmitbot_bringup)
[0.705s] DEBUG:colcon.colcon_core.event_handler.log_command:Invoked command in '/home/vudinhso/rmitbot_eeet2610_ws/lesson7_ws/build/rmitbot_bringup' returned '0': CMAKE_PREFIX_PATH=${CMAKE_PREFIX_PATH}:/opt/ros/jazzy DEBUGINFOD_URLS=https://debuginfod.ubuntu.com /usr/bin/cmake --install /home/vudinhso/rmitbot_eeet2610_ws/lesson7_ws/build/rmitbot_bringup
[0.718s] Level 1:colcon.colcon_core.environment:checking '/home/vudinhso/rmitbot_eeet2610_ws/lesson7_ws/install/rmitbot_bringup' for CMake module files
[0.718s] Level 1:colcon.colcon_core.environment:checking '/home/vudinhso/rmitbot_eeet2610_ws/lesson7_ws/install/rmitbot_bringup' for CMake config files
[0.718s] Level 1:colcon.colcon_core.shell:create_environment_hook('rmitbot_bringup', 'cmake_prefix_path')
[0.719s] INFO:colcon.colcon_core.shell:Creating environment hook '/home/vudinhso/rmitbot_eeet2610_ws/lesson7_ws/install/rmitbot_bringup/share/rmitbot_bringup/hook/cmake_prefix_path.ps1'
[0.719s] INFO:colcon.colcon_core.shell:Creating environment descriptor '/home/vudinhso/rmitbot_eeet2610_ws/lesson7_ws/install/rmitbot_bringup/share/rmitbot_bringup/hook/cmake_prefix_path.dsv'
[0.720s] INFO:colcon.colcon_core.shell:Creating environment hook '/home/vudinhso/rmitbot_eeet2610_ws/lesson7_ws/install/rmitbot_bringup/share/rmitbot_bringup/hook/cmake_prefix_path.sh'
[0.721s] Level 1:colcon.colcon_core.environment:checking '/home/vudinhso/rmitbot_eeet2610_ws/lesson7_ws/install/rmitbot_bringup/bin'
[0.721s] Level 1:colcon.colcon_core.environment:checking '/home/vudinhso/rmitbot_eeet2610_ws/lesson7_ws/install/rmitbot_bringup/lib/pkgconfig/rmitbot_bringup.pc'
[0.721s] Level 1:colcon.colcon_core.environment:checking '/home/vudinhso/rmitbot_eeet2610_ws/lesson7_ws/install/rmitbot_bringup/lib/python3.12/site-packages'
[0.721s] Level 1:colcon.colcon_core.environment:checking '/home/vudinhso/rmitbot_eeet2610_ws/lesson7_ws/install/rmitbot_bringup/bin'
[0.722s] INFO:colcon.colcon_core.shell:Creating package script '/home/vudinhso/rmitbot_eeet2610_ws/lesson7_ws/install/rmitbot_bringup/share/rmitbot_bringup/package.ps1'
[0.722s] INFO:colcon.colcon_core.shell:Creating package descriptor '/home/vudinhso/rmitbot_eeet2610_ws/lesson7_ws/install/rmitbot_bringup/share/rmitbot_bringup/package.dsv'
[0.723s] INFO:colcon.colcon_core.shell:Creating package script '/home/vudinhso/rmitbot_eeet2610_ws/lesson7_ws/install/rmitbot_bringup/share/rmitbot_bringup/package.sh'
[0.724s] INFO:colcon.colcon_core.shell:Creating package script '/home/vudinhso/rmitbot_eeet2610_ws/lesson7_ws/install/rmitbot_bringup/share/rmitbot_bringup/package.bash'
[0.725s] INFO:colcon.colcon_core.shell:Creating package script '/home/vudinhso/rmitbot_eeet2610_ws/lesson7_ws/install/rmitbot_bringup/share/rmitbot_bringup/package.zsh'
[0.726s] Level 1:colcon.colcon_core.environment:create_file_with_runtime_dependencies(/home/vudinhso/rmitbot_eeet2610_ws/lesson7_ws/install/rmitbot_bringup/share/colcon-core/packages/rmitbot_bringup)
[0.726s] Level 1:colcon.colcon_core.environment:create_environment_scripts_only(rmitbot_bringup)
[0.726s] Level 1:colcon.colcon_core.environment:checking '/home/vudinhso/rmitbot_eeet2610_ws/lesson7_ws/install/rmitbot_bringup' for CMake module files
[0.727s] Level 1:colcon.colcon_core.environment:checking '/home/vudinhso/rmitbot_eeet2610_ws/lesson7_ws/install/rmitbot_bringup' for CMake config files
[0.727s] Level 1:colcon.colcon_core.shell:create_environment_hook('rmitbot_bringup', 'cmake_prefix_path')
[0.727s] INFO:colcon.colcon_core.shell:Creating environment hook '/home/vudinhso/rmitbot_eeet2610_ws/lesson7_ws/install/rmitbot_bringup/share/rmitbot_bringup/hook/cmake_prefix_path.ps1'
[0.728s] INFO:colcon.colcon_core.shell:Creating environment descriptor '/home/vudinhso/rmitbot_eeet2610_ws/lesson7_ws/install/rmitbot_bringup/share/rmitbot_bringup/hook/cmake_prefix_path.dsv'
[0.728s] INFO:colcon.colcon_core.shell:Creating environment hook '/home/vudinhso/rmitbot_eeet2610_ws/lesson7_ws/install/rmitbot_bringup/share/rmitbot_bringup/hook/cmake_prefix_path.sh'
[0.729s] Level 1:colcon.colcon_core.environment:checking '/home/vudinhso/rmitbot_eeet2610_ws/lesson7_ws/install/rmitbot_bringup/bin'
[0.729s] Level 1:colcon.colcon_core.environment:checking '/home/vudinhso/rmitbot_eeet2610_ws/lesson7_ws/install/rmitbot_bringup/lib/pkgconfig/rmitbot_bringup.pc'
[0.730s] Level 1:colcon.colcon_core.environment:checking '/home/vudinhso/rmitbot_eeet2610_ws/lesson7_ws/install/rmitbot_bringup/lib/python3.12/site-packages'
[0.730s] Level 1:colcon.colcon_core.environment:checking '/home/vudinhso/rmitbot_eeet2610_ws/lesson7_ws/install/rmitbot_bringup/bin'
[0.730s] INFO:colcon.colcon_core.shell:Creating package script '/home/vudinhso/rmitbot_eeet2610_ws/lesson7_ws/install/rmitbot_bringup/share/rmitbot_bringup/package.ps1'
[0.731s] INFO:colcon.colcon_core.shell:Creating package descriptor '/home/vudinhso/rmitbot_eeet2610_ws/lesson7_ws/install/rmitbot_bringup/share/rmitbot_bringup/package.dsv'
[0.731s] INFO:colcon.colcon_core.shell:Creating package script '/home/vudinhso/rmitbot_eeet2610_ws/lesson7_ws/install/rmitbot_bringup/share/rmitbot_bringup/package.sh'
[0.732s] INFO:colcon.colcon_core.shell:Creating package script '/home/vudinhso/rmitbot_eeet2610_ws/lesson7_ws/install/rmitbot_bringup/share/rmitbot_bringup/package.bash'
[0.732s] INFO:colcon.colcon_core.shell:Creating package script '/home/vudinhso/rmitbot_eeet2610_ws/lesson7_ws/install/rmitbot_bringup/share/rmitbot_bringup/package.zsh'
[0.733s] Level 1:colcon.colcon_core.environment:create_file_with_runtime_dependencies(/home/vudinhso/rmitbot_eeet2610_ws/lesson7_ws/install/rmitbot_bringup/share/colcon-core/packages/rmitbot_bringup)
[0.734s] Level 1:colcon.colcon_core.environment:create_environment_scripts_only(rmitbot_description)
[0.734s] Level 1:colcon.colcon_core.environment:checking '/home/vudinhso/rmitbot_eeet2610_ws/lesson7_ws/install/rmitbot_description' for CMake module files
[0.739s] DEBUG:colcon.colcon_core.event_handler.log_command:Invoked command in '/home/vudinhso/rmitbot_eeet2610_ws/lesson7_ws/build/rmitbot_description' returned '0': CMAKE_PREFIX_PATH=${CMAKE_PREFIX_PATH}:/opt/ros/jazzy DEBUGINFOD_URLS=https://debuginfod.ubuntu.com /usr/bin/cmake --install /home/vudinhso/rmitbot_eeet2610_ws/lesson7_ws/build/rmitbot_description
[0.740s] Level 1:colcon.colcon_core.environment:checking '/home/vudinhso/rmitbot_eeet2610_ws/lesson7_ws/install/rmitbot_description' for CMake config files
[0.741s] Level 1:colcon.colcon_core.shell:create_environment_hook('rmitbot_description', 'cmake_prefix_path')
[0.741s] INFO:colcon.colcon_core.shell:Creating environment hook '/home/vudinhso/rmitbot_eeet2610_ws/lesson7_ws/install/rmitbot_description/share/rmitbot_description/hook/cmake_prefix_path.ps1'
[0.742s] INFO:colcon.colcon_core.shell:Creating environment descriptor '/home/vudinhso/rmitbot_eeet2610_ws/lesson7_ws/install/rmitbot_description/share/rmitbot_description/hook/cmake_prefix_path.dsv'
[0.743s] INFO:colcon.colcon_core.shell:Creating environment hook '/home/vudinhso/rmitbot_eeet2610_ws/lesson7_ws/install/rmitbot_description/share/rmitbot_description/hook/cmake_prefix_path.sh'
[0.744s] Level 1:colcon.colcon_core.environment:checking '/home/vudinhso/rmitbot_eeet2610_ws/lesson7_ws/install/rmitbot_description/bin'
[0.744s] Level 1:colcon.colcon_core.environment:checking '/home/vudinhso/rmitbot_eeet2610_ws/lesson7_ws/install/rmitbot_description/lib/pkgconfig/rmitbot_description.pc'
[0.744s] Level 1:colcon.colcon_core.environment:checking '/home/vudinhso/rmitbot_eeet2610_ws/lesson7_ws/install/rmitbot_description/lib/python3.12/site-packages'
[0.744s] Level 1:colcon.colcon_core.environment:checking '/home/vudinhso/rmitbot_eeet2610_ws/lesson7_ws/install/rmitbot_description/bin'
[0.745s] INFO:colcon.colcon_core.shell:Creating package script '/home/vudinhso/rmitbot_eeet2610_ws/lesson7_ws/install/rmitbot_description/share/rmitbot_description/package.ps1'
[0.748s] INFO:colcon.colcon_core.shell:Creating package descriptor '/home/vudinhso/rmitbot_eeet2610_ws/lesson7_ws/install/rmitbot_description/share/rmitbot_description/package.dsv'
[0.749s] INFO:colcon.colcon_core.shell:Creating package script '/home/vudinhso/rmitbot_eeet2610_ws/lesson7_ws/install/rmitbot_description/share/rmitbot_description/package.sh'
[0.749s] INFO:colcon.colcon_core.shell:Creating package script '/home/vudinhso/rmitbot_eeet2610_ws/lesson7_ws/install/rmitbot_description/share/rmitbot_description/package.bash'
[0.749s] INFO:colcon.colcon_core.shell:Creating package script '/home/vudinhso/rmitbot_eeet2610_ws/lesson7_ws/install/rmitbot_description/share/rmitbot_description/package.zsh'
[0.750s] Level 1:colcon.colcon_core.environment:create_file_with_runtime_dependencies(/home/vudinhso/rmitbot_eeet2610_ws/lesson7_ws/install/rmitbot_description/share/colcon-core/packages/rmitbot_description)
[0.750s] Level 1:colcon.colcon_core.environment:create_environment_scripts_only(rmitbot_description)
[0.750s] Level 1:colcon.colcon_core.environment:checking '/home/vudinhso/rmitbot_eeet2610_ws/lesson7_ws/install/rmitbot_description' for CMake module files
[0.751s] Level 1:colcon.colcon_core.environment:checking '/home/vudinhso/rmitbot_eeet2610_ws/lesson7_ws/install/rmitbot_description' for CMake config files
[0.751s] Level 1:colcon.colcon_core.shell:create_environment_hook('rmitbot_description', 'cmake_prefix_path')
[0.751s] INFO:colcon.colcon_core.shell:Creating environment hook '/home/vudinhso/rmitbot_eeet2610_ws/lesson7_ws/install/rmitbot_description/share/rmitbot_description/hook/cmake_prefix_path.ps1'
[0.752s] INFO:colcon.colcon_core.shell:Creating environment descriptor '/home/vudinhso/rmitbot_eeet2610_ws/lesson7_ws/install/rmitbot_description/share/rmitbot_description/hook/cmake_prefix_path.dsv'
[0.752s] INFO:colcon.colcon_core.shell:Creating environment hook '/home/vudinhso/rmitbot_eeet2610_ws/lesson7_ws/install/rmitbot_description/share/rmitbot_description/hook/cmake_prefix_path.sh'
[0.753s] Level 1:colcon.colcon_core.environment:checking '/home/vudinhso/rmitbot_eeet2610_ws/lesson7_ws/install/rmitbot_description/bin'
[0.753s] Level 1:colcon.colcon_core.environment:checking '/home/vudinhso/rmitbot_eeet2610_ws/lesson7_ws/install/rmitbot_description/lib/pkgconfig/rmitbot_description.pc'
[0.753s] Level 1:colcon.colcon_core.environment:checking '/home/vudinhso/rmitbot_eeet2610_ws/lesson7_ws/install/rmitbot_description/lib/python3.12/site-packages'
[0.753s] Level 1:colcon.colcon_core.environment:checking '/home/vudinhso/rmitbot_eeet2610_ws/lesson7_ws/install/rmitbot_description/bin'
[0.753s] INFO:colcon.colcon_core.shell:Creating package script '/home/vudinhso/rmitbot_eeet2610_ws/lesson7_ws/install/rmitbot_description/share/rmitbot_description/package.ps1'
[0.754s] INFO:colcon.colcon_core.shell:Creating package descriptor '/home/vudinhso/rmitbot_eeet2610_ws/lesson7_ws/install/rmitbot_description/share/rmitbot_description/package.dsv'
[0.754s] INFO:colcon.colcon_core.shell:Creating package script '/home/vudinhso/rmitbot_eeet2610_ws/lesson7_ws/install/rmitbot_description/share/rmitbot_description/package.sh'
[0.755s] INFO:colcon.colcon_core.shell:Creating package script '/home/vudinhso/rmitbot_eeet2610_ws/lesson7_ws/install/rmitbot_description/share/rmitbot_description/package.bash'
[0.755s] INFO:colcon.colcon_core.shell:Creating package script '/home/vudinhso/rmitbot_eeet2610_ws/lesson7_ws/install/rmitbot_description/share/rmitbot_description/package.zsh'
[0.756s] Level 1:colcon.colcon_core.environment:create_file_with_runtime_dependencies(/home/vudinhso/rmitbot_eeet2610_ws/lesson7_ws/install/rmitbot_description/share/colcon-core/packages/rmitbot_description)
[0.757s] Level 1:colcon.colcon_core.environment:create_environment_scripts_only(rmitbot_controller)
[0.757s] Level 1:colcon.colcon_core.environment:checking '/home/vudinhso/rmitbot_eeet2610_ws/lesson7_ws/install/rmitbot_controller' for CMake module files
[0.758s] DEBUG:colcon.colcon_core.event_handler.log_command:Invoked command in '/home/vudinhso/rmitbot_eeet2610_ws/lesson7_ws/build/rmitbot_controller' returned '0': CMAKE_PREFIX_PATH=${CMAKE_PREFIX_PATH}:/opt/ros/jazzy DEBUGINFOD_URLS=https://debuginfod.ubuntu.com /usr/bin/cmake --install /home/vudinhso/rmitbot_eeet2610_ws/lesson7_ws/build/rmitbot_controller
[0.758s] Level 1:colcon.colcon_core.environment:checking '/home/vudinhso/rmitbot_eeet2610_ws/lesson7_ws/install/rmitbot_controller' for CMake config files
[0.758s] Level 1:colcon.colcon_core.shell:create_environment_hook('rmitbot_controller', 'cmake_prefix_path')
[0.758s] INFO:colcon.colcon_core.shell:Creating environment hook '/home/vudinhso/rmitbot_eeet2610_ws/lesson7_ws/install/rmitbot_controller/share/rmitbot_controller/hook/cmake_prefix_path.ps1'
[0.759s] INFO:colcon.colcon_core.shell:Creating environment descriptor '/home/vudinhso/rmitbot_eeet2610_ws/lesson7_ws/install/rmitbot_controller/share/rmitbot_controller/hook/cmake_prefix_path.dsv'
[0.759s] INFO:colcon.colcon_core.shell:Creating environment hook '/home/vudinhso/rmitbot_eeet2610_ws/lesson7_ws/install/rmitbot_controller/share/rmitbot_controller/hook/cmake_prefix_path.sh'
[0.759s] Level 1:colcon.colcon_core.environment:checking '/home/vudinhso/rmitbot_eeet2610_ws/lesson7_ws/install/rmitbot_controller/bin'
[0.760s] Level 1:colcon.colcon_core.environment:checking '/home/vudinhso/rmitbot_eeet2610_ws/lesson7_ws/install/rmitbot_controller/lib/pkgconfig/rmitbot_controller.pc'
[0.760s] Level 1:colcon.colcon_core.environment:checking '/home/vudinhso/rmitbot_eeet2610_ws/lesson7_ws/install/rmitbot_controller/lib/python3.12/site-packages'
[0.760s] Level 1:colcon.colcon_core.environment:checking '/home/vudinhso/rmitbot_eeet2610_ws/lesson7_ws/install/rmitbot_controller/bin'
[0.760s] INFO:colcon.colcon_core.shell:Creating package script '/home/vudinhso/rmitbot_eeet2610_ws/lesson7_ws/install/rmitbot_controller/share/rmitbot_controller/package.ps1'
[0.760s] INFO:colcon.colcon_core.shell:Creating package descriptor '/home/vudinhso/rmitbot_eeet2610_ws/lesson7_ws/install/rmitbot_controller/share/rmitbot_controller/package.dsv'
[0.761s] INFO:colcon.colcon_core.shell:Creating package script '/home/vudinhso/rmitbot_eeet2610_ws/lesson7_ws/install/rmitbot_controller/share/rmitbot_controller/package.sh'
[0.761s] INFO:colcon.colcon_core.shell:Creating package script '/home/vudinhso/rmitbot_eeet2610_ws/lesson7_ws/install/rmitbot_controller/share/rmitbot_controller/package.bash'
[0.762s] INFO:colcon.colcon_core.shell:Creating package script '/home/vudinhso/rmitbot_eeet2610_ws/lesson7_ws/install/rmitbot_controller/share/rmitbot_controller/package.zsh'
[0.762s] Level 1:colcon.colcon_core.environment:create_file_with_runtime_dependencies(/home/vudinhso/rmitbot_eeet2610_ws/lesson7_ws/install/rmitbot_controller/share/colcon-core/packages/rmitbot_controller)
[0.763s] Level 1:colcon.colcon_core.environment:create_environment_scripts_only(rmitbot_controller)
[0.763s] Level 1:colcon.colcon_core.environment:checking '/home/vudinhso/rmitbot_eeet2610_ws/lesson7_ws/install/rmitbot_controller' for CMake module files
[0.764s] Level 1:colcon.colcon_core.environment:checking '/home/vudinhso/rmitbot_eeet2610_ws/lesson7_ws/install/rmitbot_controller' for CMake config files
[0.765s] Level 1:colcon.colcon_core.shell:create_environment_hook('rmitbot_controller', 'cmake_prefix_path')
[0.765s] INFO:colcon.colcon_core.shell:Creating environment hook '/home/vudinhso/rmitbot_eeet2610_ws/lesson7_ws/install/rmitbot_controller/share/rmitbot_controller/hook/cmake_prefix_path.ps1'
[0.766s] INFO:colcon.colcon_core.shell:Creating environment descriptor '/home/vudinhso/rmitbot_eeet2610_ws/lesson7_ws/install/rmitbot_controller/share/rmitbot_controller/hook/cmake_prefix_path.dsv'
[0.766s] INFO:colcon.colcon_core.shell:Creating environment hook '/home/vudinhso/rmitbot_eeet2610_ws/lesson7_ws/install/rmitbot_controller/share/rmitbot_controller/hook/cmake_prefix_path.sh'
[0.770s] Level 1:colcon.colcon_core.environment:checking '/home/vudinhso/rmitbot_eeet2610_ws/lesson7_ws/install/rmitbot_controller/bin'
[0.770s] Level 1:colcon.colcon_core.environment:checking '/home/vudinhso/rmitbot_eeet2610_ws/lesson7_ws/install/rmitbot_controller/lib/pkgconfig/rmitbot_controller.pc'
[0.770s] Level 1:colcon.colcon_core.environment:checking '/home/vudinhso/rmitbot_eeet2610_ws/lesson7_ws/install/rmitbot_controller/lib/python3.12/site-packages'
[0.770s] Level 1:colcon.colcon_core.environment:checking '/home/vudinhso/rmitbot_eeet2610_ws/lesson7_ws/install/rmitbot_controller/bin'
[0.771s] INFO:colcon.colcon_core.shell:Creating package script '/home/vudinhso/rmitbot_eeet2610_ws/lesson7_ws/install/rmitbot_controller/share/rmitbot_controller/package.ps1'
[0.771s] INFO:colcon.colcon_core.shell:Creating package descriptor '/home/vudinhso/rmitbot_eeet2610_ws/lesson7_ws/install/rmitbot_controller/share/rmitbot_controller/package.dsv'
[0.772s] INFO:colcon.colcon_core.shell:Creating package script '/home/vudinhso/rmitbot_eeet2610_ws/lesson7_ws/install/rmitbot_controller/share/rmitbot_controller/package.sh'
[0.772s] INFO:colcon.colcon_core.shell:Creating package script '/home/vudinhso/rmitbot_eeet2610_ws/lesson7_ws/install/rmitbot_controller/share/rmitbot_controller/package.bash'
[0.773s] INFO:colcon.colcon_core.shell:Creating package script '/home/vudinhso/rmitbot_eeet2610_ws/lesson7_ws/install/rmitbot_controller/share/rmitbot_controller/package.zsh'
[0.773s] Level 1:colcon.colcon_core.environment:create_file_with_runtime_dependencies(/home/vudinhso/rmitbot_eeet2610_ws/lesson7_ws/install/rmitbot_controller/share/colcon-core/packages/rmitbot_controller)
[0.775s] DEBUG:colcon.colcon_core.event_handler.log_command:Invoked command in '/home/vudinhso/rmitbot_eeet2610_ws/lesson7_ws/build/rmitbot_firmware' returned '0': CMAKE_PREFIX_PATH=${CMAKE_PREFIX_PATH}:/opt/ros/jazzy DEBUGINFOD_URLS=https://debuginfod.ubuntu.com /usr/bin/cmake --build /home/vudinhso/rmitbot_eeet2610_ws/lesson7_ws/build/rmitbot_firmware -- -j4 -l4
[0.776s] DEBUG:colcon.colcon_core.event_handler.log_command:Invoking command in '/home/vudinhso/rmitbot_eeet2610_ws/lesson7_ws/build/rmitbot_firmware': CMAKE_PREFIX_PATH=${CMAKE_PREFIX_PATH}:/opt/ros/jazzy DEBUGINFOD_URLS=https://debuginfod.ubuntu.com /usr/bin/cmake --install /home/vudinhso/rmitbot_eeet2610_ws/lesson7_ws/build/rmitbot_firmware
[0.796s] Level 1:colcon.colcon_core.environment:create_environment_scripts_only(rmitbot_firmware)
[0.796s] Level 1:colcon.colcon_core.environment:checking '/home/vudinhso/rmitbot_eeet2610_ws/lesson7_ws/install/rmitbot_firmware' for CMake module files
[0.796s] DEBUG:colcon.colcon_core.event_handler.log_command:Invoked command in '/home/vudinhso/rmitbot_eeet2610_ws/lesson7_ws/build/rmitbot_firmware' returned '0': CMAKE_PREFIX_PATH=${CMAKE_PREFIX_PATH}:/opt/ros/jazzy DEBUGINFOD_URLS=https://debuginfod.ubuntu.com /usr/bin/cmake --install /home/vudinhso/rmitbot_eeet2610_ws/lesson7_ws/build/rmitbot_firmware
[0.797s] Level 1:colcon.colcon_core.environment:checking '/home/vudinhso/rmitbot_eeet2610_ws/lesson7_ws/install/rmitbot_firmware' for CMake config files
[0.797s] Level 1:colcon.colcon_core.shell:create_environment_hook('rmitbot_firmware', 'cmake_prefix_path')
[0.797s] INFO:colcon.colcon_core.shell:Creating environment hook '/home/vudinhso/rmitbot_eeet2610_ws/lesson7_ws/install/rmitbot_firmware/share/rmitbot_firmware/hook/cmake_prefix_path.ps1'
[0.798s] INFO:colcon.colcon_core.shell:Creating environment descriptor '/home/vudinhso/rmitbot_eeet2610_ws/lesson7_ws/install/rmitbot_firmware/share/rmitbot_firmware/hook/cmake_prefix_path.dsv'
[0.798s] INFO:colcon.colcon_core.shell:Creating environment hook '/home/vudinhso/rmitbot_eeet2610_ws/lesson7_ws/install/rmitbot_firmware/share/rmitbot_firmware/hook/cmake_prefix_path.sh'
[0.799s] Level 1:colcon.colcon_core.environment:checking '/home/vudinhso/rmitbot_eeet2610_ws/lesson7_ws/install/rmitbot_firmware/lib'
[0.799s] Level 1:colcon.colcon_core.shell:create_environment_hook('rmitbot_firmware', 'ld_library_path_lib')
[0.799s] INFO:colcon.colcon_core.shell:Creating environment hook '/home/vudinhso/rmitbot_eeet2610_ws/lesson7_ws/install/rmitbot_firmware/share/rmitbot_firmware/hook/ld_library_path_lib.ps1'
[0.800s] INFO:colcon.colcon_core.shell:Creating environment descriptor '/home/vudinhso/rmitbot_eeet2610_ws/lesson7_ws/install/rmitbot_firmware/share/rmitbot_firmware/hook/ld_library_path_lib.dsv'
[0.800s] INFO:colcon.colcon_core.shell:Creating environment hook '/home/vudinhso/rmitbot_eeet2610_ws/lesson7_ws/install/rmitbot_firmware/share/rmitbot_firmware/hook/ld_library_path_lib.sh'
[0.800s] Level 1:colcon.colcon_core.environment:checking '/home/vudinhso/rmitbot_eeet2610_ws/lesson7_ws/install/rmitbot_firmware/bin'
[0.800s] Level 1:colcon.colcon_core.environment:checking '/home/vudinhso/rmitbot_eeet2610_ws/lesson7_ws/install/rmitbot_firmware/lib/pkgconfig/rmitbot_firmware.pc'
[0.801s] Level 1:colcon.colcon_core.environment:checking '/home/vudinhso/rmitbot_eeet2610_ws/lesson7_ws/install/rmitbot_firmware/lib/python3.12/site-packages'
[0.801s] Level 1:colcon.colcon_core.environment:checking '/home/vudinhso/rmitbot_eeet2610_ws/lesson7_ws/install/rmitbot_firmware/bin'
[0.801s] INFO:colcon.colcon_core.shell:Creating package script '/home/vudinhso/rmitbot_eeet2610_ws/lesson7_ws/install/rmitbot_firmware/share/rmitbot_firmware/package.ps1'
[0.802s] INFO:colcon.colcon_core.shell:Creating package descriptor '/home/vudinhso/rmitbot_eeet2610_ws/lesson7_ws/install/rmitbot_firmware/share/rmitbot_firmware/package.dsv'
[0.802s] INFO:colcon.colcon_core.shell:Creating package script '/home/vudinhso/rmitbot_eeet2610_ws/lesson7_ws/install/rmitbot_firmware/share/rmitbot_firmware/package.sh'
[0.803s] INFO:colcon.colcon_core.shell:Creating package script '/home/vudinhso/rmitbot_eeet2610_ws/lesson7_ws/install/rmitbot_firmware/share/rmitbot_firmware/package.bash'
[0.803s] INFO:colcon.colcon_core.shell:Creating package script '/home/vudinhso/rmitbot_eeet2610_ws/lesson7_ws/install/rmitbot_firmware/share/rmitbot_firmware/package.zsh'
[0.804s] Level 1:colcon.colcon_core.environment:create_file_with_runtime_dependencies(/home/vudinhso/rmitbot_eeet2610_ws/lesson7_ws/install/rmitbot_firmware/share/colcon-core/packages/rmitbot_firmware)
[0.804s] Level 1:colcon.colcon_core.environment:create_environment_scripts_only(rmitbot_firmware)
[0.805s] Level 1:colcon.colcon_core.environment:checking '/home/vudinhso/rmitbot_eeet2610_ws/lesson7_ws/install/rmitbot_firmware' for CMake module files
[0.805s] Level 1:colcon.colcon_core.environment:checking '/home/vudinhso/rmitbot_eeet2610_ws/lesson7_ws/install/rmitbot_firmware' for CMake config files
[0.805s] Level 1:colcon.colcon_core.shell:create_environment_hook('rmitbot_firmware', 'cmake_prefix_path')
[0.806s] INFO:colcon.colcon_core.shell:Creating environment hook '/home/vudinhso/rmitbot_eeet2610_ws/lesson7_ws/install/rmitbot_firmware/share/rmitbot_firmware/hook/cmake_prefix_path.ps1'
[0.806s] INFO:colcon.colcon_core.shell:Creating environment descriptor '/home/vudinhso/rmitbot_eeet2610_ws/lesson7_ws/install/rmitbot_firmware/share/rmitbot_firmware/hook/cmake_prefix_path.dsv'
[0.806s] INFO:colcon.colcon_core.shell:Creating environment hook '/home/vudinhso/rmitbot_eeet2610_ws/lesson7_ws/install/rmitbot_firmware/share/rmitbot_firmware/hook/cmake_prefix_path.sh'
[0.807s] Level 1:colcon.colcon_core.environment:checking '/home/vudinhso/rmitbot_eeet2610_ws/lesson7_ws/install/rmitbot_firmware/lib'
[0.807s] Level 1:colcon.colcon_core.shell:create_environment_hook('rmitbot_firmware', 'ld_library_path_lib')
[0.807s] INFO:colcon.colcon_core.shell:Creating environment hook '/home/vudinhso/rmitbot_eeet2610_ws/lesson7_ws/install/rmitbot_firmware/share/rmitbot_firmware/hook/ld_library_path_lib.ps1'
[0.808s] INFO:colcon.colcon_core.shell:Creating environment descriptor '/home/vudinhso/rmitbot_eeet2610_ws/lesson7_ws/install/rmitbot_firmware/share/rmitbot_firmware/hook/ld_library_path_lib.dsv'
[0.808s] INFO:colcon.colcon_core.shell:Creating environment hook '/home/vudinhso/rmitbot_eeet2610_ws/lesson7_ws/install/rmitbot_firmware/share/rmitbot_firmware/hook/ld_library_path_lib.sh'
[0.809s] Level 1:colcon.colcon_core.environment:checking '/home/vudinhso/rmitbot_eeet2610_ws/lesson7_ws/install/rmitbot_firmware/bin'
[0.809s] Level 1:colcon.colcon_core.environment:checking '/home/vudinhso/rmitbot_eeet2610_ws/lesson7_ws/install/rmitbot_firmware/lib/pkgconfig/rmitbot_firmware.pc'
[0.809s] Level 1:colcon.colcon_core.environment:checking '/home/vudinhso/rmitbot_eeet2610_ws/lesson7_ws/install/rmitbot_firmware/lib/python3.12/site-packages'
[0.809s] Level 1:colcon.colcon_core.environment:checking '/home/vudinhso/rmitbot_eeet2610_ws/lesson7_ws/install/rmitbot_firmware/bin'
[0.809s] INFO:colcon.colcon_core.shell:Creating package script '/home/vudinhso/rmitbot_eeet2610_ws/lesson7_ws/install/rmitbot_firmware/share/rmitbot_firmware/package.ps1'
[0.810s] INFO:colcon.colcon_core.shell:Creating package descriptor '/home/vudinhso/rmitbot_eeet2610_ws/lesson7_ws/install/rmitbot_firmware/share/rmitbot_firmware/package.dsv'
[0.810s] INFO:colcon.colcon_core.shell:Creating package script '/home/vudinhso/rmitbot_eeet2610_ws/lesson7_ws/install/rmitbot_firmware/share/rmitbot_firmware/package.sh'
[0.811s] INFO:colcon.colcon_core.shell:Creating package script '/home/vudinhso/rmitbot_eeet2610_ws/lesson7_ws/install/rmitbot_firmware/share/rmitbot_firmware/package.bash'
[0.811s] INFO:colcon.colcon_core.shell:Creating package script '/home/vudinhso/rmitbot_eeet2610_ws/lesson7_ws/install/rmitbot_firmware/share/rmitbot_firmware/package.zsh'
[0.811s] Level 1:colcon.colcon_core.environment:create_file_with_runtime_dependencies(/home/vudinhso/rmitbot_eeet2610_ws/lesson7_ws/install/rmitbot_firmware/share/colcon-core/packages/rmitbot_firmware)
[0.812s] DEBUG:colcon.colcon_parallel_executor.executor.parallel:closing loop
[0.812s] DEBUG:colcon.colcon_parallel_executor.executor.parallel:loop closed
[0.812s] DEBUG:colcon.colcon_parallel_executor.executor.parallel:run_until_complete finished with '0'
[0.812s] DEBUG:colcon.colcon_core.event_reactor:joining thread
[0.826s] INFO:colcon.colcon_core.plugin_system:Skipping extension 'colcon_notification.desktop_notification.terminal_notifier': Not used on non-Darwin systems
[0.827s] INFO:colcon.colcon_core.plugin_system:Skipping extension 'colcon_notification.desktop_notification.win32': Not used on non-Windows systems
[0.827s] INFO:colcon.colcon_notification.desktop_notification:Sending desktop notification using 'notify2'
[0.840s] DEBUG:colcon.colcon_core.event_reactor:joined thread
[0.841s] INFO:colcon.colcon_core.shell:Creating prefix script '/home/vudinhso/rmitbot_eeet2610_ws/lesson7_ws/install/local_setup.ps1'
[0.843s] INFO:colcon.colcon_core.shell:Creating prefix util module '/home/vudinhso/rmitbot_eeet2610_ws/lesson7_ws/install/_local_setup_util_ps1.py'
[0.845s] INFO:colcon.colcon_core.shell:Creating prefix chain script '/home/vudinhso/rmitbot_eeet2610_ws/lesson7_ws/install/setup.ps1'
[0.847s] INFO:colcon.colcon_core.shell:Creating prefix script '/home/vudinhso/rmitbot_eeet2610_ws/lesson7_ws/install/local_setup.sh'
[0.848s] INFO:colcon.colcon_core.shell:Creating prefix util module '/home/vudinhso/rmitbot_eeet2610_ws/lesson7_ws/install/_local_setup_util_sh.py'
[0.849s] INFO:colcon.colcon_core.shell:Creating prefix chain script '/home/vudinhso/rmitbot_eeet2610_ws/lesson7_ws/install/setup.sh'
[0.851s] INFO:colcon.colcon_core.shell:Creating prefix script '/home/vudinhso/rmitbot_eeet2610_ws/lesson7_ws/install/local_setup.bash'
[0.852s] INFO:colcon.colcon_core.shell:Creating prefix chain script '/home/vudinhso/rmitbot_eeet2610_ws/lesson7_ws/install/setup.bash'
[0.871s] INFO:colcon.colcon_core.shell:Creating prefix script '/home/vudinhso/rmitbot_eeet2610_ws/lesson7_ws/install/local_setup.zsh'
[0.873s] INFO:colcon.colcon_core.shell:Creating prefix chain script '/home/vudinhso/rmitbot_eeet2610_ws/lesson7_ws/install/setup.zsh'
