[0.084s] Invoking command in '/home/vudinhso/RMIT_Bot/lesson2_ws/build/rmitbot_description': CMAKE_PREFIX_PATH=${CMAKE_PREFIX_PATH}:/home/vudinhso/RMIT_Bot/lesson1_ws/install/my_first_package:/opt/ros/jazzy DEBUGINFOD_URLS=https://debuginfod.ubuntu.com /usr/bin/cmake --build /home/vudinhso/RMIT_Bot/lesson2_ws/build/rmitbot_description -- -j4 -l4
[0.379s] Invoked command in '/home/vudinhso/RMIT_Bot/lesson2_ws/build/rmitbot_description' returned '0': CMAKE_PREFIX_PATH=${CMAKE_PREFIX_PATH}:/home/vudinhso/RMIT_Bot/lesson1_ws/install/my_first_package:/opt/ros/jazzy DEBUGINFOD_URLS=https://debuginfod.ubuntu.com /usr/bin/cmake --build /home/vudinhso/RMIT_Bot/lesson2_ws/build/rmitbot_description -- -j4 -l4
[0.437s] Invoking command in '/home/vudinhso/RMIT_Bot/lesson2_ws/build/rmitbot_description': CMAKE_PREFIX_PATH=${CMAKE_PREFIX_PATH}:/home/vudinhso/RMIT_Bot/lesson1_ws/install/my_first_package:/opt/ros/jazzy DEBUGINFOD_URLS=https://debuginfod.ubuntu.com /usr/bin/cmake --install /home/vudinhso/RMIT_Bot/lesson2_ws/build/rmitbot_description
[0.516s] -- Install configuration: ""
[0.516s] -- Up-to-date: /home/vudinhso/RMIT_Bot/lesson2_ws/install/rmitbot_description/share/rmitbot_description/meshes
[0.516s] -- Up-to-date: /home/vudinhso/RMIT_Bot/lesson2_ws/install/rmitbot_description/share/rmitbot_description/meshes/wheel_left_link.STL
[0.517s] -- Up-to-date: /home/vudinhso/RMIT_Bot/lesson2_ws/install/rmitbot_description/share/rmitbot_description/meshes/base_link.STL
[0.517s] -- Up-to-date: /home/vudinhso/RMIT_Bot/lesson2_ws/install/rmitbot_description/share/rmitbot_description/meshes/caster_front_link.STL
[0.517s] -- Up-to-date: /home/vudinhso/RMIT_Bot/lesson2_ws/install/rmitbot_description/share/rmitbot_description/meshes/caster_rear_link.STL
[0.517s] -- Up-to-date: /home/vudinhso/RMIT_Bot/lesson2_ws/install/rmitbot_description/share/rmitbot_description/meshes/imu_link.STL
[0.517s] -- Up-to-date: /home/vudinhso/RMIT_Bot/lesson2_ws/install/rmitbot_description/share/rmitbot_description/meshes/wheel_right_link.STL
[0.523s] -- Up-to-date: /home/vudinhso/RMIT_Bot/lesson2_ws/install/rmitbot_description/share/rmitbot_description/urdf
[0.527s] -- Up-to-date: /home/vudinhso/RMIT_Bot/lesson2_ws/install/rmitbot_description/share/rmitbot_description/urdf/my_robot.urdf.xacro
[0.527s] -- Up-to-date: /home/vudinhso/RMIT_Bot/lesson2_ws/install/rmitbot_description/share/rmitbot_description/urdf/my_robot_gazebo.xacro
[0.527s] -- Up-to-date: /home/vudinhso/RMIT_Bot/lesson2_ws/install/rmitbot_description/share/rmitbot_description/launch
[0.529s] -- Up-to-date: /home/vudinhso/RMIT_Bot/lesson2_ws/install/rmitbot_description/share/rmitbot_description/launch/gazebo.launch.py
[0.530s] -- Installing: /home/vudinhso/RMIT_Bot/lesson2_ws/install/rmitbot_description/share/rmitbot_description/launch/display.launch.py
[0.532s] -- Up-to-date: /home/vudinhso/RMIT_Bot/lesson2_ws/install/rmitbot_description/share/rmitbot_description/rviz
[0.548s] -- Up-to-date: /home/vudinhso/RMIT_Bot/lesson2_ws/install/rmitbot_description/share/rmitbot_description/rviz/display.rviz
[0.549s] -- Up-to-date: /home/vudinhso/RMIT_Bot/lesson2_ws/install/rmitbot_description/share/ament_index/resource_index/package_run_dependencies/rmitbot_description
[0.553s] -- Up-to-date: /home/vudinhso/RMIT_Bot/lesson2_ws/install/rmitbot_description/share/ament_index/resource_index/parent_prefix_path/rmitbot_description
[0.553s] -- Up-to-date: /home/vudinhso/RMIT_Bot/lesson2_ws/install/rmitbot_description/share/rmitbot_description/environment/ament_prefix_path.sh
[0.553s] -- Up-to-date: /home/vudinhso/RMIT_Bot/lesson2_ws/install/rmitbot_description/share/rmitbot_description/environment/ament_prefix_path.dsv
[0.553s] -- Up-to-date: /home/vudinhso/RMIT_Bot/lesson2_ws/install/rmitbot_description/share/rmitbot_description/environment/path.sh
[0.553s] -- Up-to-date: /home/vudinhso/RMIT_Bot/lesson2_ws/install/rmitbot_description/share/rmitbot_description/environment/path.dsv
[0.558s] -- Up-to-date: /home/vudinhso/RMIT_Bot/lesson2_ws/install/rmitbot_description/share/rmitbot_description/local_setup.bash
[0.567s] -- Up-to-date: /home/vudinhso/RMIT_Bot/lesson2_ws/install/rmitbot_description/share/rmitbot_description/local_setup.sh
[0.568s] -- Up-to-date: /home/vudinhso/RMIT_Bot/lesson2_ws/install/rmitbot_description/share/rmitbot_description/local_setup.zsh
[0.568s] -- Up-to-date: /home/vudinhso/RMIT_Bot/lesson2_ws/install/rmitbot_description/share/rmitbot_description/local_setup.dsv
[0.568s] -- Up-to-date: /home/vudinhso/RMIT_Bot/lesson2_ws/install/rmitbot_description/share/rmitbot_description/package.dsv
[0.568s] -- Up-to-date: /home/vudinhso/RMIT_Bot/lesson2_ws/install/rmitbot_description/share/ament_index/resource_index/packages/rmitbot_description
[0.569s] -- Up-to-date: /home/vudinhso/RMIT_Bot/lesson2_ws/install/rmitbot_description/share/rmitbot_description/cmake/rmitbot_descriptionConfig.cmake
[0.569s] -- Up-to-date: /home/vudinhso/RMIT_Bot/lesson2_ws/install/rmitbot_description/share/rmitbot_description/cmake/rmitbot_descriptionConfig-version.cmake
[0.569s] -- Up-to-date: /home/vudinhso/RMIT_Bot/lesson2_ws/install/rmitbot_description/share/rmitbot_description/package.xml
[0.569s] Invoked command in '/home/vudinhso/RMIT_Bot/lesson2_ws/build/rmitbot_description' returned '0': CMAKE_PREFIX_PATH=${CMAKE_PREFIX_PATH}:/home/vudinhso/RMIT_Bot/lesson1_ws/install/my_first_package:/opt/ros/jazzy DEBUGINFOD_URLS=https://debuginfod.ubuntu.com /usr/bin/cmake --install /home/vudinhso/RMIT_Bot/lesson2_ws/build/rmitbot_description
