[0.011s] Invoking command in '/home/v120506/rmitbot_v3/lesson2_ws/build/rmitbot_description': CMAKE_PREFIX_PATH=${CMAKE_PREFIX_PATH}:/opt/ros/jazzy DEBUGINFOD_URLS=https://debuginfod.ubuntu.com /usr/bin/cmake /home/v120506/rmitbot_v3/lesson2_ws/src/rmitbot_description -DCMAKE_INSTALL_PREFIX=/home/v120506/rmitbot_v3/lesson2_ws/install/rmitbot_description
[0.065s] -- The C compiler identification is GNU 13.3.0
[0.122s] -- The CXX compiler identification is GNU 13.3.0
[0.138s] -- Detecting C compiler ABI info
[0.219s] -- Detecting C compiler ABI info - done
[0.228s] -- Check for working C compiler: /usr/bin/cc - skipped
[0.229s] -- Detecting C compile features
[0.229s] -- Detecting C compile features - done
[0.238s] -- Detecting CXX compiler ABI info
[0.338s] -- Detecting CXX compiler ABI info - done
[0.350s] -- Check for working CXX compiler: /usr/bin/c++ - skipped
[0.350s] -- Detecting CXX compile features
[0.351s] -- Detecting CXX compile features - done
[0.355s] -- Found ament_cmake: 2.5.4 (/opt/ros/jazzy/share/ament_cmake/cmake)
[0.522s] -- Found Python3: /usr/bin/python3 (found version "3.12.3") found components: Interpreter 
[0.742s] -- Configuring done (0.7s)
[0.746s] -- Generating done (0.0s)
[0.749s] -- Build files have been written to: /home/v120506/rmitbot_v3/lesson2_ws/build/rmitbot_description
[0.756s] Invoked command in '/home/v120506/rmitbot_v3/lesson2_ws/build/rmitbot_description' returned '0': CMAKE_PREFIX_PATH=${CMAKE_PREFIX_PATH}:/opt/ros/jazzy DEBUGINFOD_URLS=https://debuginfod.ubuntu.com /usr/bin/cmake /home/v120506/rmitbot_v3/lesson2_ws/src/rmitbot_description -DCMAKE_INSTALL_PREFIX=/home/v120506/rmitbot_v3/lesson2_ws/install/rmitbot_description
[0.756s] Invoking command in '/home/v120506/rmitbot_v3/lesson2_ws/build/rmitbot_description': CMAKE_PREFIX_PATH=${CMAKE_PREFIX_PATH}:/opt/ros/jazzy DEBUGINFOD_URLS=https://debuginfod.ubuntu.com /usr/bin/cmake --build /home/v120506/rmitbot_v3/lesson2_ws/build/rmitbot_description -- -j8 -l8
[0.793s] Invoked command in '/home/v120506/rmitbot_v3/lesson2_ws/build/rmitbot_description' returned '0': CMAKE_PREFIX_PATH=${CMAKE_PREFIX_PATH}:/opt/ros/jazzy DEBUGINFOD_URLS=https://debuginfod.ubuntu.com /usr/bin/cmake --build /home/v120506/rmitbot_v3/lesson2_ws/build/rmitbot_description -- -j8 -l8
[0.794s] Invoking command in '/home/v120506/rmitbot_v3/lesson2_ws/build/rmitbot_description': CMAKE_PREFIX_PATH=${CMAKE_PREFIX_PATH}:/opt/ros/jazzy DEBUGINFOD_URLS=https://debuginfod.ubuntu.com /usr/bin/cmake --install /home/v120506/rmitbot_v3/lesson2_ws/build/rmitbot_description
[0.803s] -- Install configuration: ""
[0.803s] -- Installing: /home/v120506/rmitbot_v3/lesson2_ws/install/rmitbot_description/share/rmitbot_description/meshes
[0.803s] -- Installing: /home/v120506/rmitbot_v3/lesson2_ws/install/rmitbot_description/share/rmitbot_description/meshes/base_link.STL
[0.810s] -- Installing: /home/v120506/rmitbot_v3/lesson2_ws/install/rmitbot_description/share/rmitbot_description/meshes/caster_front_link.STL
[0.811s] -- Installing: /home/v120506/rmitbot_v3/lesson2_ws/install/rmitbot_description/share/rmitbot_description/meshes/wheel_left_link.STL
[0.811s] -- Installing: /home/v120506/rmitbot_v3/lesson2_ws/install/rmitbot_description/share/rmitbot_description/meshes/wheel_right_link.STL
[0.812s] -- Installing: /home/v120506/rmitbot_v3/lesson2_ws/install/rmitbot_description/share/rmitbot_description/meshes/caster_rear_link.STL
[0.812s] -- Installing: /home/v120506/rmitbot_v3/lesson2_ws/install/rmitbot_description/share/rmitbot_description/meshes/imu_link.STL
[0.812s] -- Installing: /home/v120506/rmitbot_v3/lesson2_ws/install/rmitbot_description/share/rmitbot_description/urdf
[0.812s] -- Installing: /home/v120506/rmitbot_v3/lesson2_ws/install/rmitbot_description/share/rmitbot_description/urdf/rmitbot.urdf.xacro
[0.813s] -- Installing: /home/v120506/rmitbot_v3/lesson2_ws/install/rmitbot_description/share/rmitbot_description/urdf/rmitbot_gazebo.xacro
[0.813s] -- Installing: /home/v120506/rmitbot_v3/lesson2_ws/install/rmitbot_description/share/rmitbot_description/urdf/rmitbot_platform.xacro
[0.813s] -- Installing: /home/v120506/rmitbot_v3/lesson2_ws/install/rmitbot_description/share/rmitbot_description/urdf/rmitbot_ros2_control.xacro
[0.813s] -- Installing: /home/v120506/rmitbot_v3/lesson2_ws/install/rmitbot_description/share/rmitbot_description/launch
[0.813s] -- Installing: /home/v120506/rmitbot_v3/lesson2_ws/install/rmitbot_description/share/rmitbot_description/launch/gazebo.launch.py
[0.813s] -- Installing: /home/v120506/rmitbot_v3/lesson2_ws/install/rmitbot_description/share/rmitbot_description/launch/display.launch.py
[0.813s] -- Installing: /home/v120506/rmitbot_v3/lesson2_ws/install/rmitbot_description/share/rmitbot_description/rviz
[0.813s] -- Installing: /home/v120506/rmitbot_v3/lesson2_ws/install/rmitbot_description/share/rmitbot_description/rviz/display.rviz
[0.813s] -- Installing: /home/v120506/rmitbot_v3/lesson2_ws/install/rmitbot_description/share/ament_index/resource_index/package_run_dependencies/rmitbot_description
[0.813s] -- Installing: /home/v120506/rmitbot_v3/lesson2_ws/install/rmitbot_description/share/ament_index/resource_index/parent_prefix_path/rmitbot_description
[0.813s] -- Installing: /home/v120506/rmitbot_v3/lesson2_ws/install/rmitbot_description/share/rmitbot_description/environment/ament_prefix_path.sh
[0.813s] -- Installing: /home/v120506/rmitbot_v3/lesson2_ws/install/rmitbot_description/share/rmitbot_description/environment/ament_prefix_path.dsv
[0.813s] -- Installing: /home/v120506/rmitbot_v3/lesson2_ws/install/rmitbot_description/share/rmitbot_description/environment/path.sh
[0.813s] -- Installing: /home/v120506/rmitbot_v3/lesson2_ws/install/rmitbot_description/share/rmitbot_description/environment/path.dsv
[0.814s] -- Installing: /home/v120506/rmitbot_v3/lesson2_ws/install/rmitbot_description/share/rmitbot_description/local_setup.bash
[0.814s] -- Installing: /home/v120506/rmitbot_v3/lesson2_ws/install/rmitbot_description/share/rmitbot_description/local_setup.sh
[0.814s] -- Installing: /home/v120506/rmitbot_v3/lesson2_ws/install/rmitbot_description/share/rmitbot_description/local_setup.zsh
[0.814s] -- Installing: /home/v120506/rmitbot_v3/lesson2_ws/install/rmitbot_description/share/rmitbot_description/local_setup.dsv
[0.814s] -- Installing: /home/v120506/rmitbot_v3/lesson2_ws/install/rmitbot_description/share/rmitbot_description/package.dsv
[0.814s] -- Installing: /home/v120506/rmitbot_v3/lesson2_ws/install/rmitbot_description/share/ament_index/resource_index/packages/rmitbot_description
[0.814s] -- Installing: /home/v120506/rmitbot_v3/lesson2_ws/install/rmitbot_description/share/rmitbot_description/cmake/rmitbot_descriptionConfig.cmake
[0.814s] -- Installing: /home/v120506/rmitbot_v3/lesson2_ws/install/rmitbot_description/share/rmitbot_description/cmake/rmitbot_descriptionConfig-version.cmake
[0.814s] -- Installing: /home/v120506/rmitbot_v3/lesson2_ws/install/rmitbot_description/share/rmitbot_description/package.xml
[0.826s] Invoked command in '/home/v120506/rmitbot_v3/lesson2_ws/build/rmitbot_description' returned '0': CMAKE_PREFIX_PATH=${CMAKE_PREFIX_PATH}:/opt/ros/jazzy DEBUGINFOD_URLS=https://debuginfod.ubuntu.com /usr/bin/cmake --install /home/v120506/rmitbot_v3/lesson2_ws/build/rmitbot_description
