[0.011s] Invoking command in '/home/vudinhso/RMIT_Bot/lesson2_ws/build/my_first_urdf': CMAKE_PREFIX_PATH=${CMAKE_PREFIX_PATH}:/opt/ros/jazzy DEBUGINFOD_URLS=https://debuginfod.ubuntu.com /usr/bin/cmake --build /home/vudinhso/RMIT_Bot/lesson2_ws/build/my_first_urdf -- -j4 -l4
[0.046s] -- Found ament_cmake: 2.5.3 (/opt/ros/jazzy/share/ament_cmake/cmake)
[0.306s] -- Found ament_lint_auto: 0.17.2 (/opt/ros/jazzy/share/ament_lint_auto/cmake)
[0.413s] -- Added test 'flake8' to check Python code syntax and style conventions
[0.413s] -- Configured 'flake8' exclude dirs and/or files: 
[0.414s] -- Added test 'lint_cmake' to check CMake code style
[0.414s] -- Added test 'pep257' to check Python code against some of the docstring style conventions in PEP 257
[0.416s] -- Added test 'xmllint' to check XML markup files
[0.417s] -- Configuring done (0.4s)
[0.422s] -- Generating done (0.0s)
[0.425s] -- Build files have been written to: /home/vudinhso/RMIT_Bot/lesson2_ws/build/my_first_urdf
[0.462s] Invoked command in '/home/vudinhso/RMIT_Bot/lesson2_ws/build/my_first_urdf' returned '0': CMAKE_PREFIX_PATH=${CMAKE_PREFIX_PATH}:/opt/ros/jazzy DEBUGINFOD_URLS=https://debuginfod.ubuntu.com /usr/bin/cmake --build /home/vudinhso/RMIT_Bot/lesson2_ws/build/my_first_urdf -- -j4 -l4
[0.476s] Invoking command in '/home/vudinhso/RMIT_Bot/lesson2_ws/build/my_first_urdf': CMAKE_PREFIX_PATH=${CMAKE_PREFIX_PATH}:/opt/ros/jazzy DEBUGINFOD_URLS=https://debuginfod.ubuntu.com /usr/bin/cmake --install /home/vudinhso/RMIT_Bot/lesson2_ws/build/my_first_urdf
[0.486s] -- Install configuration: ""
[0.486s] -- Up-to-date: /home/vudinhso/RMIT_Bot/lesson2_ws/install/my_first_urdf/share/my_first_urdf/meshes
[0.486s] -- Up-to-date: /home/vudinhso/RMIT_Bot/lesson2_ws/install/my_first_urdf/share/my_first_urdf/meshes/wheel_left_link.STL
[0.486s] -- Up-to-date: /home/vudinhso/RMIT_Bot/lesson2_ws/install/my_first_urdf/share/my_first_urdf/meshes/base_link.STL
[0.486s] -- Up-to-date: /home/vudinhso/RMIT_Bot/lesson2_ws/install/my_first_urdf/share/my_first_urdf/meshes/caster_front_link.STL
[0.486s] -- Up-to-date: /home/vudinhso/RMIT_Bot/lesson2_ws/install/my_first_urdf/share/my_first_urdf/meshes/caster_rear_link.STL
[0.486s] -- Up-to-date: /home/vudinhso/RMIT_Bot/lesson2_ws/install/my_first_urdf/share/my_first_urdf/meshes/imu_link.STL
[0.486s] -- Up-to-date: /home/vudinhso/RMIT_Bot/lesson2_ws/install/my_first_urdf/share/my_first_urdf/meshes/wheel_right_link.STL
[0.486s] -- Up-to-date: /home/vudinhso/RMIT_Bot/lesson2_ws/install/my_first_urdf/share/my_first_urdf/urdf
[0.487s] -- Up-to-date: /home/vudinhso/RMIT_Bot/lesson2_ws/install/my_first_urdf/share/my_first_urdf/urdf/my_robot.urdf.xacro
[0.487s] -- Installing: /home/vudinhso/RMIT_Bot/lesson2_ws/install/my_first_urdf/share/my_first_urdf/launch
[0.487s] -- Installing: /home/vudinhso/RMIT_Bot/lesson2_ws/install/my_first_urdf/share/my_first_urdf/launch/display.launch.py
[0.487s] -- Installing: /home/vudinhso/RMIT_Bot/lesson2_ws/install/my_first_urdf/share/my_first_urdf/rviz
[0.487s] -- Installing: /home/vudinhso/RMIT_Bot/lesson2_ws/install/my_first_urdf/share/my_first_urdf/rviz/display.rviz
[0.487s] -- Installing: /home/vudinhso/RMIT_Bot/lesson2_ws/install/my_first_urdf/share/ament_index/resource_index/package_run_dependencies/my_first_urdf
[0.488s] -- Installing: /home/vudinhso/RMIT_Bot/lesson2_ws/install/my_first_urdf/share/ament_index/resource_index/parent_prefix_path/my_first_urdf
[0.488s] -- Up-to-date: /home/vudinhso/RMIT_Bot/lesson2_ws/install/my_first_urdf/share/my_first_urdf/environment/ament_prefix_path.sh
[0.488s] -- Up-to-date: /home/vudinhso/RMIT_Bot/lesson2_ws/install/my_first_urdf/share/my_first_urdf/environment/ament_prefix_path.dsv
[0.488s] -- Up-to-date: /home/vudinhso/RMIT_Bot/lesson2_ws/install/my_first_urdf/share/my_first_urdf/environment/path.sh
[0.488s] -- Up-to-date: /home/vudinhso/RMIT_Bot/lesson2_ws/install/my_first_urdf/share/my_first_urdf/environment/path.dsv
[0.488s] -- Up-to-date: /home/vudinhso/RMIT_Bot/lesson2_ws/install/my_first_urdf/share/my_first_urdf/local_setup.bash
[0.488s] -- Up-to-date: /home/vudinhso/RMIT_Bot/lesson2_ws/install/my_first_urdf/share/my_first_urdf/local_setup.sh
[0.489s] -- Up-to-date: /home/vudinhso/RMIT_Bot/lesson2_ws/install/my_first_urdf/share/my_first_urdf/local_setup.zsh
[0.489s] -- Up-to-date: /home/vudinhso/RMIT_Bot/lesson2_ws/install/my_first_urdf/share/my_first_urdf/local_setup.dsv
[0.489s] -- Up-to-date: /home/vudinhso/RMIT_Bot/lesson2_ws/install/my_first_urdf/share/my_first_urdf/package.dsv
[0.489s] -- Up-to-date: /home/vudinhso/RMIT_Bot/lesson2_ws/install/my_first_urdf/share/ament_index/resource_index/packages/my_first_urdf
[0.489s] -- Up-to-date: /home/vudinhso/RMIT_Bot/lesson2_ws/install/my_first_urdf/share/my_first_urdf/cmake/my_first_urdfConfig.cmake
[0.489s] -- Up-to-date: /home/vudinhso/RMIT_Bot/lesson2_ws/install/my_first_urdf/share/my_first_urdf/cmake/my_first_urdfConfig-version.cmake
[0.489s] -- Installing: /home/vudinhso/RMIT_Bot/lesson2_ws/install/my_first_urdf/share/my_first_urdf/package.xml
[0.492s] Invoked command in '/home/vudinhso/RMIT_Bot/lesson2_ws/build/my_first_urdf' returned '0': CMAKE_PREFIX_PATH=${CMAKE_PREFIX_PATH}:/opt/ros/jazzy DEBUGINFOD_URLS=https://debuginfod.ubuntu.com /usr/bin/cmake --install /home/vudinhso/RMIT_Bot/lesson2_ws/build/my_first_urdf
