[0.025s] Invoking command in '/home/v120506/rmitbot_v4/lesson9_ws/build/rmitbot_mapping': CMAKE_PREFIX_PATH=${CMAKE_PREFIX_PATH}:/opt/ros/jazzy DEBUGINFOD_URLS=https://debuginfod.ubuntu.com /usr/bin/cmake /home/v120506/rmitbot_v4/lesson9_ws/src/rmitbot_mapping -DCMAKE_INSTALL_PREFIX=/home/v120506/rmitbot_v4/lesson9_ws/install/rmitbot_mapping
[0.126s] -- The C compiler identification is GNU 13.3.0
[0.212s] -- The CXX compiler identification is GNU 13.3.0
[0.236s] -- Detecting C compiler ABI info
[0.376s] -- Detecting C compiler ABI info - done
[0.395s] -- Check for working C compiler: /usr/bin/cc - skipped
[0.395s] -- Detecting C compile features
[0.396s] -- Detecting C compile features - done
[0.419s] -- Detecting CXX compiler ABI info
[0.625s] -- Detecting CXX compiler ABI info - done
[0.650s] -- Check for working CXX compiler: /usr/bin/c++ - skipped
[0.651s] -- Detecting CXX compile features
[0.652s] -- Detecting CXX compile features - done
[0.664s] -- Found ament_cmake: 2.5.4 (/opt/ros/jazzy/share/ament_cmake/cmake)
[0.967s] -- Found Python3: /usr/bin/python3 (found version "3.12.3") found components: Interpreter 
[1.354s] -- Configuring done (1.3s)
[1.360s] -- Generating done (0.0s)
[1.368s] -- Build files have been written to: /home/v120506/rmitbot_v4/lesson9_ws/build/rmitbot_mapping
[1.377s] Invoked command in '/home/v120506/rmitbot_v4/lesson9_ws/build/rmitbot_mapping' returned '0': CMAKE_PREFIX_PATH=${CMAKE_PREFIX_PATH}:/opt/ros/jazzy DEBUGINFOD_URLS=https://debuginfod.ubuntu.com /usr/bin/cmake /home/v120506/rmitbot_v4/lesson9_ws/src/rmitbot_mapping -DCMAKE_INSTALL_PREFIX=/home/v120506/rmitbot_v4/lesson9_ws/install/rmitbot_mapping
[1.378s] Invoking command in '/home/v120506/rmitbot_v4/lesson9_ws/build/rmitbot_mapping': CMAKE_PREFIX_PATH=${CMAKE_PREFIX_PATH}:/opt/ros/jazzy DEBUGINFOD_URLS=https://debuginfod.ubuntu.com /usr/bin/cmake --build /home/v120506/rmitbot_v4/lesson9_ws/build/rmitbot_mapping -- -j8 -l8
[1.440s] Invoked command in '/home/v120506/rmitbot_v4/lesson9_ws/build/rmitbot_mapping' returned '0': CMAKE_PREFIX_PATH=${CMAKE_PREFIX_PATH}:/opt/ros/jazzy DEBUGINFOD_URLS=https://debuginfod.ubuntu.com /usr/bin/cmake --build /home/v120506/rmitbot_v4/lesson9_ws/build/rmitbot_mapping -- -j8 -l8
[1.441s] Invoking command in '/home/v120506/rmitbot_v4/lesson9_ws/build/rmitbot_mapping': CMAKE_PREFIX_PATH=${CMAKE_PREFIX_PATH}:/opt/ros/jazzy DEBUGINFOD_URLS=https://debuginfod.ubuntu.com /usr/bin/cmake --install /home/v120506/rmitbot_v4/lesson9_ws/build/rmitbot_mapping
[1.455s] -- Install configuration: ""
[1.455s] -- Installing: /home/v120506/rmitbot_v4/lesson9_ws/install/rmitbot_mapping/share/rmitbot_mapping/launch
[1.459s] -- Installing: /home/v120506/rmitbot_v4/lesson9_ws/install/rmitbot_mapping/share/rmitbot_mapping/launch/rplidar.launch.py
[1.459s] -- Installing: /home/v120506/rmitbot_v4/lesson9_ws/install/rmitbot_mapping/share/rmitbot_mapping/launch/slam.launch.py
[1.460s] -- Installing: /home/v120506/rmitbot_v4/lesson9_ws/install/rmitbot_mapping/share/rmitbot_mapping/config
[1.460s] -- Installing: /home/v120506/rmitbot_v4/lesson9_ws/install/rmitbot_mapping/share/rmitbot_mapping/config/slam.yaml
[1.460s] -- Installing: /home/v120506/rmitbot_v4/lesson9_ws/install/rmitbot_mapping/share/ament_index/resource_index/package_run_dependencies/rmitbot_mapping
[1.460s] -- Installing: /home/v120506/rmitbot_v4/lesson9_ws/install/rmitbot_mapping/share/ament_index/resource_index/parent_prefix_path/rmitbot_mapping
[1.460s] -- Installing: /home/v120506/rmitbot_v4/lesson9_ws/install/rmitbot_mapping/share/rmitbot_mapping/environment/ament_prefix_path.sh
[1.460s] -- Installing: /home/v120506/rmitbot_v4/lesson9_ws/install/rmitbot_mapping/share/rmitbot_mapping/environment/ament_prefix_path.dsv
[1.461s] -- Installing: /home/v120506/rmitbot_v4/lesson9_ws/install/rmitbot_mapping/share/rmitbot_mapping/environment/path.sh
[1.461s] -- Installing: /home/v120506/rmitbot_v4/lesson9_ws/install/rmitbot_mapping/share/rmitbot_mapping/environment/path.dsv
[1.461s] -- Installing: /home/v120506/rmitbot_v4/lesson9_ws/install/rmitbot_mapping/share/rmitbot_mapping/local_setup.bash
[1.461s] -- Installing: /home/v120506/rmitbot_v4/lesson9_ws/install/rmitbot_mapping/share/rmitbot_mapping/local_setup.sh
[1.461s] -- Installing: /home/v120506/rmitbot_v4/lesson9_ws/install/rmitbot_mapping/share/rmitbot_mapping/local_setup.zsh
[1.461s] -- Installing: /home/v120506/rmitbot_v4/lesson9_ws/install/rmitbot_mapping/share/rmitbot_mapping/local_setup.dsv
[1.461s] -- Installing: /home/v120506/rmitbot_v4/lesson9_ws/install/rmitbot_mapping/share/rmitbot_mapping/package.dsv
[1.461s] -- Installing: /home/v120506/rmitbot_v4/lesson9_ws/install/rmitbot_mapping/share/ament_index/resource_index/packages/rmitbot_mapping
[1.461s] -- Installing: /home/v120506/rmitbot_v4/lesson9_ws/install/rmitbot_mapping/share/rmitbot_mapping/cmake/rmitbot_mappingConfig.cmake
[1.461s] -- Installing: /home/v120506/rmitbot_v4/lesson9_ws/install/rmitbot_mapping/share/rmitbot_mapping/cmake/rmitbot_mappingConfig-version.cmake
[1.462s] -- Installing: /home/v120506/rmitbot_v4/lesson9_ws/install/rmitbot_mapping/share/rmitbot_mapping/package.xml
[1.485s] Invoked command in '/home/v120506/rmitbot_v4/lesson9_ws/build/rmitbot_mapping' returned '0': CMAKE_PREFIX_PATH=${CMAKE_PREFIX_PATH}:/opt/ros/jazzy DEBUGINFOD_URLS=https://debuginfod.ubuntu.com /usr/bin/cmake --install /home/v120506/rmitbot_v4/lesson9_ws/build/rmitbot_mapping
