[0.014s] Invoking command in '/home/v120506/rmitbot_v3/lesson7_ws/build/rmitbot_firmware': CMAKE_PREFIX_PATH=${CMAKE_PREFIX_PATH}:/opt/ros/jazzy DEBUGINFOD_URLS=https://debuginfod.ubuntu.com /usr/bin/cmake /home/v120506/rmitbot_v3/lesson7_ws/src/rmitbot_firmware -DCMAKE_INSTALL_PREFIX=/home/v120506/rmitbot_v3/lesson7_ws/install/rmitbot_firmware
[0.026s] -- Found ament_cmake: 2.5.4 (/opt/ros/jazzy/share/ament_cmake/cmake)
[0.260s] -- Override CMake install command with custom implementation using symlinks instead of copying resources
[0.269s] -- Found rclcpp: 28.1.11 (/opt/ros/jazzy/share/rclcpp/cmake)
[0.299s] -- Found rosidl_generator_c: 4.6.6 (/opt/ros/jazzy/share/rosidl_generator_c/cmake)
[0.309s] -- Found rosidl_generator_cpp: 4.6.6 (/opt/ros/jazzy/share/rosidl_generator_cpp/cmake)
[0.322s] -- Using all available rosidl_typesupport_c: rosidl_typesupport_fastrtps_c;rosidl_typesupport_introspection_c
[0.342s] -- Using all available rosidl_typesupport_cpp: rosidl_typesupport_fastrtps_cpp;rosidl_typesupport_introspection_cpp
[0.418s] -- Found rmw_implementation_cmake: 7.3.2 (/opt/ros/jazzy/share/rmw_implementation_cmake/cmake)
[0.420s] -- Found rmw_fastrtps_cpp: 8.4.3 (/opt/ros/jazzy/share/rmw_fastrtps_cpp/cmake)
[0.504s] -- Using RMW implementation 'rmw_fastrtps_cpp' as default
[0.577s] -- Found std_msgs: 5.3.6 (/opt/ros/jazzy/share/std_msgs/cmake)
[0.592s] -- Found hardware_interface: 4.35.0 (/opt/ros/jazzy/share/hardware_interface/cmake)
[0.947s] -- Configuring done (0.9s)
[0.963s] -- Generating done (0.0s)
[0.967s] -- Build files have been written to: /home/v120506/rmitbot_v3/lesson7_ws/build/rmitbot_firmware
[0.974s] Invoked command in '/home/v120506/rmitbot_v3/lesson7_ws/build/rmitbot_firmware' returned '0': CMAKE_PREFIX_PATH=${CMAKE_PREFIX_PATH}:/opt/ros/jazzy DEBUGINFOD_URLS=https://debuginfod.ubuntu.com /usr/bin/cmake /home/v120506/rmitbot_v3/lesson7_ws/src/rmitbot_firmware -DCMAKE_INSTALL_PREFIX=/home/v120506/rmitbot_v3/lesson7_ws/install/rmitbot_firmware
[0.975s] Invoking command in '/home/v120506/rmitbot_v3/lesson7_ws/build/rmitbot_firmware': CMAKE_PREFIX_PATH=${CMAKE_PREFIX_PATH}:/opt/ros/jazzy DEBUGINFOD_URLS=https://debuginfod.ubuntu.com /usr/bin/cmake --build /home/v120506/rmitbot_v3/lesson7_ws/build/rmitbot_firmware -- -j8 -l8
[1.024s] [100%] Built target rmitbot_firmware
[1.033s] Invoked command in '/home/v120506/rmitbot_v3/lesson7_ws/build/rmitbot_firmware' returned '0': CMAKE_PREFIX_PATH=${CMAKE_PREFIX_PATH}:/opt/ros/jazzy DEBUGINFOD_URLS=https://debuginfod.ubuntu.com /usr/bin/cmake --build /home/v120506/rmitbot_v3/lesson7_ws/build/rmitbot_firmware -- -j8 -l8
[1.033s] Invoking command in '/home/v120506/rmitbot_v3/lesson7_ws/build/rmitbot_firmware': CMAKE_PREFIX_PATH=${CMAKE_PREFIX_PATH}:/opt/ros/jazzy DEBUGINFOD_URLS=https://debuginfod.ubuntu.com /usr/bin/cmake --install /home/v120506/rmitbot_v3/lesson7_ws/build/rmitbot_firmware
[1.039s] -- Install configuration: ""
[1.040s] -- Execute custom install script
[1.040s] -- Up-to-date symlink: /home/v120506/rmitbot_v3/lesson7_ws/install/rmitbot_firmware/share/rmitbot_firmware//rmitbot_interface.xml
[1.040s] -- Up-to-date symlink: /home/v120506/rmitbot_v3/lesson7_ws/install/rmitbot_firmware/lib/librmitbot_firmware.so
[1.040s] -- Up-to-date symlink: /home/v120506/rmitbot_v3/lesson7_ws/install/rmitbot_firmware/include/rmitbot_firmware/rmitbot_interface.hpp
[1.041s] -- Up-to-date symlink: /home/v120506/rmitbot_v3/lesson7_ws/install/rmitbot_firmware/share/rmitbot_firmware/launch/hardware.launch.py
[1.041s] -- Up-to-date symlink: /home/v120506/rmitbot_v3/lesson7_ws/install/rmitbot_firmware/share/rmitbot_firmware/environment/library_path.sh
[1.041s] -- Up-to-date symlink: /home/v120506/rmitbot_v3/lesson7_ws/install/rmitbot_firmware/share/rmitbot_firmware/environment/library_path.dsv
[1.041s] -- Up-to-date symlink: /home/v120506/rmitbot_v3/lesson7_ws/install/rmitbot_firmware/share/ament_index/resource_index/package_run_dependencies/rmitbot_firmware
[1.041s] -- Up-to-date symlink: /home/v120506/rmitbot_v3/lesson7_ws/install/rmitbot_firmware/share/ament_index/resource_index/parent_prefix_path/rmitbot_firmware
[1.041s] -- Up-to-date symlink: /home/v120506/rmitbot_v3/lesson7_ws/install/rmitbot_firmware/share/rmitbot_firmware/environment/ament_prefix_path.sh
[1.041s] -- Up-to-date symlink: /home/v120506/rmitbot_v3/lesson7_ws/install/rmitbot_firmware/share/rmitbot_firmware/environment/ament_prefix_path.dsv
[1.041s] -- Up-to-date symlink: /home/v120506/rmitbot_v3/lesson7_ws/install/rmitbot_firmware/share/rmitbot_firmware/environment/path.sh
[1.042s] -- Up-to-date symlink: /home/v120506/rmitbot_v3/lesson7_ws/install/rmitbot_firmware/share/rmitbot_firmware/environment/path.dsv
[1.042s] -- Up-to-date symlink: /home/v120506/rmitbot_v3/lesson7_ws/install/rmitbot_firmware/share/rmitbot_firmware/local_setup.bash
[1.042s] -- Up-to-date symlink: /home/v120506/rmitbot_v3/lesson7_ws/install/rmitbot_firmware/share/rmitbot_firmware/local_setup.sh
[1.042s] -- Up-to-date symlink: /home/v120506/rmitbot_v3/lesson7_ws/install/rmitbot_firmware/share/rmitbot_firmware/local_setup.zsh
[1.042s] -- Up-to-date symlink: /home/v120506/rmitbot_v3/lesson7_ws/install/rmitbot_firmware/share/rmitbot_firmware/local_setup.dsv
[1.042s] -- Symlinking: /home/v120506/rmitbot_v3/lesson7_ws/install/rmitbot_firmware/share/rmitbot_firmware/package.dsv
[1.050s] -- Up-to-date symlink: /home/v120506/rmitbot_v3/lesson7_ws/install/rmitbot_firmware/share/ament_index/resource_index/packages/rmitbot_firmware
[1.050s] -- Up-to-date symlink: /home/v120506/rmitbot_v3/lesson7_ws/install/rmitbot_firmware/share/ament_index/resource_index/hardware_interface__pluginlib__plugin/rmitbot_firmware
[1.050s] -- Up-to-date symlink: /home/v120506/rmitbot_v3/lesson7_ws/install/rmitbot_firmware/share/rmitbot_firmware/cmake/ament_cmake_export_include_directories-extras.cmake
[1.050s] -- Up-to-date symlink: /home/v120506/rmitbot_v3/lesson7_ws/install/rmitbot_firmware/share/rmitbot_firmware/cmake/ament_cmake_export_libraries-extras.cmake
[1.051s] -- Up-to-date symlink: /home/v120506/rmitbot_v3/lesson7_ws/install/rmitbot_firmware/share/rmitbot_firmware/cmake/ament_cmake_export_dependencies-extras.cmake
[1.051s] -- Up-to-date symlink: /home/v120506/rmitbot_v3/lesson7_ws/install/rmitbot_firmware/share/rmitbot_firmware/cmake/rmitbot_firmwareConfig.cmake
[1.051s] -- Up-to-date symlink: /home/v120506/rmitbot_v3/lesson7_ws/install/rmitbot_firmware/share/rmitbot_firmware/cmake/rmitbot_firmwareConfig-version.cmake
[1.051s] -- Up-to-date symlink: /home/v120506/rmitbot_v3/lesson7_ws/install/rmitbot_firmware/share/rmitbot_firmware/package.xml
[1.053s] Invoked command in '/home/v120506/rmitbot_v3/lesson7_ws/build/rmitbot_firmware' returned '0': CMAKE_PREFIX_PATH=${CMAKE_PREFIX_PATH}:/opt/ros/jazzy DEBUGINFOD_URLS=https://debuginfod.ubuntu.com /usr/bin/cmake --install /home/v120506/rmitbot_v3/lesson7_ws/build/rmitbot_firmware
