[0.011s] Invoking command in '/home/v120506/rmitbot_v3/lesson7_ws/build/rmitbot_description': CMAKE_PREFIX_PATH=${CMAKE_PREFIX_PATH}:/opt/ros/jazzy DEBUGINFOD_URLS=https://debuginfod.ubuntu.com /usr/bin/cmake /home/v120506/rmitbot_v3/lesson7_ws/src/rmitbot_description -DCMAKE_INSTALL_PREFIX=/home/v120506/rmitbot_v3/lesson7_ws/install/rmitbot_description
[0.024s] -- Found ament_cmake: 2.5.4 (/opt/ros/jazzy/share/ament_cmake/cmake)
[0.248s] -- Override CMake install command with custom implementation using symlinks instead of copying resources
[0.360s] -- Configuring done (0.3s)
[0.363s] -- Generating done (0.0s)
[0.364s] -- Build files have been written to: /home/v120506/rmitbot_v3/lesson7_ws/build/rmitbot_description
[0.368s] Invoked command in '/home/v120506/rmitbot_v3/lesson7_ws/build/rmitbot_description' returned '0': CMAKE_PREFIX_PATH=${CMAKE_PREFIX_PATH}:/opt/ros/jazzy DEBUGINFOD_URLS=https://debuginfod.ubuntu.com /usr/bin/cmake /home/v120506/rmitbot_v3/lesson7_ws/src/rmitbot_description -DCMAKE_INSTALL_PREFIX=/home/v120506/rmitbot_v3/lesson7_ws/install/rmitbot_description
[0.369s] Invoking command in '/home/v120506/rmitbot_v3/lesson7_ws/build/rmitbot_description': CMAKE_PREFIX_PATH=${CMAKE_PREFIX_PATH}:/opt/ros/jazzy DEBUGINFOD_URLS=https://debuginfod.ubuntu.com /usr/bin/cmake --build /home/v120506/rmitbot_v3/lesson7_ws/build/rmitbot_description -- -j8 -l8
[0.394s] -- Found ament_cmake: 2.5.4 (/opt/ros/jazzy/share/ament_cmake/cmake)
[0.624s] -- Override CMake install command with custom implementation using symlinks instead of copying resources
[0.736s] -- Configuring done (0.3s)
[0.740s] -- Generating done (0.0s)
[0.742s] -- Build files have been written to: /home/v120506/rmitbot_v3/lesson7_ws/build/rmitbot_description
[0.767s] Invoked command in '/home/v120506/rmitbot_v3/lesson7_ws/build/rmitbot_description' returned '0': CMAKE_PREFIX_PATH=${CMAKE_PREFIX_PATH}:/opt/ros/jazzy DEBUGINFOD_URLS=https://debuginfod.ubuntu.com /usr/bin/cmake --build /home/v120506/rmitbot_v3/lesson7_ws/build/rmitbot_description -- -j8 -l8
[0.776s] Invoking command in '/home/v120506/rmitbot_v3/lesson7_ws/build/rmitbot_description': CMAKE_PREFIX_PATH=${CMAKE_PREFIX_PATH}:/opt/ros/jazzy DEBUGINFOD_URLS=https://debuginfod.ubuntu.com /usr/bin/cmake --install /home/v120506/rmitbot_v3/lesson7_ws/build/rmitbot_description
[0.784s] -- Install configuration: ""
[0.785s] -- Execute custom install script
[0.785s] -- Up-to-date symlink: /home/v120506/rmitbot_v3/lesson7_ws/install/rmitbot_description/share/rmitbot_description/meshes/base_link.STL
[0.785s] -- Up-to-date symlink: /home/v120506/rmitbot_v3/lesson7_ws/install/rmitbot_description/share/rmitbot_description/meshes/caster_front_link.STL
[0.785s] -- Up-to-date symlink: /home/v120506/rmitbot_v3/lesson7_ws/install/rmitbot_description/share/rmitbot_description/meshes/caster_rear_link.STL
[0.786s] -- Up-to-date symlink: /home/v120506/rmitbot_v3/lesson7_ws/install/rmitbot_description/share/rmitbot_description/meshes/imu_link.STL
[0.786s] -- Up-to-date symlink: /home/v120506/rmitbot_v3/lesson7_ws/install/rmitbot_description/share/rmitbot_description/meshes/wheel_left_link.STL
[0.786s] -- Up-to-date symlink: /home/v120506/rmitbot_v3/lesson7_ws/install/rmitbot_description/share/rmitbot_description/meshes/wheel_right_link.STL
[0.786s] -- Up-to-date symlink: /home/v120506/rmitbot_v3/lesson7_ws/install/rmitbot_description/share/rmitbot_description/urdf/rmitbot.urdf.xacro
[0.786s] -- Up-to-date symlink: /home/v120506/rmitbot_v3/lesson7_ws/install/rmitbot_description/share/rmitbot_description/urdf/rmitbot_gazebo.xacro
[0.786s] -- Up-to-date symlink: /home/v120506/rmitbot_v3/lesson7_ws/install/rmitbot_description/share/rmitbot_description/urdf/rmitbot_platform.xacro
[0.786s] -- Up-to-date symlink: /home/v120506/rmitbot_v3/lesson7_ws/install/rmitbot_description/share/rmitbot_description/urdf/rmitbot_ros2_control.xacro
[0.786s] -- Up-to-date symlink: /home/v120506/rmitbot_v3/lesson7_ws/install/rmitbot_description/share/rmitbot_description/launch/display.launch.py
[0.787s] -- Up-to-date symlink: /home/v120506/rmitbot_v3/lesson7_ws/install/rmitbot_description/share/rmitbot_description/launch/gazebo.launch.py
[0.787s] -- Up-to-date symlink: /home/v120506/rmitbot_v3/lesson7_ws/install/rmitbot_description/share/rmitbot_description/rviz/display.rviz
[0.787s] -- Up-to-date symlink: /home/v120506/rmitbot_v3/lesson7_ws/install/rmitbot_description/share/ament_index/resource_index/package_run_dependencies/rmitbot_description
[0.787s] -- Up-to-date symlink: /home/v120506/rmitbot_v3/lesson7_ws/install/rmitbot_description/share/ament_index/resource_index/parent_prefix_path/rmitbot_description
[0.788s] -- Up-to-date symlink: /home/v120506/rmitbot_v3/lesson7_ws/install/rmitbot_description/share/rmitbot_description/environment/ament_prefix_path.sh
[0.788s] -- Up-to-date symlink: /home/v120506/rmitbot_v3/lesson7_ws/install/rmitbot_description/share/rmitbot_description/environment/ament_prefix_path.dsv
[0.788s] -- Up-to-date symlink: /home/v120506/rmitbot_v3/lesson7_ws/install/rmitbot_description/share/rmitbot_description/environment/path.sh
[0.788s] -- Up-to-date symlink: /home/v120506/rmitbot_v3/lesson7_ws/install/rmitbot_description/share/rmitbot_description/environment/path.dsv
[0.788s] -- Up-to-date symlink: /home/v120506/rmitbot_v3/lesson7_ws/install/rmitbot_description/share/rmitbot_description/local_setup.bash
[0.788s] -- Up-to-date symlink: /home/v120506/rmitbot_v3/lesson7_ws/install/rmitbot_description/share/rmitbot_description/local_setup.sh
[0.789s] -- Up-to-date symlink: /home/v120506/rmitbot_v3/lesson7_ws/install/rmitbot_description/share/rmitbot_description/local_setup.zsh
[0.789s] -- Up-to-date symlink: /home/v120506/rmitbot_v3/lesson7_ws/install/rmitbot_description/share/rmitbot_description/local_setup.dsv
[0.789s] -- Symlinking: /home/v120506/rmitbot_v3/lesson7_ws/install/rmitbot_description/share/rmitbot_description/package.dsv
[0.798s] -- Up-to-date symlink: /home/v120506/rmitbot_v3/lesson7_ws/install/rmitbot_description/share/ament_index/resource_index/packages/rmitbot_description
[0.798s] -- Up-to-date symlink: /home/v120506/rmitbot_v3/lesson7_ws/install/rmitbot_description/share/rmitbot_description/cmake/rmitbot_descriptionConfig.cmake
[0.798s] -- Up-to-date symlink: /home/v120506/rmitbot_v3/lesson7_ws/install/rmitbot_description/share/rmitbot_description/cmake/rmitbot_descriptionConfig-version.cmake
[0.799s] -- Up-to-date symlink: /home/v120506/rmitbot_v3/lesson7_ws/install/rmitbot_description/share/rmitbot_description/package.xml
[0.801s] Invoked command in '/home/v120506/rmitbot_v3/lesson7_ws/build/rmitbot_description' returned '0': CMAKE_PREFIX_PATH=${CMAKE_PREFIX_PATH}:/opt/ros/jazzy DEBUGINFOD_URLS=https://debuginfod.ubuntu.com /usr/bin/cmake --install /home/v120506/rmitbot_v3/lesson7_ws/build/rmitbot_description
