[0.077s] DEBUG:colcon:Command line arguments: ['/usr/bin/colcon', 'build']
[0.077s] DEBUG:colcon:Parsed command line arguments: Namespace(log_base=None, log_level=None, verb_name='build', build_base='build', install_base='install', merge_install=False, symlink_install=False, test_result_base=None, continue_on_error=False, executor='parallel', parallel_workers=8, event_handlers=None, ignore_user_meta=False, metas=['./colcon.meta'], base_paths=['.'], packages_ignore=None, packages_ignore_regex=None, paths=None, packages_up_to=None, packages_up_to_regex=None, packages_above=None, packages_above_and_dependencies=None, packages_above_depth=None, packages_select_by_dep=None, packages_skip_by_dep=None, packages_skip_up_to=None, packages_select_build_failed=False, packages_skip_build_finished=False, packages_select_test_failures=False, packages_skip_test_passed=False, packages_select=None, packages_skip=None, packages_select_regex=None, packages_skip_regex=None, packages_start=None, packages_end=None, allow_overriding=[], cmake_args=None, cmake_target=None, cmake_target_skip_unavailable=False, cmake_clean_cache=False, cmake_clean_first=False, cmake_force_configure=False, ament_cmake_args=None, catkin_cmake_args=None, catkin_skip_building_tests=False, mixin_files=None, mixin=None, verb_parser=<colcon_mixin.mixin.mixin_argument.MixinArgumentDecorator object at 0x74e09ffa8530>, verb_extension=<colcon_core.verb.build.BuildVerb object at 0x74e0a00c8980>, main=<bound method BuildVerb.main of <colcon_core.verb.build.BuildVerb object at 0x74e0a00c8980>>, mixin_verb=('build',))
[0.104s] Level 1:colcon.colcon_core.package_discovery:discover_packages(colcon_meta) check parameters
[0.104s] Level 1:colcon.colcon_core.package_discovery:discover_packages(recursive) check parameters
[0.104s] Level 1:colcon.colcon_core.package_discovery:discover_packages(ignore) check parameters
[0.104s] Level 1:colcon.colcon_core.package_discovery:discover_packages(path) check parameters
[0.104s] Level 1:colcon.colcon_core.package_discovery:discover_packages(colcon_meta) discover
[0.104s] Level 1:colcon.colcon_core.package_discovery:discover_packages(recursive) discover
[0.104s] INFO:colcon.colcon_core.package_discovery:Crawling recursively for packages in '/home/v120506/rmitbot_v3/lesson2_ws'
[0.104s] Level 1:colcon.colcon_core.package_identification:_identify(.) by extensions ['ignore', 'ignore_ament_install']
[0.104s] Level 1:colcon.colcon_core.package_identification:_identify(.) by extension 'ignore'
[0.104s] Level 1:colcon.colcon_core.package_identification:_identify(.) by extension 'ignore_ament_install'
[0.105s] Level 1:colcon.colcon_core.package_identification:_identify(.) by extensions ['colcon_pkg']
[0.105s] Level 1:colcon.colcon_core.package_identification:_identify(.) by extension 'colcon_pkg'
[0.105s] Level 1:colcon.colcon_core.package_identification:_identify(.) by extensions ['colcon_meta']
[0.105s] Level 1:colcon.colcon_core.package_identification:_identify(.) by extension 'colcon_meta'
[0.105s] Level 1:colcon.colcon_core.package_identification:_identify(.) by extensions ['ros']
[0.105s] Level 1:colcon.colcon_core.package_identification:_identify(.) by extension 'ros'
[0.123s] Level 1:colcon.colcon_core.package_identification:_identify(.) by extensions ['cmake', 'python']
[0.123s] Level 1:colcon.colcon_core.package_identification:_identify(.) by extension 'cmake'
[0.123s] Level 1:colcon.colcon_core.package_identification:_identify(.) by extension 'python'
[0.123s] Level 1:colcon.colcon_core.package_identification:_identify(.) by extensions ['python_setup_py']
[0.123s] Level 1:colcon.colcon_core.package_identification:_identify(.) by extension 'python_setup_py'
[0.123s] Level 1:colcon.colcon_core.package_identification:_identify(build) by extensions ['ignore', 'ignore_ament_install']
[0.124s] Level 1:colcon.colcon_core.package_identification:_identify(build) by extension 'ignore'
[0.124s] Level 1:colcon.colcon_core.package_identification:_identify(build) ignored
[0.124s] Level 1:colcon.colcon_core.package_identification:_identify(install) by extensions ['ignore', 'ignore_ament_install']
[0.124s] Level 1:colcon.colcon_core.package_identification:_identify(install) by extension 'ignore'
[0.124s] Level 1:colcon.colcon_core.package_identification:_identify(install) ignored
[0.124s] Level 1:colcon.colcon_core.package_identification:_identify(log) by extensions ['ignore', 'ignore_ament_install']
[0.124s] Level 1:colcon.colcon_core.package_identification:_identify(log) by extension 'ignore'
[0.124s] Level 1:colcon.colcon_core.package_identification:_identify(log) ignored
[0.124s] Level 1:colcon.colcon_core.package_identification:_identify(src) by extensions ['ignore', 'ignore_ament_install']
[0.124s] Level 1:colcon.colcon_core.package_identification:_identify(src) by extension 'ignore'
[0.124s] Level 1:colcon.colcon_core.package_identification:_identify(src) by extension 'ignore_ament_install'
[0.124s] Level 1:colcon.colcon_core.package_identification:_identify(src) by extensions ['colcon_pkg']
[0.124s] Level 1:colcon.colcon_core.package_identification:_identify(src) by extension 'colcon_pkg'
[0.124s] Level 1:colcon.colcon_core.package_identification:_identify(src) by extensions ['colcon_meta']
[0.124s] Level 1:colcon.colcon_core.package_identification:_identify(src) by extension 'colcon_meta'
[0.124s] Level 1:colcon.colcon_core.package_identification:_identify(src) by extensions ['ros']
[0.124s] Level 1:colcon.colcon_core.package_identification:_identify(src) by extension 'ros'
[0.124s] Level 1:colcon.colcon_core.package_identification:_identify(src) by extensions ['cmake', 'python']
[0.124s] Level 1:colcon.colcon_core.package_identification:_identify(src) by extension 'cmake'
[0.124s] Level 1:colcon.colcon_core.package_identification:_identify(src) by extension 'python'
[0.124s] Level 1:colcon.colcon_core.package_identification:_identify(src) by extensions ['python_setup_py']
[0.124s] Level 1:colcon.colcon_core.package_identification:_identify(src) by extension 'python_setup_py'
[0.124s] Level 1:colcon.colcon_core.package_identification:_identify(src/rmitbot_bringup) by extensions ['ignore', 'ignore_ament_install']
[0.124s] Level 1:colcon.colcon_core.package_identification:_identify(src/rmitbot_bringup) by extension 'ignore'
[0.124s] Level 1:colcon.colcon_core.package_identification:_identify(src/rmitbot_bringup) by extension 'ignore_ament_install'
[0.124s] Level 1:colcon.colcon_core.package_identification:_identify(src/rmitbot_bringup) by extensions ['colcon_pkg']
[0.124s] Level 1:colcon.colcon_core.package_identification:_identify(src/rmitbot_bringup) by extension 'colcon_pkg'
[0.124s] Level 1:colcon.colcon_core.package_identification:_identify(src/rmitbot_bringup) by extensions ['colcon_meta']
[0.125s] Level 1:colcon.colcon_core.package_identification:_identify(src/rmitbot_bringup) by extension 'colcon_meta'
[0.125s] Level 1:colcon.colcon_core.package_identification:_identify(src/rmitbot_bringup) by extensions ['ros']
[0.125s] Level 1:colcon.colcon_core.package_identification:_identify(src/rmitbot_bringup) by extension 'ros'
[0.126s] DEBUG:colcon.colcon_core.package_identification:Package 'src/rmitbot_bringup' with type 'ros.ament_cmake' and name 'rmitbot_bringup'
[0.126s] Level 1:colcon.colcon_core.package_identification:_identify(src/rmitbot_controller) by extensions ['ignore', 'ignore_ament_install']
[0.126s] Level 1:colcon.colcon_core.package_identification:_identify(src/rmitbot_controller) by extension 'ignore'
[0.126s] Level 1:colcon.colcon_core.package_identification:_identify(src/rmitbot_controller) by extension 'ignore_ament_install'
[0.126s] Level 1:colcon.colcon_core.package_identification:_identify(src/rmitbot_controller) by extensions ['colcon_pkg']
[0.126s] Level 1:colcon.colcon_core.package_identification:_identify(src/rmitbot_controller) by extension 'colcon_pkg'
[0.126s] Level 1:colcon.colcon_core.package_identification:_identify(src/rmitbot_controller) by extensions ['colcon_meta']
[0.126s] Level 1:colcon.colcon_core.package_identification:_identify(src/rmitbot_controller) by extension 'colcon_meta'
[0.126s] Level 1:colcon.colcon_core.package_identification:_identify(src/rmitbot_controller) by extensions ['ros']
[0.127s] Level 1:colcon.colcon_core.package_identification:_identify(src/rmitbot_controller) by extension 'ros'
[0.127s] DEBUG:colcon.colcon_core.package_identification:Package 'src/rmitbot_controller' with type 'ros.ament_cmake' and name 'rmitbot_controller'
[0.127s] Level 1:colcon.colcon_core.package_identification:_identify(src/rmitbot_description) by extensions ['ignore', 'ignore_ament_install']
[0.127s] Level 1:colcon.colcon_core.package_identification:_identify(src/rmitbot_description) by extension 'ignore'
[0.127s] Level 1:colcon.colcon_core.package_identification:_identify(src/rmitbot_description) by extension 'ignore_ament_install'
[0.127s] Level 1:colcon.colcon_core.package_identification:_identify(src/rmitbot_description) by extensions ['colcon_pkg']
[0.127s] Level 1:colcon.colcon_core.package_identification:_identify(src/rmitbot_description) by extension 'colcon_pkg'
[0.127s] Level 1:colcon.colcon_core.package_identification:_identify(src/rmitbot_description) by extensions ['colcon_meta']
[0.127s] Level 1:colcon.colcon_core.package_identification:_identify(src/rmitbot_description) by extension 'colcon_meta'
[0.127s] Level 1:colcon.colcon_core.package_identification:_identify(src/rmitbot_description) by extensions ['ros']
[0.127s] Level 1:colcon.colcon_core.package_identification:_identify(src/rmitbot_description) by extension 'ros'
[0.128s] DEBUG:colcon.colcon_core.package_identification:Package 'src/rmitbot_description' with type 'ros.ament_cmake' and name 'rmitbot_description'
[0.128s] Level 1:colcon.colcon_core.package_discovery:discover_packages(recursive) using defaults
[0.128s] Level 1:colcon.colcon_core.package_discovery:discover_packages(ignore) discover
[0.128s] Level 1:colcon.colcon_core.package_discovery:discover_packages(ignore) using defaults
[0.128s] Level 1:colcon.colcon_core.package_discovery:discover_packages(path) discover
[0.128s] Level 1:colcon.colcon_core.package_discovery:discover_packages(path) using defaults
[0.141s] Level 1:colcon.colcon_core.package_discovery:discover_packages(prefix_path) check parameters
[0.141s] Level 1:colcon.colcon_core.package_discovery:discover_packages(prefix_path) discover
[0.141s] WARNING:colcon.colcon_ros.prefix_path.ament:The path '/home/v120506/rmitbot_v3/lesson2_ws/install/rmitbot_description' in the environment variable AMENT_PREFIX_PATH doesn't exist
[0.141s] WARNING:colcon.colcon_ros.prefix_path.ament:The path '/home/v120506/rmitbot_v3/lesson2_ws/install/rmitbot_controller' in the environment variable AMENT_PREFIX_PATH doesn't exist
[0.141s] WARNING:colcon.colcon_ros.prefix_path.ament:The path '/home/v120506/rmitbot_v3/lesson2_ws/install/rmitbot_bringup' in the environment variable AMENT_PREFIX_PATH doesn't exist
[0.142s] WARNING:colcon.colcon_ros.prefix_path.catkin:The path '/home/v120506/rmitbot_v3/lesson2_ws/install/rmitbot_description' in the environment variable CMAKE_PREFIX_PATH doesn't exist
[0.142s] WARNING:colcon.colcon_ros.prefix_path.catkin:The path '/home/v120506/rmitbot_v3/lesson2_ws/install/rmitbot_controller' in the environment variable CMAKE_PREFIX_PATH doesn't exist
[0.142s] WARNING:colcon.colcon_ros.prefix_path.catkin:The path '/home/v120506/rmitbot_v3/lesson2_ws/install/rmitbot_bringup' in the environment variable CMAKE_PREFIX_PATH doesn't exist
[0.143s] DEBUG:colcon.colcon_installed_package_information.package_discovery:Found 0 installed packages in /home/v120506/rmitbot_v3/lesson2_ws/install
[0.143s] DEBUG:colcon.colcon_installed_package_information.package_discovery:Found 2 installed packages in /home/v120506/rmitbot_v3/lesson1_ws/install
[0.144s] DEBUG:colcon.colcon_installed_package_information.package_discovery:Found 6 installed packages in /home/v120506/rmitbot_v2/lesson6_ws/install
[0.144s] DEBUG:colcon.colcon_installed_package_information.package_discovery:Found 6 installed packages in /home/v120506/rmitbot_v2/lesson5_ws/install
[0.145s] DEBUG:colcon.colcon_installed_package_information.package_discovery:Found 5 installed packages in /home/v120506/rmitbot_v2/lesson4_ws/install
[0.146s] DEBUG:colcon.colcon_installed_package_information.package_discovery:Found 4 installed packages in /home/v120506/rmitbot_v2/lesson3_ws/install
[0.148s] DEBUG:colcon.colcon_installed_package_information.package_discovery:Found 422 installed packages in /opt/ros/jazzy
[0.150s] Level 1:colcon.colcon_core.package_discovery:discover_packages(prefix_path) using defaults
[0.190s] Level 5:colcon.colcon_core.verb:set package 'rmitbot_bringup' build argument 'cmake_args' from command line to 'None'
[0.190s] Level 5:colcon.colcon_core.verb:set package 'rmitbot_bringup' build argument 'cmake_target' from command line to 'None'
[0.190s] Level 5:colcon.colcon_core.verb:set package 'rmitbot_bringup' build argument 'cmake_target_skip_unavailable' from command line to 'False'
[0.190s] Level 5:colcon.colcon_core.verb:set package 'rmitbot_bringup' build argument 'cmake_clean_cache' from command line to 'False'
[0.190s] Level 5:colcon.colcon_core.verb:set package 'rmitbot_bringup' build argument 'cmake_clean_first' from command line to 'False'
[0.190s] Level 5:colcon.colcon_core.verb:set package 'rmitbot_bringup' build argument 'cmake_force_configure' from command line to 'False'
[0.190s] Level 5:colcon.colcon_core.verb:set package 'rmitbot_bringup' build argument 'ament_cmake_args' from command line to 'None'
[0.190s] Level 5:colcon.colcon_core.verb:set package 'rmitbot_bringup' build argument 'catkin_cmake_args' from command line to 'None'
[0.190s] Level 5:colcon.colcon_core.verb:set package 'rmitbot_bringup' build argument 'catkin_skip_building_tests' from command line to 'False'
[0.191s] DEBUG:colcon.colcon_core.verb:Building package 'rmitbot_bringup' with the following arguments: {'ament_cmake_args': None, 'build_base': '/home/v120506/rmitbot_v3/lesson2_ws/build/rmitbot_bringup', 'catkin_cmake_args': None, 'catkin_skip_building_tests': False, 'cmake_args': None, 'cmake_clean_cache': False, 'cmake_clean_first': False, 'cmake_force_configure': False, 'cmake_target': None, 'cmake_target_skip_unavailable': False, 'install_base': '/home/v120506/rmitbot_v3/lesson2_ws/install/rmitbot_bringup', 'merge_install': False, 'path': '/home/v120506/rmitbot_v3/lesson2_ws/src/rmitbot_bringup', 'symlink_install': False, 'test_result_base': None}
[0.191s] Level 5:colcon.colcon_core.verb:set package 'rmitbot_controller' build argument 'cmake_args' from command line to 'None'
[0.191s] Level 5:colcon.colcon_core.verb:set package 'rmitbot_controller' build argument 'cmake_target' from command line to 'None'
[0.191s] Level 5:colcon.colcon_core.verb:set package 'rmitbot_controller' build argument 'cmake_target_skip_unavailable' from command line to 'False'
[0.191s] Level 5:colcon.colcon_core.verb:set package 'rmitbot_controller' build argument 'cmake_clean_cache' from command line to 'False'
[0.191s] Level 5:colcon.colcon_core.verb:set package 'rmitbot_controller' build argument 'cmake_clean_first' from command line to 'False'
[0.191s] Level 5:colcon.colcon_core.verb:set package 'rmitbot_controller' build argument 'cmake_force_configure' from command line to 'False'
[0.191s] Level 5:colcon.colcon_core.verb:set package 'rmitbot_controller' build argument 'ament_cmake_args' from command line to 'None'
[0.191s] Level 5:colcon.colcon_core.verb:set package 'rmitbot_controller' build argument 'catkin_cmake_args' from command line to 'None'
[0.191s] Level 5:colcon.colcon_core.verb:set package 'rmitbot_controller' build argument 'catkin_skip_building_tests' from command line to 'False'
[0.191s] DEBUG:colcon.colcon_core.verb:Building package 'rmitbot_controller' with the following arguments: {'ament_cmake_args': None, 'build_base': '/home/v120506/rmitbot_v3/lesson2_ws/build/rmitbot_controller', 'catkin_cmake_args': None, 'catkin_skip_building_tests': False, 'cmake_args': None, 'cmake_clean_cache': False, 'cmake_clean_first': False, 'cmake_force_configure': False, 'cmake_target': None, 'cmake_target_skip_unavailable': False, 'install_base': '/home/v120506/rmitbot_v3/lesson2_ws/install/rmitbot_controller', 'merge_install': False, 'path': '/home/v120506/rmitbot_v3/lesson2_ws/src/rmitbot_controller', 'symlink_install': False, 'test_result_base': None}
[0.191s] Level 5:colcon.colcon_core.verb:set package 'rmitbot_description' build argument 'cmake_args' from command line to 'None'
[0.191s] Level 5:colcon.colcon_core.verb:set package 'rmitbot_description' build argument 'cmake_target' from command line to 'None'
[0.191s] Level 5:colcon.colcon_core.verb:set package 'rmitbot_description' build argument 'cmake_target_skip_unavailable' from command line to 'False'
[0.191s] Level 5:colcon.colcon_core.verb:set package 'rmitbot_description' build argument 'cmake_clean_cache' from command line to 'False'
[0.191s] Level 5:colcon.colcon_core.verb:set package 'rmitbot_description' build argument 'cmake_clean_first' from command line to 'False'
[0.191s] Level 5:colcon.colcon_core.verb:set package 'rmitbot_description' build argument 'cmake_force_configure' from command line to 'False'
[0.191s] Level 5:colcon.colcon_core.verb:set package 'rmitbot_description' build argument 'ament_cmake_args' from command line to 'None'
[0.191s] Level 5:colcon.colcon_core.verb:set package 'rmitbot_description' build argument 'catkin_cmake_args' from command line to 'None'
[0.191s] Level 5:colcon.colcon_core.verb:set package 'rmitbot_description' build argument 'catkin_skip_building_tests' from command line to 'False'
[0.191s] DEBUG:colcon.colcon_core.verb:Building package 'rmitbot_description' with the following arguments: {'ament_cmake_args': None, 'build_base': '/home/v120506/rmitbot_v3/lesson2_ws/build/rmitbot_description', 'catkin_cmake_args': None, 'catkin_skip_building_tests': False, 'cmake_args': None, 'cmake_clean_cache': False, 'cmake_clean_first': False, 'cmake_force_configure': False, 'cmake_target': None, 'cmake_target_skip_unavailable': False, 'install_base': '/home/v120506/rmitbot_v3/lesson2_ws/install/rmitbot_description', 'merge_install': False, 'path': '/home/v120506/rmitbot_v3/lesson2_ws/src/rmitbot_description', 'symlink_install': False, 'test_result_base': None}
[0.191s] INFO:colcon.colcon_core.executor:Executing jobs using 'parallel' executor
[0.192s] DEBUG:colcon.colcon_parallel_executor.executor.parallel:run_until_complete
[0.192s] INFO:colcon.colcon_ros.task.ament_cmake.build:Building ROS package in '/home/v120506/rmitbot_v3/lesson2_ws/src/rmitbot_bringup' with build type 'ament_cmake'
[0.192s] INFO:colcon.colcon_cmake.task.cmake.build:Building CMake package in '/home/v120506/rmitbot_v3/lesson2_ws/src/rmitbot_bringup'
[0.194s] INFO:colcon.colcon_core.plugin_system:Skipping extension 'colcon_core.shell.bat': Not used on non-Windows systems
[0.194s] INFO:colcon.colcon_core.shell:Skip shell extension 'powershell' for command environment: Not usable outside of PowerShell
[0.194s] DEBUG:colcon.colcon_core.shell:Skip shell extension 'dsv' for command environment
[0.199s] INFO:colcon.colcon_ros.task.ament_cmake.build:Building ROS package in '/home/v120506/rmitbot_v3/lesson2_ws/src/rmitbot_controller' with build type 'ament_cmake'
[0.199s] INFO:colcon.colcon_cmake.task.cmake.build:Building CMake package in '/home/v120506/rmitbot_v3/lesson2_ws/src/rmitbot_controller'
[0.199s] INFO:colcon.colcon_core.shell:Skip shell extension 'powershell' for command environment: Not usable outside of PowerShell
[0.199s] DEBUG:colcon.colcon_core.shell:Skip shell extension 'dsv' for command environment
[0.204s] INFO:colcon.colcon_ros.task.ament_cmake.build:Building ROS package in '/home/v120506/rmitbot_v3/lesson2_ws/src/rmitbot_description' with build type 'ament_cmake'
[0.204s] INFO:colcon.colcon_cmake.task.cmake.build:Building CMake package in '/home/v120506/rmitbot_v3/lesson2_ws/src/rmitbot_description'
[0.204s] INFO:colcon.colcon_core.shell:Skip shell extension 'powershell' for command environment: Not usable outside of PowerShell
[0.204s] DEBUG:colcon.colcon_core.shell:Skip shell extension 'dsv' for command environment
[0.211s] DEBUG:colcon.colcon_core.event_handler.log_command:Invoking command in '/home/v120506/rmitbot_v3/lesson2_ws/build/rmitbot_bringup': CMAKE_PREFIX_PATH=${CMAKE_PREFIX_PATH}:/opt/ros/jazzy DEBUGINFOD_URLS=https://debuginfod.ubuntu.com /usr/bin/cmake /home/v120506/rmitbot_v3/lesson2_ws/src/rmitbot_bringup -DCMAKE_INSTALL_PREFIX=/home/v120506/rmitbot_v3/lesson2_ws/install/rmitbot_bringup
[0.213s] DEBUG:colcon.colcon_core.event_handler.log_command:Invoking command in '/home/v120506/rmitbot_v3/lesson2_ws/build/rmitbot_controller': CMAKE_PREFIX_PATH=${CMAKE_PREFIX_PATH}:/opt/ros/jazzy DEBUGINFOD_URLS=https://debuginfod.ubuntu.com /usr/bin/cmake /home/v120506/rmitbot_v3/lesson2_ws/src/rmitbot_controller -DCMAKE_INSTALL_PREFIX=/home/v120506/rmitbot_v3/lesson2_ws/install/rmitbot_controller
[0.215s] DEBUG:colcon.colcon_core.event_handler.log_command:Invoking command in '/home/v120506/rmitbot_v3/lesson2_ws/build/rmitbot_description': CMAKE_PREFIX_PATH=${CMAKE_PREFIX_PATH}:/opt/ros/jazzy DEBUGINFOD_URLS=https://debuginfod.ubuntu.com /usr/bin/cmake /home/v120506/rmitbot_v3/lesson2_ws/src/rmitbot_description -DCMAKE_INSTALL_PREFIX=/home/v120506/rmitbot_v3/lesson2_ws/install/rmitbot_description
[0.947s] DEBUG:colcon.colcon_core.event_handler.log_command:Invoked command in '/home/v120506/rmitbot_v3/lesson2_ws/build/rmitbot_controller' returned '0': CMAKE_PREFIX_PATH=${CMAKE_PREFIX_PATH}:/opt/ros/jazzy DEBUGINFOD_URLS=https://debuginfod.ubuntu.com /usr/bin/cmake /home/v120506/rmitbot_v3/lesson2_ws/src/rmitbot_controller -DCMAKE_INSTALL_PREFIX=/home/v120506/rmitbot_v3/lesson2_ws/install/rmitbot_controller
[0.949s] DEBUG:colcon.colcon_core.event_handler.log_command:Invoking command in '/home/v120506/rmitbot_v3/lesson2_ws/build/rmitbot_controller': CMAKE_PREFIX_PATH=${CMAKE_PREFIX_PATH}:/opt/ros/jazzy DEBUGINFOD_URLS=https://debuginfod.ubuntu.com /usr/bin/cmake --build /home/v120506/rmitbot_v3/lesson2_ws/build/rmitbot_controller -- -j8 -l8
[0.952s] DEBUG:colcon.colcon_core.event_handler.log_command:Invoked command in '/home/v120506/rmitbot_v3/lesson2_ws/build/rmitbot_bringup' returned '0': CMAKE_PREFIX_PATH=${CMAKE_PREFIX_PATH}:/opt/ros/jazzy DEBUGINFOD_URLS=https://debuginfod.ubuntu.com /usr/bin/cmake /home/v120506/rmitbot_v3/lesson2_ws/src/rmitbot_bringup -DCMAKE_INSTALL_PREFIX=/home/v120506/rmitbot_v3/lesson2_ws/install/rmitbot_bringup
[0.953s] DEBUG:colcon.colcon_core.event_handler.log_command:Invoking command in '/home/v120506/rmitbot_v3/lesson2_ws/build/rmitbot_bringup': CMAKE_PREFIX_PATH=${CMAKE_PREFIX_PATH}:/opt/ros/jazzy DEBUGINFOD_URLS=https://debuginfod.ubuntu.com /usr/bin/cmake --build /home/v120506/rmitbot_v3/lesson2_ws/build/rmitbot_bringup -- -j8 -l8
[0.960s] DEBUG:colcon.colcon_core.event_handler.log_command:Invoked command in '/home/v120506/rmitbot_v3/lesson2_ws/build/rmitbot_description' returned '0': CMAKE_PREFIX_PATH=${CMAKE_PREFIX_PATH}:/opt/ros/jazzy DEBUGINFOD_URLS=https://debuginfod.ubuntu.com /usr/bin/cmake /home/v120506/rmitbot_v3/lesson2_ws/src/rmitbot_description -DCMAKE_INSTALL_PREFIX=/home/v120506/rmitbot_v3/lesson2_ws/install/rmitbot_description
[0.961s] DEBUG:colcon.colcon_core.event_handler.log_command:Invoking command in '/home/v120506/rmitbot_v3/lesson2_ws/build/rmitbot_description': CMAKE_PREFIX_PATH=${CMAKE_PREFIX_PATH}:/opt/ros/jazzy DEBUGINFOD_URLS=https://debuginfod.ubuntu.com /usr/bin/cmake --build /home/v120506/rmitbot_v3/lesson2_ws/build/rmitbot_description -- -j8 -l8
[0.986s] DEBUG:colcon.colcon_core.event_handler.log_command:Invoked command in '/home/v120506/rmitbot_v3/lesson2_ws/build/rmitbot_controller' returned '0': CMAKE_PREFIX_PATH=${CMAKE_PREFIX_PATH}:/opt/ros/jazzy DEBUGINFOD_URLS=https://debuginfod.ubuntu.com /usr/bin/cmake --build /home/v120506/rmitbot_v3/lesson2_ws/build/rmitbot_controller -- -j8 -l8
[0.994s] DEBUG:colcon.colcon_core.event_handler.log_command:Invoking command in '/home/v120506/rmitbot_v3/lesson2_ws/build/rmitbot_controller': CMAKE_PREFIX_PATH=${CMAKE_PREFIX_PATH}:/opt/ros/jazzy DEBUGINFOD_URLS=https://debuginfod.ubuntu.com /usr/bin/cmake --install /home/v120506/rmitbot_v3/lesson2_ws/build/rmitbot_controller
[0.995s] DEBUG:colcon.colcon_core.event_handler.log_command:Invoked command in '/home/v120506/rmitbot_v3/lesson2_ws/build/rmitbot_bringup' returned '0': CMAKE_PREFIX_PATH=${CMAKE_PREFIX_PATH}:/opt/ros/jazzy DEBUGINFOD_URLS=https://debuginfod.ubuntu.com /usr/bin/cmake --build /home/v120506/rmitbot_v3/lesson2_ws/build/rmitbot_bringup -- -j8 -l8
[0.996s] DEBUG:colcon.colcon_core.event_handler.log_command:Invoking command in '/home/v120506/rmitbot_v3/lesson2_ws/build/rmitbot_bringup': CMAKE_PREFIX_PATH=${CMAKE_PREFIX_PATH}:/opt/ros/jazzy DEBUGINFOD_URLS=https://debuginfod.ubuntu.com /usr/bin/cmake --install /home/v120506/rmitbot_v3/lesson2_ws/build/rmitbot_bringup
[0.997s] DEBUG:colcon.colcon_core.event_handler.log_command:Invoked command in '/home/v120506/rmitbot_v3/lesson2_ws/build/rmitbot_description' returned '0': CMAKE_PREFIX_PATH=${CMAKE_PREFIX_PATH}:/opt/ros/jazzy DEBUGINFOD_URLS=https://debuginfod.ubuntu.com /usr/bin/cmake --build /home/v120506/rmitbot_v3/lesson2_ws/build/rmitbot_description -- -j8 -l8
[0.998s] DEBUG:colcon.colcon_core.event_handler.log_command:Invoking command in '/home/v120506/rmitbot_v3/lesson2_ws/build/rmitbot_description': CMAKE_PREFIX_PATH=${CMAKE_PREFIX_PATH}:/opt/ros/jazzy DEBUGINFOD_URLS=https://debuginfod.ubuntu.com /usr/bin/cmake --install /home/v120506/rmitbot_v3/lesson2_ws/build/rmitbot_description
[1.008s] Level 1:colcon.colcon_core.environment:create_environment_scripts_only(rmitbot_controller)
[1.008s] DEBUG:colcon.colcon_core.event_handler.log_command:Invoked command in '/home/v120506/rmitbot_v3/lesson2_ws/build/rmitbot_controller' returned '0': CMAKE_PREFIX_PATH=${CMAKE_PREFIX_PATH}:/opt/ros/jazzy DEBUGINFOD_URLS=https://debuginfod.ubuntu.com /usr/bin/cmake --install /home/v120506/rmitbot_v3/lesson2_ws/build/rmitbot_controller
[1.010s] Level 1:colcon.colcon_core.environment:checking '/home/v120506/rmitbot_v3/lesson2_ws/install/rmitbot_controller' for CMake module files
[1.010s] Level 1:colcon.colcon_core.environment:checking '/home/v120506/rmitbot_v3/lesson2_ws/install/rmitbot_controller' for CMake config files
[1.010s] Level 1:colcon.colcon_core.shell:create_environment_hook('rmitbot_controller', 'cmake_prefix_path')
[1.010s] INFO:colcon.colcon_core.shell:Creating environment hook '/home/v120506/rmitbot_v3/lesson2_ws/install/rmitbot_controller/share/rmitbot_controller/hook/cmake_prefix_path.ps1'
[1.011s] INFO:colcon.colcon_core.shell:Creating environment descriptor '/home/v120506/rmitbot_v3/lesson2_ws/install/rmitbot_controller/share/rmitbot_controller/hook/cmake_prefix_path.dsv'
[1.011s] INFO:colcon.colcon_core.shell:Creating environment hook '/home/v120506/rmitbot_v3/lesson2_ws/install/rmitbot_controller/share/rmitbot_controller/hook/cmake_prefix_path.sh'
[1.012s] Level 1:colcon.colcon_core.environment:checking '/home/v120506/rmitbot_v3/lesson2_ws/install/rmitbot_controller/bin'
[1.012s] Level 1:colcon.colcon_core.environment:checking '/home/v120506/rmitbot_v3/lesson2_ws/install/rmitbot_controller/lib/pkgconfig/rmitbot_controller.pc'
[1.012s] Level 1:colcon.colcon_core.environment:checking '/home/v120506/rmitbot_v3/lesson2_ws/install/rmitbot_controller/lib/python3.12/site-packages'
[1.012s] Level 1:colcon.colcon_core.environment:checking '/home/v120506/rmitbot_v3/lesson2_ws/install/rmitbot_controller/bin'
[1.012s] INFO:colcon.colcon_core.shell:Creating package script '/home/v120506/rmitbot_v3/lesson2_ws/install/rmitbot_controller/share/rmitbot_controller/package.ps1'
[1.013s] INFO:colcon.colcon_core.shell:Creating package descriptor '/home/v120506/rmitbot_v3/lesson2_ws/install/rmitbot_controller/share/rmitbot_controller/package.dsv'
[1.013s] INFO:colcon.colcon_core.shell:Creating package script '/home/v120506/rmitbot_v3/lesson2_ws/install/rmitbot_controller/share/rmitbot_controller/package.sh'
[1.014s] INFO:colcon.colcon_core.shell:Creating package script '/home/v120506/rmitbot_v3/lesson2_ws/install/rmitbot_controller/share/rmitbot_controller/package.bash'
[1.014s] INFO:colcon.colcon_core.shell:Creating package script '/home/v120506/rmitbot_v3/lesson2_ws/install/rmitbot_controller/share/rmitbot_controller/package.zsh'
[1.015s] Level 1:colcon.colcon_core.environment:create_file_with_runtime_dependencies(/home/v120506/rmitbot_v3/lesson2_ws/install/rmitbot_controller/share/colcon-core/packages/rmitbot_controller)
[1.015s] Level 1:colcon.colcon_core.environment:create_environment_scripts_only(rmitbot_controller)
[1.015s] Level 1:colcon.colcon_core.environment:checking '/home/v120506/rmitbot_v3/lesson2_ws/install/rmitbot_controller' for CMake module files
[1.016s] Level 1:colcon.colcon_core.environment:checking '/home/v120506/rmitbot_v3/lesson2_ws/install/rmitbot_controller' for CMake config files
[1.016s] Level 1:colcon.colcon_core.shell:create_environment_hook('rmitbot_controller', 'cmake_prefix_path')
[1.016s] INFO:colcon.colcon_core.shell:Creating environment hook '/home/v120506/rmitbot_v3/lesson2_ws/install/rmitbot_controller/share/rmitbot_controller/hook/cmake_prefix_path.ps1'
[1.017s] INFO:colcon.colcon_core.shell:Creating environment descriptor '/home/v120506/rmitbot_v3/lesson2_ws/install/rmitbot_controller/share/rmitbot_controller/hook/cmake_prefix_path.dsv'
[1.018s] INFO:colcon.colcon_core.shell:Creating environment hook '/home/v120506/rmitbot_v3/lesson2_ws/install/rmitbot_controller/share/rmitbot_controller/hook/cmake_prefix_path.sh'
[1.019s] Level 1:colcon.colcon_core.environment:checking '/home/v120506/rmitbot_v3/lesson2_ws/install/rmitbot_controller/bin'
[1.019s] Level 1:colcon.colcon_core.environment:checking '/home/v120506/rmitbot_v3/lesson2_ws/install/rmitbot_controller/lib/pkgconfig/rmitbot_controller.pc'
[1.019s] Level 1:colcon.colcon_core.environment:checking '/home/v120506/rmitbot_v3/lesson2_ws/install/rmitbot_controller/lib/python3.12/site-packages'
[1.019s] Level 1:colcon.colcon_core.environment:checking '/home/v120506/rmitbot_v3/lesson2_ws/install/rmitbot_controller/bin'
[1.020s] INFO:colcon.colcon_core.shell:Creating package script '/home/v120506/rmitbot_v3/lesson2_ws/install/rmitbot_controller/share/rmitbot_controller/package.ps1'
[1.020s] INFO:colcon.colcon_core.shell:Creating package descriptor '/home/v120506/rmitbot_v3/lesson2_ws/install/rmitbot_controller/share/rmitbot_controller/package.dsv'
[1.020s] INFO:colcon.colcon_core.shell:Creating package script '/home/v120506/rmitbot_v3/lesson2_ws/install/rmitbot_controller/share/rmitbot_controller/package.sh'
[1.020s] INFO:colcon.colcon_core.shell:Creating package script '/home/v120506/rmitbot_v3/lesson2_ws/install/rmitbot_controller/share/rmitbot_controller/package.bash'
[1.021s] INFO:colcon.colcon_core.shell:Creating package script '/home/v120506/rmitbot_v3/lesson2_ws/install/rmitbot_controller/share/rmitbot_controller/package.zsh'
[1.021s] Level 1:colcon.colcon_core.environment:create_file_with_runtime_dependencies(/home/v120506/rmitbot_v3/lesson2_ws/install/rmitbot_controller/share/colcon-core/packages/rmitbot_controller)
[1.021s] Level 1:colcon.colcon_core.environment:create_environment_scripts_only(rmitbot_bringup)
[1.022s] Level 1:colcon.colcon_core.environment:checking '/home/v120506/rmitbot_v3/lesson2_ws/install/rmitbot_bringup' for CMake module files
[1.022s] DEBUG:colcon.colcon_core.event_handler.log_command:Invoked command in '/home/v120506/rmitbot_v3/lesson2_ws/build/rmitbot_bringup' returned '0': CMAKE_PREFIX_PATH=${CMAKE_PREFIX_PATH}:/opt/ros/jazzy DEBUGINFOD_URLS=https://debuginfod.ubuntu.com /usr/bin/cmake --install /home/v120506/rmitbot_v3/lesson2_ws/build/rmitbot_bringup
[1.022s] Level 1:colcon.colcon_core.environment:checking '/home/v120506/rmitbot_v3/lesson2_ws/install/rmitbot_bringup' for CMake config files
[1.022s] Level 1:colcon.colcon_core.shell:create_environment_hook('rmitbot_bringup', 'cmake_prefix_path')
[1.022s] INFO:colcon.colcon_core.shell:Creating environment hook '/home/v120506/rmitbot_v3/lesson2_ws/install/rmitbot_bringup/share/rmitbot_bringup/hook/cmake_prefix_path.ps1'
[1.023s] INFO:colcon.colcon_core.shell:Creating environment descriptor '/home/v120506/rmitbot_v3/lesson2_ws/install/rmitbot_bringup/share/rmitbot_bringup/hook/cmake_prefix_path.dsv'
[1.023s] INFO:colcon.colcon_core.shell:Creating environment hook '/home/v120506/rmitbot_v3/lesson2_ws/install/rmitbot_bringup/share/rmitbot_bringup/hook/cmake_prefix_path.sh'
[1.024s] Level 1:colcon.colcon_core.environment:checking '/home/v120506/rmitbot_v3/lesson2_ws/install/rmitbot_bringup/bin'
[1.024s] Level 1:colcon.colcon_core.environment:checking '/home/v120506/rmitbot_v3/lesson2_ws/install/rmitbot_bringup/lib/pkgconfig/rmitbot_bringup.pc'
[1.024s] Level 1:colcon.colcon_core.environment:checking '/home/v120506/rmitbot_v3/lesson2_ws/install/rmitbot_bringup/lib/python3.12/site-packages'
[1.024s] Level 1:colcon.colcon_core.environment:checking '/home/v120506/rmitbot_v3/lesson2_ws/install/rmitbot_bringup/bin'
[1.024s] INFO:colcon.colcon_core.shell:Creating package script '/home/v120506/rmitbot_v3/lesson2_ws/install/rmitbot_bringup/share/rmitbot_bringup/package.ps1'
[1.024s] INFO:colcon.colcon_core.shell:Creating package descriptor '/home/v120506/rmitbot_v3/lesson2_ws/install/rmitbot_bringup/share/rmitbot_bringup/package.dsv'
[1.025s] INFO:colcon.colcon_core.shell:Creating package script '/home/v120506/rmitbot_v3/lesson2_ws/install/rmitbot_bringup/share/rmitbot_bringup/package.sh'
[1.025s] INFO:colcon.colcon_core.shell:Creating package script '/home/v120506/rmitbot_v3/lesson2_ws/install/rmitbot_bringup/share/rmitbot_bringup/package.bash'
[1.025s] INFO:colcon.colcon_core.shell:Creating package script '/home/v120506/rmitbot_v3/lesson2_ws/install/rmitbot_bringup/share/rmitbot_bringup/package.zsh'
[1.025s] Level 1:colcon.colcon_core.environment:create_file_with_runtime_dependencies(/home/v120506/rmitbot_v3/lesson2_ws/install/rmitbot_bringup/share/colcon-core/packages/rmitbot_bringup)
[1.026s] Level 1:colcon.colcon_core.environment:create_environment_scripts_only(rmitbot_bringup)
[1.026s] Level 1:colcon.colcon_core.environment:checking '/home/v120506/rmitbot_v3/lesson2_ws/install/rmitbot_bringup' for CMake module files
[1.026s] Level 1:colcon.colcon_core.environment:checking '/home/v120506/rmitbot_v3/lesson2_ws/install/rmitbot_bringup' for CMake config files
[1.026s] Level 1:colcon.colcon_core.shell:create_environment_hook('rmitbot_bringup', 'cmake_prefix_path')
[1.026s] INFO:colcon.colcon_core.shell:Creating environment hook '/home/v120506/rmitbot_v3/lesson2_ws/install/rmitbot_bringup/share/rmitbot_bringup/hook/cmake_prefix_path.ps1'
[1.027s] INFO:colcon.colcon_core.shell:Creating environment descriptor '/home/v120506/rmitbot_v3/lesson2_ws/install/rmitbot_bringup/share/rmitbot_bringup/hook/cmake_prefix_path.dsv'
[1.027s] INFO:colcon.colcon_core.shell:Creating environment hook '/home/v120506/rmitbot_v3/lesson2_ws/install/rmitbot_bringup/share/rmitbot_bringup/hook/cmake_prefix_path.sh'
[1.027s] Level 1:colcon.colcon_core.environment:checking '/home/v120506/rmitbot_v3/lesson2_ws/install/rmitbot_bringup/bin'
[1.027s] Level 1:colcon.colcon_core.environment:checking '/home/v120506/rmitbot_v3/lesson2_ws/install/rmitbot_bringup/lib/pkgconfig/rmitbot_bringup.pc'
[1.028s] Level 1:colcon.colcon_core.environment:checking '/home/v120506/rmitbot_v3/lesson2_ws/install/rmitbot_bringup/lib/python3.12/site-packages'
[1.028s] Level 1:colcon.colcon_core.environment:checking '/home/v120506/rmitbot_v3/lesson2_ws/install/rmitbot_bringup/bin'
[1.028s] INFO:colcon.colcon_core.shell:Creating package script '/home/v120506/rmitbot_v3/lesson2_ws/install/rmitbot_bringup/share/rmitbot_bringup/package.ps1'
[1.028s] INFO:colcon.colcon_core.shell:Creating package descriptor '/home/v120506/rmitbot_v3/lesson2_ws/install/rmitbot_bringup/share/rmitbot_bringup/package.dsv'
[1.028s] INFO:colcon.colcon_core.shell:Creating package script '/home/v120506/rmitbot_v3/lesson2_ws/install/rmitbot_bringup/share/rmitbot_bringup/package.sh'
[1.029s] INFO:colcon.colcon_core.shell:Creating package script '/home/v120506/rmitbot_v3/lesson2_ws/install/rmitbot_bringup/share/rmitbot_bringup/package.bash'
[1.029s] INFO:colcon.colcon_core.shell:Creating package script '/home/v120506/rmitbot_v3/lesson2_ws/install/rmitbot_bringup/share/rmitbot_bringup/package.zsh'
[1.029s] Level 1:colcon.colcon_core.environment:create_file_with_runtime_dependencies(/home/v120506/rmitbot_v3/lesson2_ws/install/rmitbot_bringup/share/colcon-core/packages/rmitbot_bringup)
[1.030s] Level 1:colcon.colcon_core.environment:create_environment_scripts_only(rmitbot_description)
[1.030s] Level 1:colcon.colcon_core.environment:checking '/home/v120506/rmitbot_v3/lesson2_ws/install/rmitbot_description' for CMake module files
[1.030s] DEBUG:colcon.colcon_core.event_handler.log_command:Invoked command in '/home/v120506/rmitbot_v3/lesson2_ws/build/rmitbot_description' returned '0': CMAKE_PREFIX_PATH=${CMAKE_PREFIX_PATH}:/opt/ros/jazzy DEBUGINFOD_URLS=https://debuginfod.ubuntu.com /usr/bin/cmake --install /home/v120506/rmitbot_v3/lesson2_ws/build/rmitbot_description
[1.030s] Level 1:colcon.colcon_core.environment:checking '/home/v120506/rmitbot_v3/lesson2_ws/install/rmitbot_description' for CMake config files
[1.031s] Level 1:colcon.colcon_core.shell:create_environment_hook('rmitbot_description', 'cmake_prefix_path')
[1.031s] INFO:colcon.colcon_core.shell:Creating environment hook '/home/v120506/rmitbot_v3/lesson2_ws/install/rmitbot_description/share/rmitbot_description/hook/cmake_prefix_path.ps1'
[1.031s] INFO:colcon.colcon_core.shell:Creating environment descriptor '/home/v120506/rmitbot_v3/lesson2_ws/install/rmitbot_description/share/rmitbot_description/hook/cmake_prefix_path.dsv'
[1.031s] INFO:colcon.colcon_core.shell:Creating environment hook '/home/v120506/rmitbot_v3/lesson2_ws/install/rmitbot_description/share/rmitbot_description/hook/cmake_prefix_path.sh'
[1.032s] Level 1:colcon.colcon_core.environment:checking '/home/v120506/rmitbot_v3/lesson2_ws/install/rmitbot_description/bin'
[1.032s] Level 1:colcon.colcon_core.environment:checking '/home/v120506/rmitbot_v3/lesson2_ws/install/rmitbot_description/lib/pkgconfig/rmitbot_description.pc'
[1.032s] Level 1:colcon.colcon_core.environment:checking '/home/v120506/rmitbot_v3/lesson2_ws/install/rmitbot_description/lib/python3.12/site-packages'
[1.032s] Level 1:colcon.colcon_core.environment:checking '/home/v120506/rmitbot_v3/lesson2_ws/install/rmitbot_description/bin'
[1.032s] INFO:colcon.colcon_core.shell:Creating package script '/home/v120506/rmitbot_v3/lesson2_ws/install/rmitbot_description/share/rmitbot_description/package.ps1'
[1.032s] INFO:colcon.colcon_core.shell:Creating package descriptor '/home/v120506/rmitbot_v3/lesson2_ws/install/rmitbot_description/share/rmitbot_description/package.dsv'
[1.033s] INFO:colcon.colcon_core.shell:Creating package script '/home/v120506/rmitbot_v3/lesson2_ws/install/rmitbot_description/share/rmitbot_description/package.sh'
[1.033s] INFO:colcon.colcon_core.shell:Creating package script '/home/v120506/rmitbot_v3/lesson2_ws/install/rmitbot_description/share/rmitbot_description/package.bash'
[1.033s] INFO:colcon.colcon_core.shell:Creating package script '/home/v120506/rmitbot_v3/lesson2_ws/install/rmitbot_description/share/rmitbot_description/package.zsh'
[1.033s] Level 1:colcon.colcon_core.environment:create_file_with_runtime_dependencies(/home/v120506/rmitbot_v3/lesson2_ws/install/rmitbot_description/share/colcon-core/packages/rmitbot_description)
[1.033s] Level 1:colcon.colcon_core.environment:create_environment_scripts_only(rmitbot_description)
[1.034s] Level 1:colcon.colcon_core.environment:checking '/home/v120506/rmitbot_v3/lesson2_ws/install/rmitbot_description' for CMake module files
[1.034s] Level 1:colcon.colcon_core.environment:checking '/home/v120506/rmitbot_v3/lesson2_ws/install/rmitbot_description' for CMake config files
[1.034s] Level 1:colcon.colcon_core.shell:create_environment_hook('rmitbot_description', 'cmake_prefix_path')
[1.034s] INFO:colcon.colcon_core.shell:Creating environment hook '/home/v120506/rmitbot_v3/lesson2_ws/install/rmitbot_description/share/rmitbot_description/hook/cmake_prefix_path.ps1'
[1.034s] INFO:colcon.colcon_core.shell:Creating environment descriptor '/home/v120506/rmitbot_v3/lesson2_ws/install/rmitbot_description/share/rmitbot_description/hook/cmake_prefix_path.dsv'
[1.035s] INFO:colcon.colcon_core.shell:Creating environment hook '/home/v120506/rmitbot_v3/lesson2_ws/install/rmitbot_description/share/rmitbot_description/hook/cmake_prefix_path.sh'
[1.035s] Level 1:colcon.colcon_core.environment:checking '/home/v120506/rmitbot_v3/lesson2_ws/install/rmitbot_description/bin'
[1.035s] Level 1:colcon.colcon_core.environment:checking '/home/v120506/rmitbot_v3/lesson2_ws/install/rmitbot_description/lib/pkgconfig/rmitbot_description.pc'
[1.035s] Level 1:colcon.colcon_core.environment:checking '/home/v120506/rmitbot_v3/lesson2_ws/install/rmitbot_description/lib/python3.12/site-packages'
[1.035s] Level 1:colcon.colcon_core.environment:checking '/home/v120506/rmitbot_v3/lesson2_ws/install/rmitbot_description/bin'
[1.035s] INFO:colcon.colcon_core.shell:Creating package script '/home/v120506/rmitbot_v3/lesson2_ws/install/rmitbot_description/share/rmitbot_description/package.ps1'
[1.036s] INFO:colcon.colcon_core.shell:Creating package descriptor '/home/v120506/rmitbot_v3/lesson2_ws/install/rmitbot_description/share/rmitbot_description/package.dsv'
[1.036s] INFO:colcon.colcon_core.shell:Creating package script '/home/v120506/rmitbot_v3/lesson2_ws/install/rmitbot_description/share/rmitbot_description/package.sh'
[1.036s] INFO:colcon.colcon_core.shell:Creating package script '/home/v120506/rmitbot_v3/lesson2_ws/install/rmitbot_description/share/rmitbot_description/package.bash'
[1.037s] INFO:colcon.colcon_core.shell:Creating package script '/home/v120506/rmitbot_v3/lesson2_ws/install/rmitbot_description/share/rmitbot_description/package.zsh'
[1.037s] Level 1:colcon.colcon_core.environment:create_file_with_runtime_dependencies(/home/v120506/rmitbot_v3/lesson2_ws/install/rmitbot_description/share/colcon-core/packages/rmitbot_description)
[1.037s] DEBUG:colcon.colcon_parallel_executor.executor.parallel:closing loop
[1.037s] DEBUG:colcon.colcon_parallel_executor.executor.parallel:loop closed
[1.037s] DEBUG:colcon.colcon_parallel_executor.executor.parallel:run_until_complete finished with '0'
[1.037s] DEBUG:colcon.colcon_core.event_reactor:joining thread
[1.042s] INFO:colcon.colcon_core.plugin_system:Skipping extension 'colcon_notification.desktop_notification.terminal_notifier': Not used on non-Darwin systems
[1.042s] INFO:colcon.colcon_core.plugin_system:Skipping extension 'colcon_notification.desktop_notification.win32': Not used on non-Windows systems
[1.042s] INFO:colcon.colcon_notification.desktop_notification:Sending desktop notification using 'notify2'
[1.052s] DEBUG:colcon.colcon_core.event_reactor:joined thread
[1.052s] INFO:colcon.colcon_core.shell:Creating prefix script '/home/v120506/rmitbot_v3/lesson2_ws/install/local_setup.ps1'
[1.053s] INFO:colcon.colcon_core.shell:Creating prefix util module '/home/v120506/rmitbot_v3/lesson2_ws/install/_local_setup_util_ps1.py'
[1.054s] INFO:colcon.colcon_core.shell:Creating prefix chain script '/home/v120506/rmitbot_v3/lesson2_ws/install/setup.ps1'
[1.055s] INFO:colcon.colcon_core.shell:Creating prefix script '/home/v120506/rmitbot_v3/lesson2_ws/install/local_setup.sh'
[1.056s] INFO:colcon.colcon_core.shell:Creating prefix util module '/home/v120506/rmitbot_v3/lesson2_ws/install/_local_setup_util_sh.py'
[1.056s] INFO:colcon.colcon_core.shell:Creating prefix chain script '/home/v120506/rmitbot_v3/lesson2_ws/install/setup.sh'
[1.057s] INFO:colcon.colcon_core.shell:Creating prefix script '/home/v120506/rmitbot_v3/lesson2_ws/install/local_setup.bash'
[1.058s] INFO:colcon.colcon_core.shell:Creating prefix chain script '/home/v120506/rmitbot_v3/lesson2_ws/install/setup.bash'
[1.059s] INFO:colcon.colcon_core.shell:Creating prefix script '/home/v120506/rmitbot_v3/lesson2_ws/install/local_setup.zsh'
[1.059s] INFO:colcon.colcon_core.shell:Creating prefix chain script '/home/v120506/rmitbot_v3/lesson2_ws/install/setup.zsh'
