[0.013s] Invoking command in '/home/vudinhso/RMIT_Bot/lesson2_ws/build/rmitbot_description': CMAKE_PREFIX_PATH=${CMAKE_PREFIX_PATH}:/home/vudinhso/RMIT_Bot/lesson1_ws/install/my_first_package:/opt/ros/jazzy DEBUGINFOD_URLS=https://debuginfod.ubuntu.com /usr/bin/cmake /home/vudinhso/RMIT_Bot/lesson2_ws/src/rmitbot_description -DCMAKE_INSTALL_PREFIX=/home/vudinhso/RMIT_Bot/lesson2_ws/install/rmitbot_description
[0.150s] -- The C compiler identification is GNU 13.3.0
[0.260s] -- The CXX compiler identification is GNU 13.3.0
[0.280s] -- Detecting C compiler ABI info
[0.390s] -- Detecting C compiler ABI info - done
[0.397s] -- Check for working C compiler: /usr/bin/cc - skipped
[0.398s] -- Detecting C compile features
[0.400s] -- Detecting C compile features - done
[0.415s] -- Detecting CXX compiler ABI info
[0.520s] -- Detecting CXX compiler ABI info - done
[0.532s] -- Check for working CXX compiler: /usr/bin/c++ - skipped
[0.532s] -- Detecting CXX compile features
[0.532s] -- Detecting CXX compile features - done
[0.547s] -- Found ament_cmake: 2.5.3 (/opt/ros/jazzy/share/ament_cmake/cmake)
[0.716s] -- Found Python3: /usr/bin/python3 (found version "3.12.3") found components: Interpreter 
[0.963s] -- Configuring done (0.9s)
[0.964s] -- Generating done (0.0s)
[0.969s] -- Build files have been written to: /home/vudinhso/RMIT_Bot/lesson2_ws/build/rmitbot_description
[0.981s] Invoked command in '/home/vudinhso/RMIT_Bot/lesson2_ws/build/rmitbot_description' returned '0': CMAKE_PREFIX_PATH=${CMAKE_PREFIX_PATH}:/home/vudinhso/RMIT_Bot/lesson1_ws/install/my_first_package:/opt/ros/jazzy DEBUGINFOD_URLS=https://debuginfod.ubuntu.com /usr/bin/cmake /home/vudinhso/RMIT_Bot/lesson2_ws/src/rmitbot_description -DCMAKE_INSTALL_PREFIX=/home/vudinhso/RMIT_Bot/lesson2_ws/install/rmitbot_description
[0.984s] Invoking command in '/home/vudinhso/RMIT_Bot/lesson2_ws/build/rmitbot_description': CMAKE_PREFIX_PATH=${CMAKE_PREFIX_PATH}:/home/vudinhso/RMIT_Bot/lesson1_ws/install/my_first_package:/opt/ros/jazzy DEBUGINFOD_URLS=https://debuginfod.ubuntu.com /usr/bin/cmake --build /home/vudinhso/RMIT_Bot/lesson2_ws/build/rmitbot_description -- -j4 -l4
[1.035s] Invoked command in '/home/vudinhso/RMIT_Bot/lesson2_ws/build/rmitbot_description' returned '0': CMAKE_PREFIX_PATH=${CMAKE_PREFIX_PATH}:/home/vudinhso/RMIT_Bot/lesson1_ws/install/my_first_package:/opt/ros/jazzy DEBUGINFOD_URLS=https://debuginfod.ubuntu.com /usr/bin/cmake --build /home/vudinhso/RMIT_Bot/lesson2_ws/build/rmitbot_description -- -j4 -l4
[1.046s] Invoking command in '/home/vudinhso/RMIT_Bot/lesson2_ws/build/rmitbot_description': CMAKE_PREFIX_PATH=${CMAKE_PREFIX_PATH}:/home/vudinhso/RMIT_Bot/lesson1_ws/install/my_first_package:/opt/ros/jazzy DEBUGINFOD_URLS=https://debuginfod.ubuntu.com /usr/bin/cmake --install /home/vudinhso/RMIT_Bot/lesson2_ws/build/rmitbot_description
[1.055s] -- Install configuration: ""
[1.055s] -- Installing: /home/vudinhso/RMIT_Bot/lesson2_ws/install/rmitbot_description/share/rmitbot_description/meshes
[1.055s] -- Installing: /home/vudinhso/RMIT_Bot/lesson2_ws/install/rmitbot_description/share/rmitbot_description/meshes/wheel_left_link.STL
[1.061s] -- Installing: /home/vudinhso/RMIT_Bot/lesson2_ws/install/rmitbot_description/share/rmitbot_description/meshes/base_link.STL
[1.086s] -- Installing: /home/vudinhso/RMIT_Bot/lesson2_ws/install/rmitbot_description/share/rmitbot_description/meshes/caster_front_link.STL
[1.088s] -- Installing: /home/vudinhso/RMIT_Bot/lesson2_ws/install/rmitbot_description/share/rmitbot_description/meshes/caster_rear_link.STL
[1.089s] -- Installing: /home/vudinhso/RMIT_Bot/lesson2_ws/install/rmitbot_description/share/rmitbot_description/meshes/imu_link.STL
[1.090s] -- Installing: /home/vudinhso/RMIT_Bot/lesson2_ws/install/rmitbot_description/share/rmitbot_description/meshes/wheel_right_link.STL
[1.092s] -- Installing: /home/vudinhso/RMIT_Bot/lesson2_ws/install/rmitbot_description/share/rmitbot_description/urdf
[1.092s] -- Installing: /home/vudinhso/RMIT_Bot/lesson2_ws/install/rmitbot_description/share/rmitbot_description/urdf/rmitbot_gazebo.xacro
[1.092s] -- Installing: /home/vudinhso/RMIT_Bot/lesson2_ws/install/rmitbot_description/share/rmitbot_description/urdf/rmitbot_platform.xacro
[1.093s] -- Installing: /home/vudinhso/RMIT_Bot/lesson2_ws/install/rmitbot_description/share/rmitbot_description/urdf/rmitbot.urdf.xacro
[1.093s] -- Installing: /home/vudinhso/RMIT_Bot/lesson2_ws/install/rmitbot_description/share/rmitbot_description/launch
[1.093s] -- Installing: /home/vudinhso/RMIT_Bot/lesson2_ws/install/rmitbot_description/share/rmitbot_description/launch/gazebo.launch.py
[1.093s] -- Installing: /home/vudinhso/RMIT_Bot/lesson2_ws/install/rmitbot_description/share/rmitbot_description/launch/display.launch.py
[1.093s] -- Installing: /home/vudinhso/RMIT_Bot/lesson2_ws/install/rmitbot_description/share/rmitbot_description/rviz
[1.093s] -- Installing: /home/vudinhso/RMIT_Bot/lesson2_ws/install/rmitbot_description/share/rmitbot_description/rviz/display.rviz
[1.093s] -- Installing: /home/vudinhso/RMIT_Bot/lesson2_ws/install/rmitbot_description/share/ament_index/resource_index/package_run_dependencies/rmitbot_description
[1.093s] -- Installing: /home/vudinhso/RMIT_Bot/lesson2_ws/install/rmitbot_description/share/ament_index/resource_index/parent_prefix_path/rmitbot_description
[1.094s] -- Installing: /home/vudinhso/RMIT_Bot/lesson2_ws/install/rmitbot_description/share/rmitbot_description/environment/ament_prefix_path.sh
[1.094s] -- Installing: /home/vudinhso/RMIT_Bot/lesson2_ws/install/rmitbot_description/share/rmitbot_description/environment/ament_prefix_path.dsv
[1.094s] -- Installing: /home/vudinhso/RMIT_Bot/lesson2_ws/install/rmitbot_description/share/rmitbot_description/environment/path.sh
[1.094s] -- Installing: /home/vudinhso/RMIT_Bot/lesson2_ws/install/rmitbot_description/share/rmitbot_description/environment/path.dsv
[1.094s] -- Installing: /home/vudinhso/RMIT_Bot/lesson2_ws/install/rmitbot_description/share/rmitbot_description/local_setup.bash
[1.094s] -- Installing: /home/vudinhso/RMIT_Bot/lesson2_ws/install/rmitbot_description/share/rmitbot_description/local_setup.sh
[1.094s] -- Installing: /home/vudinhso/RMIT_Bot/lesson2_ws/install/rmitbot_description/share/rmitbot_description/local_setup.zsh
[1.094s] -- Installing: /home/vudinhso/RMIT_Bot/lesson2_ws/install/rmitbot_description/share/rmitbot_description/local_setup.dsv
[1.094s] -- Installing: /home/vudinhso/RMIT_Bot/lesson2_ws/install/rmitbot_description/share/rmitbot_description/package.dsv
[1.095s] -- Installing: /home/vudinhso/RMIT_Bot/lesson2_ws/install/rmitbot_description/share/ament_index/resource_index/packages/rmitbot_description
[1.095s] -- Installing: /home/vudinhso/RMIT_Bot/lesson2_ws/install/rmitbot_description/share/rmitbot_description/cmake/rmitbot_descriptionConfig.cmake
[1.095s] -- Installing: /home/vudinhso/RMIT_Bot/lesson2_ws/install/rmitbot_description/share/rmitbot_description/cmake/rmitbot_descriptionConfig-version.cmake
[1.095s] -- Installing: /home/vudinhso/RMIT_Bot/lesson2_ws/install/rmitbot_description/share/rmitbot_description/package.xml
[1.101s] Invoked command in '/home/vudinhso/RMIT_Bot/lesson2_ws/build/rmitbot_description' returned '0': CMAKE_PREFIX_PATH=${CMAKE_PREFIX_PATH}:/home/vudinhso/RMIT_Bot/lesson1_ws/install/my_first_package:/opt/ros/jazzy DEBUGINFOD_URLS=https://debuginfod.ubuntu.com /usr/bin/cmake --install /home/vudinhso/RMIT_Bot/lesson2_ws/build/rmitbot_description
