[0.027s] Invoking command in '/home/v120506/rmitbot_v4/lesson9_ws/build/rmitbot_bringup': CMAKE_PREFIX_PATH=${CMAKE_PREFIX_PATH}:/opt/ros/jazzy DEBUGINFOD_URLS=https://debuginfod.ubuntu.com /usr/bin/cmake /home/v120506/rmitbot_v4/lesson9_ws/src/rmitbot_bringup -DCMAKE_INSTALL_PREFIX=/home/v120506/rmitbot_v4/lesson9_ws/install/rmitbot_bringup
[0.145s] -- The C compiler identification is GNU 13.3.0
[0.222s] -- The CXX compiler identification is GNU 13.3.0
[0.248s] -- Detecting C compiler ABI info
[0.384s] -- Detecting C compiler ABI info - done
[0.405s] -- Check for working C compiler: /usr/bin/cc - skipped
[0.412s] -- Detecting C compile features
[0.412s] -- Detecting C compile features - done
[0.427s] -- Detecting CXX compiler ABI info
[0.636s] -- Detecting CXX compiler ABI info - done
[0.665s] -- Check for working CXX compiler: /usr/bin/c++ - skipped
[0.665s] -- Detecting CXX compile features
[0.666s] -- Detecting CXX compile features - done
[0.692s] -- Found ament_cmake: 2.5.4 (/opt/ros/jazzy/share/ament_cmake/cmake)
[0.984s] -- Found Python3: /usr/bin/python3 (found version "3.12.3") found components: Interpreter 
[1.373s] -- Configuring done (1.3s)
[1.377s] -- Generating done (0.0s)
[1.380s] -- Build files have been written to: /home/v120506/rmitbot_v4/lesson9_ws/build/rmitbot_bringup
[1.388s] Invoked command in '/home/v120506/rmitbot_v4/lesson9_ws/build/rmitbot_bringup' returned '0': CMAKE_PREFIX_PATH=${CMAKE_PREFIX_PATH}:/opt/ros/jazzy DEBUGINFOD_URLS=https://debuginfod.ubuntu.com /usr/bin/cmake /home/v120506/rmitbot_v4/lesson9_ws/src/rmitbot_bringup -DCMAKE_INSTALL_PREFIX=/home/v120506/rmitbot_v4/lesson9_ws/install/rmitbot_bringup
[1.390s] Invoking command in '/home/v120506/rmitbot_v4/lesson9_ws/build/rmitbot_bringup': CMAKE_PREFIX_PATH=${CMAKE_PREFIX_PATH}:/opt/ros/jazzy DEBUGINFOD_URLS=https://debuginfod.ubuntu.com /usr/bin/cmake --build /home/v120506/rmitbot_v4/lesson9_ws/build/rmitbot_bringup -- -j8 -l8
[1.443s] Invoked command in '/home/v120506/rmitbot_v4/lesson9_ws/build/rmitbot_bringup' returned '0': CMAKE_PREFIX_PATH=${CMAKE_PREFIX_PATH}:/opt/ros/jazzy DEBUGINFOD_URLS=https://debuginfod.ubuntu.com /usr/bin/cmake --build /home/v120506/rmitbot_v4/lesson9_ws/build/rmitbot_bringup -- -j8 -l8
[1.455s] Invoking command in '/home/v120506/rmitbot_v4/lesson9_ws/build/rmitbot_bringup': CMAKE_PREFIX_PATH=${CMAKE_PREFIX_PATH}:/opt/ros/jazzy DEBUGINFOD_URLS=https://debuginfod.ubuntu.com /usr/bin/cmake --install /home/v120506/rmitbot_v4/lesson9_ws/build/rmitbot_bringup
[1.466s] -- Install configuration: ""
[1.466s] -- Installing: /home/v120506/rmitbot_v4/lesson9_ws/install/rmitbot_bringup/share/rmitbot_bringup/launch
[1.466s] -- Installing: /home/v120506/rmitbot_v4/lesson9_ws/install/rmitbot_bringup/share/rmitbot_bringup/launch/rmitbot.launch.py
[1.466s] -- Installing: /home/v120506/rmitbot_v4/lesson9_ws/install/rmitbot_bringup/share/ament_index/resource_index/package_run_dependencies/rmitbot_bringup
[1.467s] -- Installing: /home/v120506/rmitbot_v4/lesson9_ws/install/rmitbot_bringup/share/ament_index/resource_index/parent_prefix_path/rmitbot_bringup
[1.467s] -- Installing: /home/v120506/rmitbot_v4/lesson9_ws/install/rmitbot_bringup/share/rmitbot_bringup/environment/ament_prefix_path.sh
[1.467s] -- Installing: /home/v120506/rmitbot_v4/lesson9_ws/install/rmitbot_bringup/share/rmitbot_bringup/environment/ament_prefix_path.dsv
[1.467s] -- Installing: /home/v120506/rmitbot_v4/lesson9_ws/install/rmitbot_bringup/share/rmitbot_bringup/environment/path.sh
[1.468s] -- Installing: /home/v120506/rmitbot_v4/lesson9_ws/install/rmitbot_bringup/share/rmitbot_bringup/environment/path.dsv
[1.469s] -- Installing: /home/v120506/rmitbot_v4/lesson9_ws/install/rmitbot_bringup/share/rmitbot_bringup/local_setup.bash
[1.469s] -- Installing: /home/v120506/rmitbot_v4/lesson9_ws/install/rmitbot_bringup/share/rmitbot_bringup/local_setup.sh
[1.469s] -- Installing: /home/v120506/rmitbot_v4/lesson9_ws/install/rmitbot_bringup/share/rmitbot_bringup/local_setup.zsh
[1.471s] -- Installing: /home/v120506/rmitbot_v4/lesson9_ws/install/rmitbot_bringup/share/rmitbot_bringup/local_setup.dsv
[1.472s] -- Installing: /home/v120506/rmitbot_v4/lesson9_ws/install/rmitbot_bringup/share/rmitbot_bringup/package.dsv
[1.472s] -- Installing: /home/v120506/rmitbot_v4/lesson9_ws/install/rmitbot_bringup/share/ament_index/resource_index/packages/rmitbot_bringup
[1.472s] -- Installing: /home/v120506/rmitbot_v4/lesson9_ws/install/rmitbot_bringup/share/rmitbot_bringup/cmake/rmitbot_bringupConfig.cmake
[1.472s] -- Installing: /home/v120506/rmitbot_v4/lesson9_ws/install/rmitbot_bringup/share/rmitbot_bringup/cmake/rmitbot_bringupConfig-version.cmake
[1.473s] -- Installing: /home/v120506/rmitbot_v4/lesson9_ws/install/rmitbot_bringup/share/rmitbot_bringup/package.xml
[1.479s] Invoked command in '/home/v120506/rmitbot_v4/lesson9_ws/build/rmitbot_bringup' returned '0': CMAKE_PREFIX_PATH=${CMAKE_PREFIX_PATH}:/opt/ros/jazzy DEBUGINFOD_URLS=https://debuginfod.ubuntu.com /usr/bin/cmake --install /home/v120506/rmitbot_v4/lesson9_ws/build/rmitbot_bringup
